This file contains any messages produced by compilers while
running configure, to aid debugging if configure makes a mistake.

It was created by SYMPHONY configure 5.6.17, which was
generated by GNU Autoconf 2.59.  Invocation command line was

  $ /home/adair/Documents/CAD/sscs-ose-code-a-chip.github.io/ISSCC25/submitted_notebooks/current_mirror_ota_optimization/ALIGN-public/_skbuild/linux-x86_64-3.10/cmake-build/_deps/symphony-src/configure --disable-openmp --disable-zlib --disable-bzlib --without-blas --without-lapack --enable-static --disable-shared --with-pic --prefix=/home/adair/Documents/CAD/sscs-ose-code-a-chip.github.io/ISSCC25/submitted_notebooks/current_mirror_ota_optimization/ALIGN-public/_skbuild/linux-x86_64-3.10/cmake-build/_deps/symphony-build

## --------- ##
## Platform. ##
## --------- ##

hostname = lubuvm
uname -m = x86_64
uname -r = 6.8.0-49-generic
uname -s = Linux
uname -v = #49~22.04.1-Ubuntu SMP PREEMPT_DYNAMIC Wed Nov  6 17:42:15 UTC 2

/usr/bin/uname -p = x86_64
/bin/uname -X     = unknown

/bin/arch              = x86_64
/usr/bin/arch -k       = unknown
/usr/convex/getsysinfo = unknown
hostinfo               = unknown
/bin/machine           = unknown
/usr/bin/oslevel       = unknown
/bin/universe          = unknown

PATH: /tmp/pip-build-env-j313kjyn/overlay/bin
PATH: /tmp/pip-build-env-j313kjyn/normal/bin
PATH: /usr/local/sbin
PATH: /usr/local/bin
PATH: /usr/sbin
PATH: /usr/bin
PATH: /sbin
PATH: /bin
PATH: /usr/games
PATH: /usr/local/games
PATH: /snap/bin
PATH: /home/adair/.local/bin
PATH: /home/adair/.local/bin
PATH: /home/adair/Documents/CAD/anaconda3/bin


## ----------- ##
## Core tests. ##
## ----------- ##

configure:1745: checking build system type
configure:1763: result: x86_64-unknown-linux-gnu
configure:1774: checking whether we want to compile in debug mode
configure:1803: result: no
configure:2019: checking for gcc
configure:2035: found /usr/bin/gcc
configure:2045: result: gcc
configure:2066: checking for C compiler version
configure:2069: gcc --version </dev/null >&5
gcc (Ubuntu 11.4.0-1ubuntu1~22.04) 11.4.0
Copyright (C) 2021 Free Software Foundation, Inc.
This is free software; see the source for copying conditions.  There is NO
warranty; not even for MERCHANTABILITY or FITNESS FOR A PARTICULAR PURPOSE.

configure:2072: $? = 0
configure:2074: gcc -v </dev/null >&5
Using built-in specs.
COLLECT_GCC=gcc
COLLECT_LTO_WRAPPER=/usr/lib/gcc/x86_64-linux-gnu/11/lto-wrapper
OFFLOAD_TARGET_NAMES=nvptx-none:amdgcn-amdhsa
OFFLOAD_TARGET_DEFAULT=1
Target: x86_64-linux-gnu
Configured with: ../src/configure -v --with-pkgversion='Ubuntu 11.4.0-1ubuntu1~22.04' --with-bugurl=file:///usr/share/doc/gcc-11/README.Bugs --enable-languages=c,ada,c++,go,brig,d,fortran,objc,obj-c++,m2 --prefix=/usr --with-gcc-major-version-only --program-suffix=-11 --program-prefix=x86_64-linux-gnu- --enable-shared --enable-linker-build-id --libexecdir=/usr/lib --without-included-gettext --enable-threads=posix --libdir=/usr/lib --enable-nls --enable-bootstrap --enable-clocale=gnu --enable-libstdcxx-debug --enable-libstdcxx-time=yes --with-default-libstdcxx-abi=new --enable-gnu-unique-object --disable-vtable-verify --enable-plugin --enable-default-pie --with-system-zlib --enable-libphobos-checking=release --with-target-system-zlib=auto --enable-objc-gc=auto --enable-multiarch --disable-werror --enable-cet --with-arch-32=i686 --with-abi=m64 --with-multilib-list=m32,m64,mx32 --enable-multilib --with-tune=generic --enable-offload-targets=nvptx-none=/build/gcc-11-XeT9lY/gcc-11-11.4.0/debian/tmp-nvptx/usr,amdgcn-amdhsa=/build/gcc-11-XeT9lY/gcc-11-11.4.0/debian/tmp-gcn/usr --without-cuda-driver --enable-checking=release --build=x86_64-linux-gnu --host=x86_64-linux-gnu --target=x86_64-linux-gnu --with-build-config=bootstrap-lto-lean --enable-link-serialization=2
Thread model: posix
Supported LTO compression algorithms: zlib zstd
gcc version 11.4.0 (Ubuntu 11.4.0-1ubuntu1~22.04) 
configure:2077: $? = 0
configure:2079: gcc -V </dev/null >&5
gcc: error: unrecognized command-line option '-V'
gcc: fatal error: no input files
compilation terminated.
configure:2082: $? = 1
configure:2105: checking for C compiler default output file name
configure:2108: gcc    conftest.c  >&5
configure:2111: $? = 0
configure:2157: result: a.out
configure:2162: checking whether the C compiler works
configure:2168: ./a.out
configure:2171: $? = 0
configure:2188: result: yes
configure:2195: checking whether we are cross compiling
configure:2197: result: no
configure:2200: checking for suffix of executables
configure:2202: gcc -o conftest    conftest.c  >&5
configure:2205: $? = 0
configure:2230: result: 
configure:2236: checking for suffix of object files
configure:2257: gcc -c   conftest.c >&5
configure:2260: $? = 0
configure:2282: result: o
configure:2286: checking whether we are using the GNU C compiler
configure:2310: gcc -c   conftest.c >&5
configure:2316: $? = 0
configure:2320: test -z 
			 || test ! -s conftest.err
configure:2323: $? = 0
configure:2326: test -s conftest.o
configure:2329: $? = 0
configure:2342: result: yes
configure:2348: checking whether gcc accepts -g
configure:2369: gcc -c -g  conftest.c >&5
configure:2375: $? = 0
configure:2379: test -z 
			 || test ! -s conftest.err
configure:2382: $? = 0
configure:2385: test -s conftest.o
configure:2388: $? = 0
configure:2399: result: yes
configure:2416: checking for gcc option to accept ANSI C
configure:2486: gcc  -c -g -O2  conftest.c >&5
configure:2492: $? = 0
configure:2496: test -z 
			 || test ! -s conftest.err
configure:2499: $? = 0
configure:2502: test -s conftest.o
configure:2505: $? = 0
configure:2523: result: none needed
configure:2541: gcc -c -g -O2  conftest.c >&5
conftest.c:2:3: error: unknown type name 'choke'
    2 |   choke me
      |   ^~~~~
conftest.c:2:3: error: expected '=', ',', ';', 'asm' or '__attribute__' at end of input
configure:2547: $? = 1
configure: failed program was:
| #ifndef __cplusplus
|   choke me
| #endif
configure:2968: gcc -o conftest -O3 -pipe -DNDEBUG -Wimplicit -Wparentheses -Wsequence-point -Wreturn-type -Wcast-qual -Wall -Wno-unknown-pragmas -Wno-long-long     conftest.c  >&5
configure:2974: $? = 0
configure:2978: test -z 
			 || test ! -s conftest.err
configure:2981: $? = 0
configure:2984: test -s conftest
configure:2987: $? = 0
configure:3054: C compiler options are: -O3 -pipe -DNDEBUG -Wimplicit -Wparentheses -Wsequence-point -Wreturn-type -Wcast-qual -Wall -Wno-unknown-pragmas -Wno-long-long  
configure:3171: checking for g++
configure:3187: found /usr/bin/g++
configure:3197: result: g++
configure:3213: checking for C++ compiler version
configure:3216: g++ --version </dev/null >&5
g++ (Ubuntu 11.4.0-1ubuntu1~22.04) 11.4.0
Copyright (C) 2021 Free Software Foundation, Inc.
This is free software; see the source for copying conditions.  There is NO
warranty; not even for MERCHANTABILITY or FITNESS FOR A PARTICULAR PURPOSE.

configure:3219: $? = 0
configure:3221: g++ -v </dev/null >&5
Using built-in specs.
COLLECT_GCC=g++
COLLECT_LTO_WRAPPER=/usr/lib/gcc/x86_64-linux-gnu/11/lto-wrapper
OFFLOAD_TARGET_NAMES=nvptx-none:amdgcn-amdhsa
OFFLOAD_TARGET_DEFAULT=1
Target: x86_64-linux-gnu
Configured with: ../src/configure -v --with-pkgversion='Ubuntu 11.4.0-1ubuntu1~22.04' --with-bugurl=file:///usr/share/doc/gcc-11/README.Bugs --enable-languages=c,ada,c++,go,brig,d,fortran,objc,obj-c++,m2 --prefix=/usr --with-gcc-major-version-only --program-suffix=-11 --program-prefix=x86_64-linux-gnu- --enable-shared --enable-linker-build-id --libexecdir=/usr/lib --without-included-gettext --enable-threads=posix --libdir=/usr/lib --enable-nls --enable-bootstrap --enable-clocale=gnu --enable-libstdcxx-debug --enable-libstdcxx-time=yes --with-default-libstdcxx-abi=new --enable-gnu-unique-object --disable-vtable-verify --enable-plugin --enable-default-pie --with-system-zlib --enable-libphobos-checking=release --with-target-system-zlib=auto --enable-objc-gc=auto --enable-multiarch --disable-werror --enable-cet --with-arch-32=i686 --with-abi=m64 --with-multilib-list=m32,m64,mx32 --enable-multilib --with-tune=generic --enable-offload-targets=nvptx-none=/build/gcc-11-XeT9lY/gcc-11-11.4.0/debian/tmp-nvptx/usr,amdgcn-amdhsa=/build/gcc-11-XeT9lY/gcc-11-11.4.0/debian/tmp-gcn/usr --without-cuda-driver --enable-checking=release --build=x86_64-linux-gnu --host=x86_64-linux-gnu --target=x86_64-linux-gnu --with-build-config=bootstrap-lto-lean --enable-link-serialization=2
Thread model: posix
Supported LTO compression algorithms: zlib zstd
gcc version 11.4.0 (Ubuntu 11.4.0-1ubuntu1~22.04) 
configure:3224: $? = 0
configure:3226: g++ -V </dev/null >&5
g++: error: unrecognized command-line option '-V'
g++: fatal error: no input files
compilation terminated.
configure:3229: $? = 1
configure:3232: checking whether we are using the GNU C++ compiler
configure:3256: g++ -c   conftest.cc >&5
configure:3262: $? = 0
configure:3266: test -z 
			 || test ! -s conftest.err
configure:3269: $? = 0
configure:3272: test -s conftest.o
configure:3275: $? = 0
configure:3288: result: yes
configure:3294: checking whether g++ accepts -g
configure:3315: g++ -c -g  conftest.cc >&5
configure:3321: $? = 0
configure:3325: test -z 
			 || test ! -s conftest.err
configure:3328: $? = 0
configure:3331: test -s conftest.o
configure:3334: $? = 0
configure:3345: result: yes
configure:3387: g++ -c -g -O2  conftest.cc >&5
configure:3393: $? = 0
configure:3397: test -z 
			 || test ! -s conftest.err
configure:3400: $? = 0
configure:3403: test -s conftest.o
configure:3406: $? = 0
configure:3432: g++ -c -g -O2  conftest.cc >&5
conftest.cc: In function 'int main()':
conftest.cc:13:1: error: 'exit' was not declared in this scope
   13 | exit (42);
      | ^~~~
configure:3438: $? = 1
configure: failed program was:
| /* confdefs.h.  */
| 
| #define PACKAGE_NAME "SYMPHONY"
| #define PACKAGE_TARNAME "symphony"
| #define PACKAGE_VERSION "5.6.17"
| #define PACKAGE_STRING "SYMPHONY 5.6.17"
| #define PACKAGE_BUGREPORT "https://projects.coin-or.org/svn/SYMPHONY/newticket"
| /* end confdefs.h.  */
| 
| int
| main ()
| {
| exit (42);
|   ;
|   return 0;
| }
configure:3387: g++ -c -g -O2  conftest.cc >&5
conftest.cc:9:17: warning: 'void std::exit(int)' has not been declared within 'std'
    9 | extern "C" void std::exit (int) throw (); using std::exit;
      |                 ^~~
<built-in>: note: only here as a 'friend'
configure:3393: $? = 0
configure:3397: test -z 
			 || test ! -s conftest.err
configure:3400: $? = 0
configure:3403: test -s conftest.o
configure:3406: $? = 0
configure:3432: g++ -c -g -O2  conftest.cc >&5
conftest.cc:9:17: warning: 'void std::exit(int)' has not been declared within 'std'
    9 | extern "C" void std::exit (int) throw (); using std::exit;
      |                 ^~~
<built-in>: note: only here as a 'friend'
configure:3438: $? = 0
configure:3442: test -z 
			 || test ! -s conftest.err
configure:3445: $? = 0
configure:3448: test -s conftest.o
configure:3451: $? = 0
configure:3483: checking whether C++ compiler g++ works
configure:3501: g++ -c -g -O2  conftest.cc >&5
conftest.cc:9:17: warning: 'void std::exit(int)' has not been declared within 'std'
    9 | extern "C" void std::exit (int) throw (); using std::exit;
      |                 ^~~
<built-in>: note: only here as a 'friend'
configure:3507: $? = 0
configure:3511: test -z 
			 || test ! -s conftest.err
configure:3514: $? = 0
configure:3517: test -s conftest.o
configure:3520: $? = 0
configure:3522: result: yes
configure:3843: g++ -o conftest -O3 -pipe -DNDEBUG -Wparentheses -Wreturn-type -Wcast-qual -Wall -Wpointer-arith -Wwrite-strings -Wconversion -Wno-unknown-pragmas -Wno-long-long     conftest.cc  >&5
conftest.cc:9:17: warning: 'void std::exit(int)' has not been declared within 'std'
    9 | extern "C" void std::exit (int) throw (); using std::exit;
      |                 ^~~
<built-in>: note: only here as a 'friend'
configure:3849: $? = 0
configure:3853: test -z 
			 || test ! -s conftest.err
configure:3856: $? = 0
configure:3859: test -s conftest
configure:3862: $? = 0
configure:3929: C++ compiler options are: -O3 -pipe -DNDEBUG -Wparentheses -Wreturn-type -Wcast-qual -Wall -Wpointer-arith -Wwrite-strings -Wconversion -Wno-unknown-pragmas -Wno-long-long  
configure:4000: Trying to determine Fortran compiler name
configure:4049: checking for gfortran
configure:4078: result: no
configure:4049: checking for ifort
configure:4078: result: no
configure:4049: checking for g95
configure:4078: result: no
configure:4049: checking for fort77
configure:4078: result: no
configure:4049: checking for f77
configure:4078: result: no
configure:4049: checking for g77
configure:4078: result: no
configure:4049: checking for pgf90
configure:4078: result: no
configure:4049: checking for pgf77
configure:4078: result: no
configure:4049: checking for ifc
configure:4078: result: no
configure:4049: checking for frt
configure:4078: result: no
configure:4049: checking for af77
configure:4078: result: no
configure:4049: checking for xlf_r
configure:4078: result: no
configure:4327: WARNING: Failed to find a Fortran compiler!
configure:4614: Fortran compiler options are:  
configure:4737: checking for egrep
configure:4747: result: grep -E
configure:4752: checking whether ln -s works
configure:4756: result: yes
configure:4777: checking for a BSD-compatible install
configure:4832: result: /usr/bin/install -c
configure:4843: checking whether build environment is sane
configure:4886: result: yes
configure:4951: checking for gawk
configure:4967: found /usr/bin/gawk
configure:4977: result: gawk
configure:4987: checking whether make sets $(MAKE)
configure:5007: result: yes
configure:5037: checking for style of include used by make
configure:5065: result: GNU
configure:5246: checking dependency style of gcc
configure:5336: result: gcc3
configure:5355: checking dependency style of g++
configure:5445: result: gcc3
configure:5463: checking whether to enable maintainer-specific portions of Makefiles
configure:5472: result: no
configure:5922: checking host system type
configure:5936: result: x86_64-unknown-linux-gnu
configure:5944: checking for a sed that does not truncate output
configure:5998: result: /usr/bin/sed
configure:6012: checking for ld used by gcc
configure:6079: result: /usr/bin/ld
configure:6088: checking if the linker (/usr/bin/ld) is GNU ld
configure:6103: result: yes
configure:6108: checking for /usr/bin/ld option to reload object files
configure:6115: result: -r
configure:6133: checking for BSD-compatible nm
configure:6182: result: /usr/bin/nm -B
configure:6186: checking how to recognise dependent libraries
configure:6362: result: pass_all
configure:6449: gcc -c -O3 -pipe -DNDEBUG -Wimplicit -Wparentheses -Wsequence-point -Wreturn-type -Wcast-qual -Wall -Wno-unknown-pragmas -Wno-long-long    conftest.c >&5
configure:6452: $? = 0
configure:6598: checking how to run the C preprocessor
configure:6633: gcc -E  conftest.c
configure:6639: $? = 0
configure:6671: gcc -E  conftest.c
conftest.c:14:10: fatal error: ac_nonexistent.h: No such file or directory
   14 | #include <ac_nonexistent.h>
      |          ^~~~~~~~~~~~~~~~~~
compilation terminated.
configure:6677: $? = 1
configure: failed program was:
| /* confdefs.h.  */
| 
| #define PACKAGE_NAME "SYMPHONY"
| #define PACKAGE_TARNAME "symphony"
| #define PACKAGE_VERSION "5.6.17"
| #define PACKAGE_STRING "SYMPHONY 5.6.17"
| #define PACKAGE_BUGREPORT "https://projects.coin-or.org/svn/SYMPHONY/newticket"
| #ifdef __cplusplus
| extern "C" void std::exit (int) throw (); using std::exit;
| #endif
| #define PACKAGE "symphony"
| #define VERSION "5.6.17"
| /* end confdefs.h.  */
| #include <ac_nonexistent.h>
configure:6716: result: gcc -E
configure:6740: gcc -E  conftest.c
configure:6746: $? = 0
configure:6778: gcc -E  conftest.c
conftest.c:14:10: fatal error: ac_nonexistent.h: No such file or directory
   14 | #include <ac_nonexistent.h>
      |          ^~~~~~~~~~~~~~~~~~
compilation terminated.
configure:6784: $? = 1
configure: failed program was:
| /* confdefs.h.  */
| 
| #define PACKAGE_NAME "SYMPHONY"
| #define PACKAGE_TARNAME "symphony"
| #define PACKAGE_VERSION "5.6.17"
| #define PACKAGE_STRING "SYMPHONY 5.6.17"
| #define PACKAGE_BUGREPORT "https://projects.coin-or.org/svn/SYMPHONY/newticket"
| #ifdef __cplusplus
| extern "C" void std::exit (int) throw (); using std::exit;
| #endif
| #define PACKAGE "symphony"
| #define VERSION "5.6.17"
| /* end confdefs.h.  */
| #include <ac_nonexistent.h>
configure:6828: checking for ANSI C header files
configure:6853: gcc -c -O3 -pipe -DNDEBUG -Wimplicit -Wparentheses -Wsequence-point -Wreturn-type -Wcast-qual -Wall -Wno-unknown-pragmas -Wno-long-long    conftest.c >&5
configure:6859: $? = 0
configure:6863: test -z 
			 || test ! -s conftest.err
configure:6866: $? = 0
configure:6869: test -s conftest.o
configure:6872: $? = 0
configure:6961: gcc -o conftest -O3 -pipe -DNDEBUG -Wimplicit -Wparentheses -Wsequence-point -Wreturn-type -Wcast-qual -Wall -Wno-unknown-pragmas -Wno-long-long     conftest.c  >&5
conftest.c: In function 'main':
conftest.c:31:7: warning: implicit declaration of function 'exit' [-Wimplicit-function-declaration]
   31 |       exit(2);
      |       ^~~~
conftest.c:15:1: note: include '<stdlib.h>' or provide a declaration of 'exit'
   14 | #include <ctype.h>
  +++ |+#include <stdlib.h>
   15 | #if ((' ' & 0x0FF) == 0x020)
conftest.c:31:7: warning: incompatible implicit declaration of built-in function 'exit' [-Wbuiltin-declaration-mismatch]
   31 |       exit(2);
      |       ^~~~
conftest.c:31:7: note: include '<stdlib.h>' or provide a declaration of 'exit'
conftest.c:32:3: warning: incompatible implicit declaration of built-in function 'exit' [-Wbuiltin-declaration-mismatch]
   32 |   exit (0);
      |   ^~~~
conftest.c:32:3: note: include '<stdlib.h>' or provide a declaration of 'exit'
configure:6964: $? = 0
configure:6966: ./conftest
configure:6969: $? = 0
configure:6984: result: yes
configure:7008: checking for sys/types.h
configure:7024: gcc -c -O3 -pipe -DNDEBUG -Wimplicit -Wparentheses -Wsequence-point -Wreturn-type -Wcast-qual -Wall -Wno-unknown-pragmas -Wno-long-long    conftest.c >&5
configure:7030: $? = 0
configure:7034: test -z 
			 || test ! -s conftest.err
configure:7037: $? = 0
configure:7040: test -s conftest.o
configure:7043: $? = 0
configure:7054: result: yes
configure:7008: checking for sys/stat.h
configure:7024: gcc -c -O3 -pipe -DNDEBUG -Wimplicit -Wparentheses -Wsequence-point -Wreturn-type -Wcast-qual -Wall -Wno-unknown-pragmas -Wno-long-long    conftest.c >&5
configure:7030: $? = 0
configure:7034: test -z 
			 || test ! -s conftest.err
configure:7037: $? = 0
configure:7040: test -s conftest.o
configure:7043: $? = 0
configure:7054: result: yes
configure:7008: checking for stdlib.h
configure:7024: gcc -c -O3 -pipe -DNDEBUG -Wimplicit -Wparentheses -Wsequence-point -Wreturn-type -Wcast-qual -Wall -Wno-unknown-pragmas -Wno-long-long    conftest.c >&5
configure:7030: $? = 0
configure:7034: test -z 
			 || test ! -s conftest.err
configure:7037: $? = 0
configure:7040: test -s conftest.o
configure:7043: $? = 0
configure:7054: result: yes
configure:7008: checking for string.h
configure:7024: gcc -c -O3 -pipe -DNDEBUG -Wimplicit -Wparentheses -Wsequence-point -Wreturn-type -Wcast-qual -Wall -Wno-unknown-pragmas -Wno-long-long    conftest.c >&5
configure:7030: $? = 0
configure:7034: test -z 
			 || test ! -s conftest.err
configure:7037: $? = 0
configure:7040: test -s conftest.o
configure:7043: $? = 0
configure:7054: result: yes
configure:7008: checking for memory.h
configure:7024: gcc -c -O3 -pipe -DNDEBUG -Wimplicit -Wparentheses -Wsequence-point -Wreturn-type -Wcast-qual -Wall -Wno-unknown-pragmas -Wno-long-long    conftest.c >&5
configure:7030: $? = 0
configure:7034: test -z 
			 || test ! -s conftest.err
configure:7037: $? = 0
configure:7040: test -s conftest.o
configure:7043: $? = 0
configure:7054: result: yes
configure:7008: checking for strings.h
configure:7024: gcc -c -O3 -pipe -DNDEBUG -Wimplicit -Wparentheses -Wsequence-point -Wreturn-type -Wcast-qual -Wall -Wno-unknown-pragmas -Wno-long-long    conftest.c >&5
configure:7030: $? = 0
configure:7034: test -z 
			 || test ! -s conftest.err
configure:7037: $? = 0
configure:7040: test -s conftest.o
configure:7043: $? = 0
configure:7054: result: yes
configure:7008: checking for inttypes.h
configure:7024: gcc -c -O3 -pipe -DNDEBUG -Wimplicit -Wparentheses -Wsequence-point -Wreturn-type -Wcast-qual -Wall -Wno-unknown-pragmas -Wno-long-long    conftest.c >&5
configure:7030: $? = 0
configure:7034: test -z 
			 || test ! -s conftest.err
configure:7037: $? = 0
configure:7040: test -s conftest.o
configure:7043: $? = 0
configure:7054: result: yes
configure:7008: checking for stdint.h
configure:7024: gcc -c -O3 -pipe -DNDEBUG -Wimplicit -Wparentheses -Wsequence-point -Wreturn-type -Wcast-qual -Wall -Wno-unknown-pragmas -Wno-long-long    conftest.c >&5
configure:7030: $? = 0
configure:7034: test -z 
			 || test ! -s conftest.err
configure:7037: $? = 0
configure:7040: test -s conftest.o
configure:7043: $? = 0
configure:7054: result: yes
configure:7008: checking for unistd.h
configure:7024: gcc -c -O3 -pipe -DNDEBUG -Wimplicit -Wparentheses -Wsequence-point -Wreturn-type -Wcast-qual -Wall -Wno-unknown-pragmas -Wno-long-long    conftest.c >&5
configure:7030: $? = 0
configure:7034: test -z 
			 || test ! -s conftest.err
configure:7037: $? = 0
configure:7040: test -s conftest.o
configure:7043: $? = 0
configure:7054: result: yes
configure:7080: checking dlfcn.h usability
configure:7092: gcc -c -O3 -pipe -DNDEBUG -Wimplicit -Wparentheses -Wsequence-point -Wreturn-type -Wcast-qual -Wall -Wno-unknown-pragmas -Wno-long-long    conftest.c >&5
configure:7098: $? = 0
configure:7102: test -z 
			 || test ! -s conftest.err
configure:7105: $? = 0
configure:7108: test -s conftest.o
configure:7111: $? = 0
configure:7121: result: yes
configure:7125: checking dlfcn.h presence
configure:7135: gcc -E  conftest.c
configure:7141: $? = 0
configure:7161: result: yes
configure:7196: checking for dlfcn.h
configure:7203: result: yes
configure:7226: checking how to run the C++ preprocessor
configure:7257: g++ -E  conftest.cc
configure:7263: $? = 0
configure:7295: g++ -E  conftest.cc
conftest.cc:25:10: fatal error: ac_nonexistent.h: No such file or directory
   25 | #include <ac_nonexistent.h>
      |          ^~~~~~~~~~~~~~~~~~
compilation terminated.
configure:7301: $? = 1
configure: failed program was:
| /* confdefs.h.  */
| 
| #define PACKAGE_NAME "SYMPHONY"
| #define PACKAGE_TARNAME "symphony"
| #define PACKAGE_VERSION "5.6.17"
| #define PACKAGE_STRING "SYMPHONY 5.6.17"
| #define PACKAGE_BUGREPORT "https://projects.coin-or.org/svn/SYMPHONY/newticket"
| #ifdef __cplusplus
| extern "C" void std::exit (int) throw (); using std::exit;
| #endif
| #define PACKAGE "symphony"
| #define VERSION "5.6.17"
| #define STDC_HEADERS 1
| #define HAVE_SYS_TYPES_H 1
| #define HAVE_SYS_STAT_H 1
| #define HAVE_STDLIB_H 1
| #define HAVE_STRING_H 1
| #define HAVE_MEMORY_H 1
| #define HAVE_STRINGS_H 1
| #define HAVE_INTTYPES_H 1
| #define HAVE_STDINT_H 1
| #define HAVE_UNISTD_H 1
| #define HAVE_DLFCN_H 1
| /* end confdefs.h.  */
| #include <ac_nonexistent.h>
configure:7340: result: g++ -E
configure:7364: g++ -E  conftest.cc
configure:7370: $? = 0
configure:7402: g++ -E  conftest.cc
conftest.cc:25:10: fatal error: ac_nonexistent.h: No such file or directory
   25 | #include <ac_nonexistent.h>
      |          ^~~~~~~~~~~~~~~~~~
compilation terminated.
configure:7408: $? = 1
configure: failed program was:
| /* confdefs.h.  */
| 
| #define PACKAGE_NAME "SYMPHONY"
| #define PACKAGE_TARNAME "symphony"
| #define PACKAGE_VERSION "5.6.17"
| #define PACKAGE_STRING "SYMPHONY 5.6.17"
| #define PACKAGE_BUGREPORT "https://projects.coin-or.org/svn/SYMPHONY/newticket"
| #ifdef __cplusplus
| extern "C" void std::exit (int) throw (); using std::exit;
| #endif
| #define PACKAGE "symphony"
| #define VERSION "5.6.17"
| #define STDC_HEADERS 1
| #define HAVE_SYS_TYPES_H 1
| #define HAVE_SYS_STAT_H 1
| #define HAVE_STDLIB_H 1
| #define HAVE_STRING_H 1
| #define HAVE_MEMORY_H 1
| #define HAVE_STRINGS_H 1
| #define HAVE_INTTYPES_H 1
| #define HAVE_STDINT_H 1
| #define HAVE_UNISTD_H 1
| #define HAVE_DLFCN_H 1
| /* end confdefs.h.  */
| #include <ac_nonexistent.h>
configure:7457: checking the maximum length of command line arguments
configure:7566: result: 32768
configure:7577: checking command to parse /usr/bin/nm -B output from gcc object
configure:7682: g++ -c -O3 -pipe -DNDEBUG -Wparentheses -Wreturn-type -Wcast-qual -Wall -Wpointer-arith -Wwrite-strings -Wconversion -Wno-unknown-pragmas -Wno-long-long    conftest.cc >&5
configure:7685: $? = 0
configure:7689: /usr/bin/nm -B conftest.o \| sed -n -e 's/^.*[ 	]\([ABCDGIRSTW][ABCDGIRSTW]*\)[ 	][ 	]*\([_A-Za-z][_A-Za-z0-9]*\)$/\1 \2 \2/p' \> conftest.nm
configure:7692: $? = 0
configure:7744: g++ -o conftest -O3 -pipe -DNDEBUG -Wparentheses -Wreturn-type -Wcast-qual -Wall -Wpointer-arith -Wwrite-strings -Wconversion -Wno-unknown-pragmas -Wno-long-long     conftest.cc conftstm.o >&5
configure:7747: $? = 0
configure:7785: result: ok
configure:7789: checking for objdir
configure:7804: result: .libs
configure:7894: checking for ar
configure:7910: found /usr/bin/ar
configure:7921: result: ar
configure:7974: checking for ranlib
configure:7990: found /usr/bin/ranlib
configure:8001: result: ranlib
configure:8054: checking for strip
configure:8070: found /usr/bin/strip
configure:8081: result: strip
configure:8357: checking if gcc supports -fno-rtti -fno-exceptions
configure:8375: gcc -c -O3 -pipe -DNDEBUG -Wimplicit -Wparentheses -Wsequence-point -Wreturn-type -Wcast-qual -Wall -Wno-unknown-pragmas -Wno-long-long    -fno-rtti -fno-exceptions conftest.c >&5
cc1: warning: command-line option '-fno-rtti' is valid for C++/D/ObjC++ but not for C
configure:8379: $? = 0
configure:8392: result: no
configure:8407: checking for gcc option to produce PIC
configure:8617: result: -fPIC
configure:8625: checking if gcc PIC flag -fPIC works
configure:8643: gcc -c -O3 -pipe -DNDEBUG -Wimplicit -Wparentheses -Wsequence-point -Wreturn-type -Wcast-qual -Wall -Wno-unknown-pragmas -Wno-long-long    -fPIC -DPIC conftest.c >&5
configure:8647: $? = 0
configure:8660: result: yes
configure:8688: checking if gcc static flag -static works
configure:8716: result: yes
configure:8726: checking if gcc supports -c -o file.o
configure:8747: gcc -c -O3 -pipe -DNDEBUG -Wimplicit -Wparentheses -Wsequence-point -Wreturn-type -Wcast-qual -Wall -Wno-unknown-pragmas -Wno-long-long    -o out/conftest2.o conftest.c >&5
configure:8751: $? = 0
configure:8773: result: yes
configure:8799: checking whether the gcc linker (/usr/bin/ld -m elf_x86_64) supports shared libraries
configure:9757: result: yes
configure:9824: checking dynamic linker characteristics
configure:10412: result: GNU/Linux ld.so
configure:10421: checking how to hardcode library paths into programs
configure:10446: result: immediate
configure:10460: checking whether stripping libraries is possible
configure:10465: result: yes
configure:11299: checking if libtool supports shared libraries
configure:11301: result: yes
configure:11304: checking whether to build shared libraries
configure:11325: result: no
configure:11328: checking whether to build static libraries
configure:11332: result: yes
configure:11424: creating libtool
configure:12012: checking for ld used by g++
configure:12079: result: /usr/bin/ld -m elf_x86_64
configure:12088: checking if the linker (/usr/bin/ld -m elf_x86_64) is GNU ld
configure:12103: result: yes
configure:12154: checking whether the g++ linker (/usr/bin/ld -m elf_x86_64) supports shared libraries
configure:13092: result: yes
configure:13114: g++ -c -O3 -pipe -DNDEBUG -Wparentheses -Wreturn-type -Wcast-qual -Wall -Wpointer-arith -Wwrite-strings -Wconversion -Wno-unknown-pragmas -Wno-long-long    conftest.cpp >&5
configure:13117: $? = 0
configure:13236: checking for g++ option to produce PIC
configure:13510: result: -fPIC
configure:13518: checking if g++ PIC flag -fPIC works
configure:13536: g++ -c -O3 -pipe -DNDEBUG -Wparentheses -Wreturn-type -Wcast-qual -Wall -Wpointer-arith -Wwrite-strings -Wconversion -Wno-unknown-pragmas -Wno-long-long    -fPIC -DPIC conftest.cpp >&5
configure:13540: $? = 0
configure:13553: result: yes
configure:13581: checking if g++ static flag -static works
configure:13609: result: yes
configure:13619: checking if g++ supports -c -o file.o
configure:13640: g++ -c -O3 -pipe -DNDEBUG -Wparentheses -Wreturn-type -Wcast-qual -Wall -Wpointer-arith -Wwrite-strings -Wconversion -Wno-unknown-pragmas -Wno-long-long    -o out/conftest2.o conftest.cpp >&5
configure:13644: $? = 0
configure:13666: result: yes
configure:13692: checking whether the g++ linker (/usr/bin/ld -m elf_x86_64) supports shared libraries
configure:13717: result: yes
configure:13784: checking dynamic linker characteristics
configure:14372: result: GNU/Linux ld.so
configure:14381: checking how to hardcode library paths into programs
configure:14406: result: immediate
configure:14932: checking if libtool supports shared libraries
configure:14934: result: yes
configure:14937: checking whether to build shared libraries
configure:14957: result: no
configure:14960: checking whether to build static libraries
configure:14964: result: yes
configure:14974: checking for unavailable option to produce PIC
configure:15184: result: -fPIC
configure:15192: checking if unavailable PIC flag -fPIC works
configure:15210: unavailable -c   -fPIC conftest.f >&5
/home/adair/Documents/CAD/sscs-ose-code-a-chip.github.io/ISSCC25/submitted_notebooks/current_mirror_ota_optimization/ALIGN-public/_skbuild/linux-x86_64-3.10/cmake-build/_deps/symphony-src/configure: line 15211: unavailable: command not found
configure:15214: $? = 127
configure:15227: result: no
configure:15255: checking if unavailable static flag -static works
configure:15283: result: no
configure:15293: checking if unavailable supports -c -o file.o
configure:15314: unavailable -c   -o out/conftest2.o conftest.f >&5
/home/adair/Documents/CAD/sscs-ose-code-a-chip.github.io/ISSCC25/submitted_notebooks/current_mirror_ota_optimization/ALIGN-public/_skbuild/linux-x86_64-3.10/cmake-build/_deps/symphony-src/configure: line 15315: unavailable: command not found
configure:15318: $? = 127
configure:15340: result: no
configure:15366: checking whether the unavailable linker (/usr/bin/ld -m elf_x86_64) supports shared libraries
configure:16304: result: yes
configure:16371: checking dynamic linker characteristics
configure:16959: result: GNU/Linux ld.so
configure:16968: checking how to hardcode library paths into programs
configure:16993: result: immediate
configure:20579: Build is "x86_64-unknown-linux-gnu".
configure:20832: checking if library version is set
configure:20839: result: no
configure:20855: checking whether source of project Blas is available and should be compiled
configure:20980: result: no, --without-blas has been specified
configure:20995: checking whether source of project Lapack is available and should be compiled
configure:21120: result: no, --without-lapack has been specified
configure:21135: checking whether source of project Glpk is available and should be compiled
configure:21244: result: no, source file /home/adair/Documents/CAD/sscs-ose-code-a-chip.github.io/ISSCC25/submitted_notebooks/current_mirror_ota_optimization/ALIGN-public/_skbuild/linux-x86_64-3.10/cmake-build/_deps/symphony-src/ThirdParty/Glpk/glpk/src/glplpx01.c not available
configure:21259: checking whether source of project Sample is available and should be compiled
configure:21360: result: yes, source in Data/Sample
configure:21375: checking whether source of project miblib3 is available and should be compiled
configure:21473: result: no
configure:21491: checking whether source of project CoinUtils is available and should be compiled
configure:21588: result: yes, source in CoinUtils
configure:21603: checking whether source of project Osi is available and should be compiled
configure:21700: result: yes, source in Osi
configure:21715: checking whether source of project Clp is available and should be compiled
configure:21812: result: yes, source in Clp
configure:21827: checking whether source of project Cgl is available and should be compiled
configure:21924: result: yes, source in Cgl
configure:21939: checking whether source of project DyLP is available and should be compiled
configure:22033: result: no
configure:22051: checking whether source of project Vol is available and should be compiled
configure:22145: result: no
configure:22163: checking whether source of project SYMPHONY is available and should be compiled
configure:22260: result: yes, source in SYMPHONY
configure:22278: checking whether Clp is required
configure:22290: result: yes
configure:22341: checking which command should be used to link input files
configure:22349: result: ln -s
configure:22595: creating ./config.status

## ---------------------- ##
## Running config.status. ##
## ---------------------- ##

This file was extended by SYMPHONY config.status 5.6.17, which was
generated by GNU Autoconf 2.59.  Invocation command line was

  CONFIG_FILES    = 
  CONFIG_HEADERS  = 
  CONFIG_LINKS    = 
  CONFIG_COMMANDS = 
  $ ./config.status 

on lubuvm

config.status:755: creating Makefile
config.status:931: executing depfiles commands
configure:23748: configuring in Data/Sample
configure:23865: running /bin/bash '/home/adair/Documents/CAD/sscs-ose-code-a-chip.github.io/ISSCC25/submitted_notebooks/current_mirror_ota_optimization/ALIGN-public/_skbuild/linux-x86_64-3.10/cmake-build/_deps/symphony-src/Data/Sample/configure' --prefix=/home/adair/Documents/CAD/sscs-ose-code-a-chip.github.io/ISSCC25/submitted_notebooks/current_mirror_ota_optimization/ALIGN-public/_skbuild/linux-x86_64-3.10/cmake-build/_deps/symphony-build  '--disable-openmp' '--disable-zlib' '--disable-bzlib' '--without-blas' '--without-lapack' '--enable-static' '--disable-shared' '--with-pic' '--prefix=/home/adair/Documents/CAD/sscs-ose-code-a-chip.github.io/ISSCC25/submitted_notebooks/current_mirror_ota_optimization/ALIGN-public/_skbuild/linux-x86_64-3.10/cmake-build/_deps/symphony-build' --cache-file=/dev/null --srcdir=/home/adair/Documents/CAD/sscs-ose-code-a-chip.github.io/ISSCC25/submitted_notebooks/current_mirror_ota_optimization/ALIGN-public/_skbuild/linux-x86_64-3.10/cmake-build/_deps/symphony-src/Data/Sample
configure:23748: configuring in CoinUtils
configure:23865: running /bin/bash '/home/adair/Documents/CAD/sscs-ose-code-a-chip.github.io/ISSCC25/submitted_notebooks/current_mirror_ota_optimization/ALIGN-public/_skbuild/linux-x86_64-3.10/cmake-build/_deps/symphony-src/CoinUtils/configure' --prefix=/home/adair/Documents/CAD/sscs-ose-code-a-chip.github.io/ISSCC25/submitted_notebooks/current_mirror_ota_optimization/ALIGN-public/_skbuild/linux-x86_64-3.10/cmake-build/_deps/symphony-build  '--disable-openmp' '--disable-zlib' '--disable-bzlib' '--without-blas' '--without-lapack' '--enable-static' '--disable-shared' '--with-pic' '--prefix=/home/adair/Documents/CAD/sscs-ose-code-a-chip.github.io/ISSCC25/submitted_notebooks/current_mirror_ota_optimization/ALIGN-public/_skbuild/linux-x86_64-3.10/cmake-build/_deps/symphony-build' --cache-file=/dev/null --srcdir=/home/adair/Documents/CAD/sscs-ose-code-a-chip.github.io/ISSCC25/submitted_notebooks/current_mirror_ota_optimization/ALIGN-public/_skbuild/linux-x86_64-3.10/cmake-build/_deps/symphony-src/CoinUtils
configure:23748: configuring in Osi
configure:23865: running /bin/bash '/home/adair/Documents/CAD/sscs-ose-code-a-chip.github.io/ISSCC25/submitted_notebooks/current_mirror_ota_optimization/ALIGN-public/_skbuild/linux-x86_64-3.10/cmake-build/_deps/symphony-src/Osi/configure' --prefix=/home/adair/Documents/CAD/sscs-ose-code-a-chip.github.io/ISSCC25/submitted_notebooks/current_mirror_ota_optimization/ALIGN-public/_skbuild/linux-x86_64-3.10/cmake-build/_deps/symphony-build  '--disable-openmp' '--disable-zlib' '--disable-bzlib' '--without-blas' '--without-lapack' '--enable-static' '--disable-shared' '--with-pic' '--prefix=/home/adair/Documents/CAD/sscs-ose-code-a-chip.github.io/ISSCC25/submitted_notebooks/current_mirror_ota_optimization/ALIGN-public/_skbuild/linux-x86_64-3.10/cmake-build/_deps/symphony-build' --cache-file=/dev/null --srcdir=/home/adair/Documents/CAD/sscs-ose-code-a-chip.github.io/ISSCC25/submitted_notebooks/current_mirror_ota_optimization/ALIGN-public/_skbuild/linux-x86_64-3.10/cmake-build/_deps/symphony-src/Osi
configure:23748: configuring in Clp
configure:23865: running /bin/bash '/home/adair/Documents/CAD/sscs-ose-code-a-chip.github.io/ISSCC25/submitted_notebooks/current_mirror_ota_optimization/ALIGN-public/_skbuild/linux-x86_64-3.10/cmake-build/_deps/symphony-src/Clp/configure' --prefix=/home/adair/Documents/CAD/sscs-ose-code-a-chip.github.io/ISSCC25/submitted_notebooks/current_mirror_ota_optimization/ALIGN-public/_skbuild/linux-x86_64-3.10/cmake-build/_deps/symphony-build  '--disable-openmp' '--disable-zlib' '--disable-bzlib' '--without-blas' '--without-lapack' '--enable-static' '--disable-shared' '--with-pic' '--prefix=/home/adair/Documents/CAD/sscs-ose-code-a-chip.github.io/ISSCC25/submitted_notebooks/current_mirror_ota_optimization/ALIGN-public/_skbuild/linux-x86_64-3.10/cmake-build/_deps/symphony-build' --cache-file=/dev/null --srcdir=/home/adair/Documents/CAD/sscs-ose-code-a-chip.github.io/ISSCC25/submitted_notebooks/current_mirror_ota_optimization/ALIGN-public/_skbuild/linux-x86_64-3.10/cmake-build/_deps/symphony-src/Clp
configure:23748: configuring in Cgl
configure:23865: running /bin/bash '/home/adair/Documents/CAD/sscs-ose-code-a-chip.github.io/ISSCC25/submitted_notebooks/current_mirror_ota_optimization/ALIGN-public/_skbuild/linux-x86_64-3.10/cmake-build/_deps/symphony-src/Cgl/configure' --prefix=/home/adair/Documents/CAD/sscs-ose-code-a-chip.github.io/ISSCC25/submitted_notebooks/current_mirror_ota_optimization/ALIGN-public/_skbuild/linux-x86_64-3.10/cmake-build/_deps/symphony-build  '--disable-openmp' '--disable-zlib' '--disable-bzlib' '--without-blas' '--without-lapack' '--enable-static' '--disable-shared' '--with-pic' '--prefix=/home/adair/Documents/CAD/sscs-ose-code-a-chip.github.io/ISSCC25/submitted_notebooks/current_mirror_ota_optimization/ALIGN-public/_skbuild/linux-x86_64-3.10/cmake-build/_deps/symphony-build' --cache-file=/dev/null --srcdir=/home/adair/Documents/CAD/sscs-ose-code-a-chip.github.io/ISSCC25/submitted_notebooks/current_mirror_ota_optimization/ALIGN-public/_skbuild/linux-x86_64-3.10/cmake-build/_deps/symphony-src/Cgl
configure:23748: configuring in SYMPHONY
configure:23865: running /bin/bash '/home/adair/Documents/CAD/sscs-ose-code-a-chip.github.io/ISSCC25/submitted_notebooks/current_mirror_ota_optimization/ALIGN-public/_skbuild/linux-x86_64-3.10/cmake-build/_deps/symphony-src/SYMPHONY/configure' --prefix=/home/adair/Documents/CAD/sscs-ose-code-a-chip.github.io/ISSCC25/submitted_notebooks/current_mirror_ota_optimization/ALIGN-public/_skbuild/linux-x86_64-3.10/cmake-build/_deps/symphony-build  '--disable-openmp' '--disable-zlib' '--disable-bzlib' '--without-blas' '--without-lapack' '--enable-static' '--disable-shared' '--with-pic' '--prefix=/home/adair/Documents/CAD/sscs-ose-code-a-chip.github.io/ISSCC25/submitted_notebooks/current_mirror_ota_optimization/ALIGN-public/_skbuild/linux-x86_64-3.10/cmake-build/_deps/symphony-build' --cache-file=/dev/null --srcdir=/home/adair/Documents/CAD/sscs-ose-code-a-chip.github.io/ISSCC25/submitted_notebooks/current_mirror_ota_optimization/ALIGN-public/_skbuild/linux-x86_64-3.10/cmake-build/_deps/symphony-src/SYMPHONY
configure:23934: In case of trouble, first consult the troubleshooting page at https://projects.coin-or.org/BuildTools/wiki/user-troubleshooting
configure:23940: Main configuration of SYMPHONY successful

## ---------------- ##
## Cache variables. ##
## ---------------- ##

ac_cv_build=x86_64-unknown-linux-gnu
ac_cv_build_alias=x86_64-unknown-linux-gnu
ac_cv_c_compiler_gnu=yes
ac_cv_cxx_compiler_gnu=yes
ac_cv_env_ADD_CFLAGS_set=
ac_cv_env_ADD_CFLAGS_value=
ac_cv_env_ADD_CXXFLAGS_set=
ac_cv_env_ADD_CXXFLAGS_value=
ac_cv_env_ADD_FFLAGS_set=
ac_cv_env_ADD_FFLAGS_value=
ac_cv_env_CC_set=
ac_cv_env_CC_value=
ac_cv_env_CDEFS_set=
ac_cv_env_CDEFS_value=
ac_cv_env_CFLAGS_set=
ac_cv_env_CFLAGS_value=
ac_cv_env_COIN_SKIP_PROJECTS_set=
ac_cv_env_COIN_SKIP_PROJECTS_value=
ac_cv_env_CPPFLAGS_set=
ac_cv_env_CPPFLAGS_value=
ac_cv_env_CPP_set=
ac_cv_env_CPP_value=
ac_cv_env_CXXCPP_set=
ac_cv_env_CXXCPP_value=
ac_cv_env_CXXDEFS_set=
ac_cv_env_CXXDEFS_value=
ac_cv_env_CXXFLAGS_set=
ac_cv_env_CXXFLAGS_value=
ac_cv_env_CXX_set=
ac_cv_env_CXX_value=
ac_cv_env_DBG_CFLAGS_set=
ac_cv_env_DBG_CFLAGS_value=
ac_cv_env_DBG_CXXFLAGS_set=
ac_cv_env_DBG_CXXFLAGS_value=
ac_cv_env_DBG_FFLAGS_set=
ac_cv_env_DBG_FFLAGS_value=
ac_cv_env_F77_set=
ac_cv_env_F77_value=
ac_cv_env_FFLAGS_set=
ac_cv_env_FFLAGS_value=
ac_cv_env_LDFLAGS_set=
ac_cv_env_LDFLAGS_value=
ac_cv_env_MPICC_set=
ac_cv_env_MPICC_value=
ac_cv_env_MPICXX_set=
ac_cv_env_MPICXX_value=
ac_cv_env_MPIF77_set=
ac_cv_env_MPIF77_value=
ac_cv_env_OPT_CFLAGS_set=
ac_cv_env_OPT_CFLAGS_value=
ac_cv_env_OPT_CXXFLAGS_set=
ac_cv_env_OPT_CXXFLAGS_value=
ac_cv_env_OPT_FFLAGS_set=
ac_cv_env_OPT_FFLAGS_value=
ac_cv_env_build_alias_set=
ac_cv_env_build_alias_value=
ac_cv_env_host_alias_set=
ac_cv_env_host_alias_value=
ac_cv_env_target_alias_set=
ac_cv_env_target_alias_value=
ac_cv_exeext=
ac_cv_header_dlfcn_h=yes
ac_cv_header_inttypes_h=yes
ac_cv_header_memory_h=yes
ac_cv_header_stdc=yes
ac_cv_header_stdint_h=yes
ac_cv_header_stdlib_h=yes
ac_cv_header_string_h=yes
ac_cv_header_strings_h=yes
ac_cv_header_sys_stat_h=yes
ac_cv_header_sys_types_h=yes
ac_cv_header_unistd_h=yes
ac_cv_host=x86_64-unknown-linux-gnu
ac_cv_host_alias=x86_64-unknown-linux-gnu
ac_cv_objext=o
ac_cv_path_install='/usr/bin/install -c'
ac_cv_prog_AWK=gawk
ac_cv_prog_CPP='gcc -E'
ac_cv_prog_CXXCPP='g++ -E'
ac_cv_prog_ac_ct_AR=ar
ac_cv_prog_ac_ct_CC=gcc
ac_cv_prog_ac_ct_CXX=g++
ac_cv_prog_ac_ct_RANLIB=ranlib
ac_cv_prog_ac_ct_STRIP=strip
ac_cv_prog_cc_g=yes
ac_cv_prog_cc_stdc=
ac_cv_prog_cxx_g=yes
ac_cv_prog_egrep='grep -E'
ac_cv_prog_make_make_set=yes
am_cv_CC_dependencies_compiler_type=gcc3
am_cv_CXX_dependencies_compiler_type=gcc3
lt_cv_deplibs_check_method=pass_all
lt_cv_file_magic_cmd='$MAGIC_CMD'
lt_cv_file_magic_test_file=
lt_cv_ld_reload_flag=-r
lt_cv_objdir=.libs
lt_cv_path_LD=/usr/bin/ld
lt_cv_path_LDCXX='/usr/bin/ld -m elf_x86_64'
lt_cv_path_NM='/usr/bin/nm -B'
lt_cv_path_SED=/usr/bin/sed
lt_cv_prog_compiler_c_o=yes
lt_cv_prog_compiler_c_o_CXX=yes
lt_cv_prog_compiler_c_o_F77=no
lt_cv_prog_compiler_rtti_exceptions=no
lt_cv_prog_gnu_ld=yes
lt_cv_prog_gnu_ldcxx=yes
lt_cv_sys_global_symbol_pipe='sed -n -e '\''s/^.*[ 	]\([ABCDGIRSTW][ABCDGIRSTW]*\)[ 	][ 	]*\([_A-Za-z][_A-Za-z0-9]*\)$/\1 \2 \2/p'\'''
lt_cv_sys_global_symbol_to_c_name_address='sed -n -e '\''s/^: \([^ ]*\) $/  {\"\1\", (lt_ptr) 0},/p'\'' -e '\''s/^[BCDEGRST] \([^ ]*\) \([^ ]*\)$/  {"\2", (lt_ptr) \&\2},/p'\'''
lt_cv_sys_global_symbol_to_cdecl='sed -n -e '\''s/^. .* \(.*\)$/extern int \1;/p'\'''
lt_cv_sys_max_cmd_len=32768
lt_lt_cv_prog_compiler_c_o='"yes"'
lt_lt_cv_prog_compiler_c_o_CXX='"yes"'
lt_lt_cv_prog_compiler_c_o_F77='"no"'
lt_lt_cv_sys_global_symbol_pipe='"sed -n -e '\''s/^.*[ 	]\\([ABCDGIRSTW][ABCDGIRSTW]*\\)[ 	][ 	]*\\([_A-Za-z][_A-Za-z0-9]*\\)\$/\\1 \\2 \\2/p'\''"'
lt_lt_cv_sys_global_symbol_to_c_name_address='"sed -n -e '\''s/^: \\([^ ]*\\) \$/  {\\\"\\1\\\", (lt_ptr) 0},/p'\'' -e '\''s/^[BCDEGRST] \\([^ ]*\\) \\([^ ]*\\)\$/  {\"\\2\", (lt_ptr) \\&\\2},/p'\''"'
lt_lt_cv_sys_global_symbol_to_cdecl='"sed -n -e '\''s/^. .* \\(.*\\)\$/extern int \\1;/p'\''"'

## ----------------- ##
## Output variables. ##
## ----------------- ##

ABSBUILDDIR=''
ACLOCAL='${SHELL} /home/adair/Documents/CAD/sscs-ose-code-a-chip.github.io/ISSCC25/submitted_notebooks/current_mirror_ota_optimization/ALIGN-public/_skbuild/linux-x86_64-3.10/cmake-build/_deps/symphony-src/missing --run aclocal-1.9'
ADD_CFLAGS=''
ADD_CLP_FALSE='#'
ADD_CLP_TRUE=''
ADD_CXXFLAGS=''
ADD_FFLAGS=''
ADD_GLPK_FALSE=''
ADD_GLPK_TRUE='#'
AMDEPBACKSLASH='\'
AMDEP_FALSE='#'
AMDEP_TRUE=''
AMTAR='${SHELL} /home/adair/Documents/CAD/sscs-ose-code-a-chip.github.io/ISSCC25/submitted_notebooks/current_mirror_ota_optimization/ALIGN-public/_skbuild/linux-x86_64-3.10/cmake-build/_deps/symphony-src/missing --run tar'
AR='ar'
AUTOCONF='${SHELL} /home/adair/Documents/CAD/sscs-ose-code-a-chip.github.io/ISSCC25/submitted_notebooks/current_mirror_ota_optimization/ALIGN-public/_skbuild/linux-x86_64-3.10/cmake-build/_deps/symphony-src/missing --run autoconf'
AUTOHEADER='${SHELL} /home/adair/Documents/CAD/sscs-ose-code-a-chip.github.io/ISSCC25/submitted_notebooks/current_mirror_ota_optimization/ALIGN-public/_skbuild/linux-x86_64-3.10/cmake-build/_deps/symphony-src/missing --run autoheader'
AUTOMAKE='${SHELL} /home/adair/Documents/CAD/sscs-ose-code-a-chip.github.io/ISSCC25/submitted_notebooks/current_mirror_ota_optimization/ALIGN-public/_skbuild/linux-x86_64-3.10/cmake-build/_deps/symphony-src/missing --run automake-1.9'
AUX_DIR=''
AWK='gawk'
BUILDTOOLSDIR=''
CC='gcc'
CCDEPMODE='depmode=gcc3'
CDEFS=''
CFLAGS='-O3 -pipe -DNDEBUG -Wimplicit -Wparentheses -Wsequence-point -Wreturn-type -Wcast-qual -Wall -Wno-unknown-pragmas -Wno-long-long  '
COIN_CC_IS_CL_FALSE=''
COIN_CC_IS_CL_TRUE='#'
COIN_CXX_IS_CL_FALSE=''
COIN_CXX_IS_CL_TRUE='#'
COIN_SKIP_PROJECTS=''
CPP='gcc -E'
CPPFLAGS=''
CXX='g++'
CXXCPP='g++ -E'
CXXDEFS=''
CXXDEPMODE='depmode=gcc3'
CXXFLAGS='-O3 -pipe -DNDEBUG -Wparentheses -Wreturn-type -Wcast-qual -Wall -Wpointer-arith -Wwrite-strings -Wconversion -Wno-unknown-pragmas -Wno-long-long  '
CYGPATH_W='echo'
DBG_CFLAGS='-g -O0 -pipe -Wimplicit -Wparentheses -Wsequence-point -Wreturn-type -Wcast-qual -Wall -Wno-unknown-pragmas -Wno-long-long  '
DBG_CXXFLAGS='-g -O0 -pipe -Wparentheses -Wreturn-type -Wcast-qual -Wall -Wpointer-arith -Wwrite-strings -Wconversion -Wno-unknown-pragmas -Wno-long-long  '
DBG_FFLAGS=' '
DEFS='-DPACKAGE_NAME=\"SYMPHONY\" -DPACKAGE_TARNAME=\"symphony\" -DPACKAGE_VERSION=\"5.6.17\" -DPACKAGE_STRING=\"SYMPHONY\ 5.6.17\" -DPACKAGE_BUGREPORT=\"https://projects.coin-or.org/svn/SYMPHONY/newticket\" -DPACKAGE=\"symphony\" -DVERSION=\"5.6.17\" -DSTDC_HEADERS=1 -DHAVE_SYS_TYPES_H=1 -DHAVE_SYS_STAT_H=1 -DHAVE_STDLIB_H=1 -DHAVE_STRING_H=1 -DHAVE_MEMORY_H=1 -DHAVE_STRINGS_H=1 -DHAVE_INTTYPES_H=1 -DHAVE_STDINT_H=1 -DHAVE_UNISTD_H=1 -DHAVE_DLFCN_H=1 '
DEPDIR='.deps'
DEPENDENCY_LINKING_FALSE='#'
DEPENDENCY_LINKING_TRUE=''
ECHO='echo'
ECHO_C=''
ECHO_N='-n'
ECHO_T=''
EGREP='grep -E'
EXEEXT=''
F77='unavailable'
FFLAGS=' '
HAVE_EXTERNALS_FALSE=''
HAVE_EXTERNALS_TRUE='#'
INSTALL_DATA='${INSTALL} -m 644'
INSTALL_PROGRAM='${INSTALL}'
INSTALL_SCRIPT='${INSTALL}'
INSTALL_STRIP_PROGRAM='${SHELL} $(install_sh) -c -s'
LDFLAGS=''
LIBEXT='a'
LIBOBJS=''
LIBS=''
LIBTOOL='$(SHELL) $(top_builddir)/libtool'
LIBTOOLM4=''
LN_S='ln -s'
LTLIBOBJS=''
LT_LDFLAGS='-no-undefined'
MAINT='#'
MAINTAINER_MODE_FALSE=''
MAINTAINER_MODE_TRUE='#'
MAKEINFO='${SHELL} /home/adair/Documents/CAD/sscs-ose-code-a-chip.github.io/ISSCC25/submitted_notebooks/current_mirror_ota_optimization/ALIGN-public/_skbuild/linux-x86_64-3.10/cmake-build/_deps/symphony-src/missing --run makeinfo'
MPICC=''
MPICXX=''
MPIF77=''
OBJEXT='o'
OPT_CFLAGS='-O3 -pipe -DNDEBUG -Wimplicit -Wparentheses -Wsequence-point -Wreturn-type -Wcast-qual -Wall -Wno-unknown-pragmas -Wno-long-long  '
OPT_CXXFLAGS='-O3 -pipe -DNDEBUG -Wparentheses -Wreturn-type -Wcast-qual -Wall -Wpointer-arith -Wwrite-strings -Wconversion -Wno-unknown-pragmas -Wno-long-long  '
OPT_FFLAGS=' '
PACKAGE='symphony'
PACKAGE_BUGREPORT='https://projects.coin-or.org/svn/SYMPHONY/newticket'
PACKAGE_NAME='SYMPHONY'
PACKAGE_STRING='SYMPHONY 5.6.17'
PACKAGE_TARNAME='symphony'
PACKAGE_VERSION='5.6.17'
PATH_SEPARATOR=':'
RANLIB='ranlib'
RPATH_FLAGS=''
SET_MAKE=''
SHELL='/bin/bash'
STRIP='strip'
VERSION='5.6.17'
VPATH_DISTCLEANFILES=''
abs_bin_dir='/home/adair/Documents/CAD/sscs-ose-code-a-chip.github.io/ISSCC25/submitted_notebooks/current_mirror_ota_optimization/ALIGN-public/_skbuild/linux-x86_64-3.10/cmake-build/_deps/symphony-build/bin'
abs_include_dir='/home/adair/Documents/CAD/sscs-ose-code-a-chip.github.io/ISSCC25/submitted_notebooks/current_mirror_ota_optimization/ALIGN-public/_skbuild/linux-x86_64-3.10/cmake-build/_deps/symphony-build/include'
abs_lib_dir='/home/adair/Documents/CAD/sscs-ose-code-a-chip.github.io/ISSCC25/submitted_notebooks/current_mirror_ota_optimization/ALIGN-public/_skbuild/linux-x86_64-3.10/cmake-build/_deps/symphony-build/lib'
abs_source_dir='/home/adair/Documents/CAD/sscs-ose-code-a-chip.github.io/ISSCC25/submitted_notebooks/current_mirror_ota_optimization/ALIGN-public/_skbuild/linux-x86_64-3.10/cmake-build/_deps/symphony-src'
ac_c_preproc_warn_flag=''
ac_ct_AR='ar'
ac_ct_CC='gcc'
ac_ct_CXX='g++'
ac_ct_F77='unavailable'
ac_ct_RANLIB='ranlib'
ac_ct_STRIP='strip'
ac_cxx_preproc_warn_flag=''
am__fastdepCC_FALSE='#'
am__fastdepCC_TRUE=''
am__fastdepCXX_FALSE='#'
am__fastdepCXX_TRUE=''
am__include='include'
am__leading_dot='.'
am__quote=''
am__tar='${AMTAR} chof - "$$tardir"'
am__untar='${AMTAR} xf -'
bindir='${exec_prefix}/bin'
build='x86_64-unknown-linux-gnu'
build_alias=''
build_cpu='x86_64'
build_os='linux-gnu'
build_vendor='unknown'
datadir='${prefix}/share'
exec_prefix='${prefix}'
have_autoconf=''
have_automake=''
have_svn=''
host='x86_64-unknown-linux-gnu'
host_alias=''
host_cpu='x86_64'
host_os='linux-gnu'
host_vendor='unknown'
includedir='${prefix}/include'
infodir='${prefix}/info'
install_sh='/home/adair/Documents/CAD/sscs-ose-code-a-chip.github.io/ISSCC25/submitted_notebooks/current_mirror_ota_optimization/ALIGN-public/_skbuild/linux-x86_64-3.10/cmake-build/_deps/symphony-src/install-sh'
libdir='${exec_prefix}/lib'
libexecdir='${exec_prefix}/libexec'
localstatedir='${prefix}/var'
mandir='${prefix}/man'
mkdir_p='mkdir -p --'
oldincludedir='/usr/include'
prefix='/home/adair/Documents/CAD/sscs-ose-code-a-chip.github.io/ISSCC25/submitted_notebooks/current_mirror_ota_optimization/ALIGN-public/_skbuild/linux-x86_64-3.10/cmake-build/_deps/symphony-build'
program_transform_name='s,x,x,'
sbindir='${exec_prefix}/sbin'
sharedstatedir='${prefix}/com'
sol_cc_compiler=''
subdirs=' Data/Sample CoinUtils Osi Clp Cgl SYMPHONY'
sysconfdir='${prefix}/etc'
target_alias=''

## ----------- ##
## confdefs.h. ##
## ----------- ##

#define HAVE_DLFCN_H 1
#define HAVE_INTTYPES_H 1
#define HAVE_MEMORY_H 1
#define HAVE_STDINT_H 1
#define HAVE_STDLIB_H 1
#define HAVE_STRINGS_H 1
#define HAVE_STRING_H 1
#define HAVE_SYS_STAT_H 1
#define HAVE_SYS_TYPES_H 1
#define HAVE_UNISTD_H 1
#define PACKAGE "symphony"
#define PACKAGE_BUGREPORT "https://projects.coin-or.org/svn/SYMPHONY/newticket"
#define PACKAGE_NAME "SYMPHONY"
#define PACKAGE_STRING "SYMPHONY 5.6.17"
#define PACKAGE_TARNAME "symphony"
#define PACKAGE_VERSION "5.6.17"
#define STDC_HEADERS 1
#define VERSION "5.6.17"
#endif
#ifdef __cplusplus
extern "C" void std::exit (int) throw (); using std::exit;

configure: exit 0
