This file contains any messages produced by compilers while
running configure, to aid debugging if configure makes a mistake.

It was created by Cgl configure 0.60.0, which was
generated by GNU Autoconf 2.59.  Invocation command line was

  $ /home/adair/Documents/CAD/sscs-ose-code-a-chip.github.io/ISSCC25/submitted_notebooks/current_mirror_ota_optimization/ALIGN-public/_skbuild/linux-x86_64-3.10/cmake-build/_deps/symphony-src/Cgl/configure --prefix=/home/adair/Documents/CAD/sscs-ose-code-a-chip.github.io/ISSCC25/submitted_notebooks/current_mirror_ota_optimization/ALIGN-public/_skbuild/linux-x86_64-3.10/cmake-build/_deps/symphony-build --disable-openmp --disable-zlib --disable-bzlib --without-blas --without-lapack --enable-static --disable-shared --with-pic --prefix=/home/adair/Documents/CAD/sscs-ose-code-a-chip.github.io/ISSCC25/submitted_notebooks/current_mirror_ota_optimization/ALIGN-public/_skbuild/linux-x86_64-3.10/cmake-build/_deps/symphony-build --cache-file=/dev/null --srcdir=/home/adair/Documents/CAD/sscs-ose-code-a-chip.github.io/ISSCC25/submitted_notebooks/current_mirror_ota_optimization/ALIGN-public/_skbuild/linux-x86_64-3.10/cmake-build/_deps/symphony-src/Cgl

## --------- ##
## Platform. ##
## --------- ##

hostname = lubuvm
uname -m = x86_64
uname -r = 6.8.0-49-generic
uname -s = Linux
uname -v = #49~22.04.1-Ubuntu SMP PREEMPT_DYNAMIC Wed Nov  6 17:42:15 UTC 2

/usr/bin/uname -p = x86_64
/bin/uname -X     = unknown

/bin/arch              = x86_64
/usr/bin/arch -k       = unknown
/usr/convex/getsysinfo = unknown
hostinfo               = unknown
/bin/machine           = unknown
/usr/bin/oslevel       = unknown
/bin/universe          = unknown

PATH: /tmp/pip-build-env-j313kjyn/overlay/bin
PATH: /tmp/pip-build-env-j313kjyn/normal/bin
PATH: /usr/local/sbin
PATH: /usr/local/bin
PATH: /usr/sbin
PATH: /usr/bin
PATH: /sbin
PATH: /bin
PATH: /usr/games
PATH: /usr/local/games
PATH: /snap/bin
PATH: /home/adair/.local/bin
PATH: /home/adair/.local/bin
PATH: /home/adair/Documents/CAD/anaconda3/bin


## ----------- ##
## Core tests. ##
## ----------- ##

configure:1686: checking build system type
configure:1704: result: x86_64-unknown-linux-gnu
configure:1777: checking for svnversion
configure:1804: result: no
configure:1834: checking whether we want to compile in debug mode
configure:1880: result: no
configure:2130: checking for gcc
configure:2146: found /usr/bin/gcc
configure:2156: result: gcc
configure:2177: checking for C compiler version
configure:2180: gcc --version </dev/null >&5
gcc (Ubuntu 11.4.0-1ubuntu1~22.04) 11.4.0
Copyright (C) 2021 Free Software Foundation, Inc.
This is free software; see the source for copying conditions.  There is NO
warranty; not even for MERCHANTABILITY or FITNESS FOR A PARTICULAR PURPOSE.

configure:2183: $? = 0
configure:2185: gcc -v </dev/null >&5
Using built-in specs.
COLLECT_GCC=gcc
COLLECT_LTO_WRAPPER=/usr/lib/gcc/x86_64-linux-gnu/11/lto-wrapper
OFFLOAD_TARGET_NAMES=nvptx-none:amdgcn-amdhsa
OFFLOAD_TARGET_DEFAULT=1
Target: x86_64-linux-gnu
Configured with: ../src/configure -v --with-pkgversion='Ubuntu 11.4.0-1ubuntu1~22.04' --with-bugurl=file:///usr/share/doc/gcc-11/README.Bugs --enable-languages=c,ada,c++,go,brig,d,fortran,objc,obj-c++,m2 --prefix=/usr --with-gcc-major-version-only --program-suffix=-11 --program-prefix=x86_64-linux-gnu- --enable-shared --enable-linker-build-id --libexecdir=/usr/lib --without-included-gettext --enable-threads=posix --libdir=/usr/lib --enable-nls --enable-bootstrap --enable-clocale=gnu --enable-libstdcxx-debug --enable-libstdcxx-time=yes --with-default-libstdcxx-abi=new --enable-gnu-unique-object --disable-vtable-verify --enable-plugin --enable-default-pie --with-system-zlib --enable-libphobos-checking=release --with-target-system-zlib=auto --enable-objc-gc=auto --enable-multiarch --disable-werror --enable-cet --with-arch-32=i686 --with-abi=m64 --with-multilib-list=m32,m64,mx32 --enable-multilib --with-tune=generic --enable-offload-targets=nvptx-none=/build/gcc-11-XeT9lY/gcc-11-11.4.0/debian/tmp-nvptx/usr,amdgcn-amdhsa=/build/gcc-11-XeT9lY/gcc-11-11.4.0/debian/tmp-gcn/usr --without-cuda-driver --enable-checking=release --build=x86_64-linux-gnu --host=x86_64-linux-gnu --target=x86_64-linux-gnu --with-build-config=bootstrap-lto-lean --enable-link-serialization=2
Thread model: posix
Supported LTO compression algorithms: zlib zstd
gcc version 11.4.0 (Ubuntu 11.4.0-1ubuntu1~22.04) 
configure:2188: $? = 0
configure:2190: gcc -V </dev/null >&5
gcc: error: unrecognized command-line option '-V'
gcc: fatal error: no input files
compilation terminated.
configure:2193: $? = 1
configure:2216: checking for C compiler default output file name
configure:2219: gcc    conftest.c  >&5
configure:2222: $? = 0
configure:2268: result: a.out
configure:2273: checking whether the C compiler works
configure:2279: ./a.out
configure:2282: $? = 0
configure:2299: result: yes
configure:2306: checking whether we are cross compiling
configure:2308: result: no
configure:2311: checking for suffix of executables
configure:2313: gcc -o conftest    conftest.c  >&5
configure:2316: $? = 0
configure:2341: result: 
configure:2347: checking for suffix of object files
configure:2368: gcc -c   conftest.c >&5
configure:2371: $? = 0
configure:2393: result: o
configure:2397: checking whether we are using the GNU C compiler
configure:2421: gcc -c   conftest.c >&5
configure:2427: $? = 0
configure:2431: test -z 
			 || test ! -s conftest.err
configure:2434: $? = 0
configure:2437: test -s conftest.o
configure:2440: $? = 0
configure:2453: result: yes
configure:2459: checking whether gcc accepts -g
configure:2480: gcc -c -g  conftest.c >&5
configure:2486: $? = 0
configure:2490: test -z 
			 || test ! -s conftest.err
configure:2493: $? = 0
configure:2496: test -s conftest.o
configure:2499: $? = 0
configure:2510: result: yes
configure:2527: checking for gcc option to accept ANSI C
configure:2597: gcc  -c -g -O2  conftest.c >&5
configure:2603: $? = 0
configure:2607: test -z 
			 || test ! -s conftest.err
configure:2610: $? = 0
configure:2613: test -s conftest.o
configure:2616: $? = 0
configure:2634: result: none needed
configure:2652: gcc -c -g -O2  conftest.c >&5
conftest.c:2:3: error: unknown type name 'choke'
    2 |   choke me
      |   ^~~~~
conftest.c:2:3: error: expected '=', ',', ';', 'asm' or '__attribute__' at end of input
configure:2658: $? = 1
configure: failed program was:
| #ifndef __cplusplus
|   choke me
| #endif
configure:3079: gcc -o conftest -O3 -pipe -DNDEBUG -Wimplicit -Wparentheses -Wsequence-point -Wreturn-type -Wcast-qual -Wall -Wno-unknown-pragmas -Wno-long-long   -DCGL_BUILD   conftest.c  >&5
configure:3085: $? = 0
configure:3089: test -z 
			 || test ! -s conftest.err
configure:3092: $? = 0
configure:3095: test -s conftest
configure:3098: $? = 0
configure:3165: C compiler options are: -O3 -pipe -DNDEBUG -Wimplicit -Wparentheses -Wsequence-point -Wreturn-type -Wcast-qual -Wall -Wno-unknown-pragmas -Wno-long-long   -DCGL_BUILD
configure:3280: checking for g++
configure:3296: found /usr/bin/g++
configure:3306: result: g++
configure:3322: checking for C++ compiler version
configure:3325: g++ --version </dev/null >&5
g++ (Ubuntu 11.4.0-1ubuntu1~22.04) 11.4.0
Copyright (C) 2021 Free Software Foundation, Inc.
This is free software; see the source for copying conditions.  There is NO
warranty; not even for MERCHANTABILITY or FITNESS FOR A PARTICULAR PURPOSE.

configure:3328: $? = 0
configure:3330: g++ -v </dev/null >&5
Using built-in specs.
COLLECT_GCC=g++
COLLECT_LTO_WRAPPER=/usr/lib/gcc/x86_64-linux-gnu/11/lto-wrapper
OFFLOAD_TARGET_NAMES=nvptx-none:amdgcn-amdhsa
OFFLOAD_TARGET_DEFAULT=1
Target: x86_64-linux-gnu
Configured with: ../src/configure -v --with-pkgversion='Ubuntu 11.4.0-1ubuntu1~22.04' --with-bugurl=file:///usr/share/doc/gcc-11/README.Bugs --enable-languages=c,ada,c++,go,brig,d,fortran,objc,obj-c++,m2 --prefix=/usr --with-gcc-major-version-only --program-suffix=-11 --program-prefix=x86_64-linux-gnu- --enable-shared --enable-linker-build-id --libexecdir=/usr/lib --without-included-gettext --enable-threads=posix --libdir=/usr/lib --enable-nls --enable-bootstrap --enable-clocale=gnu --enable-libstdcxx-debug --enable-libstdcxx-time=yes --with-default-libstdcxx-abi=new --enable-gnu-unique-object --disable-vtable-verify --enable-plugin --enable-default-pie --with-system-zlib --enable-libphobos-checking=release --with-target-system-zlib=auto --enable-objc-gc=auto --enable-multiarch --disable-werror --enable-cet --with-arch-32=i686 --with-abi=m64 --with-multilib-list=m32,m64,mx32 --enable-multilib --with-tune=generic --enable-offload-targets=nvptx-none=/build/gcc-11-XeT9lY/gcc-11-11.4.0/debian/tmp-nvptx/usr,amdgcn-amdhsa=/build/gcc-11-XeT9lY/gcc-11-11.4.0/debian/tmp-gcn/usr --without-cuda-driver --enable-checking=release --build=x86_64-linux-gnu --host=x86_64-linux-gnu --target=x86_64-linux-gnu --with-build-config=bootstrap-lto-lean --enable-link-serialization=2
Thread model: posix
Supported LTO compression algorithms: zlib zstd
gcc version 11.4.0 (Ubuntu 11.4.0-1ubuntu1~22.04) 
configure:3333: $? = 0
configure:3335: g++ -V </dev/null >&5
g++: error: unrecognized command-line option '-V'
g++: fatal error: no input files
compilation terminated.
configure:3338: $? = 1
configure:3341: checking whether we are using the GNU C++ compiler
configure:3365: g++ -c   conftest.cc >&5
configure:3371: $? = 0
configure:3375: test -z 
			 || test ! -s conftest.err
configure:3378: $? = 0
configure:3381: test -s conftest.o
configure:3384: $? = 0
configure:3397: result: yes
configure:3403: checking whether g++ accepts -g
configure:3424: g++ -c -g  conftest.cc >&5
configure:3430: $? = 0
configure:3434: test -z 
			 || test ! -s conftest.err
configure:3437: $? = 0
configure:3440: test -s conftest.o
configure:3443: $? = 0
configure:3454: result: yes
configure:3496: g++ -c -g -O2  conftest.cc >&5
configure:3502: $? = 0
configure:3506: test -z 
			 || test ! -s conftest.err
configure:3509: $? = 0
configure:3512: test -s conftest.o
configure:3515: $? = 0
configure:3541: g++ -c -g -O2  conftest.cc >&5
conftest.cc: In function 'int main()':
conftest.cc:19:1: error: 'exit' was not declared in this scope
   19 | exit (42);
      | ^~~~
configure:3547: $? = 1
configure: failed program was:
| /* confdefs.h.  */
| 
| #define PACKAGE_NAME "Cgl"
| #define PACKAGE_TARNAME "cgl"
| #define PACKAGE_VERSION "0.60.0"
| #define PACKAGE_STRING "Cgl 0.60.0"
| #define PACKAGE_BUGREPORT "cgl@list.coin-or.org"
| #define CGL_VERSION "0.60.0"
| #define CGL_VERSION_MAJOR 0
| #define CGL_VERSION_MINOR 60
| #define CGL_VERSION_RELEASE 0
| #define COIN_CGL_VERBOSITY 0
| #define COIN_CGL_CHECKLEVEL 0
| /* end confdefs.h.  */
| 
| int
| main ()
| {
| exit (42);
|   ;
|   return 0;
| }
configure:3496: g++ -c -g -O2  conftest.cc >&5
conftest.cc:15:17: warning: 'void std::exit(int)' has not been declared within 'std'
   15 | extern "C" void std::exit (int) throw (); using std::exit;
      |                 ^~~
<built-in>: note: only here as a 'friend'
configure:3502: $? = 0
configure:3506: test -z 
			 || test ! -s conftest.err
configure:3509: $? = 0
configure:3512: test -s conftest.o
configure:3515: $? = 0
configure:3541: g++ -c -g -O2  conftest.cc >&5
conftest.cc:15:17: warning: 'void std::exit(int)' has not been declared within 'std'
   15 | extern "C" void std::exit (int) throw (); using std::exit;
      |                 ^~~
<built-in>: note: only here as a 'friend'
configure:3547: $? = 0
configure:3551: test -z 
			 || test ! -s conftest.err
configure:3554: $? = 0
configure:3557: test -s conftest.o
configure:3560: $? = 0
configure:3592: checking whether C++ compiler g++ works
configure:3610: g++ -c -g -O2  conftest.cc >&5
conftest.cc:15:17: warning: 'void std::exit(int)' has not been declared within 'std'
   15 | extern "C" void std::exit (int) throw (); using std::exit;
      |                 ^~~
<built-in>: note: only here as a 'friend'
configure:3616: $? = 0
configure:3620: test -z 
			 || test ! -s conftest.err
configure:3623: $? = 0
configure:3626: test -s conftest.o
configure:3629: $? = 0
configure:3631: result: yes
configure:3952: g++ -o conftest -O3 -pipe -DNDEBUG -Wparentheses -Wreturn-type -Wcast-qual -Wall -Wpointer-arith -Wwrite-strings -Wconversion -Wno-unknown-pragmas -Wno-long-long   -DCGL_BUILD   conftest.cc  >&5
conftest.cc:15:17: warning: 'void std::exit(int)' has not been declared within 'std'
   15 | extern "C" void std::exit (int) throw (); using std::exit;
      |                 ^~~
<built-in>: note: only here as a 'friend'
configure:3958: $? = 0
configure:3962: test -z 
			 || test ! -s conftest.err
configure:3965: $? = 0
configure:3968: test -s conftest
configure:3971: $? = 0
configure:4038: C++ compiler options are: -O3 -pipe -DNDEBUG -Wparentheses -Wreturn-type -Wcast-qual -Wall -Wpointer-arith -Wwrite-strings -Wconversion -Wno-unknown-pragmas -Wno-long-long   -DCGL_BUILD
configure:4157: checking for egrep
configure:4167: result: grep -E
configure:4172: checking whether ln -s works
configure:4176: result: yes
configure:4197: checking for a BSD-compatible install
configure:4252: result: /usr/bin/install -c
configure:4263: checking whether build environment is sane
configure:4306: result: yes
configure:4371: checking for gawk
configure:4387: found /usr/bin/gawk
configure:4397: result: gawk
configure:4407: checking whether make sets $(MAKE)
configure:4427: result: yes
configure:4457: checking for style of include used by make
configure:4485: result: GNU
configure:4666: checking dependency style of gcc
configure:4756: result: gcc3
configure:4775: checking dependency style of g++
configure:4865: result: gcc3
configure:4883: checking whether to enable maintainer-specific portions of Makefiles
configure:4892: result: no
configure:20390: Using libtool script in directory ..
configure:20489: checking if library version is set
configure:20493: result: 11:0:10
configure:20566: checking for pkg-config
configure:20582: found /usr/bin/pkg-config
configure:20592: result: pkg-config
configure:20607: checking pkg-config is at least version 0.16.0
configure:20610: result: yes
configure:20706: checking for COIN-OR package CoinUtils
configure:20848: result: yes: 2.11.0 
configure:21222: checking for COIN-OR package Osi
configure:21364: result: yes: 0.108.2 
configure:21738: checking for COIN-OR package Sample
configure:21869: result: yes: 1.2.11 
configure:22220: checking for COIN-OR package OsiClp
configure:22362: result: yes: 1.17.0 
configure:22739: checking for COIN-OR package OsiCpx
configure:22888: result: not given: No package 'osi-cplex' found
configure:23219: checking for COIN-OR package OsiGlpk
configure:23368: result: not given: No package 'osi-glpk' found
configure:23700: checking for COIN-OR package OsiMsk
configure:23849: result: not given: No package 'osi-mosek' found
configure:24180: checking for COIN-OR package OsiXpr
configure:24329: result: not given: No package 'osi-xpress' found
configure:24660: checking for COIN-OR package OsiVol
configure:24809: result: not given: No package 'osi-vol' found
configure:25140: checking for COIN-OR package OsiDyLP
configure:25289: result: not given: No package 'osi-dylp' found
configure:25652: checking cmath usability
configure:25664: g++ -c -O3 -pipe -DNDEBUG -Wparentheses -Wreturn-type -Wcast-qual -Wall -Wpointer-arith -Wwrite-strings -Wconversion -Wno-unknown-pragmas -Wno-long-long   -DCGL_BUILD  conftest.cc >&5
conftest.cc:15:17: warning: 'void std::exit(int)' has not been declared within 'std'
   15 | extern "C" void std::exit (int) throw (); using std::exit;
      |                 ^~~
<built-in>: note: only here as a 'friend'
configure:25670: $? = 0
configure:25674: test -z 
			 || test ! -s conftest.err
configure:25677: $? = 0
configure:25680: test -s conftest.o
configure:25683: $? = 0
configure:25693: result: yes
configure:25697: checking cmath presence
configure:25707: g++ -E  conftest.cc
configure:25713: $? = 0
configure:25733: result: yes
configure:25768: checking for cmath
configure:25775: result: yes
configure:25981: checking cfloat usability
configure:25993: g++ -c -O3 -pipe -DNDEBUG -Wparentheses -Wreturn-type -Wcast-qual -Wall -Wpointer-arith -Wwrite-strings -Wconversion -Wno-unknown-pragmas -Wno-long-long   -DCGL_BUILD  conftest.cc >&5
conftest.cc:15:17: warning: 'void std::exit(int)' has not been declared within 'std'
   15 | extern "C" void std::exit (int) throw (); using std::exit;
      |                 ^~~
<built-in>: note: only here as a 'friend'
configure:25999: $? = 0
configure:26003: test -z 
			 || test ! -s conftest.err
configure:26006: $? = 0
configure:26009: test -s conftest.o
configure:26012: $? = 0
configure:26022: result: yes
configure:26026: checking cfloat presence
configure:26036: g++ -E  conftest.cc
configure:26042: $? = 0
configure:26062: result: yes
configure:26097: checking for cfloat
configure:26104: result: yes
configure:26310: checking cieeefp usability
configure:26322: g++ -c -O3 -pipe -DNDEBUG -Wparentheses -Wreturn-type -Wcast-qual -Wall -Wpointer-arith -Wwrite-strings -Wconversion -Wno-unknown-pragmas -Wno-long-long   -DCGL_BUILD  conftest.cc >&5
conftest.cc:71:10: fatal error: cieeefp: No such file or directory
   71 | #include <cieeefp>
      |          ^~~~~~~~~
compilation terminated.
configure:26328: $? = 1
configure: failed program was:
| /* confdefs.h.  */
| 
| #define PACKAGE_NAME "Cgl"
| #define PACKAGE_TARNAME "cgl"
| #define PACKAGE_VERSION "0.60.0"
| #define PACKAGE_STRING "Cgl 0.60.0"
| #define PACKAGE_BUGREPORT "cgl@list.coin-or.org"
| #define CGL_VERSION "0.60.0"
| #define CGL_VERSION_MAJOR 0
| #define CGL_VERSION_MINOR 60
| #define CGL_VERSION_RELEASE 0
| #define COIN_CGL_VERBOSITY 0
| #define COIN_CGL_CHECKLEVEL 0
| #ifdef __cplusplus
| extern "C" void std::exit (int) throw (); using std::exit;
| #endif
| #define PACKAGE "cgl"
| #define VERSION "0.60.0"
| #define STDC_HEADERS 1
| #define HAVE_SYS_TYPES_H 1
| #define HAVE_SYS_STAT_H 1
| #define HAVE_STDLIB_H 1
| #define HAVE_STRING_H 1
| #define HAVE_MEMORY_H 1
| #define HAVE_STRINGS_H 1
| #define HAVE_INTTYPES_H 1
| #define HAVE_STDINT_H 1
| #define HAVE_UNISTD_H 1
| #define HAVE_DLFCN_H 1
| #define COIN_HAS_COINUTILS 1
| #define COIN_HAS_OSI 1
| #define COIN_HAS_SAMPLE 1
| #define COIN_HAS_OSICLP 1
| #define HAVE_CMATH 1
| #define HAVE_CFLOAT 1
| /* end confdefs.h.  */
| #include <stdio.h>
| #if HAVE_SYS_TYPES_H
| # include <sys/types.h>
| #endif
| #if HAVE_SYS_STAT_H
| # include <sys/stat.h>
| #endif
| #if STDC_HEADERS
| # include <stdlib.h>
| # include <stddef.h>
| #else
| # if HAVE_STDLIB_H
| #  include <stdlib.h>
| # endif
| #endif
| #if HAVE_STRING_H
| # if !STDC_HEADERS && HAVE_MEMORY_H
| #  include <memory.h>
| # endif
| # include <string.h>
| #endif
| #if HAVE_STRINGS_H
| # include <strings.h>
| #endif
| #if HAVE_INTTYPES_H
| # include <inttypes.h>
| #else
| # if HAVE_STDINT_H
| #  include <stdint.h>
| # endif
| #endif
| #if HAVE_UNISTD_H
| # include <unistd.h>
| #endif
| #include <cieeefp>
configure:26351: result: no
configure:26355: checking cieeefp presence
configure:26365: g++ -E  conftest.cc
conftest.cc:37:10: fatal error: cieeefp: No such file or directory
   37 | #include <cieeefp>
      |          ^~~~~~~~~
compilation terminated.
configure:26371: $? = 1
configure: failed program was:
| /* confdefs.h.  */
| 
| #define PACKAGE_NAME "Cgl"
| #define PACKAGE_TARNAME "cgl"
| #define PACKAGE_VERSION "0.60.0"
| #define PACKAGE_STRING "Cgl 0.60.0"
| #define PACKAGE_BUGREPORT "cgl@list.coin-or.org"
| #define CGL_VERSION "0.60.0"
| #define CGL_VERSION_MAJOR 0
| #define CGL_VERSION_MINOR 60
| #define CGL_VERSION_RELEASE 0
| #define COIN_CGL_VERBOSITY 0
| #define COIN_CGL_CHECKLEVEL 0
| #ifdef __cplusplus
| extern "C" void std::exit (int) throw (); using std::exit;
| #endif
| #define PACKAGE "cgl"
| #define VERSION "0.60.0"
| #define STDC_HEADERS 1
| #define HAVE_SYS_TYPES_H 1
| #define HAVE_SYS_STAT_H 1
| #define HAVE_STDLIB_H 1
| #define HAVE_STRING_H 1
| #define HAVE_MEMORY_H 1
| #define HAVE_STRINGS_H 1
| #define HAVE_INTTYPES_H 1
| #define HAVE_STDINT_H 1
| #define HAVE_UNISTD_H 1
| #define HAVE_DLFCN_H 1
| #define COIN_HAS_COINUTILS 1
| #define COIN_HAS_OSI 1
| #define COIN_HAS_SAMPLE 1
| #define COIN_HAS_OSICLP 1
| #define HAVE_CMATH 1
| #define HAVE_CFLOAT 1
| /* end confdefs.h.  */
| #include <cieeefp>
configure:26391: result: no
configure:26426: checking for cieeefp
configure:26433: result: no
configure:26468: checking ieeefp.h usability
configure:26480: g++ -c -O3 -pipe -DNDEBUG -Wparentheses -Wreturn-type -Wcast-qual -Wall -Wpointer-arith -Wwrite-strings -Wconversion -Wno-unknown-pragmas -Wno-long-long   -DCGL_BUILD  conftest.cc >&5
conftest.cc:71:10: fatal error: ieeefp.h: No such file or directory
   71 | #include <ieeefp.h>
      |          ^~~~~~~~~~
compilation terminated.
configure:26486: $? = 1
configure: failed program was:
| /* confdefs.h.  */
| 
| #define PACKAGE_NAME "Cgl"
| #define PACKAGE_TARNAME "cgl"
| #define PACKAGE_VERSION "0.60.0"
| #define PACKAGE_STRING "Cgl 0.60.0"
| #define PACKAGE_BUGREPORT "cgl@list.coin-or.org"
| #define CGL_VERSION "0.60.0"
| #define CGL_VERSION_MAJOR 0
| #define CGL_VERSION_MINOR 60
| #define CGL_VERSION_RELEASE 0
| #define COIN_CGL_VERBOSITY 0
| #define COIN_CGL_CHECKLEVEL 0
| #ifdef __cplusplus
| extern "C" void std::exit (int) throw (); using std::exit;
| #endif
| #define PACKAGE "cgl"
| #define VERSION "0.60.0"
| #define STDC_HEADERS 1
| #define HAVE_SYS_TYPES_H 1
| #define HAVE_SYS_STAT_H 1
| #define HAVE_STDLIB_H 1
| #define HAVE_STRING_H 1
| #define HAVE_MEMORY_H 1
| #define HAVE_STRINGS_H 1
| #define HAVE_INTTYPES_H 1
| #define HAVE_STDINT_H 1
| #define HAVE_UNISTD_H 1
| #define HAVE_DLFCN_H 1
| #define COIN_HAS_COINUTILS 1
| #define COIN_HAS_OSI 1
| #define COIN_HAS_SAMPLE 1
| #define COIN_HAS_OSICLP 1
| #define HAVE_CMATH 1
| #define HAVE_CFLOAT 1
| /* end confdefs.h.  */
| #include <stdio.h>
| #if HAVE_SYS_TYPES_H
| # include <sys/types.h>
| #endif
| #if HAVE_SYS_STAT_H
| # include <sys/stat.h>
| #endif
| #if STDC_HEADERS
| # include <stdlib.h>
| # include <stddef.h>
| #else
| # if HAVE_STDLIB_H
| #  include <stdlib.h>
| # endif
| #endif
| #if HAVE_STRING_H
| # if !STDC_HEADERS && HAVE_MEMORY_H
| #  include <memory.h>
| # endif
| # include <string.h>
| #endif
| #if HAVE_STRINGS_H
| # include <strings.h>
| #endif
| #if HAVE_INTTYPES_H
| # include <inttypes.h>
| #else
| # if HAVE_STDINT_H
| #  include <stdint.h>
| # endif
| #endif
| #if HAVE_UNISTD_H
| # include <unistd.h>
| #endif
| #include <ieeefp.h>
configure:26509: result: no
configure:26513: checking ieeefp.h presence
configure:26523: g++ -E  conftest.cc
conftest.cc:37:10: fatal error: ieeefp.h: No such file or directory
   37 | #include <ieeefp.h>
      |          ^~~~~~~~~~
compilation terminated.
configure:26529: $? = 1
configure: failed program was:
| /* confdefs.h.  */
| 
| #define PACKAGE_NAME "Cgl"
| #define PACKAGE_TARNAME "cgl"
| #define PACKAGE_VERSION "0.60.0"
| #define PACKAGE_STRING "Cgl 0.60.0"
| #define PACKAGE_BUGREPORT "cgl@list.coin-or.org"
| #define CGL_VERSION "0.60.0"
| #define CGL_VERSION_MAJOR 0
| #define CGL_VERSION_MINOR 60
| #define CGL_VERSION_RELEASE 0
| #define COIN_CGL_VERBOSITY 0
| #define COIN_CGL_CHECKLEVEL 0
| #ifdef __cplusplus
| extern "C" void std::exit (int) throw (); using std::exit;
| #endif
| #define PACKAGE "cgl"
| #define VERSION "0.60.0"
| #define STDC_HEADERS 1
| #define HAVE_SYS_TYPES_H 1
| #define HAVE_SYS_STAT_H 1
| #define HAVE_STDLIB_H 1
| #define HAVE_STRING_H 1
| #define HAVE_MEMORY_H 1
| #define HAVE_STRINGS_H 1
| #define HAVE_INTTYPES_H 1
| #define HAVE_STDINT_H 1
| #define HAVE_UNISTD_H 1
| #define HAVE_DLFCN_H 1
| #define COIN_HAS_COINUTILS 1
| #define COIN_HAS_OSI 1
| #define COIN_HAS_SAMPLE 1
| #define COIN_HAS_OSICLP 1
| #define HAVE_CMATH 1
| #define HAVE_CFLOAT 1
| /* end confdefs.h.  */
| #include <ieeefp.h>
configure:26549: result: no
configure:26584: checking for ieeefp.h
configure:26591: result: no
configure:26643: configuring doxygen documentation options
configure:26650: checking for doxygen
configure:26677: result: no
configure:26686: checking for latex
configure:26702: found /usr/bin/latex
configure:26713: result: yes
configure:26741: checking for dot
configure:26757: found /usr/bin/dot
configure:26768: result: YES
configure:26819: checking for doxygen doc'n for CoinUtils 
configure:26835: result: ../CoinUtils/doxydoc (tag)
configure:26866: checking whether this is a VPATH configuration
configure:26873: result: no
configure:26903: checking which command should be used to link input files
configure:26911: result: ln -s
configure:27280: creating ./config.status

## ---------------------- ##
## Running config.status. ##
## ---------------------- ##

This file was extended by Cgl config.status 0.60.0, which was
generated by GNU Autoconf 2.59.  Invocation command line was

  CONFIG_FILES    = 
  CONFIG_HEADERS  = 
  CONFIG_LINKS    = 
  CONFIG_COMMANDS = 
  $ ./config.status 

on lubuvm

config.status:900: creating Makefile
config.status:900: creating examples/Makefile
config.status:900: creating src/Makefile
config.status:900: creating src/CglAllDifferent/Makefile
config.status:900: creating src/CglClique/Makefile
config.status:900: creating src/CglDuplicateRow/Makefile
config.status:900: creating src/CglFlowCover/Makefile
config.status:900: creating src/CglGMI/Makefile
config.status:900: creating src/CglGomory/Makefile
config.status:900: creating src/CglKnapsackCover/Makefile
config.status:900: creating src/CglLandP/Makefile
config.status:900: creating src/CglLiftAndProject/Makefile
config.status:900: creating src/CglMixedIntegerRounding/Makefile
config.status:900: creating src/CglMixedIntegerRounding2/Makefile
config.status:900: creating src/CglOddHole/Makefile
config.status:900: creating src/CglPreProcess/Makefile
config.status:900: creating src/CglProbing/Makefile
config.status:900: creating src/CglRedSplit/Makefile
config.status:900: creating src/CglRedSplit2/Makefile
config.status:900: creating src/CglResidualCapacity/Makefile
config.status:900: creating src/CglSimpleRounding/Makefile
config.status:900: creating src/CglTwomir/Makefile
config.status:900: creating src/CglZeroHalf/Makefile
config.status:900: creating test/Makefile
config.status:900: creating cgl.pc
config.status:900: creating cgl-uninstalled.pc
config.status:900: creating doxydoc/doxygen.conf
config.status:997: creating src/config.h
config.status:997: creating src/config_cgl.h
config.status:1309: executing depfiles commands
configure:28831: In case of trouble, first consult the troubleshooting page at https://projects.coin-or.org/BuildTools/wiki/user-troubleshooting
configure:28834: Configuration of Cgl successful

## ---------------- ##
## Cache variables. ##
## ---------------- ##

ac_cv_build=x86_64-unknown-linux-gnu
ac_cv_build_alias=x86_64-unknown-linux-gnu
ac_cv_c_compiler_gnu=yes
ac_cv_cxx_compiler_gnu=yes
ac_cv_env_ADD_CFLAGS_set=
ac_cv_env_ADD_CFLAGS_value=
ac_cv_env_ADD_CXXFLAGS_set=
ac_cv_env_ADD_CXXFLAGS_value=
ac_cv_env_CC_set=
ac_cv_env_CC_value=
ac_cv_env_CDEFS_set=
ac_cv_env_CDEFS_value=
ac_cv_env_CFLAGS_set=
ac_cv_env_CFLAGS_value=
ac_cv_env_CPPFLAGS_set=
ac_cv_env_CPPFLAGS_value=
ac_cv_env_CPP_set=
ac_cv_env_CPP_value=
ac_cv_env_CXXCPP_set=
ac_cv_env_CXXCPP_value=
ac_cv_env_CXXDEFS_set=
ac_cv_env_CXXDEFS_value=
ac_cv_env_CXXFLAGS_set=
ac_cv_env_CXXFLAGS_value=
ac_cv_env_CXX_set=
ac_cv_env_CXX_value=
ac_cv_env_DBG_CFLAGS_set=
ac_cv_env_DBG_CFLAGS_value=
ac_cv_env_DBG_CXXFLAGS_set=
ac_cv_env_DBG_CXXFLAGS_value=
ac_cv_env_F77_set=
ac_cv_env_F77_value=
ac_cv_env_FFLAGS_set=
ac_cv_env_FFLAGS_value=
ac_cv_env_LDFLAGS_set=
ac_cv_env_LDFLAGS_value=
ac_cv_env_MPICC_set=
ac_cv_env_MPICC_value=
ac_cv_env_MPICXX_set=
ac_cv_env_MPICXX_value=
ac_cv_env_OPT_CFLAGS_set=
ac_cv_env_OPT_CFLAGS_value=
ac_cv_env_OPT_CXXFLAGS_set=
ac_cv_env_OPT_CXXFLAGS_value=
ac_cv_env_PKG_CONFIG_set=
ac_cv_env_PKG_CONFIG_value=
ac_cv_env_build_alias_set=
ac_cv_env_build_alias_value=
ac_cv_env_host_alias_set=
ac_cv_env_host_alias_value=
ac_cv_env_target_alias_set=
ac_cv_env_target_alias_value=
ac_cv_exeext=
ac_cv_header_cfloat=yes
ac_cv_header_cieeefp=no
ac_cv_header_cmath=yes
ac_cv_header_ieeefp_h=no
ac_cv_objext=o
ac_cv_path_install='/usr/bin/install -c'
ac_cv_prog_AWK=gawk
ac_cv_prog_ac_ct_CC=gcc
ac_cv_prog_ac_ct_CXX=g++
ac_cv_prog_ac_ct_PKG_CONFIG=pkg-config
ac_cv_prog_cc_g=yes
ac_cv_prog_cc_stdc=
ac_cv_prog_coin_doxy_usedot=YES
ac_cv_prog_coin_have_doxygen=no
ac_cv_prog_coin_have_latex=yes
ac_cv_prog_cxx_g=yes
ac_cv_prog_egrep='grep -E'
ac_cv_prog_have_svnversion=no
ac_cv_prog_make_make_set=yes
am_cv_CC_dependencies_compiler_type=gcc3
am_cv_CXX_dependencies_compiler_type=gcc3

## ----------------- ##
## Output variables. ##
## ----------------- ##

ABSBUILDDIR='/home/adair/Documents/CAD/sscs-ose-code-a-chip.github.io/ISSCC25/submitted_notebooks/current_mirror_ota_optimization/ALIGN-public/_skbuild/linux-x86_64-3.10/cmake-build/_deps/symphony-src/Cgl'
ACLOCAL='${SHELL} /home/adair/Documents/CAD/sscs-ose-code-a-chip.github.io/ISSCC25/submitted_notebooks/current_mirror_ota_optimization/ALIGN-public/_skbuild/linux-x86_64-3.10/cmake-build/_deps/symphony-src/Cgl/missing --run aclocal-1.9'
ADD_CFLAGS=''
ADD_CXXFLAGS=''
ALWAYS_FALSE_FALSE=''
ALWAYS_FALSE_TRUE='#'
AMDEPBACKSLASH='\'
AMDEP_FALSE='#'
AMDEP_TRUE=''
AMTAR='${SHELL} /home/adair/Documents/CAD/sscs-ose-code-a-chip.github.io/ISSCC25/submitted_notebooks/current_mirror_ota_optimization/ALIGN-public/_skbuild/linux-x86_64-3.10/cmake-build/_deps/symphony-src/Cgl/missing --run tar'
AR='ar'
AUTOCONF='${SHELL} /home/adair/Documents/CAD/sscs-ose-code-a-chip.github.io/ISSCC25/submitted_notebooks/current_mirror_ota_optimization/ALIGN-public/_skbuild/linux-x86_64-3.10/cmake-build/_deps/symphony-src/Cgl/missing --run autoconf'
AUTOHEADER='${SHELL} /home/adair/Documents/CAD/sscs-ose-code-a-chip.github.io/ISSCC25/submitted_notebooks/current_mirror_ota_optimization/ALIGN-public/_skbuild/linux-x86_64-3.10/cmake-build/_deps/symphony-src/Cgl/missing --run autoheader'
AUTOMAKE='${SHELL} /home/adair/Documents/CAD/sscs-ose-code-a-chip.github.io/ISSCC25/submitted_notebooks/current_mirror_ota_optimization/ALIGN-public/_skbuild/linux-x86_64-3.10/cmake-build/_deps/symphony-src/Cgl/missing --run automake-1.9'
AUX_DIR=''
AWK='gawk'
BUILDTOOLSDIR=''
CC='gcc'
CCDEPMODE='depmode=gcc3'
CDEFS=''
CFLAGS='-O3 -pipe -DNDEBUG -Wimplicit -Wparentheses -Wsequence-point -Wreturn-type -Wcast-qual -Wall -Wno-unknown-pragmas -Wno-long-long   -DCGL_BUILD'
CGLLIB_CFLAGS='-I/home/adair/Documents/CAD/sscs-ose-code-a-chip.github.io/ISSCC25/submitted_notebooks/current_mirror_ota_optimization/ALIGN-public/_skbuild/linux-x86_64-3.10/cmake-build/_deps/symphony-src/Clp/src/OsiClp -I/home/adair/Documents/CAD/sscs-ose-code-a-chip.github.io/ISSCC25/submitted_notebooks/current_mirror_ota_optimization/ALIGN-public/_skbuild/linux-x86_64-3.10/cmake-build/_deps/symphony-src/Clp/src -I/home/adair/Documents/CAD/sscs-ose-code-a-chip.github.io/ISSCC25/submitted_notebooks/current_mirror_ota_optimization/ALIGN-public/_skbuild/linux-x86_64-3.10/cmake-build/_deps/symphony-src/Osi/src/Osi -I/home/adair/Documents/CAD/sscs-ose-code-a-chip.github.io/ISSCC25/submitted_notebooks/current_mirror_ota_optimization/ALIGN-public/_skbuild/linux-x86_64-3.10/cmake-build/_deps/symphony-src/CoinUtils/src -I/home/adair/Documents/CAD/sscs-ose-code-a-chip.github.io/ISSCC25/submitted_notebooks/current_mirror_ota_optimization/ALIGN-public/_skbuild/linux-x86_64-3.10/cmake-build/_deps/symphony-src/Osi/src/Osi -I/home/adair/Documents/CAD/sscs-ose-code-a-chip.github.io/ISSCC25/submitted_notebooks/current_mirror_ota_optimization/ALIGN-public/_skbuild/linux-x86_64-3.10/cmake-build/_deps/symphony-src/CoinUtils/src -I/home/adair/Documents/CAD/sscs-ose-code-a-chip.github.io/ISSCC25/submitted_notebooks/current_mirror_ota_optimization/ALIGN-public/_skbuild/linux-x86_64-3.10/cmake-build/_deps/symphony-src/CoinUtils/src '
CGLLIB_CFLAGS_INSTALLED=''
CGLLIB_DEPENDENCIES=' /home/adair/Documents/CAD/sscs-ose-code-a-chip.github.io/ISSCC25/submitted_notebooks/current_mirror_ota_optimization/ALIGN-public/_skbuild/linux-x86_64-3.10/cmake-build/_deps/symphony-src/Clp/src/OsiClp/libOsiClp.la /home/adair/Documents/CAD/sscs-ose-code-a-chip.github.io/ISSCC25/submitted_notebooks/current_mirror_ota_optimization/ALIGN-public/_skbuild/linux-x86_64-3.10/cmake-build/_deps/symphony-src/Clp/src/libClpSolver.la /home/adair/Documents/CAD/sscs-ose-code-a-chip.github.io/ISSCC25/submitted_notebooks/current_mirror_ota_optimization/ALIGN-public/_skbuild/linux-x86_64-3.10/cmake-build/_deps/symphony-src/Clp/src/libClp.la /home/adair/Documents/CAD/sscs-ose-code-a-chip.github.io/ISSCC25/submitted_notebooks/current_mirror_ota_optimization/ALIGN-public/_skbuild/linux-x86_64-3.10/cmake-build/_deps/symphony-src/Osi/src/Osi/libOsi.la /home/adair/Documents/CAD/sscs-ose-code-a-chip.github.io/ISSCC25/submitted_notebooks/current_mirror_ota_optimization/ALIGN-public/_skbuild/linux-x86_64-3.10/cmake-build/_deps/symphony-src/CoinUtils/src/libCoinUtils.la /home/adair/Documents/CAD/sscs-ose-code-a-chip.github.io/ISSCC25/submitted_notebooks/current_mirror_ota_optimization/ALIGN-public/_skbuild/linux-x86_64-3.10/cmake-build/_deps/symphony-src/Osi/src/Osi/libOsi.la /home/adair/Documents/CAD/sscs-ose-code-a-chip.github.io/ISSCC25/submitted_notebooks/current_mirror_ota_optimization/ALIGN-public/_skbuild/linux-x86_64-3.10/cmake-build/_deps/symphony-src/CoinUtils/src/libCoinUtils.la /home/adair/Documents/CAD/sscs-ose-code-a-chip.github.io/ISSCC25/submitted_notebooks/current_mirror_ota_optimization/ALIGN-public/_skbuild/linux-x86_64-3.10/cmake-build/_deps/symphony-src/CoinUtils/src/libCoinUtils.la  '
CGLLIB_LIBS='/home/adair/Documents/CAD/sscs-ose-code-a-chip.github.io/ISSCC25/submitted_notebooks/current_mirror_ota_optimization/ALIGN-public/_skbuild/linux-x86_64-3.10/cmake-build/_deps/symphony-src/Clp/src/OsiClp/libOsiClp.la /home/adair/Documents/CAD/sscs-ose-code-a-chip.github.io/ISSCC25/submitted_notebooks/current_mirror_ota_optimization/ALIGN-public/_skbuild/linux-x86_64-3.10/cmake-build/_deps/symphony-src/Clp/src/libClpSolver.la /home/adair/Documents/CAD/sscs-ose-code-a-chip.github.io/ISSCC25/submitted_notebooks/current_mirror_ota_optimization/ALIGN-public/_skbuild/linux-x86_64-3.10/cmake-build/_deps/symphony-src/Clp/src/libClp.la /home/adair/Documents/CAD/sscs-ose-code-a-chip.github.io/ISSCC25/submitted_notebooks/current_mirror_ota_optimization/ALIGN-public/_skbuild/linux-x86_64-3.10/cmake-build/_deps/symphony-src/Osi/src/Osi/libOsi.la /home/adair/Documents/CAD/sscs-ose-code-a-chip.github.io/ISSCC25/submitted_notebooks/current_mirror_ota_optimization/ALIGN-public/_skbuild/linux-x86_64-3.10/cmake-build/_deps/symphony-src/CoinUtils/src/libCoinUtils.la -lm /home/adair/Documents/CAD/sscs-ose-code-a-chip.github.io/ISSCC25/submitted_notebooks/current_mirror_ota_optimization/ALIGN-public/_skbuild/linux-x86_64-3.10/cmake-build/_deps/symphony-src/Osi/src/Osi/libOsi.la /home/adair/Documents/CAD/sscs-ose-code-a-chip.github.io/ISSCC25/submitted_notebooks/current_mirror_ota_optimization/ALIGN-public/_skbuild/linux-x86_64-3.10/cmake-build/_deps/symphony-src/CoinUtils/src/libCoinUtils.la -lm /home/adair/Documents/CAD/sscs-ose-code-a-chip.github.io/ISSCC25/submitted_notebooks/current_mirror_ota_optimization/ALIGN-public/_skbuild/linux-x86_64-3.10/cmake-build/_deps/symphony-src/CoinUtils/src/libCoinUtils.la -lm '
CGLLIB_LIBS_INSTALLED=''
CGLLIB_PCLIBS=''
CGLLIB_PCREQUIRES='osi-clp osi coinutils '
CGL_SUBDIRS=' CglAllDifferent CglClique CglDuplicateRow CglFlowCover CglGMI CglGomory CglKnapsackCover CglLandP CglLiftAndProject CglMixedIntegerRounding CglMixedIntegerRounding2 CglOddHole CglPreProcess CglProbing CglRedSplit CglRedSplit2 CglResidualCapacity CglSimpleRounding CglTwomir CglZeroHalf'
CGL_SUBLIBS=' CglAllDifferent/libCglAllDifferent.la CglClique/libCglClique.la CglDuplicateRow/libCglDuplicateRow.la CglFlowCover/libCglFlowCover.la CglGMI/libCglGMI.la CglGomory/libCglGomory.la CglKnapsackCover/libCglKnapsackCover.la CglLandP/libCglLandP.la CglLiftAndProject/libCglLiftAndProject.la CglMixedIntegerRounding/libCglMixedIntegerRounding.la CglMixedIntegerRounding2/libCglMixedIntegerRounding2.la CglOddHole/libCglOddHole.la CglPreProcess/libCglPreProcess.la CglProbing/libCglProbing.la CglRedSplit/libCglRedSplit.la CglRedSplit2/libCglRedSplit2.la CglResidualCapacity/libCglResidualCapacity.la CglSimpleRounding/libCglSimpleRounding.la CglTwomir/libCglTwomir.la CglZeroHalf/libCglZeroHalf.la'
CGL_SVN_REV=''
COINUTILS_CFLAGS='-I/home/adair/Documents/CAD/sscs-ose-code-a-chip.github.io/ISSCC25/submitted_notebooks/current_mirror_ota_optimization/ALIGN-public/_skbuild/linux-x86_64-3.10/cmake-build/_deps/symphony-src/CoinUtils/src'
COINUTILS_CFLAGS_INSTALLED=''
COINUTILS_DATA=''
COINUTILS_DATA_INSTALLED=''
COINUTILS_DEPENDENCIES=' /home/adair/Documents/CAD/sscs-ose-code-a-chip.github.io/ISSCC25/submitted_notebooks/current_mirror_ota_optimization/ALIGN-public/_skbuild/linux-x86_64-3.10/cmake-build/_deps/symphony-src/CoinUtils/src/libCoinUtils.la'
COINUTILS_LIBS='/home/adair/Documents/CAD/sscs-ose-code-a-chip.github.io/ISSCC25/submitted_notebooks/current_mirror_ota_optimization/ALIGN-public/_skbuild/linux-x86_64-3.10/cmake-build/_deps/symphony-src/CoinUtils/src/libCoinUtils.la -lm'
COINUTILS_LIBS_INSTALLED=''
COIN_CC_IS_CL_FALSE=''
COIN_CC_IS_CL_TRUE='#'
COIN_CXX_IS_CL_FALSE=''
COIN_CXX_IS_CL_TRUE='#'
COIN_HAS_COINUTILS_FALSE='#'
COIN_HAS_COINUTILS_TRUE=''
COIN_HAS_DOXYGEN_FALSE=''
COIN_HAS_DOXYGEN_TRUE='#'
COIN_HAS_LATEX_FALSE='#'
COIN_HAS_LATEX_TRUE=''
COIN_HAS_OSICLP_FALSE='#'
COIN_HAS_OSICLP_TRUE=''
COIN_HAS_OSICPX_FALSE=''
COIN_HAS_OSICPX_TRUE='#'
COIN_HAS_OSIDYLP_FALSE=''
COIN_HAS_OSIDYLP_TRUE='#'
COIN_HAS_OSIGLPK_FALSE=''
COIN_HAS_OSIGLPK_TRUE='#'
COIN_HAS_OSIMSK_FALSE=''
COIN_HAS_OSIMSK_TRUE='#'
COIN_HAS_OSIVOL_FALSE=''
COIN_HAS_OSIVOL_TRUE='#'
COIN_HAS_OSIXPR_FALSE=''
COIN_HAS_OSIXPR_TRUE='#'
COIN_HAS_OSI_FALSE='#'
COIN_HAS_OSI_TRUE=''
COIN_HAS_PKGCONFIG_FALSE='#'
COIN_HAS_PKGCONFIG_TRUE=''
COIN_HAS_SAMPLE_FALSE='#'
COIN_HAS_SAMPLE_TRUE=''
COIN_PKG_CONFIG_PATH='/home/adair/Documents/CAD/sscs-ose-code-a-chip.github.io/ISSCC25/submitted_notebooks/current_mirror_ota_optimization/ALIGN-public/_skbuild/linux-x86_64-3.10/cmake-build/_deps/symphony-build/lib64/pkgconfig:/home/adair/Documents/CAD/sscs-ose-code-a-chip.github.io/ISSCC25/submitted_notebooks/current_mirror_ota_optimization/ALIGN-public/_skbuild/linux-x86_64-3.10/cmake-build/_deps/symphony-build/lib/pkgconfig:/home/adair/Documents/CAD/sscs-ose-code-a-chip.github.io/ISSCC25/submitted_notebooks/current_mirror_ota_optimization/ALIGN-public/_skbuild/linux-x86_64-3.10/cmake-build/_deps/symphony-build/share/pkgconfig:'
COIN_PKG_CONFIG_PATH_UNINSTALLED='/home/adair/Documents/CAD/sscs-ose-code-a-chip.github.io/ISSCC25/submitted_notebooks/current_mirror_ota_optimization/ALIGN-public/_skbuild/linux-x86_64-3.10/cmake-build/_deps/symphony-src/SYMPHONY:/home/adair/Documents/CAD/sscs-ose-code-a-chip.github.io/ISSCC25/submitted_notebooks/current_mirror_ota_optimization/ALIGN-public/_skbuild/linux-x86_64-3.10/cmake-build/_deps/symphony-src/Cgl:/home/adair/Documents/CAD/sscs-ose-code-a-chip.github.io/ISSCC25/submitted_notebooks/current_mirror_ota_optimization/ALIGN-public/_skbuild/linux-x86_64-3.10/cmake-build/_deps/symphony-src/Clp:/home/adair/Documents/CAD/sscs-ose-code-a-chip.github.io/ISSCC25/submitted_notebooks/current_mirror_ota_optimization/ALIGN-public/_skbuild/linux-x86_64-3.10/cmake-build/_deps/symphony-src/Osi:/home/adair/Documents/CAD/sscs-ose-code-a-chip.github.io/ISSCC25/submitted_notebooks/current_mirror_ota_optimization/ALIGN-public/_skbuild/linux-x86_64-3.10/cmake-build/_deps/symphony-src/CoinUtils:/home/adair/Documents/CAD/sscs-ose-code-a-chip.github.io/ISSCC25/submitted_notebooks/current_mirror_ota_optimization/ALIGN-public/_skbuild/linux-x86_64-3.10/cmake-build/_deps/symphony-src/Data/Sample:'
CPP='gcc -E'
CPPFLAGS=''
CXX='g++'
CXXCPP='g++ -E'
CXXDEFS=''
CXXDEPMODE='depmode=gcc3'
CXXFLAGS='-O3 -pipe -DNDEBUG -Wparentheses -Wreturn-type -Wcast-qual -Wall -Wpointer-arith -Wwrite-strings -Wconversion -Wno-unknown-pragmas -Wno-long-long   -DCGL_BUILD'
CYGPATH_W='echo'
DBG_CFLAGS='-g -O0 -pipe -Wimplicit -Wparentheses -Wsequence-point -Wreturn-type -Wcast-qual -Wall -Wno-unknown-pragmas -Wno-long-long  '
DBG_CXXFLAGS='-g -O0 -pipe -Wparentheses -Wreturn-type -Wcast-qual -Wall -Wpointer-arith -Wwrite-strings -Wconversion -Wno-unknown-pragmas -Wno-long-long  '
DEFS='-DHAVE_CONFIG_H'
DEPDIR='.deps'
DEPENDENCY_LINKING_FALSE='#'
DEPENDENCY_LINKING_TRUE=''
ECHO='echo'
ECHO_C=''
ECHO_N='-n'
ECHO_T=''
EGREP='grep -E'
EXEEXT=''
F77=''
FFLAGS=''
HAVE_EXTERNALS_FALSE=''
HAVE_EXTERNALS_TRUE='#'
INSTALL_DATA='${INSTALL} -m 644'
INSTALL_PROGRAM='${INSTALL}'
INSTALL_SCRIPT='${INSTALL}'
INSTALL_STRIP_PROGRAM='${SHELL} $(install_sh) -c -s'
LDFLAGS=''
LIBEXT='a'
LIBOBJS=''
LIBS=''
LIBTOOL='$(SHELL) $(top_builddir)/../libtool'
LIBTOOLM4=''
LN_S='ln -s'
LTLIBOBJS=''
LT_LDFLAGS='-no-undefined -version-info 11:0:10'
MAINT='#'
MAINTAINER_MODE_FALSE=''
MAINTAINER_MODE_TRUE='#'
MAKEINFO='${SHELL} /home/adair/Documents/CAD/sscs-ose-code-a-chip.github.io/ISSCC25/submitted_notebooks/current_mirror_ota_optimization/ALIGN-public/_skbuild/linux-x86_64-3.10/cmake-build/_deps/symphony-src/Cgl/missing --run makeinfo'
MPICC=''
MPICXX=''
OBJEXT='o'
OPT_CFLAGS='-O3 -pipe -DNDEBUG -Wimplicit -Wparentheses -Wsequence-point -Wreturn-type -Wcast-qual -Wall -Wno-unknown-pragmas -Wno-long-long  '
OPT_CXXFLAGS='-O3 -pipe -DNDEBUG -Wparentheses -Wreturn-type -Wcast-qual -Wall -Wpointer-arith -Wwrite-strings -Wconversion -Wno-unknown-pragmas -Wno-long-long  '
OSICLP_CFLAGS='-I/home/adair/Documents/CAD/sscs-ose-code-a-chip.github.io/ISSCC25/submitted_notebooks/current_mirror_ota_optimization/ALIGN-public/_skbuild/linux-x86_64-3.10/cmake-build/_deps/symphony-src/Clp/src/OsiClp -I/home/adair/Documents/CAD/sscs-ose-code-a-chip.github.io/ISSCC25/submitted_notebooks/current_mirror_ota_optimization/ALIGN-public/_skbuild/linux-x86_64-3.10/cmake-build/_deps/symphony-src/Clp/src -I/home/adair/Documents/CAD/sscs-ose-code-a-chip.github.io/ISSCC25/submitted_notebooks/current_mirror_ota_optimization/ALIGN-public/_skbuild/linux-x86_64-3.10/cmake-build/_deps/symphony-src/Osi/src/Osi -I/home/adair/Documents/CAD/sscs-ose-code-a-chip.github.io/ISSCC25/submitted_notebooks/current_mirror_ota_optimization/ALIGN-public/_skbuild/linux-x86_64-3.10/cmake-build/_deps/symphony-src/CoinUtils/src'
OSICLP_CFLAGS_INSTALLED=''
OSICLP_DATA=''
OSICLP_DATA_INSTALLED=''
OSICLP_DEPENDENCIES=' /home/adair/Documents/CAD/sscs-ose-code-a-chip.github.io/ISSCC25/submitted_notebooks/current_mirror_ota_optimization/ALIGN-public/_skbuild/linux-x86_64-3.10/cmake-build/_deps/symphony-src/Clp/src/OsiClp/libOsiClp.la /home/adair/Documents/CAD/sscs-ose-code-a-chip.github.io/ISSCC25/submitted_notebooks/current_mirror_ota_optimization/ALIGN-public/_skbuild/linux-x86_64-3.10/cmake-build/_deps/symphony-src/Clp/src/libClpSolver.la /home/adair/Documents/CAD/sscs-ose-code-a-chip.github.io/ISSCC25/submitted_notebooks/current_mirror_ota_optimization/ALIGN-public/_skbuild/linux-x86_64-3.10/cmake-build/_deps/symphony-src/Clp/src/libClp.la /home/adair/Documents/CAD/sscs-ose-code-a-chip.github.io/ISSCC25/submitted_notebooks/current_mirror_ota_optimization/ALIGN-public/_skbuild/linux-x86_64-3.10/cmake-build/_deps/symphony-src/Osi/src/Osi/libOsi.la /home/adair/Documents/CAD/sscs-ose-code-a-chip.github.io/ISSCC25/submitted_notebooks/current_mirror_ota_optimization/ALIGN-public/_skbuild/linux-x86_64-3.10/cmake-build/_deps/symphony-src/CoinUtils/src/libCoinUtils.la'
OSICLP_LIBS='/home/adair/Documents/CAD/sscs-ose-code-a-chip.github.io/ISSCC25/submitted_notebooks/current_mirror_ota_optimization/ALIGN-public/_skbuild/linux-x86_64-3.10/cmake-build/_deps/symphony-src/Clp/src/OsiClp/libOsiClp.la /home/adair/Documents/CAD/sscs-ose-code-a-chip.github.io/ISSCC25/submitted_notebooks/current_mirror_ota_optimization/ALIGN-public/_skbuild/linux-x86_64-3.10/cmake-build/_deps/symphony-src/Clp/src/libClpSolver.la /home/adair/Documents/CAD/sscs-ose-code-a-chip.github.io/ISSCC25/submitted_notebooks/current_mirror_ota_optimization/ALIGN-public/_skbuild/linux-x86_64-3.10/cmake-build/_deps/symphony-src/Clp/src/libClp.la /home/adair/Documents/CAD/sscs-ose-code-a-chip.github.io/ISSCC25/submitted_notebooks/current_mirror_ota_optimization/ALIGN-public/_skbuild/linux-x86_64-3.10/cmake-build/_deps/symphony-src/Osi/src/Osi/libOsi.la /home/adair/Documents/CAD/sscs-ose-code-a-chip.github.io/ISSCC25/submitted_notebooks/current_mirror_ota_optimization/ALIGN-public/_skbuild/linux-x86_64-3.10/cmake-build/_deps/symphony-src/CoinUtils/src/libCoinUtils.la -lm'
OSICLP_LIBS_INSTALLED=''
OSICPX_CFLAGS=''
OSICPX_CFLAGS_INSTALLED=''
OSICPX_DATA=''
OSICPX_DATA_INSTALLED=''
OSICPX_DEPENDENCIES=''
OSICPX_LIBS=''
OSICPX_LIBS_INSTALLED=''
OSIDYLP_CFLAGS=''
OSIDYLP_CFLAGS_INSTALLED=''
OSIDYLP_DATA=''
OSIDYLP_DATA_INSTALLED=''
OSIDYLP_DEPENDENCIES=''
OSIDYLP_LIBS=''
OSIDYLP_LIBS_INSTALLED=''
OSIGLPK_CFLAGS=''
OSIGLPK_CFLAGS_INSTALLED=''
OSIGLPK_DATA=''
OSIGLPK_DATA_INSTALLED=''
OSIGLPK_DEPENDENCIES=''
OSIGLPK_LIBS=''
OSIGLPK_LIBS_INSTALLED=''
OSIMSK_CFLAGS=''
OSIMSK_CFLAGS_INSTALLED=''
OSIMSK_DATA=''
OSIMSK_DATA_INSTALLED=''
OSIMSK_DEPENDENCIES=''
OSIMSK_LIBS=''
OSIMSK_LIBS_INSTALLED=''
OSIVOL_CFLAGS=''
OSIVOL_CFLAGS_INSTALLED=''
OSIVOL_DATA=''
OSIVOL_DATA_INSTALLED=''
OSIVOL_DEPENDENCIES=''
OSIVOL_LIBS=''
OSIVOL_LIBS_INSTALLED=''
OSIXPR_CFLAGS=''
OSIXPR_CFLAGS_INSTALLED=''
OSIXPR_DATA=''
OSIXPR_DATA_INSTALLED=''
OSIXPR_DEPENDENCIES=''
OSIXPR_LIBS=''
OSIXPR_LIBS_INSTALLED=''
OSI_CFLAGS='-I/home/adair/Documents/CAD/sscs-ose-code-a-chip.github.io/ISSCC25/submitted_notebooks/current_mirror_ota_optimization/ALIGN-public/_skbuild/linux-x86_64-3.10/cmake-build/_deps/symphony-src/Osi/src/Osi -I/home/adair/Documents/CAD/sscs-ose-code-a-chip.github.io/ISSCC25/submitted_notebooks/current_mirror_ota_optimization/ALIGN-public/_skbuild/linux-x86_64-3.10/cmake-build/_deps/symphony-src/CoinUtils/src'
OSI_CFLAGS_INSTALLED=''
OSI_DATA=''
OSI_DATA_INSTALLED=''
OSI_DEPENDENCIES=' /home/adair/Documents/CAD/sscs-ose-code-a-chip.github.io/ISSCC25/submitted_notebooks/current_mirror_ota_optimization/ALIGN-public/_skbuild/linux-x86_64-3.10/cmake-build/_deps/symphony-src/Osi/src/Osi/libOsi.la /home/adair/Documents/CAD/sscs-ose-code-a-chip.github.io/ISSCC25/submitted_notebooks/current_mirror_ota_optimization/ALIGN-public/_skbuild/linux-x86_64-3.10/cmake-build/_deps/symphony-src/CoinUtils/src/libCoinUtils.la'
OSI_LIBS='/home/adair/Documents/CAD/sscs-ose-code-a-chip.github.io/ISSCC25/submitted_notebooks/current_mirror_ota_optimization/ALIGN-public/_skbuild/linux-x86_64-3.10/cmake-build/_deps/symphony-src/Osi/src/Osi/libOsi.la /home/adair/Documents/CAD/sscs-ose-code-a-chip.github.io/ISSCC25/submitted_notebooks/current_mirror_ota_optimization/ALIGN-public/_skbuild/linux-x86_64-3.10/cmake-build/_deps/symphony-src/CoinUtils/src/libCoinUtils.la -lm'
OSI_LIBS_INSTALLED=''
PACKAGE='cgl'
PACKAGE_BUGREPORT='cgl@list.coin-or.org'
PACKAGE_NAME='Cgl'
PACKAGE_STRING='Cgl 0.60.0'
PACKAGE_TARNAME='cgl'
PACKAGE_VERSION='0.60.0'
PATH_SEPARATOR=':'
PKG_CONFIG='pkg-config'
RANLIB='ranlib'
RPATH_FLAGS=''
SAMPLE_CFLAGS=''
SAMPLE_CFLAGS_INSTALLED=''
SAMPLE_DATA='/home/adair/Documents/CAD/sscs-ose-code-a-chip.github.io/ISSCC25/submitted_notebooks/current_mirror_ota_optimization/ALIGN-public/_skbuild/linux-x86_64-3.10/cmake-build/_deps/symphony-src/Data/Sample'
SAMPLE_DATA_INSTALLED=''
SAMPLE_DEPENDENCIES=' '
SAMPLE_LIBS=''
SAMPLE_LIBS_INSTALLED=''
SET_MAKE=''
SHELL='/bin/bash'
STRIP='strip'
VERSION='0.60.0'
VPATH_DISTCLEANFILES=''
abs_bin_dir='/home/adair/Documents/CAD/sscs-ose-code-a-chip.github.io/ISSCC25/submitted_notebooks/current_mirror_ota_optimization/ALIGN-public/_skbuild/linux-x86_64-3.10/cmake-build/_deps/symphony-build/bin'
abs_include_dir='/home/adair/Documents/CAD/sscs-ose-code-a-chip.github.io/ISSCC25/submitted_notebooks/current_mirror_ota_optimization/ALIGN-public/_skbuild/linux-x86_64-3.10/cmake-build/_deps/symphony-build/include'
abs_lib_dir='/home/adair/Documents/CAD/sscs-ose-code-a-chip.github.io/ISSCC25/submitted_notebooks/current_mirror_ota_optimization/ALIGN-public/_skbuild/linux-x86_64-3.10/cmake-build/_deps/symphony-build/lib'
abs_source_dir='/home/adair/Documents/CAD/sscs-ose-code-a-chip.github.io/ISSCC25/submitted_notebooks/current_mirror_ota_optimization/ALIGN-public/_skbuild/linux-x86_64-3.10/cmake-build/_deps/symphony-src/Cgl'
ac_c_preproc_warn_flag=''
ac_ct_AR='ar'
ac_ct_CC='gcc'
ac_ct_CXX='g++'
ac_ct_F77=''
ac_ct_PKG_CONFIG='pkg-config'
ac_ct_RANLIB='ranlib'
ac_ct_STRIP='strip'
ac_cxx_preproc_warn_flag=''
am__fastdepCC_FALSE='#'
am__fastdepCC_TRUE=''
am__fastdepCXX_FALSE='#'
am__fastdepCXX_TRUE=''
am__include='include'
am__leading_dot='.'
am__quote=''
am__tar='${AMTAR} chof - "$$tardir"'
am__untar='${AMTAR} xf -'
bindir='${exec_prefix}/bin'
build='x86_64-unknown-linux-gnu'
build_alias=''
build_cpu='x86_64'
build_os='linux-gnu'
build_vendor='unknown'
coin_doxy_excludes=' */CoinUtils'
coin_doxy_logname='doxydoc/cgl_doxy.log'
coin_doxy_tagfiles=' ../CoinUtils/doxydoc/coinutils_doxy.tag=../../../CoinUtils/doxydoc/html'
coin_doxy_tagname='doxydoc/cgl_doxy.tag'
coin_doxy_usedot='YES'
coin_have_doxygen='no'
coin_have_latex='yes'
datadir='${prefix}/share'
exec_prefix='${prefix}'
have_autoconf=''
have_automake=''
have_svn=''
have_svnversion='no'
host='x86_64-unknown-linux-gnu'
host_alias=''
host_cpu='x86_64'
host_os='linux-gnu'
host_vendor='unknown'
includedir='${prefix}/include'
infodir='${prefix}/info'
install_sh='/home/adair/Documents/CAD/sscs-ose-code-a-chip.github.io/ISSCC25/submitted_notebooks/current_mirror_ota_optimization/ALIGN-public/_skbuild/linux-x86_64-3.10/cmake-build/_deps/symphony-src/Cgl/install-sh'
libdir='${exec_prefix}/lib'
libexecdir='${exec_prefix}/libexec'
localstatedir='${prefix}/var'
mandir='${prefix}/man'
mkdir_p='mkdir -p --'
oldincludedir='/usr/include'
prefix='/home/adair/Documents/CAD/sscs-ose-code-a-chip.github.io/ISSCC25/submitted_notebooks/current_mirror_ota_optimization/ALIGN-public/_skbuild/linux-x86_64-3.10/cmake-build/_deps/symphony-build'
program_transform_name='s,x,x,'
sbindir='${exec_prefix}/sbin'
sharedstatedir='${prefix}/com'
sol_cc_compiler=''
sysconfdir='${prefix}/etc'
target_alias=''

## ----------- ##
## confdefs.h. ##
## ----------- ##

#define CGL_VERSION "0.60.0"
#define CGL_VERSION_MAJOR 0
#define CGL_VERSION_MINOR 60
#define CGL_VERSION_RELEASE 0
#define COIN_CGL_CHECKLEVEL 0
#define COIN_CGL_VERBOSITY 0
#define COIN_HAS_COINUTILS 1
#define COIN_HAS_OSI 1
#define COIN_HAS_OSICLP 1
#define COIN_HAS_SAMPLE 1
#define HAVE_CFLOAT 1
#define HAVE_CMATH 1
#define HAVE_DLFCN_H 1
#define HAVE_INTTYPES_H 1
#define HAVE_MEMORY_H 1
#define HAVE_STDINT_H 1
#define HAVE_STDLIB_H 1
#define HAVE_STRINGS_H 1
#define HAVE_STRING_H 1
#define HAVE_SYS_STAT_H 1
#define HAVE_SYS_TYPES_H 1
#define HAVE_UNISTD_H 1
#define PACKAGE "cgl"
#define PACKAGE_BUGREPORT "cgl@list.coin-or.org"
#define PACKAGE_NAME "Cgl"
#define PACKAGE_STRING "Cgl 0.60.0"
#define PACKAGE_TARNAME "cgl"
#define PACKAGE_VERSION "0.60.0"
#define STDC_HEADERS 1
#define VERSION "0.60.0"
#endif
#ifdef __cplusplus
extern "C" void std::exit (int) throw (); using std::exit;

configure: exit 0
