OpenROAD 41a51eaf4ca2171c92ff38afb91eb37bbd3f36da 
This program is licensed under the BSD-3 license. See the LICENSE file for details.
Components of this program may be licensed under more restrictive licenses which must be honored.
[INFO]: Reading ODB at '/openlane/designs/riscv_rv32i/runs/RUN_2026.04.15_01.58.51/tmp/placement/9-resizer.odb'…
define_corners Typical
read_liberty -corner Typical /usr/local/share/pdk/sky130A/libs.ref/sky130_fd_sc_hd/lib/sky130_fd_sc_hd__tt_025C_1v80.lib
Using 1e-12 for capacitance...
Using 1e+03 for resistance...
Using 1e-09 for time...
Using 1e+00 for voltage...
Using 1e-03 for current...
Using 1e-09 for power...
Using 1e-06 for distance...
Reading design constraints file at '/openlane/designs/riscv_rv32i/runs/RUN_2026.04.15_01.58.51/tmp/placement/9-resizer.sdc'…
Placement Analysis
---------------------------------
total displacement          0.0 u
average displacement        0.0 u
max displacement            0.0 u
original HPWL         1451519.5 u
legalized HPWL        1458137.1 u
delta HPWL                    0 %

[INFO DPL-0020] Mirrored 2752 instances
[INFO DPL-0021] HPWL before          1458137.1 u
[INFO DPL-0022] HPWL after           1451519.5 u
[INFO DPL-0023] HPWL delta               -0.5 %
Setting global connections for newly added cells…
Writing OpenROAD database to '/openlane/designs/riscv_rv32i/runs/RUN_2026.04.15_01.58.51/results/placement/riscv_rv32i.odb'…
Writing netlist to '/openlane/designs/riscv_rv32i/runs/RUN_2026.04.15_01.58.51/results/placement/riscv_rv32i.nl.v'…
Writing powered netlist to '/openlane/designs/riscv_rv32i/runs/RUN_2026.04.15_01.58.51/results/placement/riscv_rv32i.pnl.v'…
Writing layout to '/openlane/designs/riscv_rv32i/runs/RUN_2026.04.15_01.58.51/results/placement/riscv_rv32i.def'…
