Subprocess exited with error code 1
Subprocess exited with error code 1
Error output generated by subprocess:
Error: Could not find include file ./ota_pex.spice
Subprocess exited with error code 1
Error output generated by subprocess:

Subprocess exited with error code 1
Error output generated by subprocess:
Error: Could not find include file ./ota_pex.spice
ERROR: fatal error in ngspice, exit(1)
Error output generated by subprocess:
Error: Could not find include file ./ota_pex.spice

Error: Could not find include file ./ota_pex.spice

ERROR: fatal error in ngspice, exit(1)

ERROR: fatal error in ngspice, exit(1)
ERROR: fatal error in ngspice, exit(1)
Subprocess exited with error code 1
Error output generated by subprocess:
Subprocess exited with error code 1
Error: Could not find include file ./ota_pex.spice
Error output generated by subprocess:

Subprocess exited with error code 1
Error: Could not find include file ./ota_pex.spice
Subprocess exited with error code 1
ERROR: fatal error in ngspice, exit(1)
Error output generated by subprocess:

Error output generated by subprocess:
Error: Could not find include file ./ota_pex.spice
ERROR: fatal error in ngspice, exit(1)
Error: Could not find include file ./ota_pex.spice


ERROR: fatal error in ngspice, exit(1)
ERROR: fatal error in ngspice, exit(1)
Subprocess exited with error code 1
Error output generated by subprocess:
Error: Could not find include file ./ota_pex.spice
Subprocess exited with error code 1

Subprocess exited with error code 1
Subprocess exited with error code 1
Error output generated by subprocess:
ERROR: fatal error in ngspice, exit(1)
Error output generated by subprocess:
Error output generated by subprocess:
Error: Could not find include file ./ota_pex.spice
Error: Could not find include file ./ota_pex.spice
Error: Could not find include file ./ota_pex.spice



ERROR: fatal error in ngspice, exit(1)
ERROR: fatal error in ngspice, exit(1)
ERROR: fatal error in ngspice, exit(1)
Subprocess exited with error code 1
Error output generated by subprocess:
Error: Could not find include file ./ota_pex.spice

ERROR: fatal error in ngspice, exit(1)
Subprocess exited with error code 1
Subprocess exited with error code 1
Error output generated by subprocess:
Subprocess exited with error code 1
Error output generated by subprocess:
Error: Could not find include file ./ota_pex.spice
Error output generated by subprocess:
Error: Could not find include file ./ota_pex.spice

ERROR: fatal error in ngspice, exit(1)

Error: Could not find include file ./ota_pex.spice
ERROR: fatal error in ngspice, exit(1)

ERROR: fatal error in ngspice, exit(1)
Subprocess exited with error code 1
Error output generated by subprocess:
Error: Could not find include file ./ota_pex.spice

ERROR: fatal error in ngspice, exit(1)
Subprocess exited with error code 1
Error output generated by subprocess:
Error: Could not find include file ./ota_pex.spice

Subprocess exited with error code 1
ERROR: fatal error in ngspice, exit(1)
Subprocess exited with error code 1
Error output generated by subprocess:
Error output generated by subprocess:
Error: Could not find include file ./ota_pex.spice
Error: Could not find include file ./ota_pex.spice


ERROR: fatal error in ngspice, exit(1)
ERROR: fatal error in ngspice, exit(1)
Subprocess exited with error code 1
Error output generated by subprocess:
Error: Could not find include file ./ota_pex.spice

ERROR: fatal error in ngspice, exit(1)
Subprocess exited with error code 1
Error output generated by subprocess:
Error: Could not find include file ./ota_pex.spice

ERROR: fatal error in ngspice, exit(1)
Subprocess exited with error code 1
Error output generated by subprocess:
Subprocess exited with error code 1
Error: Could not find include file ./ota_pex.spice
Error output generated by subprocess:

Error: Could not find include file ./ota_pex.spice
ERROR: fatal error in ngspice, exit(1)

ERROR: fatal error in ngspice, exit(1)
Subprocess exited with error code 1
Error output generated by subprocess:
Error: Could not find include file ./ota_pex.spice

ERROR: fatal error in ngspice, exit(1)
Subprocess exited with error code 1
Error output generated by subprocess:
Error: Could not find include file ./ota_pex.spice

ERROR: fatal error in ngspice, exit(1)
Subprocess exited with error code 1
Error output generated by subprocess:
Error: Could not find include file ./ota_pex.spice

ERROR: fatal error in ngspice, exit(1)
Subprocess exited with error code 1
Error output generated by subprocess:
Error: Could not find include file ./ota_pex.spice

ERROR: fatal error in ngspice, exit(1)
Subprocess exited with error code 1
Error output generated by subprocess:
Error: Could not find include file ./ota_pex.spice

ERROR: fatal error in ngspice, exit(1)
Subprocess exited with error code 1
Error output generated by subprocess:
Error: Could not find include file ./ota_pex.spice

ERROR: fatal error in ngspice, exit(1)
Subprocess exited with error code 1
Error output generated by subprocess:
Error: Could not find include file ./ota_pex.spice

Subprocess exited with error code 1
Error output generated by subprocess:
ERROR: fatal error in ngspice, exit(1)
Error: Could not find include file ./ota_pex.spice
Subprocess exited with error code -2
Subprocess exited with error code -2

ERROR: fatal error in ngspice, exit(1)
Subprocess exited with error code -9
Subprocess exited with error code -9
Subprocess exited with error code -9
Subprocess exited with error code -9
