Running parameters: ac_params, cmrr_params, psrr_params, lin_params, noise_params, slew_params, power_params
Generating simulation netlist from schematic…
Parameter cmrr_params: Generating simulation files…
Parameter ac_params: Generating simulation files…
Parameter psrr_params: Generating simulation files…
Parameter lin_params: Generating simulation files…
Parameter lin_params: Running simulations…
Parameter psrr_params: Running simulations…
Parameter cmrr_params: Running simulations…
Parameter ac_params: Running simulations…
Parameter noise_params: Canceled.
Subprocess exited with error code -2
Subprocess exited with error code -2
Subprocess exited with error code -2
Subprocess exited with error code -2
Parameter slew_params: Canceled.
Cannot remove non existing parameter.
Parameter power_params: Canceled.
Cannot remove non existing parameter.
Parameter ac_params: Canceled.
Cannot remove non existing parameter.
Parameter cmrr_params: Canceled.
Subprocess exited with error code -9
Subprocess exited with error code -9
Subprocess exited with error code -9
Parameter psrr_params: Canceled.
Parameter lin_params: Canceled.
Subprocess exited with error code -9
Subprocess exited with error code -9
Subprocess exited with error code -9
Done with CACE simulations and evaluations in 0:07:39.
