
 /----------------------------------------------------------------------------\
 |                                                                            |
 |  yosys -- Yosys Open SYnthesis Suite                                       |
 |                                                                            |
 |  Copyright (C) 2012 - 2020  Claire Xenia Wolf <claire@yosyshq.com>         |
 |                                                                            |
 |  Permission to use, copy, modify, and/or distribute this software for any  |
 |  purpose with or without fee is hereby granted, provided that the above    |
 |  copyright notice and this permission notice appear in all copies.         |
 |                                                                            |
 |  THE SOFTWARE IS PROVIDED "AS IS" AND THE AUTHOR DISCLAIMS ALL WARRANTIES  |
 |  WITH REGARD TO THIS SOFTWARE INCLUDING ALL IMPLIED WARRANTIES OF          |
 |  MERCHANTABILITY AND FITNESS. IN NO EVENT SHALL THE AUTHOR BE LIABLE FOR   |
 |  ANY SPECIAL, DIRECT, INDIRECT, OR CONSEQUENTIAL DAMAGES OR ANY DAMAGES    |
 |  WHATSOEVER RESULTING FROM LOSS OF USE, DATA OR PROFITS, WHETHER IN AN     |
 |  ACTION OF CONTRACT, NEGLIGENCE OR OTHER TORTIOUS ACTION, ARISING OUT OF   |
 |  OR IN CONNECTION WITH THE USE OR PERFORMANCE OF THIS SOFTWARE.            |
 |                                                                            |
 \----------------------------------------------------------------------------/

 Yosys 0.30+48 (git sha1 14d50a176d5, gcc 8.3.1 -fPIC -Os)

[TCL: yosys -import] Command name collision: found pre-existing command `cd' -> skip.
[TCL: yosys -import] Command name collision: found pre-existing command `eval' -> skip.
[TCL: yosys -import] Command name collision: found pre-existing command `exec' -> skip.
[TCL: yosys -import] Command name collision: found pre-existing command `read' -> skip.
[TCL: yosys -import] Command name collision: found pre-existing command `trace' -> skip.

1. Executing Verilog-2005 frontend: /openlane/designs/riscv_rv32i/src/decoder.v
Parsing SystemVerilog input from `/openlane/designs/riscv_rv32i/src/decoder.v' to AST representation.
Generating RTLIL representation for module `\decoder'.
Successfully finished Verilog frontend.

2. Executing Verilog-2005 frontend: /openlane/designs/riscv_rv32i/src/regfile.v
Parsing SystemVerilog input from `/openlane/designs/riscv_rv32i/src/regfile.v' to AST representation.
Generating RTLIL representation for module `\regfile'.
Successfully finished Verilog frontend.

3. Executing Verilog-2005 frontend: /openlane/designs/riscv_rv32i/src/riscv_rv32i.v
Parsing SystemVerilog input from `/openlane/designs/riscv_rv32i/src/riscv_rv32i.v' to AST representation.
Generating RTLIL representation for module `\riscv_rv32i'.
Successfully finished Verilog frontend.

4. Executing Verilog-2005 frontend: /openlane/designs/riscv_rv32i/src/alu.v
Parsing SystemVerilog input from `/openlane/designs/riscv_rv32i/src/alu.v' to AST representation.
Generating RTLIL representation for module `\alu'.
Successfully finished Verilog frontend.

5. Generating Graphviz representation of design.
Writing dot description to `/openlane/designs/riscv_rv32i/runs/RUN_2026.04.15_01.58.51/tmp/synthesis/hierarchy.dot'.
Dumping module riscv_rv32i to page 1.

6. Executing HIERARCHY pass (managing design hierarchy).

6.1. Analyzing design hierarchy..
Top module:  \riscv_rv32i
Used module:     \alu
Used module:     \regfile
Used module:     \decoder

6.2. Analyzing design hierarchy..
Top module:  \riscv_rv32i
Used module:     \alu
Used module:     \regfile
Used module:     \decoder
Removed 0 unused modules.

7. Executing TRIBUF pass.

8. Executing HIERARCHY pass (managing design hierarchy).

8.1. Analyzing design hierarchy..
Top module:  \riscv_rv32i
Used module:     \alu
Used module:     \regfile
Used module:     \decoder

8.2. Analyzing design hierarchy..
Top module:  \riscv_rv32i
Used module:     \alu
Used module:     \regfile
Used module:     \decoder
Removed 0 unused modules.

9. Executing PROC_CLEAN pass (remove empty switches from decision trees).
Cleaned up 0 empty switches.

10. Executing PROC_RMDEAD pass (remove dead branches from decision trees).
Marked 1 switch rules as full_case in process $proc$/openlane/designs/riscv_rv32i/src/alu.v:9$174 in module alu.
Marked 1 switch rules as full_case in process $proc$/openlane/designs/riscv_rv32i/src/regfile.v:17$92 in module regfile.
Removed a total of 0 dead cases.

11. Executing PROC_PRUNE pass (remove redundant assignments in processes).
Removed 0 redundant assignments.
Promoted 37 assignments to connections.

12. Executing PROC_INIT pass (extract init attributes).

13. Executing PROC_ARST pass (detect async resets in processes).

14. Executing PROC_ROM pass (convert switches to ROMs).
Converted 0 switches.
<suppressed ~2 debug messages>

15. Executing PROC_MUX pass (convert decision trees to multiplexers).
Creating decoders for process `\alu.$proc$/openlane/designs/riscv_rv32i/src/alu.v:9$174'.
     1/1: $1\result[31:0]
Creating decoders for process `\regfile.$proc$/openlane/designs/riscv_rv32i/src/regfile.v:0$139'.
Creating decoders for process `\regfile.$proc$/openlane/designs/riscv_rv32i/src/regfile.v:17$92'.
     1/3: $1$memwr$\regs$/openlane/designs/riscv_rv32i/src/regfile.v:19$91_EN[31:0]$100
     2/3: $1$memwr$\regs$/openlane/designs/riscv_rv32i/src/regfile.v:19$91_DATA[31:0]$99
     3/3: $1$memwr$\regs$/openlane/designs/riscv_rv32i/src/regfile.v:19$91_ADDR[4:0]$98

16. Executing PROC_DLATCH pass (convert process syncs to latches).
No latch inferred for signal `\alu.\result' from process `\alu.$proc$/openlane/designs/riscv_rv32i/src/alu.v:9$174'.
No latch inferred for signal `\regfile.\i' from process `\regfile.$proc$/openlane/designs/riscv_rv32i/src/regfile.v:0$139'.
No latch inferred for signal `\regfile.$memwr$\regs$/openlane/designs/riscv_rv32i/src/regfile.v:15$59_EN' from process `\regfile.$proc$/openlane/designs/riscv_rv32i/src/regfile.v:0$139'.
No latch inferred for signal `\regfile.$memwr$\regs$/openlane/designs/riscv_rv32i/src/regfile.v:15$60_EN' from process `\regfile.$proc$/openlane/designs/riscv_rv32i/src/regfile.v:0$139'.
No latch inferred for signal `\regfile.$memwr$\regs$/openlane/designs/riscv_rv32i/src/regfile.v:15$61_EN' from process `\regfile.$proc$/openlane/designs/riscv_rv32i/src/regfile.v:0$139'.
No latch inferred for signal `\regfile.$memwr$\regs$/openlane/designs/riscv_rv32i/src/regfile.v:15$62_EN' from process `\regfile.$proc$/openlane/designs/riscv_rv32i/src/regfile.v:0$139'.
No latch inferred for signal `\regfile.$memwr$\regs$/openlane/designs/riscv_rv32i/src/regfile.v:15$63_EN' from process `\regfile.$proc$/openlane/designs/riscv_rv32i/src/regfile.v:0$139'.
No latch inferred for signal `\regfile.$memwr$\regs$/openlane/designs/riscv_rv32i/src/regfile.v:15$64_EN' from process `\regfile.$proc$/openlane/designs/riscv_rv32i/src/regfile.v:0$139'.
No latch inferred for signal `\regfile.$memwr$\regs$/openlane/designs/riscv_rv32i/src/regfile.v:15$65_EN' from process `\regfile.$proc$/openlane/designs/riscv_rv32i/src/regfile.v:0$139'.
No latch inferred for signal `\regfile.$memwr$\regs$/openlane/designs/riscv_rv32i/src/regfile.v:15$66_EN' from process `\regfile.$proc$/openlane/designs/riscv_rv32i/src/regfile.v:0$139'.
No latch inferred for signal `\regfile.$memwr$\regs$/openlane/designs/riscv_rv32i/src/regfile.v:15$67_EN' from process `\regfile.$proc$/openlane/designs/riscv_rv32i/src/regfile.v:0$139'.
No latch inferred for signal `\regfile.$memwr$\regs$/openlane/designs/riscv_rv32i/src/regfile.v:15$68_EN' from process `\regfile.$proc$/openlane/designs/riscv_rv32i/src/regfile.v:0$139'.
No latch inferred for signal `\regfile.$memwr$\regs$/openlane/designs/riscv_rv32i/src/regfile.v:15$69_EN' from process `\regfile.$proc$/openlane/designs/riscv_rv32i/src/regfile.v:0$139'.
No latch inferred for signal `\regfile.$memwr$\regs$/openlane/designs/riscv_rv32i/src/regfile.v:15$70_EN' from process `\regfile.$proc$/openlane/designs/riscv_rv32i/src/regfile.v:0$139'.
No latch inferred for signal `\regfile.$memwr$\regs$/openlane/designs/riscv_rv32i/src/regfile.v:15$71_EN' from process `\regfile.$proc$/openlane/designs/riscv_rv32i/src/regfile.v:0$139'.
No latch inferred for signal `\regfile.$memwr$\regs$/openlane/designs/riscv_rv32i/src/regfile.v:15$72_EN' from process `\regfile.$proc$/openlane/designs/riscv_rv32i/src/regfile.v:0$139'.
No latch inferred for signal `\regfile.$memwr$\regs$/openlane/designs/riscv_rv32i/src/regfile.v:15$73_EN' from process `\regfile.$proc$/openlane/designs/riscv_rv32i/src/regfile.v:0$139'.
No latch inferred for signal `\regfile.$memwr$\regs$/openlane/designs/riscv_rv32i/src/regfile.v:15$74_EN' from process `\regfile.$proc$/openlane/designs/riscv_rv32i/src/regfile.v:0$139'.
No latch inferred for signal `\regfile.$memwr$\regs$/openlane/designs/riscv_rv32i/src/regfile.v:15$75_EN' from process `\regfile.$proc$/openlane/designs/riscv_rv32i/src/regfile.v:0$139'.
No latch inferred for signal `\regfile.$memwr$\regs$/openlane/designs/riscv_rv32i/src/regfile.v:15$76_EN' from process `\regfile.$proc$/openlane/designs/riscv_rv32i/src/regfile.v:0$139'.
No latch inferred for signal `\regfile.$memwr$\regs$/openlane/designs/riscv_rv32i/src/regfile.v:15$77_EN' from process `\regfile.$proc$/openlane/designs/riscv_rv32i/src/regfile.v:0$139'.
No latch inferred for signal `\regfile.$memwr$\regs$/openlane/designs/riscv_rv32i/src/regfile.v:15$78_EN' from process `\regfile.$proc$/openlane/designs/riscv_rv32i/src/regfile.v:0$139'.
No latch inferred for signal `\regfile.$memwr$\regs$/openlane/designs/riscv_rv32i/src/regfile.v:15$79_EN' from process `\regfile.$proc$/openlane/designs/riscv_rv32i/src/regfile.v:0$139'.
No latch inferred for signal `\regfile.$memwr$\regs$/openlane/designs/riscv_rv32i/src/regfile.v:15$80_EN' from process `\regfile.$proc$/openlane/designs/riscv_rv32i/src/regfile.v:0$139'.
No latch inferred for signal `\regfile.$memwr$\regs$/openlane/designs/riscv_rv32i/src/regfile.v:15$81_EN' from process `\regfile.$proc$/openlane/designs/riscv_rv32i/src/regfile.v:0$139'.
No latch inferred for signal `\regfile.$memwr$\regs$/openlane/designs/riscv_rv32i/src/regfile.v:15$82_EN' from process `\regfile.$proc$/openlane/designs/riscv_rv32i/src/regfile.v:0$139'.
No latch inferred for signal `\regfile.$memwr$\regs$/openlane/designs/riscv_rv32i/src/regfile.v:15$83_EN' from process `\regfile.$proc$/openlane/designs/riscv_rv32i/src/regfile.v:0$139'.
No latch inferred for signal `\regfile.$memwr$\regs$/openlane/designs/riscv_rv32i/src/regfile.v:15$84_EN' from process `\regfile.$proc$/openlane/designs/riscv_rv32i/src/regfile.v:0$139'.
No latch inferred for signal `\regfile.$memwr$\regs$/openlane/designs/riscv_rv32i/src/regfile.v:15$85_EN' from process `\regfile.$proc$/openlane/designs/riscv_rv32i/src/regfile.v:0$139'.
No latch inferred for signal `\regfile.$memwr$\regs$/openlane/designs/riscv_rv32i/src/regfile.v:15$86_EN' from process `\regfile.$proc$/openlane/designs/riscv_rv32i/src/regfile.v:0$139'.
No latch inferred for signal `\regfile.$memwr$\regs$/openlane/designs/riscv_rv32i/src/regfile.v:15$87_EN' from process `\regfile.$proc$/openlane/designs/riscv_rv32i/src/regfile.v:0$139'.
No latch inferred for signal `\regfile.$memwr$\regs$/openlane/designs/riscv_rv32i/src/regfile.v:15$88_EN' from process `\regfile.$proc$/openlane/designs/riscv_rv32i/src/regfile.v:0$139'.
No latch inferred for signal `\regfile.$memwr$\regs$/openlane/designs/riscv_rv32i/src/regfile.v:15$89_EN' from process `\regfile.$proc$/openlane/designs/riscv_rv32i/src/regfile.v:0$139'.
No latch inferred for signal `\regfile.$memwr$\regs$/openlane/designs/riscv_rv32i/src/regfile.v:15$90_EN' from process `\regfile.$proc$/openlane/designs/riscv_rv32i/src/regfile.v:0$139'.

17. Executing PROC_DFF pass (convert process syncs to FFs).
Creating register for signal `\regfile.$memwr$\regs$/openlane/designs/riscv_rv32i/src/regfile.v:19$91_ADDR' using process `\regfile.$proc$/openlane/designs/riscv_rv32i/src/regfile.v:17$92'.
  created $dff cell `$procdff$208' with positive edge clock.
Creating register for signal `\regfile.$memwr$\regs$/openlane/designs/riscv_rv32i/src/regfile.v:19$91_DATA' using process `\regfile.$proc$/openlane/designs/riscv_rv32i/src/regfile.v:17$92'.
  created $dff cell `$procdff$209' with positive edge clock.
Creating register for signal `\regfile.$memwr$\regs$/openlane/designs/riscv_rv32i/src/regfile.v:19$91_EN' using process `\regfile.$proc$/openlane/designs/riscv_rv32i/src/regfile.v:17$92'.
  created $dff cell `$procdff$210' with positive edge clock.

18. Executing PROC_MEMWR pass (convert process memory writes to cells).

19. Executing PROC_CLEAN pass (remove empty switches from decision trees).
Found and cleaned up 1 empty switch in `\alu.$proc$/openlane/designs/riscv_rv32i/src/alu.v:9$174'.
Removing empty process `alu.$proc$/openlane/designs/riscv_rv32i/src/alu.v:9$174'.
Removing empty process `regfile.$proc$/openlane/designs/riscv_rv32i/src/regfile.v:0$139'.
Found and cleaned up 1 empty switch in `\regfile.$proc$/openlane/designs/riscv_rv32i/src/regfile.v:17$92'.
Removing empty process `regfile.$proc$/openlane/designs/riscv_rv32i/src/regfile.v:17$92'.
Cleaned up 2 empty switches.

20. Executing CHECK pass (checking for obvious problems).
Checking module alu...
Checking module riscv_rv32i...
Checking module regfile...
Checking module decoder...
Found and reported 0 problems.

21. Executing OPT_EXPR pass (perform const folding).
Optimizing module alu.
<suppressed ~2 debug messages>
Optimizing module riscv_rv32i.
Optimizing module regfile.
<suppressed ~3 debug messages>
Optimizing module decoder.
<suppressed ~5 debug messages>

22. Executing FLATTEN pass (flatten design).
Deleting now unused module alu.
Deleting now unused module regfile.
Deleting now unused module decoder.
<suppressed ~3 debug messages>

23. Executing OPT_EXPR pass (perform const folding).
Optimizing module riscv_rv32i.

24. Executing OPT_CLEAN pass (remove unused cells and wires).
Finding unused cells or wires in module \riscv_rv32i..
Removed 4 unused cells and 89 unused wires.
<suppressed ~7 debug messages>

25. Executing OPT pass (performing simple optimizations).

25.1. Executing OPT_EXPR pass (perform const folding).
Optimizing module riscv_rv32i.

25.2. Executing OPT_MERGE pass (detect identical cells).
Finding identical cells in module `\riscv_rv32i'.
<suppressed ~63 debug messages>
Removed a total of 21 cells.

25.3. Executing OPT_MUXTREE pass (detect dead branches in mux trees).
Running muxtree optimizer on module \riscv_rv32i..
  Creating internal representation of mux trees.
  Evaluating internal representation of mux trees.
  Analyzing evaluation results.
Removed 0 multiplexer ports.
<suppressed ~8 debug messages>

25.4. Executing OPT_REDUCE pass (consolidate $*mux and $reduce_* inputs).
  Optimizing cells in module \riscv_rv32i.
    Consolidated identical input bits for $mux cell $flatten\u_regfile.$procmux$200:
      Old ports: A=0, B=32'11111111111111111111111111111111, Y=$flatten\u_regfile.$0$memwr$\regs$/openlane/designs/riscv_rv32i/src/regfile.v:19$91_EN[31:0]$95
      New ports: A=1'0, B=1'1, Y=$flatten\u_regfile.$0$memwr$\regs$/openlane/designs/riscv_rv32i/src/regfile.v:19$91_EN[31:0]$95 [0]
      New connections: $flatten\u_regfile.$0$memwr$\regs$/openlane/designs/riscv_rv32i/src/regfile.v:19$91_EN[31:0]$95 [31:1] = { $flatten\u_regfile.$0$memwr$\regs$/openlane/designs/riscv_rv32i/src/regfile.v:19$91_EN[31:0]$95 [0] $flatten\u_regfile.$0$memwr$\regs$/openlane/designs/riscv_rv32i/src/regfile.v:19$91_EN[31:0]$95 [0] $flatten\u_regfile.$0$memwr$\regs$/openlane/designs/riscv_rv32i/src/regfile.v:19$91_EN[31:0]$95 [0] $flatten\u_regfile.$0$memwr$\regs$/openlane/designs/riscv_rv32i/src/regfile.v:19$91_EN[31:0]$95 [0] $flatten\u_regfile.$0$memwr$\regs$/openlane/designs/riscv_rv32i/src/regfile.v:19$91_EN[31:0]$95 [0] $flatten\u_regfile.$0$memwr$\regs$/openlane/designs/riscv_rv32i/src/regfile.v:19$91_EN[31:0]$95 [0] $flatten\u_regfile.$0$memwr$\regs$/openlane/designs/riscv_rv32i/src/regfile.v:19$91_EN[31:0]$95 [0] $flatten\u_regfile.$0$memwr$\regs$/openlane/designs/riscv_rv32i/src/regfile.v:19$91_EN[31:0]$95 [0] $flatten\u_regfile.$0$memwr$\regs$/openlane/designs/riscv_rv32i/src/regfile.v:19$91_EN[31:0]$95 [0] $flatten\u_regfile.$0$memwr$\regs$/openlane/designs/riscv_rv32i/src/regfile.v:19$91_EN[31:0]$95 [0] $flatten\u_regfile.$0$memwr$\regs$/openlane/designs/riscv_rv32i/src/regfile.v:19$91_EN[31:0]$95 [0] $flatten\u_regfile.$0$memwr$\regs$/openlane/designs/riscv_rv32i/src/regfile.v:19$91_EN[31:0]$95 [0] $flatten\u_regfile.$0$memwr$\regs$/openlane/designs/riscv_rv32i/src/regfile.v:19$91_EN[31:0]$95 [0] $flatten\u_regfile.$0$memwr$\regs$/openlane/designs/riscv_rv32i/src/regfile.v:19$91_EN[31:0]$95 [0] $flatten\u_regfile.$0$memwr$\regs$/openlane/designs/riscv_rv32i/src/regfile.v:19$91_EN[31:0]$95 [0] $flatten\u_regfile.$0$memwr$\regs$/openlane/designs/riscv_rv32i/src/regfile.v:19$91_EN[31:0]$95 [0] $flatten\u_regfile.$0$memwr$\regs$/openlane/designs/riscv_rv32i/src/regfile.v:19$91_EN[31:0]$95 [0] $flatten\u_regfile.$0$memwr$\regs$/openlane/designs/riscv_rv32i/src/regfile.v:19$91_EN[31:0]$95 [0] $flatten\u_regfile.$0$memwr$\regs$/openlane/designs/riscv_rv32i/src/regfile.v:19$91_EN[31:0]$95 [0] $flatten\u_regfile.$0$memwr$\regs$/openlane/designs/riscv_rv32i/src/regfile.v:19$91_EN[31:0]$95 [0] $flatten\u_regfile.$0$memwr$\regs$/openlane/designs/riscv_rv32i/src/regfile.v:19$91_EN[31:0]$95 [0] $flatten\u_regfile.$0$memwr$\regs$/openlane/designs/riscv_rv32i/src/regfile.v:19$91_EN[31:0]$95 [0] $flatten\u_regfile.$0$memwr$\regs$/openlane/designs/riscv_rv32i/src/regfile.v:19$91_EN[31:0]$95 [0] $flatten\u_regfile.$0$memwr$\regs$/openlane/designs/riscv_rv32i/src/regfile.v:19$91_EN[31:0]$95 [0] $flatten\u_regfile.$0$memwr$\regs$/openlane/designs/riscv_rv32i/src/regfile.v:19$91_EN[31:0]$95 [0] $flatten\u_regfile.$0$memwr$\regs$/openlane/designs/riscv_rv32i/src/regfile.v:19$91_EN[31:0]$95 [0] $flatten\u_regfile.$0$memwr$\regs$/openlane/designs/riscv_rv32i/src/regfile.v:19$91_EN[31:0]$95 [0] $flatten\u_regfile.$0$memwr$\regs$/openlane/designs/riscv_rv32i/src/regfile.v:19$91_EN[31:0]$95 [0] $flatten\u_regfile.$0$memwr$\regs$/openlane/designs/riscv_rv32i/src/regfile.v:19$91_EN[31:0]$95 [0] $flatten\u_regfile.$0$memwr$\regs$/openlane/designs/riscv_rv32i/src/regfile.v:19$91_EN[31:0]$95 [0] $flatten\u_regfile.$0$memwr$\regs$/openlane/designs/riscv_rv32i/src/regfile.v:19$91_EN[31:0]$95 [0] }
  Optimizing cells in module \riscv_rv32i.
Performed a total of 1 changes.

25.5. Executing OPT_MERGE pass (detect identical cells).
Finding identical cells in module `\riscv_rv32i'.
Removed a total of 0 cells.

25.6. Executing OPT_DFF pass (perform DFF optimizations).

25.7. Executing OPT_CLEAN pass (remove unused cells and wires).
Finding unused cells or wires in module \riscv_rv32i..
Removed 0 unused cells and 21 unused wires.
<suppressed ~1 debug messages>

25.8. Executing OPT_EXPR pass (perform const folding).
Optimizing module riscv_rv32i.

25.9. Rerunning OPT passes. (Maybe there is more to do..)

25.10. Executing OPT_MUXTREE pass (detect dead branches in mux trees).
Running muxtree optimizer on module \riscv_rv32i..
  Creating internal representation of mux trees.
  Evaluating internal representation of mux trees.
  Analyzing evaluation results.
Removed 0 multiplexer ports.
<suppressed ~8 debug messages>

25.11. Executing OPT_REDUCE pass (consolidate $*mux and $reduce_* inputs).
  Optimizing cells in module \riscv_rv32i.
Performed a total of 0 changes.

25.12. Executing OPT_MERGE pass (detect identical cells).
Finding identical cells in module `\riscv_rv32i'.
Removed a total of 0 cells.

25.13. Executing OPT_DFF pass (perform DFF optimizations).

25.14. Executing OPT_CLEAN pass (remove unused cells and wires).
Finding unused cells or wires in module \riscv_rv32i..

25.15. Executing OPT_EXPR pass (perform const folding).
Optimizing module riscv_rv32i.

25.16. Finished OPT passes. (There is nothing left to do.)

26. Executing FSM pass (extract and optimize FSM).

26.1. Executing FSM_DETECT pass (finding FSMs in design).

26.2. Executing FSM_EXTRACT pass (extracting FSM from design).

26.3. Executing FSM_OPT pass (simple optimizations of FSMs).

26.4. Executing OPT_CLEAN pass (remove unused cells and wires).
Finding unused cells or wires in module \riscv_rv32i..

26.5. Executing FSM_OPT pass (simple optimizations of FSMs).

26.6. Executing FSM_RECODE pass (re-assigning FSM state encoding).

26.7. Executing FSM_INFO pass (dumping all available information on FSM cells).

26.8. Executing FSM_MAP pass (mapping FSMs to basic logic).

27. Executing OPT pass (performing simple optimizations).

27.1. Executing OPT_EXPR pass (perform const folding).
Optimizing module riscv_rv32i.

27.2. Executing OPT_MERGE pass (detect identical cells).
Finding identical cells in module `\riscv_rv32i'.
Removed a total of 0 cells.

27.3. Executing OPT_MUXTREE pass (detect dead branches in mux trees).
Running muxtree optimizer on module \riscv_rv32i..
  Creating internal representation of mux trees.
  Evaluating internal representation of mux trees.
  Analyzing evaluation results.
Removed 0 multiplexer ports.
<suppressed ~8 debug messages>

27.4. Executing OPT_REDUCE pass (consolidate $*mux and $reduce_* inputs).
  Optimizing cells in module \riscv_rv32i.
Performed a total of 0 changes.

27.5. Executing OPT_MERGE pass (detect identical cells).
Finding identical cells in module `\riscv_rv32i'.
Removed a total of 0 cells.

27.6. Executing OPT_DFF pass (perform DFF optimizations).

27.7. Executing OPT_CLEAN pass (remove unused cells and wires).
Finding unused cells or wires in module \riscv_rv32i..

27.8. Executing OPT_EXPR pass (perform const folding).
Optimizing module riscv_rv32i.

27.9. Finished OPT passes. (There is nothing left to do.)

28. Executing WREDUCE pass (reducing word size of cells).
Removed top 27 address bits (of 32) from memory init port riscv_rv32i.$flatten\u_regfile.$meminit$\regs$/openlane/designs/riscv_rv32i/src/regfile.v:15$107 (u_regfile.regs).
Removed top 27 address bits (of 32) from memory init port riscv_rv32i.$flatten\u_regfile.$meminit$\regs$/openlane/designs/riscv_rv32i/src/regfile.v:15$108 (u_regfile.regs).
Removed top 27 address bits (of 32) from memory init port riscv_rv32i.$flatten\u_regfile.$meminit$\regs$/openlane/designs/riscv_rv32i/src/regfile.v:15$109 (u_regfile.regs).
Removed top 27 address bits (of 32) from memory init port riscv_rv32i.$flatten\u_regfile.$meminit$\regs$/openlane/designs/riscv_rv32i/src/regfile.v:15$110 (u_regfile.regs).
Removed top 27 address bits (of 32) from memory init port riscv_rv32i.$flatten\u_regfile.$meminit$\regs$/openlane/designs/riscv_rv32i/src/regfile.v:15$111 (u_regfile.regs).
Removed top 27 address bits (of 32) from memory init port riscv_rv32i.$flatten\u_regfile.$meminit$\regs$/openlane/designs/riscv_rv32i/src/regfile.v:15$112 (u_regfile.regs).
Removed top 27 address bits (of 32) from memory init port riscv_rv32i.$flatten\u_regfile.$meminit$\regs$/openlane/designs/riscv_rv32i/src/regfile.v:15$113 (u_regfile.regs).
Removed top 27 address bits (of 32) from memory init port riscv_rv32i.$flatten\u_regfile.$meminit$\regs$/openlane/designs/riscv_rv32i/src/regfile.v:15$114 (u_regfile.regs).
Removed top 27 address bits (of 32) from memory init port riscv_rv32i.$flatten\u_regfile.$meminit$\regs$/openlane/designs/riscv_rv32i/src/regfile.v:15$115 (u_regfile.regs).
Removed top 27 address bits (of 32) from memory init port riscv_rv32i.$flatten\u_regfile.$meminit$\regs$/openlane/designs/riscv_rv32i/src/regfile.v:15$116 (u_regfile.regs).
Removed top 27 address bits (of 32) from memory init port riscv_rv32i.$flatten\u_regfile.$meminit$\regs$/openlane/designs/riscv_rv32i/src/regfile.v:15$117 (u_regfile.regs).
Removed top 27 address bits (of 32) from memory init port riscv_rv32i.$flatten\u_regfile.$meminit$\regs$/openlane/designs/riscv_rv32i/src/regfile.v:15$118 (u_regfile.regs).
Removed top 27 address bits (of 32) from memory init port riscv_rv32i.$flatten\u_regfile.$meminit$\regs$/openlane/designs/riscv_rv32i/src/regfile.v:15$119 (u_regfile.regs).
Removed top 27 address bits (of 32) from memory init port riscv_rv32i.$flatten\u_regfile.$meminit$\regs$/openlane/designs/riscv_rv32i/src/regfile.v:15$120 (u_regfile.regs).
Removed top 27 address bits (of 32) from memory init port riscv_rv32i.$flatten\u_regfile.$meminit$\regs$/openlane/designs/riscv_rv32i/src/regfile.v:15$121 (u_regfile.regs).
Removed top 27 address bits (of 32) from memory init port riscv_rv32i.$flatten\u_regfile.$meminit$\regs$/openlane/designs/riscv_rv32i/src/regfile.v:15$122 (u_regfile.regs).
Removed top 27 address bits (of 32) from memory init port riscv_rv32i.$flatten\u_regfile.$meminit$\regs$/openlane/designs/riscv_rv32i/src/regfile.v:15$123 (u_regfile.regs).
Removed top 27 address bits (of 32) from memory init port riscv_rv32i.$flatten\u_regfile.$meminit$\regs$/openlane/designs/riscv_rv32i/src/regfile.v:15$124 (u_regfile.regs).
Removed top 27 address bits (of 32) from memory init port riscv_rv32i.$flatten\u_regfile.$meminit$\regs$/openlane/designs/riscv_rv32i/src/regfile.v:15$125 (u_regfile.regs).
Removed top 27 address bits (of 32) from memory init port riscv_rv32i.$flatten\u_regfile.$meminit$\regs$/openlane/designs/riscv_rv32i/src/regfile.v:15$126 (u_regfile.regs).
Removed top 27 address bits (of 32) from memory init port riscv_rv32i.$flatten\u_regfile.$meminit$\regs$/openlane/designs/riscv_rv32i/src/regfile.v:15$127 (u_regfile.regs).
Removed top 27 address bits (of 32) from memory init port riscv_rv32i.$flatten\u_regfile.$meminit$\regs$/openlane/designs/riscv_rv32i/src/regfile.v:15$128 (u_regfile.regs).
Removed top 27 address bits (of 32) from memory init port riscv_rv32i.$flatten\u_regfile.$meminit$\regs$/openlane/designs/riscv_rv32i/src/regfile.v:15$129 (u_regfile.regs).
Removed top 27 address bits (of 32) from memory init port riscv_rv32i.$flatten\u_regfile.$meminit$\regs$/openlane/designs/riscv_rv32i/src/regfile.v:15$130 (u_regfile.regs).
Removed top 27 address bits (of 32) from memory init port riscv_rv32i.$flatten\u_regfile.$meminit$\regs$/openlane/designs/riscv_rv32i/src/regfile.v:15$131 (u_regfile.regs).
Removed top 27 address bits (of 32) from memory init port riscv_rv32i.$flatten\u_regfile.$meminit$\regs$/openlane/designs/riscv_rv32i/src/regfile.v:15$132 (u_regfile.regs).
Removed top 27 address bits (of 32) from memory init port riscv_rv32i.$flatten\u_regfile.$meminit$\regs$/openlane/designs/riscv_rv32i/src/regfile.v:15$133 (u_regfile.regs).
Removed top 27 address bits (of 32) from memory init port riscv_rv32i.$flatten\u_regfile.$meminit$\regs$/openlane/designs/riscv_rv32i/src/regfile.v:15$134 (u_regfile.regs).
Removed top 27 address bits (of 32) from memory init port riscv_rv32i.$flatten\u_regfile.$meminit$\regs$/openlane/designs/riscv_rv32i/src/regfile.v:15$135 (u_regfile.regs).
Removed top 27 address bits (of 32) from memory init port riscv_rv32i.$flatten\u_regfile.$meminit$\regs$/openlane/designs/riscv_rv32i/src/regfile.v:15$136 (u_regfile.regs).
Removed top 27 address bits (of 32) from memory init port riscv_rv32i.$flatten\u_regfile.$meminit$\regs$/openlane/designs/riscv_rv32i/src/regfile.v:15$137 (u_regfile.regs).
Removed top 27 address bits (of 32) from memory init port riscv_rv32i.$flatten\u_regfile.$meminit$\regs$/openlane/designs/riscv_rv32i/src/regfile.v:15$138 (u_regfile.regs).
Removed top 2 bits (of 4) from mux cell riscv_rv32i.$flatten\u_decoder.$ternary$/openlane/designs/riscv_rv32i/src/decoder.v:31$47 ($mux).
Removed top 2 bits (of 3) from port B of cell riscv_rv32i.$flatten\u_decoder.$eq$/openlane/designs/riscv_rv32i/src/decoder.v:26$26 ($eq).
Removed top 1 bits (of 7) from port B of cell riscv_rv32i.$flatten\u_decoder.$eq$/openlane/designs/riscv_rv32i/src/decoder.v:22$14 ($eq).
Removed top 1 bits (of 7) from port B of cell riscv_rv32i.$flatten\u_decoder.$eq$/openlane/designs/riscv_rv32i/src/decoder.v:19$3 ($eq).
Removed top 2 bits (of 7) from port B of cell riscv_rv32i.$flatten\u_decoder.$eq$/openlane/designs/riscv_rv32i/src/decoder.v:18$1 ($eq).
Removed top 3 bits (of 4) from port B of cell riscv_rv32i.$flatten\u_alu.$procmux$197_CMP0 ($eq).
Removed top 2 bits (of 4) from port B of cell riscv_rv32i.$flatten\u_alu.$procmux$196_CMP0 ($eq).
Removed top 2 bits (of 4) from port B of cell riscv_rv32i.$flatten\u_alu.$procmux$195_CMP0 ($eq).
Removed top 1 bits (of 4) from port B of cell riscv_rv32i.$flatten\u_alu.$procmux$194_CMP0 ($eq).
Removed top 1 bits (of 4) from port B of cell riscv_rv32i.$flatten\u_alu.$procmux$193_CMP0 ($eq).
Removed top 1 bits (of 4) from port B of cell riscv_rv32i.$flatten\u_alu.$procmux$192_CMP0 ($eq).
Removed top 1 bits (of 4) from port B of cell riscv_rv32i.$flatten\u_alu.$procmux$191_CMP0 ($eq).
Removed top 31 bits (of 32) from mux cell riscv_rv32i.$flatten\u_alu.$ternary$/openlane/designs/riscv_rv32i/src/alu.v:20$186 ($mux).
Removed top 31 bits (of 32) from mux cell riscv_rv32i.$flatten\u_alu.$ternary$/openlane/designs/riscv_rv32i/src/alu.v:19$184 ($mux).
Removed top 31 bits (of 32) from wire riscv_rv32i.$flatten\u_alu.$ternary$/openlane/designs/riscv_rv32i/src/alu.v:19$184_Y.
Removed top 31 bits (of 32) from wire riscv_rv32i.$flatten\u_alu.$ternary$/openlane/designs/riscv_rv32i/src/alu.v:20$186_Y.
Removed top 2 bits (of 4) from wire riscv_rv32i.$flatten\u_decoder.$ternary$/openlane/designs/riscv_rv32i/src/decoder.v:31$47_Y.

29. Executing PEEPOPT pass (run peephole optimizers).

30. Executing OPT_CLEAN pass (remove unused cells and wires).
Finding unused cells or wires in module \riscv_rv32i..
Removed 0 unused cells and 3 unused wires.
<suppressed ~1 debug messages>

31. Executing ALUMACC pass (create $alu and $macc cells).
Extracting $alu and $macc cells in module riscv_rv32i:
  creating $macc model for $flatten\u_alu.$add$/openlane/designs/riscv_rv32i/src/alu.v:11$175 ($add).
  creating $macc model for $flatten\u_alu.$sub$/openlane/designs/riscv_rv32i/src/alu.v:12$176 ($sub).
  creating $alu model for $macc $flatten\u_alu.$sub$/openlane/designs/riscv_rv32i/src/alu.v:12$176.
  creating $alu model for $macc $flatten\u_alu.$add$/openlane/designs/riscv_rv32i/src/alu.v:11$175.
  creating $alu model for $flatten\u_alu.$lt$/openlane/designs/riscv_rv32i/src/alu.v:19$183 ($lt): new $alu
  creating $alu model for $flatten\u_alu.$lt$/openlane/designs/riscv_rv32i/src/alu.v:20$185 ($lt): new $alu
  creating $alu cell for $flatten\u_alu.$lt$/openlane/designs/riscv_rv32i/src/alu.v:20$185: $auto$alumacc.cc:485:replace_alu$217
  creating $alu cell for $flatten\u_alu.$lt$/openlane/designs/riscv_rv32i/src/alu.v:19$183: $auto$alumacc.cc:485:replace_alu$228
  creating $alu cell for $flatten\u_alu.$add$/openlane/designs/riscv_rv32i/src/alu.v:11$175: $auto$alumacc.cc:485:replace_alu$241
  creating $alu cell for $flatten\u_alu.$sub$/openlane/designs/riscv_rv32i/src/alu.v:12$176: $auto$alumacc.cc:485:replace_alu$244
  created 4 $alu and 0 $macc cells.

32. Executing SHARE pass (SAT-based resource sharing).
Found 5 cells in module riscv_rv32i that may be considered for resource sharing.
  Analyzing resource sharing options for $flatten\u_regfile.$memrd$\regs$/openlane/designs/riscv_rv32i/src/regfile.v:22$105 ($memrd):
    Found 10 activation_patterns using ctrl signal { $flatten\u_alu.$procmux$189_CMP $flatten\u_alu.$procmux$198_CMP $flatten\u_alu.$procmux$197_CMP $flatten\u_alu.$procmux$196_CMP $flatten\u_alu.$procmux$195_CMP $flatten\u_alu.$procmux$194_CMP $flatten\u_alu.$procmux$193_CMP $flatten\u_alu.$procmux$192_CMP $flatten\u_alu.$procmux$191_CMP $flatten\u_regfile.$eq$/openlane/designs/riscv_rv32i/src/regfile.v:22$104_Y $flatten\u_alu.$procmux$190_CMP \alu_src }.
    Found 1 candidates: $flatten\u_regfile.$memrd$\regs$/openlane/designs/riscv_rv32i/src/regfile.v:21$102
    Analyzing resource sharing with $flatten\u_regfile.$memrd$\regs$/openlane/designs/riscv_rv32i/src/regfile.v:21$102 ($memrd):
      Found 10 activation_patterns using ctrl signal { $flatten\u_alu.$procmux$189_CMP $flatten\u_alu.$procmux$198_CMP $flatten\u_alu.$procmux$197_CMP $flatten\u_alu.$procmux$196_CMP $flatten\u_alu.$procmux$195_CMP $flatten\u_alu.$procmux$194_CMP $flatten\u_alu.$procmux$193_CMP $flatten\u_alu.$procmux$192_CMP $flatten\u_alu.$procmux$191_CMP $flatten\u_regfile.$eq$/openlane/designs/riscv_rv32i/src/regfile.v:21$101_Y $flatten\u_alu.$procmux$190_CMP }.
      Forbidden control signals for this pair of cells: { $flatten\u_alu.$lt$/openlane/designs/riscv_rv32i/src/alu.v:19$183_Y $flatten\u_alu.$lt$/openlane/designs/riscv_rv32i/src/alu.v:20$185_Y }
      Activation pattern for cell $flatten\u_regfile.$memrd$\regs$/openlane/designs/riscv_rv32i/src/regfile.v:22$105: { $flatten\u_alu.$procmux$193_CMP $flatten\u_regfile.$eq$/openlane/designs/riscv_rv32i/src/regfile.v:22$104_Y \alu_src } = 3'100
      Activation pattern for cell $flatten\u_regfile.$memrd$\regs$/openlane/designs/riscv_rv32i/src/regfile.v:22$105: { $flatten\u_alu.$procmux$192_CMP $flatten\u_regfile.$eq$/openlane/designs/riscv_rv32i/src/regfile.v:22$104_Y \alu_src } = 3'100
      Activation pattern for cell $flatten\u_regfile.$memrd$\regs$/openlane/designs/riscv_rv32i/src/regfile.v:22$105: { $flatten\u_alu.$procmux$191_CMP $flatten\u_regfile.$eq$/openlane/designs/riscv_rv32i/src/regfile.v:22$104_Y \alu_src } = 3'100
      Activation pattern for cell $flatten\u_regfile.$memrd$\regs$/openlane/designs/riscv_rv32i/src/regfile.v:22$105: { $flatten\u_regfile.$eq$/openlane/designs/riscv_rv32i/src/regfile.v:22$104_Y $flatten\u_alu.$procmux$190_CMP \alu_src } = 3'010
      Activation pattern for cell $flatten\u_regfile.$memrd$\regs$/openlane/designs/riscv_rv32i/src/regfile.v:22$105: { $flatten\u_alu.$procmux$189_CMP $flatten\u_regfile.$eq$/openlane/designs/riscv_rv32i/src/regfile.v:22$104_Y \alu_src } = 3'100
      Activation pattern for cell $flatten\u_regfile.$memrd$\regs$/openlane/designs/riscv_rv32i/src/regfile.v:22$105: { $flatten\u_alu.$procmux$198_CMP $flatten\u_regfile.$eq$/openlane/designs/riscv_rv32i/src/regfile.v:22$104_Y \alu_src } = 3'100
      Activation pattern for cell $flatten\u_regfile.$memrd$\regs$/openlane/designs/riscv_rv32i/src/regfile.v:22$105: { $flatten\u_alu.$procmux$196_CMP $flatten\u_regfile.$eq$/openlane/designs/riscv_rv32i/src/regfile.v:22$104_Y \alu_src } = 3'100
      Activation pattern for cell $flatten\u_regfile.$memrd$\regs$/openlane/designs/riscv_rv32i/src/regfile.v:22$105: { $flatten\u_alu.$procmux$195_CMP $flatten\u_regfile.$eq$/openlane/designs/riscv_rv32i/src/regfile.v:22$104_Y \alu_src } = 3'100
      Activation pattern for cell $flatten\u_regfile.$memrd$\regs$/openlane/designs/riscv_rv32i/src/regfile.v:22$105: { $flatten\u_alu.$procmux$197_CMP $flatten\u_regfile.$eq$/openlane/designs/riscv_rv32i/src/regfile.v:22$104_Y \alu_src } = 3'100
      Activation pattern for cell $flatten\u_regfile.$memrd$\regs$/openlane/designs/riscv_rv32i/src/regfile.v:22$105: { $flatten\u_alu.$procmux$194_CMP $flatten\u_regfile.$eq$/openlane/designs/riscv_rv32i/src/regfile.v:22$104_Y \alu_src } = 3'100
      Activation pattern for cell $flatten\u_regfile.$memrd$\regs$/openlane/designs/riscv_rv32i/src/regfile.v:21$102: { $flatten\u_alu.$procmux$194_CMP $flatten\u_regfile.$eq$/openlane/designs/riscv_rv32i/src/regfile.v:21$101_Y } = 2'10
      Activation pattern for cell $flatten\u_regfile.$memrd$\regs$/openlane/designs/riscv_rv32i/src/regfile.v:21$102: { $flatten\u_alu.$procmux$197_CMP $flatten\u_regfile.$eq$/openlane/designs/riscv_rv32i/src/regfile.v:21$101_Y } = 2'10
      Activation pattern for cell $flatten\u_regfile.$memrd$\regs$/openlane/designs/riscv_rv32i/src/regfile.v:21$102: { $flatten\u_alu.$procmux$191_CMP $flatten\u_regfile.$eq$/openlane/designs/riscv_rv32i/src/regfile.v:21$101_Y } = 2'10
      Activation pattern for cell $flatten\u_regfile.$memrd$\regs$/openlane/designs/riscv_rv32i/src/regfile.v:21$102: { $flatten\u_alu.$procmux$192_CMP $flatten\u_regfile.$eq$/openlane/designs/riscv_rv32i/src/regfile.v:21$101_Y } = 2'10
      Activation pattern for cell $flatten\u_regfile.$memrd$\regs$/openlane/designs/riscv_rv32i/src/regfile.v:21$102: { $flatten\u_alu.$procmux$193_CMP $flatten\u_regfile.$eq$/openlane/designs/riscv_rv32i/src/regfile.v:21$101_Y } = 2'10
      Activation pattern for cell $flatten\u_regfile.$memrd$\regs$/openlane/designs/riscv_rv32i/src/regfile.v:21$102: { $flatten\u_alu.$procmux$195_CMP $flatten\u_regfile.$eq$/openlane/designs/riscv_rv32i/src/regfile.v:21$101_Y } = 2'10
      Activation pattern for cell $flatten\u_regfile.$memrd$\regs$/openlane/designs/riscv_rv32i/src/regfile.v:21$102: { $flatten\u_alu.$procmux$196_CMP $flatten\u_regfile.$eq$/openlane/designs/riscv_rv32i/src/regfile.v:21$101_Y } = 2'10
      Activation pattern for cell $flatten\u_regfile.$memrd$\regs$/openlane/designs/riscv_rv32i/src/regfile.v:21$102: { $flatten\u_alu.$procmux$198_CMP $flatten\u_regfile.$eq$/openlane/designs/riscv_rv32i/src/regfile.v:21$101_Y } = 2'10
      Activation pattern for cell $flatten\u_regfile.$memrd$\regs$/openlane/designs/riscv_rv32i/src/regfile.v:21$102: { $flatten\u_alu.$procmux$189_CMP $flatten\u_regfile.$eq$/openlane/designs/riscv_rv32i/src/regfile.v:21$101_Y } = 2'10
      Activation pattern for cell $flatten\u_regfile.$memrd$\regs$/openlane/designs/riscv_rv32i/src/regfile.v:21$102: { $flatten\u_regfile.$eq$/openlane/designs/riscv_rv32i/src/regfile.v:21$101_Y $flatten\u_alu.$procmux$190_CMP } = 2'01
      Size of SAT problem: 0 cells, 601 variables, 1658 clauses
      According to the SAT solver this pair of cells can not be shared.
      Model from SAT solver: { $flatten\u_alu.$procmux$189_CMP $flatten\u_alu.$procmux$198_CMP $flatten\u_alu.$procmux$197_CMP $flatten\u_alu.$procmux$196_CMP $flatten\u_alu.$procmux$195_CMP $flatten\u_alu.$procmux$194_CMP $flatten\u_alu.$procmux$193_CMP $flatten\u_alu.$procmux$192_CMP $flatten\u_alu.$procmux$191_CMP $flatten\u_regfile.$eq$/openlane/designs/riscv_rv32i/src/regfile.v:21$101_Y $flatten\u_regfile.$eq$/openlane/designs/riscv_rv32i/src/regfile.v:22$104_Y $flatten\u_alu.$procmux$190_CMP \alu_src } = 13'0100000000000
  Analyzing resource sharing options for $flatten\u_regfile.$memrd$\regs$/openlane/designs/riscv_rv32i/src/regfile.v:21$102 ($memrd):
    Found 10 activation_patterns using ctrl signal { $flatten\u_alu.$procmux$189_CMP $flatten\u_alu.$procmux$198_CMP $flatten\u_alu.$procmux$197_CMP $flatten\u_alu.$procmux$196_CMP $flatten\u_alu.$procmux$195_CMP $flatten\u_alu.$procmux$194_CMP $flatten\u_alu.$procmux$193_CMP $flatten\u_alu.$procmux$192_CMP $flatten\u_alu.$procmux$191_CMP $flatten\u_regfile.$eq$/openlane/designs/riscv_rv32i/src/regfile.v:21$101_Y $flatten\u_alu.$procmux$190_CMP }.
    No candidates found.
  Analyzing resource sharing options for $flatten\u_alu.$sshr$/openlane/designs/riscv_rv32i/src/alu.v:18$182 ($sshr):
    Found 1 activation_patterns using ctrl signal $flatten\u_alu.$procmux$191_CMP.
    No candidates found.
  Analyzing resource sharing options for $flatten\u_alu.$shr$/openlane/designs/riscv_rv32i/src/alu.v:17$181 ($shr):
    Found 1 activation_patterns using ctrl signal $flatten\u_alu.$procmux$192_CMP.
    No candidates found.
  Analyzing resource sharing options for $flatten\u_alu.$shl$/openlane/designs/riscv_rv32i/src/alu.v:16$180 ($shl):
    Found 1 activation_patterns using ctrl signal $flatten\u_alu.$procmux$193_CMP.
    No candidates found.

33. Executing OPT pass (performing simple optimizations).

33.1. Executing OPT_EXPR pass (perform const folding).
Optimizing module riscv_rv32i.
<suppressed ~2 debug messages>

33.2. Executing OPT_MERGE pass (detect identical cells).
Finding identical cells in module `\riscv_rv32i'.
Removed a total of 0 cells.

33.3. Executing OPT_MUXTREE pass (detect dead branches in mux trees).
Running muxtree optimizer on module \riscv_rv32i..
  Creating internal representation of mux trees.
  Evaluating internal representation of mux trees.
  Analyzing evaluation results.
Removed 0 multiplexer ports.
<suppressed ~8 debug messages>

33.4. Executing OPT_REDUCE pass (consolidate $*mux and $reduce_* inputs).
  Optimizing cells in module \riscv_rv32i.
Performed a total of 0 changes.

33.5. Executing OPT_MERGE pass (detect identical cells).
Finding identical cells in module `\riscv_rv32i'.
Removed a total of 0 cells.

33.6. Executing OPT_DFF pass (perform DFF optimizations).

33.7. Executing OPT_CLEAN pass (remove unused cells and wires).
Finding unused cells or wires in module \riscv_rv32i..
Removed 2 unused cells and 4 unused wires.
<suppressed ~3 debug messages>

33.8. Executing OPT_EXPR pass (perform const folding).
Optimizing module riscv_rv32i.

33.9. Rerunning OPT passes. (Maybe there is more to do..)

33.10. Executing OPT_MUXTREE pass (detect dead branches in mux trees).
Running muxtree optimizer on module \riscv_rv32i..
  Creating internal representation of mux trees.
  Evaluating internal representation of mux trees.
  Analyzing evaluation results.
Removed 0 multiplexer ports.
<suppressed ~8 debug messages>

33.11. Executing OPT_REDUCE pass (consolidate $*mux and $reduce_* inputs).
  Optimizing cells in module \riscv_rv32i.
Performed a total of 0 changes.

33.12. Executing OPT_MERGE pass (detect identical cells).
Finding identical cells in module `\riscv_rv32i'.
Removed a total of 0 cells.

33.13. Executing OPT_DFF pass (perform DFF optimizations).

33.14. Executing OPT_CLEAN pass (remove unused cells and wires).
Finding unused cells or wires in module \riscv_rv32i..

33.15. Executing OPT_EXPR pass (perform const folding).
Optimizing module riscv_rv32i.

33.16. Finished OPT passes. (There is nothing left to do.)

34. Executing MEMORY pass.

34.1. Executing OPT_MEM pass (optimize memories).
Performed a total of 0 transformations.

34.2. Executing OPT_MEM_PRIORITY pass (removing unnecessary memory write priority relations).
Performed a total of 0 transformations.

34.3. Executing OPT_MEM_FEEDBACK pass (finding memory read-to-write feedback paths).
  Analyzing riscv_rv32i.u_regfile.regs write port 0.

34.4. Executing MEMORY_BMUX2ROM pass (converting muxes to ROMs).

34.5. Executing MEMORY_DFF pass (merging $dff cells to $memrd).
Checking read port `\u_regfile.regs'[0] in module `\riscv_rv32i': no output FF found.
Checking read port `\u_regfile.regs'[1] in module `\riscv_rv32i': no output FF found.
Checking read port address `\u_regfile.regs'[0] in module `\riscv_rv32i': no address FF found.
Checking read port address `\u_regfile.regs'[1] in module `\riscv_rv32i': no address FF found.

34.6. Executing OPT_CLEAN pass (remove unused cells and wires).
Finding unused cells or wires in module \riscv_rv32i..

34.7. Executing MEMORY_SHARE pass (consolidating $memrd/$memwr cells).
Consolidating read ports of memory riscv_rv32i.u_regfile.regs by address:

34.8. Executing OPT_MEM_WIDEN pass (optimize memories where all ports are wide).
Performed a total of 0 transformations.

34.9. Executing OPT_CLEAN pass (remove unused cells and wires).
Finding unused cells or wires in module \riscv_rv32i..

34.10. Executing MEMORY_COLLECT pass (generating $mem cells).

35. Executing OPT_CLEAN pass (remove unused cells and wires).
Finding unused cells or wires in module \riscv_rv32i..

36. Executing OPT pass (performing simple optimizations).

36.1. Executing OPT_EXPR pass (perform const folding).
Optimizing module riscv_rv32i.
<suppressed ~6 debug messages>

36.2. Executing OPT_MERGE pass (detect identical cells).
Finding identical cells in module `\riscv_rv32i'.
Removed a total of 0 cells.

36.3. Executing OPT_DFF pass (perform DFF optimizations).

36.4. Executing OPT_CLEAN pass (remove unused cells and wires).
Finding unused cells or wires in module \riscv_rv32i..
Removed 0 unused cells and 4 unused wires.
<suppressed ~1 debug messages>

36.5. Finished fast OPT passes.

37. Executing MEMORY_MAP pass (converting memories to logic and flip-flops).
Mapping memory \u_regfile.regs in module \riscv_rv32i:
  created 32 $dff cells and 0 static cells of width 32.
  read interface: 0 $dff and 62 $mux cells.
  write interface: 32 write mux blocks.

38. Executing OPT pass (performing simple optimizations).

38.1. Executing OPT_EXPR pass (perform const folding).
Optimizing module riscv_rv32i.
<suppressed ~10 debug messages>

38.2. Executing OPT_MERGE pass (detect identical cells).
Finding identical cells in module `\riscv_rv32i'.
Removed a total of 0 cells.

38.3. Executing OPT_MUXTREE pass (detect dead branches in mux trees).
Running muxtree optimizer on module \riscv_rv32i..
  Creating internal representation of mux trees.
  Evaluating internal representation of mux trees.
  Analyzing evaluation results.
Removed 0 multiplexer ports.
<suppressed ~36 debug messages>

38.4. Executing OPT_REDUCE pass (consolidate $*mux and $reduce_* inputs).
  Optimizing cells in module \riscv_rv32i.
    Consolidated identical input bits for $mux cell $flatten\u_decoder.$ternary$/openlane/designs/riscv_rv32i/src/decoder.v:30$48:
      Old ports: A={ 2'00 $auto$wreduce.cc:455:run$214 [1:0] }, B=4'0010, Y=$flatten\u_decoder.$ternary$/openlane/designs/riscv_rv32i/src/decoder.v:30$48_Y
      New ports: A=$auto$wreduce.cc:455:run$214 [1:0], B=2'10, Y=$flatten\u_decoder.$ternary$/openlane/designs/riscv_rv32i/src/decoder.v:30$48_Y [1:0]
      New connections: $flatten\u_decoder.$ternary$/openlane/designs/riscv_rv32i/src/decoder.v:30$48_Y [3:2] = 2'00
    Consolidated identical input bits for $mux cell $flatten\u_decoder.$ternary$/openlane/designs/riscv_rv32i/src/decoder.v:31$47:
      Old ports: A=2'00, B=2'11, Y=$auto$wreduce.cc:455:run$214 [1:0]
      New ports: A=1'0, B=1'1, Y=$auto$wreduce.cc:455:run$214 [0]
      New connections: $auto$wreduce.cc:455:run$214 [1] = $auto$wreduce.cc:455:run$214 [0]
  Optimizing cells in module \riscv_rv32i.
    Consolidated identical input bits for $mux cell $flatten\u_decoder.$ternary$/openlane/designs/riscv_rv32i/src/decoder.v:29$49:
      Old ports: A=$flatten\u_decoder.$ternary$/openlane/designs/riscv_rv32i/src/decoder.v:30$48_Y, B=4'0000, Y=$flatten\u_decoder.$ternary$/openlane/designs/riscv_rv32i/src/decoder.v:29$49_Y
      New ports: A=$flatten\u_decoder.$ternary$/openlane/designs/riscv_rv32i/src/decoder.v:30$48_Y [1:0], B=2'00, Y=$flatten\u_decoder.$ternary$/openlane/designs/riscv_rv32i/src/decoder.v:29$49_Y [1:0]
      New connections: $flatten\u_decoder.$ternary$/openlane/designs/riscv_rv32i/src/decoder.v:29$49_Y [3:2] = 2'00
  Optimizing cells in module \riscv_rv32i.
    Consolidated identical input bits for $mux cell $flatten\u_decoder.$ternary$/openlane/designs/riscv_rv32i/src/decoder.v:28$50:
      Old ports: A=$flatten\u_decoder.$ternary$/openlane/designs/riscv_rv32i/src/decoder.v:29$49_Y, B=4'0111, Y=$flatten\u_decoder.$ternary$/openlane/designs/riscv_rv32i/src/decoder.v:28$50_Y
      New ports: A={ 1'0 $flatten\u_decoder.$ternary$/openlane/designs/riscv_rv32i/src/decoder.v:29$49_Y [1:0] }, B=3'111, Y=$flatten\u_decoder.$ternary$/openlane/designs/riscv_rv32i/src/decoder.v:28$50_Y [2:0]
      New connections: $flatten\u_decoder.$ternary$/openlane/designs/riscv_rv32i/src/decoder.v:28$50_Y [3] = 1'0
  Optimizing cells in module \riscv_rv32i.
    Consolidated identical input bits for $mux cell $flatten\u_decoder.$ternary$/openlane/designs/riscv_rv32i/src/decoder.v:27$51:
      Old ports: A=$flatten\u_decoder.$ternary$/openlane/designs/riscv_rv32i/src/decoder.v:28$50_Y, B=4'0110, Y=$flatten\u_decoder.$ternary$/openlane/designs/riscv_rv32i/src/decoder.v:27$51_Y
      New ports: A=$flatten\u_decoder.$ternary$/openlane/designs/riscv_rv32i/src/decoder.v:28$50_Y [2:0], B=3'110, Y=$flatten\u_decoder.$ternary$/openlane/designs/riscv_rv32i/src/decoder.v:27$51_Y [2:0]
      New connections: $flatten\u_decoder.$ternary$/openlane/designs/riscv_rv32i/src/decoder.v:27$51_Y [3] = 1'0
  Optimizing cells in module \riscv_rv32i.
    Consolidated identical input bits for $mux cell $flatten\u_decoder.$ternary$/openlane/designs/riscv_rv32i/src/decoder.v:26$52:
      Old ports: A=$flatten\u_decoder.$ternary$/openlane/designs/riscv_rv32i/src/decoder.v:27$51_Y, B=4'0101, Y=$flatten\u_decoder.$ternary$/openlane/designs/riscv_rv32i/src/decoder.v:26$52_Y
      New ports: A=$flatten\u_decoder.$ternary$/openlane/designs/riscv_rv32i/src/decoder.v:27$51_Y [2:0], B=3'101, Y=$flatten\u_decoder.$ternary$/openlane/designs/riscv_rv32i/src/decoder.v:26$52_Y [2:0]
      New connections: $flatten\u_decoder.$ternary$/openlane/designs/riscv_rv32i/src/decoder.v:26$52_Y [3] = 1'0
  Optimizing cells in module \riscv_rv32i.
    Consolidated identical input bits for $mux cell $flatten\u_decoder.$ternary$/openlane/designs/riscv_rv32i/src/decoder.v:25$53:
      Old ports: A=$flatten\u_decoder.$ternary$/openlane/designs/riscv_rv32i/src/decoder.v:26$52_Y, B=4'0100, Y=$flatten\u_decoder.$ternary$/openlane/designs/riscv_rv32i/src/decoder.v:25$53_Y
      New ports: A=$flatten\u_decoder.$ternary$/openlane/designs/riscv_rv32i/src/decoder.v:26$52_Y [2:0], B=3'100, Y=$flatten\u_decoder.$ternary$/openlane/designs/riscv_rv32i/src/decoder.v:25$53_Y [2:0]
      New connections: $flatten\u_decoder.$ternary$/openlane/designs/riscv_rv32i/src/decoder.v:25$53_Y [3] = 1'0
  Optimizing cells in module \riscv_rv32i.
    Consolidated identical input bits for $mux cell $flatten\u_decoder.$ternary$/openlane/designs/riscv_rv32i/src/decoder.v:24$54:
      Old ports: A=$flatten\u_decoder.$ternary$/openlane/designs/riscv_rv32i/src/decoder.v:25$53_Y, B=4'0011, Y=$flatten\u_decoder.$ternary$/openlane/designs/riscv_rv32i/src/decoder.v:24$54_Y
      New ports: A=$flatten\u_decoder.$ternary$/openlane/designs/riscv_rv32i/src/decoder.v:25$53_Y [2:0], B=3'011, Y=$flatten\u_decoder.$ternary$/openlane/designs/riscv_rv32i/src/decoder.v:24$54_Y [2:0]
      New connections: $flatten\u_decoder.$ternary$/openlane/designs/riscv_rv32i/src/decoder.v:24$54_Y [3] = 1'0
  Optimizing cells in module \riscv_rv32i.
    Consolidated identical input bits for $mux cell $flatten\u_decoder.$ternary$/openlane/designs/riscv_rv32i/src/decoder.v:23$55:
      Old ports: A=$flatten\u_decoder.$ternary$/openlane/designs/riscv_rv32i/src/decoder.v:24$54_Y, B=4'0010, Y=$flatten\u_decoder.$ternary$/openlane/designs/riscv_rv32i/src/decoder.v:23$55_Y
      New ports: A=$flatten\u_decoder.$ternary$/openlane/designs/riscv_rv32i/src/decoder.v:24$54_Y [2:0], B=3'010, Y=$flatten\u_decoder.$ternary$/openlane/designs/riscv_rv32i/src/decoder.v:23$55_Y [2:0]
      New connections: $flatten\u_decoder.$ternary$/openlane/designs/riscv_rv32i/src/decoder.v:23$55_Y [3] = 1'0
  Optimizing cells in module \riscv_rv32i.
    Consolidated identical input bits for $mux cell $flatten\u_decoder.$ternary$/openlane/designs/riscv_rv32i/src/decoder.v:22$56:
      Old ports: A=$flatten\u_decoder.$ternary$/openlane/designs/riscv_rv32i/src/decoder.v:23$55_Y, B=4'0001, Y=$flatten\u_decoder.$ternary$/openlane/designs/riscv_rv32i/src/decoder.v:22$56_Y
      New ports: A=$flatten\u_decoder.$ternary$/openlane/designs/riscv_rv32i/src/decoder.v:23$55_Y [2:0], B=3'001, Y=$flatten\u_decoder.$ternary$/openlane/designs/riscv_rv32i/src/decoder.v:22$56_Y [2:0]
      New connections: $flatten\u_decoder.$ternary$/openlane/designs/riscv_rv32i/src/decoder.v:22$56_Y [3] = 1'0
  Optimizing cells in module \riscv_rv32i.
    Consolidated identical input bits for $mux cell $flatten\u_decoder.$ternary$/openlane/designs/riscv_rv32i/src/decoder.v:21$57:
      Old ports: A=$flatten\u_decoder.$ternary$/openlane/designs/riscv_rv32i/src/decoder.v:22$56_Y, B=4'0000, Y=\u_alu.alu_ctrl
      New ports: A=$flatten\u_decoder.$ternary$/openlane/designs/riscv_rv32i/src/decoder.v:22$56_Y [2:0], B=3'000, Y=\u_alu.alu_ctrl [2:0]
      New connections: \u_alu.alu_ctrl [3] = 1'0
  Optimizing cells in module \riscv_rv32i.
Performed a total of 11 changes.

38.5. Executing OPT_MERGE pass (detect identical cells).
Finding identical cells in module `\riscv_rv32i'.
Removed a total of 0 cells.

38.6. Executing OPT_SHARE pass.
    Found cells that share an operand and can be merged by moving the $pmux $flatten\u_alu.$procmux$188 in front of them:
        $auto$alumacc.cc:485:replace_alu$244
        $auto$alumacc.cc:485:replace_alu$241

38.7. Executing OPT_DFF pass (perform DFF optimizations).

38.8. Executing OPT_CLEAN pass (remove unused cells and wires).
Finding unused cells or wires in module \riscv_rv32i..
Removed 0 unused cells and 107 unused wires.
<suppressed ~1 debug messages>

38.9. Executing OPT_EXPR pass (perform const folding).
Optimizing module riscv_rv32i.
<suppressed ~5 debug messages>

38.10. Rerunning OPT passes. (Maybe there is more to do..)

38.11. Executing OPT_MUXTREE pass (detect dead branches in mux trees).
Running muxtree optimizer on module \riscv_rv32i..
  Creating internal representation of mux trees.
  Evaluating internal representation of mux trees.
  Analyzing evaluation results.
    dead port 1/11 on $pmux $flatten\u_alu.$procmux$188.
    dead port 2/11 on $pmux $flatten\u_alu.$procmux$188.
Removed 2 multiplexer ports.
<suppressed ~37 debug messages>

38.12. Executing OPT_REDUCE pass (consolidate $*mux and $reduce_* inputs).
  Optimizing cells in module \riscv_rv32i.
    New ctrl vector for $pmux cell $flatten\u_alu.$procmux$188: { $auto$opt_reduce.cc:134:opt_pmux$753 $flatten\u_alu.$procmux$196_CMP $flatten\u_alu.$procmux$195_CMP $flatten\u_alu.$procmux$194_CMP $flatten\u_alu.$procmux$193_CMP $flatten\u_alu.$procmux$192_CMP $flatten\u_alu.$procmux$191_CMP }
  Optimizing cells in module \riscv_rv32i.
Performed a total of 1 changes.

38.13. Executing OPT_MERGE pass (detect identical cells).
Finding identical cells in module `\riscv_rv32i'.
Removed a total of 0 cells.

38.14. Executing OPT_SHARE pass.

38.15. Executing OPT_DFF pass (perform DFF optimizations).
Adding EN signal on $memory\u_regfile.regs[9]$269 ($dff) from module riscv_rv32i (D = \u_regfile.wd, Q = \u_regfile.regs[9]).
Adding EN signal on $memory\u_regfile.regs[8]$267 ($dff) from module riscv_rv32i (D = \u_regfile.wd, Q = \u_regfile.regs[8]).
Adding EN signal on $memory\u_regfile.regs[7]$265 ($dff) from module riscv_rv32i (D = \u_regfile.wd, Q = \u_regfile.regs[7]).
Adding EN signal on $memory\u_regfile.regs[6]$263 ($dff) from module riscv_rv32i (D = \u_regfile.wd, Q = \u_regfile.regs[6]).
Adding EN signal on $memory\u_regfile.regs[5]$261 ($dff) from module riscv_rv32i (D = \u_regfile.wd, Q = \u_regfile.regs[5]).
Adding EN signal on $memory\u_regfile.regs[4]$259 ($dff) from module riscv_rv32i (D = \u_regfile.wd, Q = \u_regfile.regs[4]).
Adding EN signal on $memory\u_regfile.regs[3]$257 ($dff) from module riscv_rv32i (D = \u_regfile.wd, Q = \u_regfile.regs[3]).
Adding EN signal on $memory\u_regfile.regs[31]$313 ($dff) from module riscv_rv32i (D = \u_regfile.wd, Q = \u_regfile.regs[31]).
Adding EN signal on $memory\u_regfile.regs[30]$311 ($dff) from module riscv_rv32i (D = \u_regfile.wd, Q = \u_regfile.regs[30]).
Adding EN signal on $memory\u_regfile.regs[2]$255 ($dff) from module riscv_rv32i (D = \u_regfile.wd, Q = \u_regfile.regs[2]).
Adding EN signal on $memory\u_regfile.regs[29]$309 ($dff) from module riscv_rv32i (D = \u_regfile.wd, Q = \u_regfile.regs[29]).
Adding EN signal on $memory\u_regfile.regs[28]$307 ($dff) from module riscv_rv32i (D = \u_regfile.wd, Q = \u_regfile.regs[28]).
Adding EN signal on $memory\u_regfile.regs[27]$305 ($dff) from module riscv_rv32i (D = \u_regfile.wd, Q = \u_regfile.regs[27]).
Adding EN signal on $memory\u_regfile.regs[26]$303 ($dff) from module riscv_rv32i (D = \u_regfile.wd, Q = \u_regfile.regs[26]).
Adding EN signal on $memory\u_regfile.regs[25]$301 ($dff) from module riscv_rv32i (D = \u_regfile.wd, Q = \u_regfile.regs[25]).
Adding EN signal on $memory\u_regfile.regs[24]$299 ($dff) from module riscv_rv32i (D = \u_regfile.wd, Q = \u_regfile.regs[24]).
Adding EN signal on $memory\u_regfile.regs[23]$297 ($dff) from module riscv_rv32i (D = \u_regfile.wd, Q = \u_regfile.regs[23]).
Adding EN signal on $memory\u_regfile.regs[22]$295 ($dff) from module riscv_rv32i (D = \u_regfile.wd, Q = \u_regfile.regs[22]).
Adding EN signal on $memory\u_regfile.regs[21]$293 ($dff) from module riscv_rv32i (D = \u_regfile.wd, Q = \u_regfile.regs[21]).
Adding EN signal on $memory\u_regfile.regs[20]$291 ($dff) from module riscv_rv32i (D = \u_regfile.wd, Q = \u_regfile.regs[20]).
Adding EN signal on $memory\u_regfile.regs[1]$253 ($dff) from module riscv_rv32i (D = \u_regfile.wd, Q = \u_regfile.regs[1]).
Adding EN signal on $memory\u_regfile.regs[19]$289 ($dff) from module riscv_rv32i (D = \u_regfile.wd, Q = \u_regfile.regs[19]).
Adding EN signal on $memory\u_regfile.regs[18]$287 ($dff) from module riscv_rv32i (D = \u_regfile.wd, Q = \u_regfile.regs[18]).
Adding EN signal on $memory\u_regfile.regs[17]$285 ($dff) from module riscv_rv32i (D = \u_regfile.wd, Q = \u_regfile.regs[17]).
Adding EN signal on $memory\u_regfile.regs[16]$283 ($dff) from module riscv_rv32i (D = \u_regfile.wd, Q = \u_regfile.regs[16]).
Adding EN signal on $memory\u_regfile.regs[15]$281 ($dff) from module riscv_rv32i (D = \u_regfile.wd, Q = \u_regfile.regs[15]).
Adding EN signal on $memory\u_regfile.regs[14]$279 ($dff) from module riscv_rv32i (D = \u_regfile.wd, Q = \u_regfile.regs[14]).
Adding EN signal on $memory\u_regfile.regs[13]$277 ($dff) from module riscv_rv32i (D = \u_regfile.wd, Q = \u_regfile.regs[13]).
Adding EN signal on $memory\u_regfile.regs[12]$275 ($dff) from module riscv_rv32i (D = \u_regfile.wd, Q = \u_regfile.regs[12]).
Adding EN signal on $memory\u_regfile.regs[11]$273 ($dff) from module riscv_rv32i (D = \u_regfile.wd, Q = \u_regfile.regs[11]).
Adding EN signal on $memory\u_regfile.regs[10]$271 ($dff) from module riscv_rv32i (D = \u_regfile.wd, Q = \u_regfile.regs[10]).
Adding EN signal on $memory\u_regfile.regs[0]$251 ($dff) from module riscv_rv32i (D = \u_regfile.wd, Q = \u_regfile.regs[0]).

38.16. Executing OPT_CLEAN pass (remove unused cells and wires).
Finding unused cells or wires in module \riscv_rv32i..
Removed 43 unused cells and 50 unused wires.
<suppressed ~44 debug messages>

38.17. Executing OPT_EXPR pass (perform const folding).
Optimizing module riscv_rv32i.

38.18. Rerunning OPT passes. (Maybe there is more to do..)

38.19. Executing OPT_MUXTREE pass (detect dead branches in mux trees).
Running muxtree optimizer on module \riscv_rv32i..
  Creating internal representation of mux trees.
  Evaluating internal representation of mux trees.
  Analyzing evaluation results.
Removed 0 multiplexer ports.
<suppressed ~5 debug messages>

38.20. Executing OPT_REDUCE pass (consolidate $*mux and $reduce_* inputs).
  Optimizing cells in module \riscv_rv32i.
Performed a total of 0 changes.

38.21. Executing OPT_MERGE pass (detect identical cells).
Finding identical cells in module `\riscv_rv32i'.
Removed a total of 0 cells.

38.22. Executing OPT_SHARE pass.

38.23. Executing OPT_DFF pass (perform DFF optimizations).

38.24. Executing OPT_CLEAN pass (remove unused cells and wires).
Finding unused cells or wires in module \riscv_rv32i..

38.25. Executing OPT_EXPR pass (perform const folding).
Optimizing module riscv_rv32i.

38.26. Finished OPT passes. (There is nothing left to do.)

39. Executing TECHMAP pass (map to technology primitives).

39.1. Executing Verilog-2005 frontend: /build/bin/../share/yosys/techmap.v
Parsing Verilog input from `/build/bin/../share/yosys/techmap.v' to AST representation.
Generating RTLIL representation for module `\_90_simplemap_bool_ops'.
Generating RTLIL representation for module `\_90_simplemap_reduce_ops'.
Generating RTLIL representation for module `\_90_simplemap_logic_ops'.
Generating RTLIL representation for module `\_90_simplemap_compare_ops'.
Generating RTLIL representation for module `\_90_simplemap_various'.
Generating RTLIL representation for module `\_90_simplemap_registers'.
Generating RTLIL representation for module `\_90_shift_ops_shr_shl_sshl_sshr'.
Generating RTLIL representation for module `\_90_shift_shiftx'.
Generating RTLIL representation for module `\_90_fa'.
Generating RTLIL representation for module `\_90_lcu'.
Generating RTLIL representation for module `\_90_alu'.
Generating RTLIL representation for module `\_90_macc'.
Generating RTLIL representation for module `\_90_alumacc'.
Generating RTLIL representation for module `\$__div_mod_u'.
Generating RTLIL representation for module `\$__div_mod_trunc'.
Generating RTLIL representation for module `\_90_div'.
Generating RTLIL representation for module `\_90_mod'.
Generating RTLIL representation for module `\$__div_mod_floor'.
Generating RTLIL representation for module `\_90_divfloor'.
Generating RTLIL representation for module `\_90_modfloor'.
Generating RTLIL representation for module `\_90_pow'.
Generating RTLIL representation for module `\_90_pmux'.
Generating RTLIL representation for module `\_90_demux'.
Generating RTLIL representation for module `\_90_lut'.
Successfully finished Verilog frontend.

39.2. Continuing TECHMAP pass.
Using extmapper simplemap for cells of type $mux.
Using extmapper simplemap for cells of type $and.
Using extmapper simplemap for cells of type $not.
Using extmapper simplemap for cells of type $dffe.
Running "alumacc" on wrapper $extern:wrap:$neg:A_SIGNED=0:A_WIDTH=32:Y_WIDTH=32:394426c56d1a028ba8fdd5469b163e04011def47.
Using template $extern:wrap:$neg:A_SIGNED=0:A_WIDTH=32:Y_WIDTH=32:394426c56d1a028ba8fdd5469b163e04011def47 for cells of type $extern:wrap:$neg:A_SIGNED=0:A_WIDTH=32:Y_WIDTH=32:394426c56d1a028ba8fdd5469b163e04011def47.
Using extmapper simplemap for cells of type $logic_and.
Using extmapper simplemap for cells of type $eq.
Using extmapper simplemap for cells of type $logic_not.
Using extmapper simplemap for cells of type $logic_or.
Using extmapper simplemap for cells of type $reduce_bool.
Using template $paramod$constmap:4621fcf06a436d1e2a4080e2ed9866a7d07a6e07$paramod$e765c459d3029c22a22a27989e94858fd9ebfa9c\_90_shift_ops_shr_shl_sshl_sshr for cells of type $sshr.
Using template $paramod$constmap:4621fcf06a436d1e2a4080e2ed9866a7d07a6e07$paramod$feecc7a0dbd012970970f2858f15e786e251f677\_90_shift_ops_shr_shl_sshl_sshr for cells of type $shr.
Using template $paramod$constmap:4621fcf06a436d1e2a4080e2ed9866a7d07a6e07$paramod$335cfd09f1afa8139c4aafcbbe5f361887b79c5e\_90_shift_ops_shr_shl_sshl_sshr for cells of type $shl.
Using template $paramod$fbc7873bff55778c0b3173955b7e4bce1d9d6834\_90_alu for cells of type $alu.
Using template $paramod$49f1dc3dcd6d2c748486fe94c6744a34a19bbafe\_90_pmux for cells of type $pmux.
Using extmapper simplemap for cells of type $reduce_or.
Using extmapper simplemap for cells of type $xor.
Using extmapper simplemap for cells of type $or.
Using template $paramod$c6baa65225090ac0a120feab1b920965244aa496\_90_alu for cells of type $alu.
Using template $paramod\_90_lcu\WIDTH=32'00000000000000000000000000100000 for cells of type $lcu.
Using extmapper simplemap for cells of type $pos.
No more expansions possible.
<suppressed ~2072 debug messages>

40. Executing OPT pass (performing simple optimizations).

40.1. Executing OPT_EXPR pass (perform const folding).
Optimizing module riscv_rv32i.
<suppressed ~406 debug messages>

40.2. Executing OPT_MERGE pass (detect identical cells).
Finding identical cells in module `\riscv_rv32i'.
<suppressed ~402 debug messages>
Removed a total of 134 cells.

40.3. Executing OPT_DFF pass (perform DFF optimizations).

40.4. Executing OPT_CLEAN pass (remove unused cells and wires).
Finding unused cells or wires in module \riscv_rv32i..
Removed 22 unused cells and 349 unused wires.
<suppressed ~23 debug messages>

40.5. Finished fast OPT passes.

41. Executing ABC pass (technology mapping using ABC).

41.1. Extracting gate netlist of module `\riscv_rv32i' to `<abc-temp-dir>/input.blif'..
Extracted 3610 gates and 4668 wires to a netlist network with 1056 inputs and 64 outputs.

41.1.1. Executing ABC.
Running ABC command: "<yosys-exe-dir>/yosys-abc" -s -f <abc-temp-dir>/abc.script 2>&1
ABC: ABC command line: "source <abc-temp-dir>/abc.script".
ABC: 
ABC: + read_blif <abc-temp-dir>/input.blif 
ABC: + read_library <abc-temp-dir>/stdcells.genlib 
ABC: Entered genlib library with 13 gates from file "<abc-temp-dir>/stdcells.genlib".
ABC: + strash 
ABC: + dretime 
ABC: + map 
ABC: + write_blif <abc-temp-dir>/output.blif 

41.1.2. Re-integrating ABC results.
ABC RESULTS:               MUX cells:     2356
ABC RESULTS:              XNOR cells:       39
ABC RESULTS:               XOR cells:       86
ABC RESULTS:               NOR cells:       28
ABC RESULTS:               AND cells:       40
ABC RESULTS:               NOT cells:       54
ABC RESULTS:             ORNOT cells:       82
ABC RESULTS:              NAND cells:       52
ABC RESULTS:                OR cells:      335
ABC RESULTS:            ANDNOT cells:      493
ABC RESULTS:        internal signals:     3548
ABC RESULTS:           input signals:     1056
ABC RESULTS:          output signals:       64
Removing temp directory.

42. Executing OPT pass (performing simple optimizations).

42.1. Executing OPT_EXPR pass (perform const folding).
Optimizing module riscv_rv32i.
<suppressed ~1036 debug messages>

42.2. Executing OPT_MERGE pass (detect identical cells).
Finding identical cells in module `\riscv_rv32i'.
Removed a total of 0 cells.

42.3. Executing OPT_DFF pass (perform DFF optimizations).

42.4. Executing OPT_CLEAN pass (remove unused cells and wires).
Finding unused cells or wires in module \riscv_rv32i..
Removed 6 unused cells and 1540 unused wires.
<suppressed ~7 debug messages>

42.5. Finished fast OPT passes.

43. Executing HIERARCHY pass (managing design hierarchy).

43.1. Analyzing design hierarchy..
Top module:  \riscv_rv32i

43.2. Analyzing design hierarchy..
Top module:  \riscv_rv32i
Removed 0 unused modules.

44. Printing statistics.

=== riscv_rv32i ===

   Number of wires:               3597
   Number of wire bits:           5113
   Number of public wires:          70
   Number of public wire bits:    1586
   Number of memories:               0
   Number of memory bits:            0
   Number of processes:              0
   Number of cells:               4583
     $_ANDNOT_                     493
     $_AND_                         40
     $_DFFE_PP_                   1024
     $_MUX_                       2356
     $_NAND_                        52
     $_NOR_                         28
     $_NOT_                         48
     $_ORNOT_                       82
     $_OR_                         335
     $_XNOR_                        39
     $_XOR_                         86

45. Executing CHECK pass (checking for obvious problems).
Checking module riscv_rv32i...
Found and reported 0 problems.

46. Generating Graphviz representation of design.
Writing dot description to `/openlane/designs/riscv_rv32i/runs/RUN_2026.04.15_01.58.51/tmp/synthesis/post_techmap.dot'.
Dumping module riscv_rv32i to page 1.

47. Executing SHARE pass (SAT-based resource sharing).

48. Executing OPT pass (performing simple optimizations).

48.1. Executing OPT_EXPR pass (perform const folding).
Optimizing module riscv_rv32i.

48.2. Executing OPT_MERGE pass (detect identical cells).
Finding identical cells in module `\riscv_rv32i'.
Removed a total of 0 cells.

48.3. Executing OPT_MUXTREE pass (detect dead branches in mux trees).
Running muxtree optimizer on module \riscv_rv32i..
  Creating internal representation of mux trees.
  No muxes found in this module.
Removed 0 multiplexer ports.

48.4. Executing OPT_REDUCE pass (consolidate $*mux and $reduce_* inputs).
  Optimizing cells in module \riscv_rv32i.
Performed a total of 0 changes.

48.5. Executing OPT_MERGE pass (detect identical cells).
Finding identical cells in module `\riscv_rv32i'.
Removed a total of 0 cells.

48.6. Executing OPT_DFF pass (perform DFF optimizations).

48.7. Executing OPT_CLEAN pass (remove unused cells and wires).
Finding unused cells or wires in module \riscv_rv32i..

48.8. Executing OPT_EXPR pass (perform const folding).
Optimizing module riscv_rv32i.

48.9. Finished OPT passes. (There is nothing left to do.)

49. Executing OPT_CLEAN pass (remove unused cells and wires).
Finding unused cells or wires in module \riscv_rv32i..
Removed 0 unused cells and 34 unused wires.
<suppressed ~34 debug messages>

50. Printing statistics.

=== riscv_rv32i ===

   Number of wires:               3563
   Number of wire bits:           4617
   Number of public wires:          36
   Number of public wire bits:    1090
   Number of memories:               0
   Number of memory bits:            0
   Number of processes:              0
   Number of cells:               4583
     $_ANDNOT_                     493
     $_AND_                         40
     $_DFFE_PP_                   1024
     $_MUX_                       2356
     $_NAND_                        52
     $_NOR_                         28
     $_NOT_                         48
     $_ORNOT_                       82
     $_OR_                         335
     $_XNOR_                        39
     $_XOR_                         86

mapping tbuf

51. Executing TECHMAP pass (map to technology primitives).

51.1. Executing Verilog-2005 frontend: /usr/local/share/pdk/sky130A/libs.tech/openlane/sky130_fd_sc_hd/tribuff_map.v
Parsing Verilog input from `/usr/local/share/pdk/sky130A/libs.tech/openlane/sky130_fd_sc_hd/tribuff_map.v' to AST representation.
Generating RTLIL representation for module `\$_TBUF_'.
Successfully finished Verilog frontend.

51.2. Continuing TECHMAP pass.
No more expansions possible.
<suppressed ~3 debug messages>

52. Executing SIMPLEMAP pass (map simple cells to gate primitives).

53. Executing TECHMAP pass (map to technology primitives).

53.1. Executing Verilog-2005 frontend: /usr/local/share/pdk/sky130A/libs.tech/openlane/sky130_fd_sc_hd/latch_map.v
Parsing Verilog input from `/usr/local/share/pdk/sky130A/libs.tech/openlane/sky130_fd_sc_hd/latch_map.v' to AST representation.
Generating RTLIL representation for module `\$_DLATCH_P_'.
Generating RTLIL representation for module `\$_DLATCH_N_'.
Successfully finished Verilog frontend.

53.2. Continuing TECHMAP pass.
No more expansions possible.
<suppressed ~4 debug messages>

54. Executing SIMPLEMAP pass (map simple cells to gate primitives).

55. Executing DFFLIBMAP pass (mapping DFF cells to sequential cells from liberty file).
  cell sky130_fd_sc_hd__dfxtp_2 (noninv, pins=3, area=21.27) is a direct match for cell type $_DFF_P_.
  cell sky130_fd_sc_hd__dfrtp_2 (noninv, pins=4, area=26.28) is a direct match for cell type $_DFF_PN0_.
  cell sky130_fd_sc_hd__dfstp_2 (noninv, pins=4, area=26.28) is a direct match for cell type $_DFF_PN1_.
  cell sky130_fd_sc_hd__dfbbn_2 (noninv, pins=6, area=35.03) is a direct match for cell type $_DFFSR_NNN_.
  final dff cell mappings:
    unmapped dff cell: $_DFF_N_
    \sky130_fd_sc_hd__dfxtp_2 _DFF_P_ (.CLK( C), .D( D), .Q( Q));
    unmapped dff cell: $_DFF_NN0_
    unmapped dff cell: $_DFF_NN1_
    unmapped dff cell: $_DFF_NP0_
    unmapped dff cell: $_DFF_NP1_
    \sky130_fd_sc_hd__dfrtp_2 _DFF_PN0_ (.CLK( C), .D( D), .Q( Q), .RESET_B( R));
    \sky130_fd_sc_hd__dfstp_2 _DFF_PN1_ (.CLK( C), .D( D), .Q( Q), .SET_B( R));
    unmapped dff cell: $_DFF_PP0_
    unmapped dff cell: $_DFF_PP1_
    \sky130_fd_sc_hd__dfbbn_2 _DFFSR_NNN_ (.CLK_N( C), .D( D), .Q( Q), .Q_N(~Q), .RESET_B( R), .SET_B( S));
    unmapped dff cell: $_DFFSR_NNP_
    unmapped dff cell: $_DFFSR_NPN_
    unmapped dff cell: $_DFFSR_NPP_
    unmapped dff cell: $_DFFSR_PNN_
    unmapped dff cell: $_DFFSR_PNP_
    unmapped dff cell: $_DFFSR_PPN_
    unmapped dff cell: $_DFFSR_PPP_

55.1. Executing DFFLEGALIZE pass (convert FFs to types supported by the target).
Mapping DFF cells in module `\riscv_rv32i':
  mapped 1024 $_DFF_P_ cells to \sky130_fd_sc_hd__dfxtp_2 cells.

56. Printing statistics.

=== riscv_rv32i ===

   Number of wires:               4587
   Number of wire bits:           5641
   Number of public wires:          36
   Number of public wire bits:    1090
   Number of memories:               0
   Number of memory bits:            0
   Number of processes:              0
   Number of cells:               5607
     $_ANDNOT_                     493
     $_AND_                         40
     $_MUX_                       3380
     $_NAND_                        52
     $_NOR_                         28
     $_NOT_                         48
     $_ORNOT_                       82
     $_OR_                         335
     $_XNOR_                        39
     $_XOR_                         86
     sky130_fd_sc_hd__dfxtp_2     1024

[INFO]: USING STRATEGY AREA 0

57. Executing ABC pass (technology mapping using ABC).

57.1. Extracting gate netlist of module `\riscv_rv32i' to `/tmp/yosys-abc-1znDf2/input.blif'..
Extracted 4583 gates and 5639 wires to a netlist network with 1056 inputs and 1056 outputs.

57.1.1. Executing ABC.
Running ABC command: "/build/bin/yosys-abc" -s -f /tmp/yosys-abc-1znDf2/abc.script 2>&1
ABC: ABC command line: "source /tmp/yosys-abc-1znDf2/abc.script".
ABC: 
ABC: + read_blif /tmp/yosys-abc-1znDf2/input.blif 
ABC: + read_lib -w /openlane/designs/riscv_rv32i/runs/RUN_2026.04.15_01.58.51/tmp/synthesis/trimmed.lib 
ABC: Parsing finished successfully.  Parsing time =     0.04 sec
ABC: Scl_LibertyReadGenlib() skipped sequential cell "sky130_fd_sc_hd__dfbbn_2".
ABC: Scl_LibertyReadGenlib() skipped sequential cell "sky130_fd_sc_hd__dfrbp_2".
ABC: Scl_LibertyReadGenlib() skipped sequential cell "sky130_fd_sc_hd__dfrtp_2".
ABC: Scl_LibertyReadGenlib() skipped sequential cell "sky130_fd_sc_hd__dfrtp_4".
ABC: Scl_LibertyReadGenlib() skipped sequential cell "sky130_fd_sc_hd__dfsbp_2".
ABC: Scl_LibertyReadGenlib() skipped sequential cell "sky130_fd_sc_hd__dfstp_2".
ABC: Scl_LibertyReadGenlib() skipped sequential cell "sky130_fd_sc_hd__dfstp_4".
ABC: Scl_LibertyReadGenlib() skipped sequential cell "sky130_fd_sc_hd__dfxbp_2".
ABC: Scl_LibertyReadGenlib() skipped sequential cell "sky130_fd_sc_hd__dfxtp_2".
ABC: Scl_LibertyReadGenlib() skipped sequential cell "sky130_fd_sc_hd__dfxtp_4".
ABC: Scl_LibertyReadGenlib() skipped sequential cell "sky130_fd_sc_hd__dlxtn_1".
ABC: Scl_LibertyReadGenlib() skipped sequential cell "sky130_fd_sc_hd__dlxtn_2".
ABC: Scl_LibertyReadGenlib() skipped sequential cell "sky130_fd_sc_hd__dlxtn_4".
ABC: Scl_LibertyReadGenlib() skipped sequential cell "sky130_fd_sc_hd__dlxtp_1".
ABC: Scl_LibertyReadGenlib() skipped three-state cell "sky130_fd_sc_hd__ebufn_2".
ABC: Scl_LibertyReadGenlib() skipped three-state cell "sky130_fd_sc_hd__ebufn_4".
ABC: Scl_LibertyReadGenlib() skipped three-state cell "sky130_fd_sc_hd__ebufn_8".
ABC: Library "sky130A_merged" from "/openlane/designs/riscv_rv32i/runs/RUN_2026.04.15_01.58.51/tmp/synthesis/trimmed.lib" has 175 cells (17 skipped: 14 seq; 3 tri-state; 0 no func; 0 dont_use).  Time =     0.06 sec
ABC: Memory =    9.54 MB. Time =     0.06 sec
ABC: Warning: Detected 2 multi-output gates (for example, "sky130_fd_sc_hd__fa_1").
ABC: + read_constr -v /openlane/designs/riscv_rv32i/runs/RUN_2026.04.15_01.58.51/tmp/synthesis/synthesis.sdc 
ABC: Setting driving cell to be "sky130_fd_sc_hd__inv_2".
ABC: Setting output load to be 33.442001.
ABC: + read_constr /openlane/designs/riscv_rv32i/runs/RUN_2026.04.15_01.58.51/tmp/synthesis/synthesis.sdc 
ABC: + fx 
ABC: + mfs 
ABC: + strash 
ABC: + refactor 
ABC: + balance 
ABC: + rewrite 
ABC: + refactor 
ABC: + balance 
ABC: + rewrite 
ABC: + rewrite -z 
ABC: + balance 
ABC: + refactor -z 
ABC: + rewrite -z 
ABC: + balance 
ABC: + retime -D -D 30000 -M 5 
ABC: + scleanup 
ABC: Error: The network is combinational.
ABC: + fraig_store 
ABC: + balance 
ABC: + fraig_store 
ABC: + balance 
ABC: + rewrite 
ABC: + refactor 
ABC: + balance 
ABC: + rewrite 
ABC: + rewrite -z 
ABC: + balance 
ABC: + refactor -z 
ABC: + rewrite -z 
ABC: + balance 
ABC: + fraig_store 
ABC: + balance 
ABC: + rewrite 
ABC: + refactor 
ABC: + balance 
ABC: + rewrite 
ABC: + rewrite -z 
ABC: + balance 
ABC: + refactor -z 
ABC: + rewrite -z 
ABC: + balance 
ABC: + fraig_store 
ABC: + balance 
ABC: + rewrite 
ABC: + refactor 
ABC: + balance 
ABC: + rewrite 
ABC: + rewrite -z 
ABC: + balance 
ABC: + refactor -z 
ABC: + rewrite -z 
ABC: + balance 
ABC: + fraig_store 
ABC: + fraig_restore 
ABC: + amap -m -Q 0.1 -F 20 -A 20 -C 5000 
ABC: + retime -D -D 30000 
ABC: + &get -n 
ABC: + &st 
ABC: + &dch 
ABC: + &nf 
ABC: + &put 
ABC: + buffer -N 10 
ABC: + upsize -D 30000 
ABC: Current delay (7388.84 ps) does not exceed the target delay (30000.00 ps). Upsizing is not performed.
ABC: + dnsize -D 30000 
ABC: + stime -p 
ABC: WireLoad = "none"  Gates =   4863 ( 32.1 %)   Cap = 11.8 ff ( 12.7 %)   Area =    44073.52 ( 58.3 %)   Delay = 10398.51 ps  (  3.8 %)               
ABC: Path  0 --       3 : 0    9 pi                       A =   0.00  Df =  98.1  -54.0 ps  S = 144.3 ps  Cin =  0.0 ff  Cout =  30.4 ff  Cmax =   0.0 ff  G =    0  
ABC: Path  1 --    2226 : 1   10 sky130_fd_sc_hd__buf_1   A =   3.75  Df = 536.1 -237.6 ps  S = 527.6 ps  Cin =  2.1 ff  Cout =  44.8 ff  Cmax = 130.0 ff  G = 2020  
ABC: Path  2 --    2227 : 1   10 sky130_fd_sc_hd__buf_1   A =   3.75  Df =1022.5 -399.7 ps  S = 542.3 ps  Cin =  2.1 ff  Cout =  46.4 ff  Cmax = 130.0 ff  G = 2089  
ABC: Path  3 --    2240 : 1   10 sky130_fd_sc_hd__buf_1   A =   3.75  Df =1542.4 -577.7 ps  S = 589.0 ps  Cin =  2.1 ff  Cout =  50.5 ff  Cmax = 130.0 ff  G = 2274  
ABC: Path  4 --    2241 : 1   10 sky130_fd_sc_hd__buf_1   A =   3.75  Df =2093.4 -767.0 ps  S = 629.6 ps  Cin =  2.1 ff  Cout =  54.1 ff  Cmax = 130.0 ff  G = 2434  
ABC: Path  5 --    2242 : 1   10 sky130_fd_sc_hd__buf_1   A =   3.75  Df =2647.1 -952.9 ps  S = 629.4 ps  Cin =  2.1 ff  Cout =  54.1 ff  Cmax = 130.0 ff  G = 2434  
ABC: Path  6 --    2243 : 1   10 sky130_fd_sc_hd__buf_1   A =   3.75  Df =3172.7-1123.6 ps  S = 588.6 ps  Cin =  2.1 ff  Cout =  50.5 ff  Cmax = 130.0 ff  G = 2274  
ABC: Path  7 --    2244 : 1   10 sky130_fd_sc_hd__buf_1   A =   3.75  Df =3723.7-1312.7 ps  S = 629.6 ps  Cin =  2.1 ff  Cout =  54.1 ff  Cmax = 130.0 ff  G = 2434  
ABC: Path  8 --    3990 : 1   10 sky130_fd_sc_hd__buf_1   A =   3.75  Df =4277.4-1498.6 ps  S = 629.4 ps  Cin =  2.1 ff  Cout =  54.1 ff  Cmax = 130.0 ff  G = 2434  
ABC: Path  9 --    4036 : 1   10 sky130_fd_sc_hd__buf_1   A =   3.75  Df =4803.0-1669.3 ps  S = 588.6 ps  Cin =  2.1 ff  Cout =  50.5 ff  Cmax = 130.0 ff  G = 2274  
ABC: Path 10 --    4148 : 1   10 sky130_fd_sc_hd__buf_1   A =   3.75  Df =5354.0-1858.4 ps  S = 629.6 ps  Cin =  2.1 ff  Cout =  54.1 ff  Cmax = 130.0 ff  G = 2434  
ABC: Path 11 --    4201 : 1   10 sky130_fd_sc_hd__buf_1   A =   3.75  Df =5907.7-2044.3 ps  S = 629.4 ps  Cin =  2.1 ff  Cout =  54.1 ff  Cmax = 130.0 ff  G = 2434  
ABC: Path 12 --    4250 : 1   10 sky130_fd_sc_hd__buf_1   A =   3.75  Df =6461.4-2230.2 ps  S = 629.4 ps  Cin =  2.1 ff  Cout =  54.1 ff  Cmax = 130.0 ff  G = 2434  
ABC: Path 13 --    4303 : 1   10 sky130_fd_sc_hd__buf_1   A =   3.75  Df =7043.2-2431.3 ps  S = 670.5 ps  Cin =  2.1 ff  Cout =  57.7 ff  Cmax = 130.0 ff  G = 2593  
ABC: Path 14 --    4305 : 6    1 sky130_fd_sc_hd__mux4_2  A =  22.52  Df =7604.4-2441.9 ps  S =  86.7 ps  Cin =  2.6 ff  Cout =   4.7 ff  Cmax = 301.2 ff  G =  169  
ABC: Path 15 --    4306 : 2    1 sky130_fd_sc_hd__nor2_2  A =   6.26  Df =7636.3-2391.3 ps  S =  82.9 ps  Cin =  4.4 ff  Cout =   2.4 ff  Cmax = 141.9 ff  G =   52  
ABC: Path 16 --    4309 : 5    1 sky130_fd_sc_hd__o221a_2 A =  11.26  Df =7895.3-2427.6 ps  S =  52.6 ps  Cin =  2.3 ff  Cout =   4.7 ff  Cmax = 281.1 ff  G =  183  
ABC: Path 17 --    4310 : 4    5 sky130_fd_sc_hd__o31ai_2 A =  12.51  Df =8300.9-2733.0 ps  S = 486.3 ps  Cin =  4.4 ff  Cout =  21.9 ff  Cmax =  80.6 ff  G =  475  
ABC: Path 18 --    4327 : 4    1 sky130_fd_sc_hd__a31o_2  A =   8.76  Df =8797.4 -208.8 ps  S =  37.0 ps  Cin =  2.4 ff  Cout =   1.5 ff  Cmax = 271.9 ff  G =   62  
ABC: Path 19 --    4332 : 3    1 sky130_fd_sc_hd__or3b_2  A =   8.76  Df =9242.9 -557.6 ps  S =  72.9 ps  Cin =  1.5 ff  Cout =   2.5 ff  Cmax = 269.2 ff  G =  154  
ABC: Path 20 --    4333 : 4    5 sky130_fd_sc_hd__a211o_2 A =  10.01  Df =9539.6 -389.0 ps  S =  66.9 ps  Cin =  2.4 ff  Cout =  10.1 ff  Cmax = 325.0 ff  G =  413  
ABC: Path 21 --    4334 : 1   10 sky130_fd_sc_hd__buf_1   A =   3.75  Df =9831.7 -219.0 ps  S = 590.5 ps  Cin =  2.1 ff  Cout =  50.2 ff  Cmax = 130.0 ff  G = 2352  
ABC: Path 22 --    4933 : 3    1 sky130_fd_sc_hd__mux2_2  A =  11.26  Df =10179.6 -309.3 ps  S =  49.8 ps  Cin =  2.3 ff  Cout =   2.2 ff  Cmax = 297.6 ff  G =   92  
ABC: Path 23 --    4934 : 1    1 sky130_fd_sc_hd__buf_1   A =   3.75  Df =10398.5 -202.7 ps  S = 397.1 ps  Cin =  2.1 ff  Cout =  33.4 ff  Cmax = 130.0 ff  G = 1590  
ABC: Start-point = pi2 (\instr [20]).  End-point = po126 ($auto$rtlil.cc:2607:MuxGate$11104).
ABC: + print_stats -m 
ABC: netlist                       : i/o = 1056/ 1056  lat =    0  nd =  4863  edge =  12713  area =44069.54  delay =27.00  lev = 27
ABC: + write_blif /tmp/yosys-abc-1znDf2/output.blif 

57.1.2. Re-integrating ABC results.
ABC RESULTS:   sky130_fd_sc_hd__nor4b_2 cells:        1
ABC RESULTS:   sky130_fd_sc_hd__and4_2 cells:        1
ABC RESULTS:   sky130_fd_sc_hd__or4b_2 cells:        4
ABC RESULTS:   sky130_fd_sc_hd__nor3_2 cells:        3
ABC RESULTS:   sky130_fd_sc_hd__nor4_2 cells:        1
ABC RESULTS:   sky130_fd_sc_hd__a41oi_2 cells:        1
ABC RESULTS:   sky130_fd_sc_hd__a41o_2 cells:        3
ABC RESULTS:   sky130_fd_sc_hd__o311a_2 cells:       21
ABC RESULTS:   sky130_fd_sc_hd__o41a_2 cells:        4
ABC RESULTS:   sky130_fd_sc_hd__nand4b_2 cells:        1
ABC RESULTS:   sky130_fd_sc_hd__a211oi_2 cells:       31
ABC RESULTS:   sky130_fd_sc_hd__mux4_2 cells:      464
ABC RESULTS:   sky130_fd_sc_hd__o31ai_2 cells:       13
ABC RESULTS:   sky130_fd_sc_hd__o2111a_2 cells:        1
ABC RESULTS:   sky130_fd_sc_hd__or2b_2 cells:        9
ABC RESULTS:   sky130_fd_sc_hd__and2_2 cells:       45
ABC RESULTS:   sky130_fd_sc_hd__a32oi_2 cells:        3
ABC RESULTS:   sky130_fd_sc_hd__o2bb2a_2 cells:        5
ABC RESULTS:   sky130_fd_sc_hd__o221ai_2 cells:        1
ABC RESULTS:   sky130_fd_sc_hd__a22o_2 cells:       11
ABC RESULTS:   sky130_fd_sc_hd__a21bo_2 cells:        8
ABC RESULTS:   sky130_fd_sc_hd__o221a_2 cells:       35
ABC RESULTS:   sky130_fd_sc_hd__o21bai_2 cells:        4
ABC RESULTS:   sky130_fd_sc_hd__inv_2 cells:       33
ABC RESULTS:   sky130_fd_sc_hd__o21ba_2 cells:       10
ABC RESULTS:   sky130_fd_sc_hd__a32o_2 cells:       11
ABC RESULTS:   sky130_fd_sc_hd__xor2_2 cells:       19
ABC RESULTS:   sky130_fd_sc_hd__and3_2 cells:       16
ABC RESULTS:   sky130_fd_sc_hd__and3b_2 cells:        4
ABC RESULTS:   sky130_fd_sc_hd__a21boi_2 cells:        2
ABC RESULTS:   sky130_fd_sc_hd__or4_2 cells:       11
ABC RESULTS:   sky130_fd_sc_hd__a2bb2o_2 cells:        7
ABC RESULTS:   sky130_fd_sc_hd__a21o_2 cells:       71
ABC RESULTS:   sky130_fd_sc_hd__a221o_2 cells:       13
ABC RESULTS:   sky130_fd_sc_hd__o211ai_2 cells:        2
ABC RESULTS:   sky130_fd_sc_hd__o21a_2 cells:       59
ABC RESULTS:   sky130_fd_sc_hd__o31a_2 cells:       14
ABC RESULTS:   sky130_fd_sc_hd__o22a_2 cells:       18
ABC RESULTS:   sky130_fd_sc_hd__a311o_2 cells:       32
ABC RESULTS:   sky130_fd_sc_hd__a31o_2 cells:       44
ABC RESULTS:   sky130_fd_sc_hd__o21ai_2 cells:      177
ABC RESULTS:   sky130_fd_sc_hd__xnor2_2 cells:       42
ABC RESULTS:   sky130_fd_sc_hd__nand2_2 cells:      162
ABC RESULTS:   sky130_fd_sc_hd__o211a_2 cells:       45
ABC RESULTS:   sky130_fd_sc_hd__and2b_2 cells:       10
ABC RESULTS:   sky130_fd_sc_hd__o32a_2 cells:       36
ABC RESULTS:   sky130_fd_sc_hd__a21oi_2 cells:       75
ABC RESULTS:   sky130_fd_sc_hd__a2111o_2 cells:        4
ABC RESULTS:   sky130_fd_sc_hd__a211o_2 cells:       30
ABC RESULTS:   sky130_fd_sc_hd__nand4_2 cells:        2
ABC RESULTS:   sky130_fd_sc_hd__or3_2 cells:       14
ABC RESULTS:   sky130_fd_sc_hd__nand3_2 cells:        4
ABC RESULTS:   sky130_fd_sc_hd__nand3b_2 cells:        4
ABC RESULTS:   sky130_fd_sc_hd__or2_2 cells:      134
ABC RESULTS:   sky130_fd_sc_hd__or3b_2 cells:       13
ABC RESULTS:   sky130_fd_sc_hd__nor2_2 cells:      292
ABC RESULTS:   sky130_fd_sc_hd__mux2_2 cells:     1253
ABC RESULTS:   sky130_fd_sc_hd__buf_1 cells:     1530
ABC RESULTS:        internal signals:     3527
ABC RESULTS:           input signals:     1056
ABC RESULTS:          output signals:     1056
Removing temp directory.

58. Executing SETUNDEF pass (replace undef values with defined constants).

59. Executing HILOMAP pass (mapping to constant drivers).

60. Executing SPLITNETS pass (splitting up multi-bit signals).

61. Executing OPT_CLEAN pass (remove unused cells and wires).
Finding unused cells or wires in module \riscv_rv32i..
Removed 0 unused cells and 5639 unused wires.
<suppressed ~1 debug messages>

62. Executing INSBUF pass (insert buffer cells for connected wires).

63. Executing CHECK pass (checking for obvious problems).
Checking module riscv_rv32i...
Warning: Wire riscv_rv32i.\alu_result [31] is used but has no driver.
Warning: Wire riscv_rv32i.\alu_result [30] is used but has no driver.
Warning: Wire riscv_rv32i.\alu_result [29] is used but has no driver.
Warning: Wire riscv_rv32i.\alu_result [28] is used but has no driver.
Warning: Wire riscv_rv32i.\alu_result [27] is used but has no driver.
Warning: Wire riscv_rv32i.\alu_result [26] is used but has no driver.
Warning: Wire riscv_rv32i.\alu_result [25] is used but has no driver.
Warning: Wire riscv_rv32i.\alu_result [24] is used but has no driver.
Warning: Wire riscv_rv32i.\alu_result [23] is used but has no driver.
Warning: Wire riscv_rv32i.\alu_result [22] is used but has no driver.
Warning: Wire riscv_rv32i.\alu_result [21] is used but has no driver.
Warning: Wire riscv_rv32i.\alu_result [20] is used but has no driver.
Warning: Wire riscv_rv32i.\alu_result [19] is used but has no driver.
Warning: Wire riscv_rv32i.\alu_result [18] is used but has no driver.
Warning: Wire riscv_rv32i.\alu_result [17] is used but has no driver.
Warning: Wire riscv_rv32i.\alu_result [16] is used but has no driver.
Warning: Wire riscv_rv32i.\alu_result [15] is used but has no driver.
Warning: Wire riscv_rv32i.\alu_result [14] is used but has no driver.
Warning: Wire riscv_rv32i.\alu_result [13] is used but has no driver.
Warning: Wire riscv_rv32i.\alu_result [12] is used but has no driver.
Warning: Wire riscv_rv32i.\alu_result [11] is used but has no driver.
Warning: Wire riscv_rv32i.\alu_result [10] is used but has no driver.
Warning: Wire riscv_rv32i.\alu_result [9] is used but has no driver.
Warning: Wire riscv_rv32i.\alu_result [8] is used but has no driver.
Warning: Wire riscv_rv32i.\alu_result [7] is used but has no driver.
Warning: Wire riscv_rv32i.\alu_result [6] is used but has no driver.
Warning: Wire riscv_rv32i.\alu_result [5] is used but has no driver.
Warning: Wire riscv_rv32i.\alu_result [4] is used but has no driver.
Warning: Wire riscv_rv32i.\alu_result [3] is used but has no driver.
Warning: Wire riscv_rv32i.\alu_result [2] is used but has no driver.
Warning: Wire riscv_rv32i.\alu_result [1] is used but has no driver.
Warning: Wire riscv_rv32i.\alu_result [0] is used but has no driver.
Found and reported 32 problems.

64. Printing statistics.

=== riscv_rv32i ===

   Number of wires:               5859
   Number of wire bits:           5921
   Number of public wires:        1028
   Number of public wire bits:    1090
   Number of memories:               0
   Number of memory bits:            0
   Number of processes:              0
   Number of cells:               5887
     sky130_fd_sc_hd__a2111o_2       4
     sky130_fd_sc_hd__a211o_2       30
     sky130_fd_sc_hd__a211oi_2      31
     sky130_fd_sc_hd__a21bo_2        8
     sky130_fd_sc_hd__a21boi_2       2
     sky130_fd_sc_hd__a21o_2        71
     sky130_fd_sc_hd__a21oi_2       75
     sky130_fd_sc_hd__a221o_2       13
     sky130_fd_sc_hd__a22o_2        11
     sky130_fd_sc_hd__a2bb2o_2       7
     sky130_fd_sc_hd__a311o_2       32
     sky130_fd_sc_hd__a31o_2        44
     sky130_fd_sc_hd__a32o_2        11
     sky130_fd_sc_hd__a32oi_2        3
     sky130_fd_sc_hd__a41o_2         3
     sky130_fd_sc_hd__a41oi_2        1
     sky130_fd_sc_hd__and2_2        45
     sky130_fd_sc_hd__and2b_2       10
     sky130_fd_sc_hd__and3_2        16
     sky130_fd_sc_hd__and3b_2        4
     sky130_fd_sc_hd__and4_2         1
     sky130_fd_sc_hd__buf_1       1530
     sky130_fd_sc_hd__dfxtp_2     1024
     sky130_fd_sc_hd__inv_2         33
     sky130_fd_sc_hd__mux2_2      1253
     sky130_fd_sc_hd__mux4_2       464
     sky130_fd_sc_hd__nand2_2      162
     sky130_fd_sc_hd__nand3_2        4
     sky130_fd_sc_hd__nand3b_2       4
     sky130_fd_sc_hd__nand4_2        2
     sky130_fd_sc_hd__nand4b_2       1
     sky130_fd_sc_hd__nor2_2       292
     sky130_fd_sc_hd__nor3_2         3
     sky130_fd_sc_hd__nor4_2         1
     sky130_fd_sc_hd__nor4b_2        1
     sky130_fd_sc_hd__o2111a_2       1
     sky130_fd_sc_hd__o211a_2       45
     sky130_fd_sc_hd__o211ai_2       2
     sky130_fd_sc_hd__o21a_2        59
     sky130_fd_sc_hd__o21ai_2      177
     sky130_fd_sc_hd__o21ba_2       10
     sky130_fd_sc_hd__o21bai_2       4
     sky130_fd_sc_hd__o221a_2       35
     sky130_fd_sc_hd__o221ai_2       1
     sky130_fd_sc_hd__o22a_2        18
     sky130_fd_sc_hd__o2bb2a_2       5
     sky130_fd_sc_hd__o311a_2       21
     sky130_fd_sc_hd__o31a_2        14
     sky130_fd_sc_hd__o31ai_2       13
     sky130_fd_sc_hd__o32a_2        36
     sky130_fd_sc_hd__o41a_2         4
     sky130_fd_sc_hd__or2_2        134
     sky130_fd_sc_hd__or2b_2         9
     sky130_fd_sc_hd__or3_2         14
     sky130_fd_sc_hd__or3b_2        13
     sky130_fd_sc_hd__or4_2         11
     sky130_fd_sc_hd__or4b_2         4
     sky130_fd_sc_hd__xnor2_2       42
     sky130_fd_sc_hd__xor2_2        19

   Chip area for module '\riscv_rv32i': 65854.409600

65. Executing Verilog backend.
Dumping module `\riscv_rv32i'.

Warnings: 32 unique messages, 32 total
End of script. Logfile hash: 36d2ff182b, CPU: user 1.39s system 1.62s, MEM: 44.88 MB peak
Yosys 0.30+48 (git sha1 14d50a176d5, gcc 8.3.1 -fPIC -Os)
Time spent: 75% 2x abc (8 sec), 7% 2x write_verilog (0 sec), ...
