OpenROAD 41a51eaf4ca2171c92ff38afb91eb37bbd3f36da 
This program is licensed under the BSD-3 license. See the LICENSE file for details.
Components of this program may be licensed under more restrictive licenses which must be honored.
[INFO]: Reading ODB at '/openlane/designs/riscv_rv32i/runs/RUN_2026.04.15_01.58.51/results/floorplan/riscv_rv32i.odb'…
define_corners Typical
read_liberty -corner Typical /usr/local/share/pdk/sky130A/libs.ref/sky130_fd_sc_hd/lib/sky130_fd_sc_hd__tt_025C_1v80.lib
Using 1e-12 for capacitance...
Using 1e+03 for resistance...
Using 1e-09 for time...
Using 1e+00 for voltage...
Using 1e-03 for current...
Using 1e-09 for power...
Using 1e-06 for distance...
Reading design constraints file at '/openlane/designs/riscv_rv32i/runs/RUN_2026.04.15_01.58.51/tmp/floorplan/3-initial_fp.sdc'…
[INFO]: Setting RC values...
[INFO]: Setting signal min routing layer to: met1 and clock min routing layer to met1. 
[INFO]: Setting signal max routing layer to: met5 and clock max routing layer to met5. 
[INFO GPL-0002] DBU: 1000
[INFO GPL-0003] SiteSize: 460 2720
[INFO GPL-0004] CoreAreaLxLy: 100280 100640
[INFO GPL-0005] CoreAreaUxUy: 1099860 1098880
[INFO GPL-0006] NumInstances: 20827
[INFO GPL-0007] NumPlaceInstances: 5887
[INFO GPL-0008] NumFixedInstances: 14940
[INFO GPL-0009] NumDummyInstances: 0
[INFO GPL-0010] NumNets: 5921
[INFO GPL-0011] NumPins: 20714
[INFO GPL-0012] DieAreaLxLy: 0 0
[INFO GPL-0013] DieAreaUxUy: 1200000 1200000
[INFO GPL-0014] CoreAreaLxLy: 100280 100640
[INFO GPL-0015] CoreAreaUxUy: 1099860 1098880
[INFO GPL-0016] CoreArea: 997820739200
[INFO GPL-0017] NonPlaceInstsArea: 20529689600
[INFO GPL-0018] PlaceInstsArea: 65854409600
[INFO GPL-0019] Util(%): 6.74
[INFO GPL-0020] StdInstsArea: 65854409600
[INFO GPL-0021] MacroInstsArea: 0
[InitialPlace]  Iter: 1 CG residual: 0.00000068 HPWL: 128066070
[InitialPlace]  Iter: 2 CG residual: 0.00000036 HPWL: 115066578
[InitialPlace]  Iter: 3 CG residual: 0.00000039 HPWL: 115745151
[InitialPlace]  Iter: 4 CG residual: 0.00000025 HPWL: 116118925
[InitialPlace]  Iter: 5 CG residual: 0.00000010 HPWL: 116043126
[INFO GPL-0031] FillerInit: NumGCells: 80082
[INFO GPL-0032] FillerInit: NumGNets: 5921
[INFO GPL-0033] FillerInit: NumGPins: 20714
[INFO GPL-0023] TargetDensity: 0.90
[INFO GPL-0024] AveragePlaceInstArea: 11186412
[INFO GPL-0025] IdealBinArea: 12429347
[INFO GPL-0026] IdealBinCnt: 80279
[INFO GPL-0027] TotalBinArea: 997820739200
[INFO GPL-0028] BinCnt: 64 64
[INFO GPL-0029] BinSize: 15619 15598
[INFO GPL-0030] NumBins: 4096
[NesterovSolve] Iter: 1 overflow: 0.971282 HPWL: 76278859
[NesterovSolve] Iter: 10 overflow: 0.907632 HPWL: 113648766
[NesterovSolve] Finished with Overflow: 0.898603
Setting global connections for newly added cells…
Writing OpenROAD database to '/openlane/designs/riscv_rv32i/runs/RUN_2026.04.15_01.58.51/tmp/placement/7-global.odb'…
Writing netlist to '/openlane/designs/riscv_rv32i/runs/RUN_2026.04.15_01.58.51/tmp/placement/7-global.nl.v'…
Writing powered netlist to '/openlane/designs/riscv_rv32i/runs/RUN_2026.04.15_01.58.51/tmp/placement/7-global.pnl.v'…
Writing layout to '/openlane/designs/riscv_rv32i/runs/RUN_2026.04.15_01.58.51/tmp/placement/7-global.def'…
