2024-08-31 13:05:44 align.main INFO : Reading netlist: /home/adair/Documents/CAD/characterization_script_sandbox_rundir/current_mirror_ota_custom/current_mirror_ota/current_mirror_ota.sp subckt=CURRENT_MIRROR_OTA, flat=0
2024-08-31 13:05:44 align.compiler.compiler INFO : Starting topology identification...
2024-08-31 13:05:45 align.compiler.user_const INFO : Reading constraint file: [PosixPath('/home/adair/Documents/CAD/characterization_script_sandbox_rundir/current_mirror_ota_custom/current_mirror_ota/current_mirror_ota.const.json')]
2024-08-31 13:05:46 align.compiler.compiler INFO : Completed topology identification.
2024-08-31 13:05:48 align.pnr.main INFO : Running Place & Route for CURRENT_MIRROR_OTA
2024-08-31 13:05:48 align.pnr.build_pnr_model INFO : Reading contraint json file CURRENT_MIRROR_OTA.pnr.const.json
2024-08-31 13:05:48 align.pnr.build_pnr_model INFO : Reading contraint json file CURRENT_MIRROR_OTA.pnr.const.json
2024-08-31 13:05:48 align.pnr.placer INFO : Starting bottom-up placement on CURRENT_MIRROR_OTA 0
2024-08-31 13:05:48 PnR.placer.Placer.PlacementCoreAspectRatio_ILP INFO : Required 1 perturbations to generate a feasible solution.
2024-08-31 13:05:54 PnR.placer.Placer.PlacementCoreAspectRatio_ILP INFO : ..... 10 %
2024-08-31 13:06:00 PnR.placer.Placer.PlacementCoreAspectRatio_ILP INFO : ..... 20 %
2024-08-31 13:06:04 PnR.placer.Placer.PlacementCoreAspectRatio_ILP INFO : ..... 30 %
2024-08-31 13:06:07 PnR.placer.Placer.PlacementCoreAspectRatio_ILP INFO : ..... 40 %
2024-08-31 13:06:09 PnR.placer.Placer.PlacementCoreAspectRatio_ILP INFO : ..... 50 %
2024-08-31 13:06:10 PnR.placer.Placer.PlacementCoreAspectRatio_ILP INFO : ..... 60 %
2024-08-31 13:06:11 PnR.placer.Placer.PlacementCoreAspectRatio_ILP INFO : ..... 70 %
2024-08-31 13:06:12 PnR.placer.Placer.PlacementCoreAspectRatio_ILP INFO : ..... 80 %
2024-08-31 13:06:13 PnR.placer.Placer.PlacementCoreAspectRatio_ILP INFO : ..... 90 %
2024-08-31 13:06:13 PnR.placer.ILP_solver.updateTerminalCenter ERROR : Placer-Warning: terminal 1 is dangling; set it on origin
2024-08-31 13:06:13 PnR.placer.ILP_solver.updateTerminalCenter ERROR : Placer-Warning: terminal 2 is dangling; set it on origin
2024-08-31 13:06:14 align.pnr.build_pnr_model INFO : Reading contraint json file CURRENT_MIRROR_OTA.pnr.const.json
2024-08-31 13:06:14 PnR.placer.ILP_solver.updateTerminalCenter ERROR : Placer-Warning: terminal 1 is dangling; set it on origin
2024-08-31 13:06:14 PnR.placer.ILP_solver.updateTerminalCenter ERROR : Placer-Warning: terminal 2 is dangling; set it on origin
2024-08-31 13:06:14 align.pnr.router INFO : Starting top_down routing on CURRENT_MIRROR_OTA 0 restricted to None
2024-08-31 13:06:14 PnR.router.Router.RouteWork INFO : GcellGlobalRouter: CURRENT_MIRROR_OTA
2024-08-31 13:06:14 PnR.router.Router.RouteWork INFO : GcellDetailRouter: CURRENT_MIRROR_OTA
2024-08-31 13:06:15 PnR.router.Router.RouteWork INFO : Create power grid: CURRENT_MIRROR_OTA
2024-08-31 13:06:15 PnR.router.Router.RouteWork INFO : Power routing CURRENT_MIRROR_OTA
2024-08-31 13:06:16 align.pnr.main INFO : OUTPUT json at /home/adair/Documents/CAD/characterization_script_sandbox_rundir/current_mirror_ota_custom/3_pnr/CURRENT_MIRROR_OTA_0.json
2024-08-31 13:06:16 align.pnr.main INFO : OUTPUT gds.json /home/adair/Documents/CAD/characterization_script_sandbox_rundir/current_mirror_ota_custom/3_pnr/CURRENT_MIRROR_OTA_0.python.gds.json
