Running parameters: ac_params, cmrr_params, psrr_params, lin_params, noise_params, slew_params, power_params
Generating simulation netlist from schematic…
Parameter ac_params: Generating simulation files…
Parameter psrr_params: Generating simulation files…
Parameter cmrr_params: Generating simulation files…
Parameter lin_params: Generating simulation files…
Parameter psrr_params: Running simulations…
Parameter cmrr_params: Running simulations…
Parameter lin_params: Running simulations…
Parameter ac_params: Running simulations…
Parameter psrr_params: Collecting results…
Parameter psrr_params: Saving simulation summary as '[repr.filename][link=file:///home/sscspico/test_tools/coc_analog_vibes/ISSCC25/submitted_notebooks/analog_vibes/sim_sch/runs/RUN_2024-12-01_15-04-14/parameters/psrr_params/simulation_summary.md]runs/RUN_2024-12-01_15-04-14/parameters/psrr_params/simulation_summary.md[/link][/repr.filename]'…
Parameter noise_params: Generating simulation files…
Parameter noise_params: Running simulations…
Parameter lin_params: Collecting results…
Parameter lin_params: Saving simulation summary as '[repr.filename][link=file:///home/sscspico/test_tools/coc_analog_vibes/ISSCC25/submitted_notebooks/analog_vibes/sim_sch/runs/RUN_2024-12-01_15-04-14/parameters/lin_params/simulation_summary.md]runs/RUN_2024-12-01_15-04-14/parameters/lin_params/simulation_summary.md[/link][/repr.filename]'…
Parameter slew_params: Generating simulation files…
Parameter slew_params: Running simulations…
Parameter noise_params: Collecting results…
Parameter noise_params: Saving simulation summary as '[repr.filename][link=file:///home/sscspico/test_tools/coc_analog_vibes/ISSCC25/submitted_notebooks/analog_vibes/sim_sch/runs/RUN_2024-12-01_15-04-14/parameters/noise_params/simulation_summary.md]runs/RUN_2024-12-01_15-04-14/parameters/noise_params/simulation_summary.md[/link][/repr.filename]'…
Parameter power_params: Generating simulation files…
Parameter ac_params: Collecting results…
Parameter ac_params: Saving simulation summary as '[repr.filename][link=file:///home/sscspico/test_tools/coc_analog_vibes/ISSCC25/submitted_notebooks/analog_vibes/sim_sch/runs/RUN_2024-12-01_15-04-14/parameters/ac_params/simulation_summary.md]runs/RUN_2024-12-01_15-04-14/parameters/ac_params/simulation_summary.md[/link][/repr.filename]'…
Parameter slew_params: Collecting results…
Parameter slew_params: Saving simulation summary as '[repr.filename][link=file:///home/sscspico/test_tools/coc_analog_vibes/ISSCC25/submitted_notebooks/analog_vibes/sim_sch/runs/RUN_2024-12-01_15-04-14/parameters/slew_params/simulation_summary.md]runs/RUN_2024-12-01_15-04-14/parameters/slew_params/simulation_summary.md[/link][/repr.filename]'…
Parameter cmrr_params: Collecting results…
Parameter cmrr_params: Saving simulation summary as '[repr.filename][link=file:///home/sscspico/test_tools/coc_analog_vibes/ISSCC25/submitted_notebooks/analog_vibes/sim_sch/runs/RUN_2024-12-01_15-04-14/parameters/cmrr_params/simulation_summary.md]runs/RUN_2024-12-01_15-04-14/parameters/cmrr_params/simulation_summary.md[/link][/repr.filename]'…
Parameter power_params: Running simulations…
Parameter power_params: Collecting results…
Parameter power_params: Saving simulation summary as '[repr.filename][link=file:///home/sscspico/test_tools/coc_analog_vibes/ISSCC25/submitted_notebooks/analog_vibes/sim_sch/runs/RUN_2024-12-01_15-04-14/parameters/power_params/simulation_summary.md]runs/RUN_2024-12-01_15-04-14/parameters/power_params/simulation_summary.md[/link][/repr.filename]'…
Done with CACE simulations and evaluations in 0:37:04.
