Running parameters: ac_params, cmrr_params, psrr_params, lin_params, noise_params, slew_params, power_params
Generating simulation netlist from schematic…
Parameter cmrr_params: Generating simulation files…
Parameter psrr_params: Generating simulation files…
Parameter ac_params: Generating simulation files…
Parameter lin_params: Generating simulation files…
Parameter psrr_params: Running simulations…
Parameter ac_params: Running simulations…
Parameter lin_params: Running simulations…
Parameter cmrr_params: Running simulations…
Subprocess exited with error code 1
Error output generated by subprocess:
Subprocess exited with error code 1
Error: Could not find include file ./ota_pex.spice

ERROR: fatal error in ngspice, exit(1)
Subprocess exited with error code 1
Error output generated by subprocess:
Error output generated by subprocess:
Error: Could not find include file ./ota_pex.spice
Subprocess exited with error code 1
Error: Could not find include file ./ota_pex.spice

Error output generated by subprocess:

ERROR: fatal error in ngspice, exit(1)
Error: Could not find include file ./ota_pex.spice
ERROR: fatal error in ngspice, exit(1)

ERROR: fatal error in ngspice, exit(1)
Subprocess exited with error code 1
Error output generated by subprocess:
Error: Could not find include file ./ota_pex.spice

ERROR: fatal error in ngspice, exit(1)
Subprocess exited with error code 1
Subprocess exited with error code 1
Error output generated by subprocess:
Error: Could not find include file ./ota_pex.spice

Error output generated by subprocess:
ERROR: fatal error in ngspice, exit(1)
Error: Could not find include file ./ota_pex.spice
Subprocess exited with error code 1

Error output generated by subprocess:
ERROR: fatal error in ngspice, exit(1)
Error: Could not find include file ./ota_pex.spice

ERROR: fatal error in ngspice, exit(1)
Subprocess exited with error code 1
Error output generated by subprocess:
Error: Could not find include file ./ota_pex.spice

ERROR: fatal error in ngspice, exit(1)
Subprocess exited with error code 1
Error output generated by subprocess:
Error: Could not find include file ./ota_pex.spice

ERROR: fatal error in ngspice, exit(1)
Subprocess exited with error code 1
Error output generated by subprocess:
Subprocess exited with error code 1
Error: Could not find include file ./ota_pex.spice
Error output generated by subprocess:
Error: Could not find include file ./ota_pex.spice


ERROR: fatal error in ngspice, exit(1)
ERROR: fatal error in ngspice, exit(1)
Parameter noise_params: Canceled.
Subprocess exited with error code -2
Subprocess exited with error code -2
Subprocess exited with error code -2
Subprocess exited with error code -2
Parameter slew_params: Canceled.
Cannot remove non existing parameter.
Parameter power_params: Canceled.
Cannot remove non existing parameter.
Parameter ac_params: Canceled.
Cannot remove non existing parameter.
Parameter cmrr_params: Canceled.
Parameter psrr_params: Canceled.
Parameter lin_params: Canceled.
Subprocess exited with error code -9
Subprocess exited with error code -9
Subprocess exited with error code -9
Subprocess exited with error code -9
Done with CACE simulations and evaluations in 0:00:21.
