2024-11-18 13:51:45 align.main INFO : Reading netlist: /home/adair/Documents/CAD/roar/design/cm_ota/gds_75c/cm_ota_align/align_input/current_mirror_ota.sp subckt=CURRENT_MIRROR_OTA, flat=0
2024-11-18 13:51:45 align.compiler.compiler INFO : Starting topology identification...
2024-11-18 13:51:46 align.compiler.user_const INFO : Reading constraint file: [PosixPath('/home/adair/Documents/CAD/roar/design/cm_ota/gds_75c/cm_ota_align/align_input/current_mirror_ota.const.json')]
2024-11-18 13:51:46 align.compiler.compiler INFO : Completed topology identification.
2024-11-18 13:51:56 align.pnr.main INFO : Running Place & Route for CURRENT_MIRROR_OTA
2024-11-18 13:51:56 align.pnr.build_pnr_model INFO : Reading contraint json file CURRENT_MIRROR_OTA.pnr.const.json
2024-11-18 13:51:56 align.pnr.build_pnr_model INFO : Reading contraint json file CURRENT_MIRROR_OTA.pnr.const.json
2024-11-18 13:51:56 align.pnr.placer INFO : Starting bottom-up placement on CURRENT_MIRROR_OTA 0
2024-11-18 13:51:56 PnR.placer.Placer.PlacementCoreAspectRatio_ILP INFO : Required 1 perturbations to generate a feasible solution.
2024-11-18 13:52:05 PnR.placer.Placer.PlacementCoreAspectRatio_ILP INFO : ..... 10 %
2024-11-18 13:52:14 PnR.placer.Placer.PlacementCoreAspectRatio_ILP INFO : ..... 20 %
2024-11-18 13:52:21 PnR.placer.Placer.PlacementCoreAspectRatio_ILP INFO : ..... 30 %
2024-11-18 13:52:28 PnR.placer.Placer.PlacementCoreAspectRatio_ILP INFO : ..... 40 %
2024-11-18 13:52:36 PnR.placer.Placer.PlacementCoreAspectRatio_ILP INFO : ..... 50 %
2024-11-18 13:52:43 PnR.placer.Placer.PlacementCoreAspectRatio_ILP INFO : ..... 60 %
2024-11-18 13:52:51 PnR.placer.Placer.PlacementCoreAspectRatio_ILP INFO : ..... 70 %
2024-11-18 13:52:59 PnR.placer.Placer.PlacementCoreAspectRatio_ILP INFO : ..... 80 %
2024-11-18 13:53:06 PnR.placer.Placer.PlacementCoreAspectRatio_ILP INFO : ..... 90 %
2024-11-18 13:53:14 align.pnr.build_pnr_model INFO : Reading contraint json file CURRENT_MIRROR_OTA.pnr.const.json
2024-11-18 13:53:15 align.pnr.router INFO : Starting top_down routing on CURRENT_MIRROR_OTA 0 restricted to None
2024-11-18 13:53:15 PnR.router.Router.RouteWork INFO : GcellGlobalRouter: CURRENT_MIRROR_OTA
2024-11-18 13:53:15 PnR.router.Router.RouteWork INFO : GcellDetailRouter: CURRENT_MIRROR_OTA
2024-11-18 13:53:16 PnR.router.Router.RouteWork INFO : Create power grid: CURRENT_MIRROR_OTA
2024-11-18 13:53:16 PnR.router.Router.RouteWork INFO : Power routing CURRENT_MIRROR_OTA
2024-11-18 13:53:19 align.pnr.main INFO : OUTPUT json at /home/adair/Documents/CAD/roar/design/cm_ota/gds_75c/cm_ota_align/3_pnr/CURRENT_MIRROR_OTA_0.json
2024-11-18 13:53:19 align.pnr.main INFO : OUTPUT gds.json /home/adair/Documents/CAD/roar/design/cm_ota/gds_75c/cm_ota_align/3_pnr/CURRENT_MIRROR_OTA_0.python.gds.json
