Cadence Genus(TM) Synthesis Solution.
Copyright 2022 Cadence Design Systems, Inc. All rights reserved worldwide.
Cadence and the Cadence logo are registered trademarks and Genus is a trademark
of Cadence Design Systems, Inc. in the United States and other countries.

[06:41:47.275889] Configured Lic search path (21.01-s002): 5280@14.139.1.126

Version: 21.14-s082_1, built Thu Jun 23 02:02:08 PDT 2022
Options: 
Date:    Tue Dec 16 06:41:47 2025
Host:    ChipINEDA06.sastra.edu (x86_64 w/Linux 4.18.0-425.3.1.el8.x86_64) (4cores*4cpus*1physical cpu*Intel(R) Xeon(R) CPU E3-1220 v6 @ 3.00GHz 8192KB) (32652116KB)
PID:     2476820
OS:      Red Hat Enterprise Linux release 8.7 (Ootpa)


[06:41:48.411097] Periodic Lic check successful
[06:41:48.411112] Feature usage summary:
[06:41:48.411112] Genus_Synthesis
Checking out license: Genus_Synthesis


***********************************************************************************************************
***********************************************************************************************************



Loading tool scripts...
Finished loading tool scripts (9 seconds elapsed).

WARNING: This version of the tool is 1271 days old.

Another Ctrl-C within 1 second will terminate the tool.
CURRENT RESOURCES: RT {elapsed: 14s, ST: 9s, FG: 9s, CPU: 76.5%}, MEM {curr: 0.9G, peak: 0.9G, phys curr: 0.3G, phys peak: 0.3G}, SYS {load: 0.8, cpu: 4, total: 31.1G, free: 8.1G}

Another Ctrl-C within 1 second will terminate the tool.
CURRENT RESOURCES: RT {elapsed: 15s, ST: 9s, FG: 9s, CPU: 76.5%}, MEM {curr: 0.9G, peak: 0.9G, phys curr: 0.3G, phys peak: 0.3G}, SYS {load: 0.8, cpu: 4, total: 31.1G, free: 8.1G}
Abnormal exit.
