This file contains any messages produced by compilers while
running configure, to aid debugging if configure makes a mistake.

It was created by Osi configure 0.108.6, which was
generated by GNU Autoconf 2.59.  Invocation command line was

  $ /home/adair/Documents/CAD/sscs-ose-code-a-chip.github.io/ISSCC25/submitted_notebooks/current_mirror_ota_optimization/ALIGN-public/_skbuild/linux-x86_64-3.10/cmake-build/_deps/cbc-src/Osi/configure --prefix=/home/adair/Documents/CAD/sscs-ose-code-a-chip.github.io/ISSCC25/submitted_notebooks/current_mirror_ota_optimization/ALIGN-public/_skbuild/linux-x86_64-3.10/cmake-build/_deps/cbc-build --enable-cbc-parallel --enable-openmp --disable-zlib --disable-bzlib --without-blas --without-lapack --enable-static --enable-shared --enable-relocatable --with-pic --prefix=/home/adair/Documents/CAD/sscs-ose-code-a-chip.github.io/ISSCC25/submitted_notebooks/current_mirror_ota_optimization/ALIGN-public/_skbuild/linux-x86_64-3.10/cmake-build/_deps/cbc-build --cache-file=/dev/null --srcdir=/home/adair/Documents/CAD/sscs-ose-code-a-chip.github.io/ISSCC25/submitted_notebooks/current_mirror_ota_optimization/ALIGN-public/_skbuild/linux-x86_64-3.10/cmake-build/_deps/cbc-src/Osi

## --------- ##
## Platform. ##
## --------- ##

hostname = lubuvm
uname -m = x86_64
uname -r = 6.8.0-49-generic
uname -s = Linux
uname -v = #49~22.04.1-Ubuntu SMP PREEMPT_DYNAMIC Wed Nov  6 17:42:15 UTC 2

/usr/bin/uname -p = x86_64
/bin/uname -X     = unknown

/bin/arch              = x86_64
/usr/bin/arch -k       = unknown
/usr/convex/getsysinfo = unknown
hostinfo               = unknown
/bin/machine           = unknown
/usr/bin/oslevel       = unknown
/bin/universe          = unknown

PATH: /tmp/pip-build-env-j313kjyn/overlay/bin
PATH: /tmp/pip-build-env-j313kjyn/normal/bin
PATH: /usr/local/sbin
PATH: /usr/local/bin
PATH: /usr/sbin
PATH: /usr/bin
PATH: /sbin
PATH: /bin
PATH: /usr/games
PATH: /usr/local/games
PATH: /snap/bin
PATH: /home/adair/.local/bin
PATH: /home/adair/.local/bin
PATH: /home/adair/Documents/CAD/anaconda3/bin


## ----------- ##
## Core tests. ##
## ----------- ##

configure:1687: checking build system type
configure:1705: result: x86_64-unknown-linux-gnu
configure:1775: checking for svnversion
configure:1802: result: no
configure:1831: checking whether we want to compile in debug mode
configure:1877: result: no
configure:2127: checking for gcc
configure:2143: found /usr/bin/gcc
configure:2153: result: gcc
configure:2174: checking for C compiler version
configure:2177: gcc --version </dev/null >&5
gcc (Ubuntu 11.4.0-1ubuntu1~22.04) 11.4.0
Copyright (C) 2021 Free Software Foundation, Inc.
This is free software; see the source for copying conditions.  There is NO
warranty; not even for MERCHANTABILITY or FITNESS FOR A PARTICULAR PURPOSE.

configure:2180: $? = 0
configure:2182: gcc -v </dev/null >&5
Using built-in specs.
COLLECT_GCC=gcc
COLLECT_LTO_WRAPPER=/usr/lib/gcc/x86_64-linux-gnu/11/lto-wrapper
OFFLOAD_TARGET_NAMES=nvptx-none:amdgcn-amdhsa
OFFLOAD_TARGET_DEFAULT=1
Target: x86_64-linux-gnu
Configured with: ../src/configure -v --with-pkgversion='Ubuntu 11.4.0-1ubuntu1~22.04' --with-bugurl=file:///usr/share/doc/gcc-11/README.Bugs --enable-languages=c,ada,c++,go,brig,d,fortran,objc,obj-c++,m2 --prefix=/usr --with-gcc-major-version-only --program-suffix=-11 --program-prefix=x86_64-linux-gnu- --enable-shared --enable-linker-build-id --libexecdir=/usr/lib --without-included-gettext --enable-threads=posix --libdir=/usr/lib --enable-nls --enable-bootstrap --enable-clocale=gnu --enable-libstdcxx-debug --enable-libstdcxx-time=yes --with-default-libstdcxx-abi=new --enable-gnu-unique-object --disable-vtable-verify --enable-plugin --enable-default-pie --with-system-zlib --enable-libphobos-checking=release --with-target-system-zlib=auto --enable-objc-gc=auto --enable-multiarch --disable-werror --enable-cet --with-arch-32=i686 --with-abi=m64 --with-multilib-list=m32,m64,mx32 --enable-multilib --with-tune=generic --enable-offload-targets=nvptx-none=/build/gcc-11-XeT9lY/gcc-11-11.4.0/debian/tmp-nvptx/usr,amdgcn-amdhsa=/build/gcc-11-XeT9lY/gcc-11-11.4.0/debian/tmp-gcn/usr --without-cuda-driver --enable-checking=release --build=x86_64-linux-gnu --host=x86_64-linux-gnu --target=x86_64-linux-gnu --with-build-config=bootstrap-lto-lean --enable-link-serialization=2
Thread model: posix
Supported LTO compression algorithms: zlib zstd
gcc version 11.4.0 (Ubuntu 11.4.0-1ubuntu1~22.04) 
configure:2185: $? = 0
configure:2187: gcc -V </dev/null >&5
gcc: error: unrecognized command-line option '-V'
gcc: fatal error: no input files
compilation terminated.
configure:2190: $? = 1
configure:2213: checking for C compiler default output file name
configure:2216: gcc    conftest.c  >&5
configure:2219: $? = 0
configure:2265: result: a.out
configure:2270: checking whether the C compiler works
configure:2276: ./a.out
configure:2279: $? = 0
configure:2296: result: yes
configure:2303: checking whether we are cross compiling
configure:2305: result: no
configure:2308: checking for suffix of executables
configure:2310: gcc -o conftest    conftest.c  >&5
configure:2313: $? = 0
configure:2338: result: 
configure:2344: checking for suffix of object files
configure:2365: gcc -c   conftest.c >&5
configure:2368: $? = 0
configure:2390: result: o
configure:2394: checking whether we are using the GNU C compiler
configure:2418: gcc -c   conftest.c >&5
configure:2424: $? = 0
configure:2428: test -z 
			 || test ! -s conftest.err
configure:2431: $? = 0
configure:2434: test -s conftest.o
configure:2437: $? = 0
configure:2450: result: yes
configure:2456: checking whether gcc accepts -g
configure:2477: gcc -c -g  conftest.c >&5
configure:2483: $? = 0
configure:2487: test -z 
			 || test ! -s conftest.err
configure:2490: $? = 0
configure:2493: test -s conftest.o
configure:2496: $? = 0
configure:2507: result: yes
configure:2524: checking for gcc option to accept ANSI C
configure:2594: gcc  -c -g -O2  conftest.c >&5
configure:2600: $? = 0
configure:2604: test -z 
			 || test ! -s conftest.err
configure:2607: $? = 0
configure:2610: test -s conftest.o
configure:2613: $? = 0
configure:2631: result: none needed
configure:2649: gcc -c -g -O2  conftest.c >&5
conftest.c:2:3: error: unknown type name 'choke'
    2 |   choke me
      |   ^~~~~
conftest.c:2:3: error: expected '=', ',', ';', 'asm' or '__attribute__' at end of input
configure:2655: $? = 1
configure: failed program was:
| #ifndef __cplusplus
|   choke me
| #endif
configure:3076: gcc -o conftest -O3 -pipe -DNDEBUG -Wimplicit -Wparentheses -Wsequence-point -Wreturn-type -Wcast-qual -Wall -Wno-unknown-pragmas -Wno-long-long   -DOSI_BUILD   conftest.c  >&5
configure:3082: $? = 0
configure:3086: test -z 
			 || test ! -s conftest.err
configure:3089: $? = 0
configure:3092: test -s conftest
configure:3095: $? = 0
configure:3162: C compiler options are: -O3 -pipe -DNDEBUG -Wimplicit -Wparentheses -Wsequence-point -Wreturn-type -Wcast-qual -Wall -Wno-unknown-pragmas -Wno-long-long   -DOSI_BUILD
configure:3277: checking for g++
configure:3293: found /usr/bin/g++
configure:3303: result: g++
configure:3319: checking for C++ compiler version
configure:3322: g++ --version </dev/null >&5
g++ (Ubuntu 11.4.0-1ubuntu1~22.04) 11.4.0
Copyright (C) 2021 Free Software Foundation, Inc.
This is free software; see the source for copying conditions.  There is NO
warranty; not even for MERCHANTABILITY or FITNESS FOR A PARTICULAR PURPOSE.

configure:3325: $? = 0
configure:3327: g++ -v </dev/null >&5
Using built-in specs.
COLLECT_GCC=g++
COLLECT_LTO_WRAPPER=/usr/lib/gcc/x86_64-linux-gnu/11/lto-wrapper
OFFLOAD_TARGET_NAMES=nvptx-none:amdgcn-amdhsa
OFFLOAD_TARGET_DEFAULT=1
Target: x86_64-linux-gnu
Configured with: ../src/configure -v --with-pkgversion='Ubuntu 11.4.0-1ubuntu1~22.04' --with-bugurl=file:///usr/share/doc/gcc-11/README.Bugs --enable-languages=c,ada,c++,go,brig,d,fortran,objc,obj-c++,m2 --prefix=/usr --with-gcc-major-version-only --program-suffix=-11 --program-prefix=x86_64-linux-gnu- --enable-shared --enable-linker-build-id --libexecdir=/usr/lib --without-included-gettext --enable-threads=posix --libdir=/usr/lib --enable-nls --enable-bootstrap --enable-clocale=gnu --enable-libstdcxx-debug --enable-libstdcxx-time=yes --with-default-libstdcxx-abi=new --enable-gnu-unique-object --disable-vtable-verify --enable-plugin --enable-default-pie --with-system-zlib --enable-libphobos-checking=release --with-target-system-zlib=auto --enable-objc-gc=auto --enable-multiarch --disable-werror --enable-cet --with-arch-32=i686 --with-abi=m64 --with-multilib-list=m32,m64,mx32 --enable-multilib --with-tune=generic --enable-offload-targets=nvptx-none=/build/gcc-11-XeT9lY/gcc-11-11.4.0/debian/tmp-nvptx/usr,amdgcn-amdhsa=/build/gcc-11-XeT9lY/gcc-11-11.4.0/debian/tmp-gcn/usr --without-cuda-driver --enable-checking=release --build=x86_64-linux-gnu --host=x86_64-linux-gnu --target=x86_64-linux-gnu --with-build-config=bootstrap-lto-lean --enable-link-serialization=2
Thread model: posix
Supported LTO compression algorithms: zlib zstd
gcc version 11.4.0 (Ubuntu 11.4.0-1ubuntu1~22.04) 
configure:3330: $? = 0
configure:3332: g++ -V </dev/null >&5
g++: error: unrecognized command-line option '-V'
g++: fatal error: no input files
compilation terminated.
configure:3335: $? = 1
configure:3338: checking whether we are using the GNU C++ compiler
configure:3362: g++ -c   conftest.cc >&5
configure:3368: $? = 0
configure:3372: test -z 
			 || test ! -s conftest.err
configure:3375: $? = 0
configure:3378: test -s conftest.o
configure:3381: $? = 0
configure:3394: result: yes
configure:3400: checking whether g++ accepts -g
configure:3421: g++ -c -g  conftest.cc >&5
configure:3427: $? = 0
configure:3431: test -z 
			 || test ! -s conftest.err
configure:3434: $? = 0
configure:3437: test -s conftest.o
configure:3440: $? = 0
configure:3451: result: yes
configure:3493: g++ -c -g -O2  conftest.cc >&5
configure:3499: $? = 0
configure:3503: test -z 
			 || test ! -s conftest.err
configure:3506: $? = 0
configure:3509: test -s conftest.o
configure:3512: $? = 0
configure:3538: g++ -c -g -O2  conftest.cc >&5
conftest.cc: In function 'int main()':
conftest.cc:19:1: error: 'exit' was not declared in this scope
   19 | exit (42);
      | ^~~~
configure:3544: $? = 1
configure: failed program was:
| /* confdefs.h.  */
| 
| #define PACKAGE_NAME "Osi"
| #define PACKAGE_TARNAME "osi"
| #define PACKAGE_VERSION "0.108.6"
| #define PACKAGE_STRING "Osi 0.108.6"
| #define PACKAGE_BUGREPORT "osi@list.coin-or.org"
| #define OSI_VERSION "0.108.6"
| #define OSI_VERSION_MAJOR 0
| #define OSI_VERSION_MINOR 108
| #define OSI_VERSION_RELEASE 6
| #define COIN_OSI_VERBOSITY 0
| #define COIN_OSI_CHECKLEVEL 0
| /* end confdefs.h.  */
| 
| int
| main ()
| {
| exit (42);
|   ;
|   return 0;
| }
configure:3493: g++ -c -g -O2  conftest.cc >&5
conftest.cc:15:17: warning: 'void std::exit(int)' has not been declared within 'std'
   15 | extern "C" void std::exit (int) throw (); using std::exit;
      |                 ^~~
<built-in>: note: only here as a 'friend'
configure:3499: $? = 0
configure:3503: test -z 
			 || test ! -s conftest.err
configure:3506: $? = 0
configure:3509: test -s conftest.o
configure:3512: $? = 0
configure:3538: g++ -c -g -O2  conftest.cc >&5
conftest.cc:15:17: warning: 'void std::exit(int)' has not been declared within 'std'
   15 | extern "C" void std::exit (int) throw (); using std::exit;
      |                 ^~~
<built-in>: note: only here as a 'friend'
configure:3544: $? = 0
configure:3548: test -z 
			 || test ! -s conftest.err
configure:3551: $? = 0
configure:3554: test -s conftest.o
configure:3557: $? = 0
configure:3589: checking whether C++ compiler g++ works
configure:3607: g++ -c -g -O2  conftest.cc >&5
conftest.cc:15:17: warning: 'void std::exit(int)' has not been declared within 'std'
   15 | extern "C" void std::exit (int) throw (); using std::exit;
      |                 ^~~
<built-in>: note: only here as a 'friend'
configure:3613: $? = 0
configure:3617: test -z 
			 || test ! -s conftest.err
configure:3620: $? = 0
configure:3623: test -s conftest.o
configure:3626: $? = 0
configure:3628: result: yes
configure:3949: g++ -o conftest -O3 -pipe -DNDEBUG -Wparentheses -Wreturn-type -Wcast-qual -Wall -Wpointer-arith -Wwrite-strings -Wconversion -Wno-unknown-pragmas -Wno-long-long   -DOSI_BUILD   conftest.cc  >&5
conftest.cc:15:17: warning: 'void std::exit(int)' has not been declared within 'std'
   15 | extern "C" void std::exit (int) throw (); using std::exit;
      |                 ^~~
<built-in>: note: only here as a 'friend'
configure:3955: $? = 0
configure:3959: test -z 
			 || test ! -s conftest.err
configure:3962: $? = 0
configure:3965: test -s conftest
configure:3968: $? = 0
configure:4035: C++ compiler options are: -O3 -pipe -DNDEBUG -Wparentheses -Wreturn-type -Wcast-qual -Wall -Wpointer-arith -Wwrite-strings -Wconversion -Wno-unknown-pragmas -Wno-long-long   -DOSI_BUILD
configure:4154: checking for egrep
configure:4164: result: grep -E
configure:4169: checking whether ln -s works
configure:4173: result: yes
configure:4194: checking for a BSD-compatible install
configure:4249: result: /usr/bin/install -c
configure:4260: checking whether build environment is sane
configure:4303: result: yes
configure:4368: checking for gawk
configure:4384: found /usr/bin/gawk
configure:4394: result: gawk
configure:4404: checking whether make sets $(MAKE)
configure:4424: result: yes
configure:4454: checking for style of include used by make
configure:4482: result: GNU
configure:4663: checking dependency style of gcc
configure:4753: result: gcc3
configure:4772: checking dependency style of g++
configure:4862: result: gcc3
configure:4880: checking whether to enable maintainer-specific portions of Makefiles
configure:4889: result: no
configure:20422: Using libtool script in directory ..
configure:20521: checking if library version is set
configure:20525: result: 14:6:13
configure:20598: checking for pkg-config
configure:20614: found /usr/bin/pkg-config
configure:20624: result: pkg-config
configure:20639: checking pkg-config is at least version 0.16.0
configure:20642: result: yes
configure:20749: checking for COIN-OR package CoinUtils
configure:20891: result: yes: 2.11.4 
configure:21264: checking for COIN-OR package Glpk
configure:21428: result: not given: No package 'coinglpk' found
configure:21774: checking for COIN-OR package SoPlex
configure:21938: result: not given: No package 'coinsoplex' found
configure:22284: checking for COIN-OR package Sample
configure:22415: result: yes: 1.2.12 
configure:22764: checking for COIN-OR package Netlib
configure:22913: result: not given: No package 'coindatanetlib' found
configure:23254: checking if user provides library for Cplex
configure:23299: result: no
configure:23437: checking if user provides library for Mosek
configure:23482: result: no
configure:23620: checking if user provides library for Xpress
configure:23665: result: no
configure:23803: checking if user provides library for Gurobi
configure:23848: result: no
configure:24023: WARNING: No solver available, examples will not work.
configure:24060: configuring doxygen documentation options
configure:24067: checking for doxygen
configure:24094: result: no
configure:24103: checking for latex
configure:24119: found /usr/bin/latex
configure:24130: result: yes
configure:24158: checking for dot
configure:24174: found /usr/bin/dot
configure:24185: result: YES
configure:24236: checking for doxygen doc'n for CoinUtils 
configure:24252: result: ../CoinUtils/doxydoc (tag)
configure:24308: checking cmath usability
configure:24320: g++ -c -O3 -pipe -DNDEBUG -Wparentheses -Wreturn-type -Wcast-qual -Wall -Wpointer-arith -Wwrite-strings -Wconversion -Wno-unknown-pragmas -Wno-long-long   -DOSI_BUILD  conftest.cc >&5
conftest.cc:15:17: warning: 'void std::exit(int)' has not been declared within 'std'
   15 | extern "C" void std::exit (int) throw (); using std::exit;
      |                 ^~~
<built-in>: note: only here as a 'friend'
configure:24326: $? = 0
configure:24330: test -z 
			 || test ! -s conftest.err
configure:24333: $? = 0
configure:24336: test -s conftest.o
configure:24339: $? = 0
configure:24349: result: yes
configure:24353: checking cmath presence
configure:24363: g++ -E  conftest.cc
configure:24369: $? = 0
configure:24389: result: yes
configure:24424: checking for cmath
configure:24431: result: yes
configure:24637: checking cfloat usability
configure:24649: g++ -c -O3 -pipe -DNDEBUG -Wparentheses -Wreturn-type -Wcast-qual -Wall -Wpointer-arith -Wwrite-strings -Wconversion -Wno-unknown-pragmas -Wno-long-long   -DOSI_BUILD  conftest.cc >&5
conftest.cc:15:17: warning: 'void std::exit(int)' has not been declared within 'std'
   15 | extern "C" void std::exit (int) throw (); using std::exit;
      |                 ^~~
<built-in>: note: only here as a 'friend'
configure:24655: $? = 0
configure:24659: test -z 
			 || test ! -s conftest.err
configure:24662: $? = 0
configure:24665: test -s conftest.o
configure:24668: $? = 0
configure:24678: result: yes
configure:24682: checking cfloat presence
configure:24692: g++ -E  conftest.cc
configure:24698: $? = 0
configure:24718: result: yes
configure:24753: checking for cfloat
configure:24760: result: yes
configure:24966: checking cieeefp usability
configure:24978: g++ -c -O3 -pipe -DNDEBUG -Wparentheses -Wreturn-type -Wcast-qual -Wall -Wpointer-arith -Wwrite-strings -Wconversion -Wno-unknown-pragmas -Wno-long-long   -DOSI_BUILD  conftest.cc >&5
conftest.cc:70:10: fatal error: cieeefp: No such file or directory
   70 | #include <cieeefp>
      |          ^~~~~~~~~
compilation terminated.
configure:24984: $? = 1
configure: failed program was:
| /* confdefs.h.  */
| 
| #define PACKAGE_NAME "Osi"
| #define PACKAGE_TARNAME "osi"
| #define PACKAGE_VERSION "0.108.6"
| #define PACKAGE_STRING "Osi 0.108.6"
| #define PACKAGE_BUGREPORT "osi@list.coin-or.org"
| #define OSI_VERSION "0.108.6"
| #define OSI_VERSION_MAJOR 0
| #define OSI_VERSION_MINOR 108
| #define OSI_VERSION_RELEASE 6
| #define COIN_OSI_VERBOSITY 0
| #define COIN_OSI_CHECKLEVEL 0
| #ifdef __cplusplus
| extern "C" void std::exit (int) throw (); using std::exit;
| #endif
| #define PACKAGE "osi"
| #define VERSION "0.108.6"
| #define STDC_HEADERS 1
| #define HAVE_SYS_TYPES_H 1
| #define HAVE_SYS_STAT_H 1
| #define HAVE_STDLIB_H 1
| #define HAVE_STRING_H 1
| #define HAVE_MEMORY_H 1
| #define HAVE_STRINGS_H 1
| #define HAVE_INTTYPES_H 1
| #define HAVE_STDINT_H 1
| #define HAVE_UNISTD_H 1
| #define HAVE_DLFCN_H 1
| #define COIN_HAS_COINUTILS 1
| #define COIN_HAS_SAMPLE 1
| #define GLPK_HAS_INTOPT 1
| #define HAVE_CMATH 1
| #define HAVE_CFLOAT 1
| /* end confdefs.h.  */
| #include <stdio.h>
| #if HAVE_SYS_TYPES_H
| # include <sys/types.h>
| #endif
| #if HAVE_SYS_STAT_H
| # include <sys/stat.h>
| #endif
| #if STDC_HEADERS
| # include <stdlib.h>
| # include <stddef.h>
| #else
| # if HAVE_STDLIB_H
| #  include <stdlib.h>
| # endif
| #endif
| #if HAVE_STRING_H
| # if !STDC_HEADERS && HAVE_MEMORY_H
| #  include <memory.h>
| # endif
| # include <string.h>
| #endif
| #if HAVE_STRINGS_H
| # include <strings.h>
| #endif
| #if HAVE_INTTYPES_H
| # include <inttypes.h>
| #else
| # if HAVE_STDINT_H
| #  include <stdint.h>
| # endif
| #endif
| #if HAVE_UNISTD_H
| # include <unistd.h>
| #endif
| #include <cieeefp>
configure:25007: result: no
configure:25011: checking cieeefp presence
configure:25021: g++ -E  conftest.cc
conftest.cc:36:10: fatal error: cieeefp: No such file or directory
   36 | #include <cieeefp>
      |          ^~~~~~~~~
compilation terminated.
configure:25027: $? = 1
configure: failed program was:
| /* confdefs.h.  */
| 
| #define PACKAGE_NAME "Osi"
| #define PACKAGE_TARNAME "osi"
| #define PACKAGE_VERSION "0.108.6"
| #define PACKAGE_STRING "Osi 0.108.6"
| #define PACKAGE_BUGREPORT "osi@list.coin-or.org"
| #define OSI_VERSION "0.108.6"
| #define OSI_VERSION_MAJOR 0
| #define OSI_VERSION_MINOR 108
| #define OSI_VERSION_RELEASE 6
| #define COIN_OSI_VERBOSITY 0
| #define COIN_OSI_CHECKLEVEL 0
| #ifdef __cplusplus
| extern "C" void std::exit (int) throw (); using std::exit;
| #endif
| #define PACKAGE "osi"
| #define VERSION "0.108.6"
| #define STDC_HEADERS 1
| #define HAVE_SYS_TYPES_H 1
| #define HAVE_SYS_STAT_H 1
| #define HAVE_STDLIB_H 1
| #define HAVE_STRING_H 1
| #define HAVE_MEMORY_H 1
| #define HAVE_STRINGS_H 1
| #define HAVE_INTTYPES_H 1
| #define HAVE_STDINT_H 1
| #define HAVE_UNISTD_H 1
| #define HAVE_DLFCN_H 1
| #define COIN_HAS_COINUTILS 1
| #define COIN_HAS_SAMPLE 1
| #define GLPK_HAS_INTOPT 1
| #define HAVE_CMATH 1
| #define HAVE_CFLOAT 1
| /* end confdefs.h.  */
| #include <cieeefp>
configure:25047: result: no
configure:25082: checking for cieeefp
configure:25089: result: no
configure:25124: checking ieeefp.h usability
configure:25136: g++ -c -O3 -pipe -DNDEBUG -Wparentheses -Wreturn-type -Wcast-qual -Wall -Wpointer-arith -Wwrite-strings -Wconversion -Wno-unknown-pragmas -Wno-long-long   -DOSI_BUILD  conftest.cc >&5
conftest.cc:70:10: fatal error: ieeefp.h: No such file or directory
   70 | #include <ieeefp.h>
      |          ^~~~~~~~~~
compilation terminated.
configure:25142: $? = 1
configure: failed program was:
| /* confdefs.h.  */
| 
| #define PACKAGE_NAME "Osi"
| #define PACKAGE_TARNAME "osi"
| #define PACKAGE_VERSION "0.108.6"
| #define PACKAGE_STRING "Osi 0.108.6"
| #define PACKAGE_BUGREPORT "osi@list.coin-or.org"
| #define OSI_VERSION "0.108.6"
| #define OSI_VERSION_MAJOR 0
| #define OSI_VERSION_MINOR 108
| #define OSI_VERSION_RELEASE 6
| #define COIN_OSI_VERBOSITY 0
| #define COIN_OSI_CHECKLEVEL 0
| #ifdef __cplusplus
| extern "C" void std::exit (int) throw (); using std::exit;
| #endif
| #define PACKAGE "osi"
| #define VERSION "0.108.6"
| #define STDC_HEADERS 1
| #define HAVE_SYS_TYPES_H 1
| #define HAVE_SYS_STAT_H 1
| #define HAVE_STDLIB_H 1
| #define HAVE_STRING_H 1
| #define HAVE_MEMORY_H 1
| #define HAVE_STRINGS_H 1
| #define HAVE_INTTYPES_H 1
| #define HAVE_STDINT_H 1
| #define HAVE_UNISTD_H 1
| #define HAVE_DLFCN_H 1
| #define COIN_HAS_COINUTILS 1
| #define COIN_HAS_SAMPLE 1
| #define GLPK_HAS_INTOPT 1
| #define HAVE_CMATH 1
| #define HAVE_CFLOAT 1
| /* end confdefs.h.  */
| #include <stdio.h>
| #if HAVE_SYS_TYPES_H
| # include <sys/types.h>
| #endif
| #if HAVE_SYS_STAT_H
| # include <sys/stat.h>
| #endif
| #if STDC_HEADERS
| # include <stdlib.h>
| # include <stddef.h>
| #else
| # if HAVE_STDLIB_H
| #  include <stdlib.h>
| # endif
| #endif
| #if HAVE_STRING_H
| # if !STDC_HEADERS && HAVE_MEMORY_H
| #  include <memory.h>
| # endif
| # include <string.h>
| #endif
| #if HAVE_STRINGS_H
| # include <strings.h>
| #endif
| #if HAVE_INTTYPES_H
| # include <inttypes.h>
| #else
| # if HAVE_STDINT_H
| #  include <stdint.h>
| # endif
| #endif
| #if HAVE_UNISTD_H
| # include <unistd.h>
| #endif
| #include <ieeefp.h>
configure:25165: result: no
configure:25169: checking ieeefp.h presence
configure:25179: g++ -E  conftest.cc
conftest.cc:36:10: fatal error: ieeefp.h: No such file or directory
   36 | #include <ieeefp.h>
      |          ^~~~~~~~~~
compilation terminated.
configure:25185: $? = 1
configure: failed program was:
| /* confdefs.h.  */
| 
| #define PACKAGE_NAME "Osi"
| #define PACKAGE_TARNAME "osi"
| #define PACKAGE_VERSION "0.108.6"
| #define PACKAGE_STRING "Osi 0.108.6"
| #define PACKAGE_BUGREPORT "osi@list.coin-or.org"
| #define OSI_VERSION "0.108.6"
| #define OSI_VERSION_MAJOR 0
| #define OSI_VERSION_MINOR 108
| #define OSI_VERSION_RELEASE 6
| #define COIN_OSI_VERBOSITY 0
| #define COIN_OSI_CHECKLEVEL 0
| #ifdef __cplusplus
| extern "C" void std::exit (int) throw (); using std::exit;
| #endif
| #define PACKAGE "osi"
| #define VERSION "0.108.6"
| #define STDC_HEADERS 1
| #define HAVE_SYS_TYPES_H 1
| #define HAVE_SYS_STAT_H 1
| #define HAVE_STDLIB_H 1
| #define HAVE_STRING_H 1
| #define HAVE_MEMORY_H 1
| #define HAVE_STRINGS_H 1
| #define HAVE_INTTYPES_H 1
| #define HAVE_STDINT_H 1
| #define HAVE_UNISTD_H 1
| #define HAVE_DLFCN_H 1
| #define COIN_HAS_COINUTILS 1
| #define COIN_HAS_SAMPLE 1
| #define GLPK_HAS_INTOPT 1
| #define HAVE_CMATH 1
| #define HAVE_CFLOAT 1
| /* end confdefs.h.  */
| #include <ieeefp.h>
configure:25205: result: no
configure:25240: checking for ieeefp.h
configure:25247: result: no
configure:25321: checking which command should be used to link input files
configure:25329: result: ln -s
configure:25656: creating ./config.status

## ---------------------- ##
## Running config.status. ##
## ---------------------- ##

This file was extended by Osi config.status 0.108.6, which was
generated by GNU Autoconf 2.59.  Invocation command line was

  CONFIG_FILES    = 
  CONFIG_HEADERS  = 
  CONFIG_LINKS    = 
  CONFIG_COMMANDS = 
  $ ./config.status 

on lubuvm

config.status:889: creating Makefile
config.status:889: creating examples/Makefile
config.status:889: creating src/Osi/Makefile
config.status:889: creating src/OsiCpx/Makefile
config.status:889: creating src/OsiGlpk/Makefile
config.status:889: creating src/OsiMsk/Makefile
config.status:889: creating src/OsiXpr/Makefile
config.status:889: creating src/OsiGrb/Makefile
config.status:889: creating src/OsiSpx/Makefile
config.status:889: creating src/OsiCommonTest/Makefile
config.status:889: creating test/Makefile
config.status:889: creating osi.pc
config.status:889: creating osi-uninstalled.pc
config.status:889: creating osi-unittests.pc
config.status:889: creating osi-unittests-uninstalled.pc
config.status:889: creating doxydoc/doxygen.conf
config.status:986: creating src/Osi/config.h
config.status:986: creating src/Osi/config_osi.h
config.status:1296: executing depfiles commands
configure:27196: In case of trouble, first consult the troubleshooting page at https://projects.coin-or.org/BuildTools/wiki/user-troubleshooting
configure:27199: Configuration of Osi successful

## ---------------- ##
## Cache variables. ##
## ---------------- ##

ac_cv_build=x86_64-unknown-linux-gnu
ac_cv_build_alias=x86_64-unknown-linux-gnu
ac_cv_c_compiler_gnu=yes
ac_cv_cxx_compiler_gnu=yes
ac_cv_env_ADD_CFLAGS_set=
ac_cv_env_ADD_CFLAGS_value=
ac_cv_env_ADD_CXXFLAGS_set=
ac_cv_env_ADD_CXXFLAGS_value=
ac_cv_env_CC_set=
ac_cv_env_CC_value=
ac_cv_env_CDEFS_set=
ac_cv_env_CDEFS_value=
ac_cv_env_CFLAGS_set=
ac_cv_env_CFLAGS_value=
ac_cv_env_CPPFLAGS_set=
ac_cv_env_CPPFLAGS_value=
ac_cv_env_CPP_set=
ac_cv_env_CPP_value=
ac_cv_env_CXXCPP_set=
ac_cv_env_CXXCPP_value=
ac_cv_env_CXXDEFS_set=
ac_cv_env_CXXDEFS_value=
ac_cv_env_CXXFLAGS_set=
ac_cv_env_CXXFLAGS_value=
ac_cv_env_CXX_set=
ac_cv_env_CXX_value=
ac_cv_env_DBG_CFLAGS_set=
ac_cv_env_DBG_CFLAGS_value=
ac_cv_env_DBG_CXXFLAGS_set=
ac_cv_env_DBG_CXXFLAGS_value=
ac_cv_env_F77_set=
ac_cv_env_F77_value=
ac_cv_env_FFLAGS_set=
ac_cv_env_FFLAGS_value=
ac_cv_env_LDFLAGS_set=
ac_cv_env_LDFLAGS_value=
ac_cv_env_MPICC_set=
ac_cv_env_MPICC_value=
ac_cv_env_MPICXX_set=
ac_cv_env_MPICXX_value=
ac_cv_env_OPT_CFLAGS_set=
ac_cv_env_OPT_CFLAGS_value=
ac_cv_env_OPT_CXXFLAGS_set=
ac_cv_env_OPT_CXXFLAGS_value=
ac_cv_env_PKG_CONFIG_set=
ac_cv_env_PKG_CONFIG_value=
ac_cv_env_build_alias_set=
ac_cv_env_build_alias_value=
ac_cv_env_host_alias_set=
ac_cv_env_host_alias_value=
ac_cv_env_target_alias_set=
ac_cv_env_target_alias_value=
ac_cv_exeext=
ac_cv_header_cfloat=yes
ac_cv_header_cieeefp=no
ac_cv_header_cmath=yes
ac_cv_header_ieeefp_h=no
ac_cv_objext=o
ac_cv_path_install='/usr/bin/install -c'
ac_cv_prog_AWK=gawk
ac_cv_prog_ac_ct_CC=gcc
ac_cv_prog_ac_ct_CXX=g++
ac_cv_prog_ac_ct_PKG_CONFIG=pkg-config
ac_cv_prog_cc_g=yes
ac_cv_prog_cc_stdc=
ac_cv_prog_coin_doxy_usedot=YES
ac_cv_prog_coin_have_doxygen=no
ac_cv_prog_coin_have_latex=yes
ac_cv_prog_cxx_g=yes
ac_cv_prog_egrep='grep -E'
ac_cv_prog_have_svnversion=no
ac_cv_prog_make_make_set=yes
am_cv_CC_dependencies_compiler_type=gcc3
am_cv_CXX_dependencies_compiler_type=gcc3

## ----------------- ##
## Output variables. ##
## ----------------- ##

ABSBUILDDIR='/home/adair/Documents/CAD/sscs-ose-code-a-chip.github.io/ISSCC25/submitted_notebooks/current_mirror_ota_optimization/ALIGN-public/_skbuild/linux-x86_64-3.10/cmake-build/_deps/cbc-src/Osi'
ACLOCAL='${SHELL} /home/adair/Documents/CAD/sscs-ose-code-a-chip.github.io/ISSCC25/submitted_notebooks/current_mirror_ota_optimization/ALIGN-public/_skbuild/linux-x86_64-3.10/cmake-build/_deps/cbc-src/Osi/missing --run aclocal-1.9'
ADD_CFLAGS=''
ADD_CXXFLAGS=''
ALWAYS_FALSE_FALSE=''
ALWAYS_FALSE_TRUE='#'
AMDEPBACKSLASH='\'
AMDEP_FALSE='#'
AMDEP_TRUE=''
AMTAR='${SHELL} /home/adair/Documents/CAD/sscs-ose-code-a-chip.github.io/ISSCC25/submitted_notebooks/current_mirror_ota_optimization/ALIGN-public/_skbuild/linux-x86_64-3.10/cmake-build/_deps/cbc-src/Osi/missing --run tar'
AR='ar'
AUTOCONF='${SHELL} /home/adair/Documents/CAD/sscs-ose-code-a-chip.github.io/ISSCC25/submitted_notebooks/current_mirror_ota_optimization/ALIGN-public/_skbuild/linux-x86_64-3.10/cmake-build/_deps/cbc-src/Osi/missing --run autoconf'
AUTOHEADER='${SHELL} /home/adair/Documents/CAD/sscs-ose-code-a-chip.github.io/ISSCC25/submitted_notebooks/current_mirror_ota_optimization/ALIGN-public/_skbuild/linux-x86_64-3.10/cmake-build/_deps/cbc-src/Osi/missing --run autoheader'
AUTOMAKE='${SHELL} /home/adair/Documents/CAD/sscs-ose-code-a-chip.github.io/ISSCC25/submitted_notebooks/current_mirror_ota_optimization/ALIGN-public/_skbuild/linux-x86_64-3.10/cmake-build/_deps/cbc-src/Osi/missing --run automake-1.9'
AUX_DIR=''
AWK='gawk'
BUILDTOOLSDIR=''
CC='gcc'
CCDEPMODE='depmode=gcc3'
CDEFS=''
CFLAGS='-O3 -pipe -DNDEBUG -Wimplicit -Wparentheses -Wsequence-point -Wreturn-type -Wcast-qual -Wall -Wno-unknown-pragmas -Wno-long-long   -DOSI_BUILD'
COINUTILS_CFLAGS='-I/home/adair/Documents/CAD/sscs-ose-code-a-chip.github.io/ISSCC25/submitted_notebooks/current_mirror_ota_optimization/ALIGN-public/_skbuild/linux-x86_64-3.10/cmake-build/_deps/cbc-src/CoinUtils/src'
COINUTILS_CFLAGS_INSTALLED=''
COINUTILS_DATA=''
COINUTILS_DATA_INSTALLED=''
COINUTILS_DEPENDENCIES=' /home/adair/Documents/CAD/sscs-ose-code-a-chip.github.io/ISSCC25/submitted_notebooks/current_mirror_ota_optimization/ALIGN-public/_skbuild/linux-x86_64-3.10/cmake-build/_deps/cbc-src/CoinUtils/src/libCoinUtils.la'
COINUTILS_LIBS='/home/adair/Documents/CAD/sscs-ose-code-a-chip.github.io/ISSCC25/submitted_notebooks/current_mirror_ota_optimization/ALIGN-public/_skbuild/linux-x86_64-3.10/cmake-build/_deps/cbc-src/CoinUtils/src/libCoinUtils.la -lm'
COINUTILS_LIBS_INSTALLED=''
COIN_CC_IS_CL_FALSE=''
COIN_CC_IS_CL_TRUE='#'
COIN_CXX_IS_CL_FALSE=''
COIN_CXX_IS_CL_TRUE='#'
COIN_HAS_COINUTILS_FALSE='#'
COIN_HAS_COINUTILS_TRUE=''
COIN_HAS_CPX_FALSE=''
COIN_HAS_CPX_TRUE='#'
COIN_HAS_DOXYGEN_FALSE=''
COIN_HAS_DOXYGEN_TRUE='#'
COIN_HAS_GLPK_FALSE=''
COIN_HAS_GLPK_TRUE='#'
COIN_HAS_GRB_FALSE=''
COIN_HAS_GRB_TRUE='#'
COIN_HAS_LATEX_FALSE='#'
COIN_HAS_LATEX_TRUE=''
COIN_HAS_MSK_FALSE=''
COIN_HAS_MSK_TRUE='#'
COIN_HAS_NETLIB_FALSE=''
COIN_HAS_NETLIB_TRUE='#'
COIN_HAS_PKGCONFIG_FALSE='#'
COIN_HAS_PKGCONFIG_TRUE=''
COIN_HAS_SAMPLE_FALSE='#'
COIN_HAS_SAMPLE_TRUE=''
COIN_HAS_SOPLEX_FALSE=''
COIN_HAS_SOPLEX_TRUE='#'
COIN_HAS_XPR_FALSE=''
COIN_HAS_XPR_TRUE='#'
COIN_PKG_CONFIG_PATH='/home/adair/Documents/CAD/sscs-ose-code-a-chip.github.io/ISSCC25/submitted_notebooks/current_mirror_ota_optimization/ALIGN-public/_skbuild/linux-x86_64-3.10/cmake-build/_deps/cbc-build/lib64/pkgconfig:/home/adair/Documents/CAD/sscs-ose-code-a-chip.github.io/ISSCC25/submitted_notebooks/current_mirror_ota_optimization/ALIGN-public/_skbuild/linux-x86_64-3.10/cmake-build/_deps/cbc-build/lib/pkgconfig:/home/adair/Documents/CAD/sscs-ose-code-a-chip.github.io/ISSCC25/submitted_notebooks/current_mirror_ota_optimization/ALIGN-public/_skbuild/linux-x86_64-3.10/cmake-build/_deps/cbc-build/share/pkgconfig:'
COIN_PKG_CONFIG_PATH_UNINSTALLED='/home/adair/Documents/CAD/sscs-ose-code-a-chip.github.io/ISSCC25/submitted_notebooks/current_mirror_ota_optimization/ALIGN-public/_skbuild/linux-x86_64-3.10/cmake-build/_deps/cbc-src/Cbc:/home/adair/Documents/CAD/sscs-ose-code-a-chip.github.io/ISSCC25/submitted_notebooks/current_mirror_ota_optimization/ALIGN-public/_skbuild/linux-x86_64-3.10/cmake-build/_deps/cbc-src/Cgl:/home/adair/Documents/CAD/sscs-ose-code-a-chip.github.io/ISSCC25/submitted_notebooks/current_mirror_ota_optimization/ALIGN-public/_skbuild/linux-x86_64-3.10/cmake-build/_deps/cbc-src/Clp:/home/adair/Documents/CAD/sscs-ose-code-a-chip.github.io/ISSCC25/submitted_notebooks/current_mirror_ota_optimization/ALIGN-public/_skbuild/linux-x86_64-3.10/cmake-build/_deps/cbc-src/Osi:/home/adair/Documents/CAD/sscs-ose-code-a-chip.github.io/ISSCC25/submitted_notebooks/current_mirror_ota_optimization/ALIGN-public/_skbuild/linux-x86_64-3.10/cmake-build/_deps/cbc-src/CoinUtils:/home/adair/Documents/CAD/sscs-ose-code-a-chip.github.io/ISSCC25/submitted_notebooks/current_mirror_ota_optimization/ALIGN-public/_skbuild/linux-x86_64-3.10/cmake-build/_deps/cbc-src/Data/miplib3:/home/adair/Documents/CAD/sscs-ose-code-a-chip.github.io/ISSCC25/submitted_notebooks/current_mirror_ota_optimization/ALIGN-public/_skbuild/linux-x86_64-3.10/cmake-build/_deps/cbc-src/Data/Sample:'
CPP='gcc -E'
CPPFLAGS=''
CPXINCDIR=''
CPXLIB=''
CXX='g++'
CXXCPP='g++ -E'
CXXDEFS=''
CXXDEPMODE='depmode=gcc3'
CXXFLAGS='-O3 -pipe -DNDEBUG -Wparentheses -Wreturn-type -Wcast-qual -Wall -Wpointer-arith -Wwrite-strings -Wconversion -Wno-unknown-pragmas -Wno-long-long   -DOSI_BUILD'
CYGPATH_W='echo'
DBG_CFLAGS='-g -O0 -pipe -Wimplicit -Wparentheses -Wsequence-point -Wreturn-type -Wcast-qual -Wall -Wno-unknown-pragmas -Wno-long-long  '
DBG_CXXFLAGS='-g -O0 -pipe -Wparentheses -Wreturn-type -Wcast-qual -Wall -Wpointer-arith -Wwrite-strings -Wconversion -Wno-unknown-pragmas -Wno-long-long  '
DEFS='-DHAVE_CONFIG_H'
DEPDIR='.deps'
DEPENDENCY_LINKING_FALSE='#'
DEPENDENCY_LINKING_TRUE=''
ECHO='echo'
ECHO_C=''
ECHO_N='-n'
ECHO_T=''
EGREP='grep -E'
EXEEXT=''
F77=''
FFLAGS=''
GLPK_CFLAGS=''
GLPK_CFLAGS_INSTALLED=''
GLPK_DATA=''
GLPK_DATA_INSTALLED=''
GLPK_DEPENDENCIES=''
GLPK_LIBS=''
GLPK_LIBS_INSTALLED=''
GRBINCDIR=''
GRBLIB=''
HAVE_EXTERNALS_FALSE=''
HAVE_EXTERNALS_TRUE='#'
INSTALL_DATA='${INSTALL} -m 644'
INSTALL_PROGRAM='${INSTALL}'
INSTALL_SCRIPT='${INSTALL}'
INSTALL_STRIP_PROGRAM='${SHELL} $(install_sh) -c -s'
LDFLAGS=''
LIBEXT='a'
LIBOBJS=''
LIBS=''
LIBTOOL='$(SHELL) $(top_builddir)/../libtool'
LIBTOOLM4=''
LN_S='ln -s'
LTLIBOBJS=''
LT_LDFLAGS='-no-undefined -version-info 14:6:13'
MAINT='#'
MAINTAINER_MODE_FALSE=''
MAINTAINER_MODE_TRUE='#'
MAKEINFO='${SHELL} /home/adair/Documents/CAD/sscs-ose-code-a-chip.github.io/ISSCC25/submitted_notebooks/current_mirror_ota_optimization/ALIGN-public/_skbuild/linux-x86_64-3.10/cmake-build/_deps/cbc-src/Osi/missing --run makeinfo'
MPICC=''
MPICXX=''
MSKINCDIR=''
MSKLIB=''
NETLIB_CFLAGS=''
NETLIB_CFLAGS_INSTALLED=''
NETLIB_DATA=''
NETLIB_DATA_INSTALLED=''
NETLIB_DEPENDENCIES=''
NETLIB_LIBS=''
NETLIB_LIBS_INSTALLED=''
OBJEXT='o'
OPT_CFLAGS='-O3 -pipe -DNDEBUG -Wimplicit -Wparentheses -Wsequence-point -Wreturn-type -Wcast-qual -Wall -Wno-unknown-pragmas -Wno-long-long  '
OPT_CXXFLAGS='-O3 -pipe -DNDEBUG -Wparentheses -Wreturn-type -Wcast-qual -Wall -Wpointer-arith -Wwrite-strings -Wconversion -Wno-unknown-pragmas -Wno-long-long  '
OSIGLPKLIB_CFLAGS=''
OSIGLPKLIB_CFLAGS_INSTALLED=''
OSIGLPKLIB_DEPENDENCIES=''
OSIGLPKLIB_LIBS=''
OSIGLPKLIB_LIBS_INSTALLED=''
OSIGLPKLIB_PCLIBS=''
OSIGLPKLIB_PCREQUIRES=''
OSILIB_CFLAGS='-I/home/adair/Documents/CAD/sscs-ose-code-a-chip.github.io/ISSCC25/submitted_notebooks/current_mirror_ota_optimization/ALIGN-public/_skbuild/linux-x86_64-3.10/cmake-build/_deps/cbc-src/CoinUtils/src '
OSILIB_CFLAGS_INSTALLED=''
OSILIB_DEPENDENCIES=' /home/adair/Documents/CAD/sscs-ose-code-a-chip.github.io/ISSCC25/submitted_notebooks/current_mirror_ota_optimization/ALIGN-public/_skbuild/linux-x86_64-3.10/cmake-build/_deps/cbc-src/CoinUtils/src/libCoinUtils.la  '
OSILIB_LIBS='/home/adair/Documents/CAD/sscs-ose-code-a-chip.github.io/ISSCC25/submitted_notebooks/current_mirror_ota_optimization/ALIGN-public/_skbuild/linux-x86_64-3.10/cmake-build/_deps/cbc-src/CoinUtils/src/libCoinUtils.la -lm '
OSILIB_LIBS_INSTALLED=''
OSILIB_PCLIBS=''
OSILIB_PCREQUIRES='coinutils '
OSISPXLIB_CFLAGS=''
OSISPXLIB_CFLAGS_INSTALLED=''
OSISPXLIB_DEPENDENCIES=''
OSISPXLIB_LIBS=''
OSISPXLIB_LIBS_INSTALLED=''
OSISPXLIB_PCLIBS=''
OSISPXLIB_PCREQUIRES=''
OSI_EXAMPLES_SOLVER_CFLAGS=''
OSI_EXAMPLES_SOLVER_LIBS=''
OSI_EXAMPLES_SOLVER_NAME=''
OSI_EXAMPLES_SOLVER_PCNAME=''
OSI_SVN_REV=''
PACKAGE='osi'
PACKAGE_BUGREPORT='osi@list.coin-or.org'
PACKAGE_NAME='Osi'
PACKAGE_STRING='Osi 0.108.6'
PACKAGE_TARNAME='osi'
PACKAGE_VERSION='0.108.6'
PATH_SEPARATOR=':'
PKG_CONFIG='pkg-config'
RANLIB='ranlib'
RPATH_FLAGS=' -Wl,--rpath -Wl,/home/adair/Documents/CAD/sscs-ose-code-a-chip.github.io/ISSCC25/submitted_notebooks/current_mirror_ota_optimization/ALIGN-public/_skbuild/linux-x86_64-3.10/cmake-build/_deps/cbc-build/lib'
SAMPLE_CFLAGS=''
SAMPLE_CFLAGS_INSTALLED=''
SAMPLE_DATA='/home/adair/Documents/CAD/sscs-ose-code-a-chip.github.io/ISSCC25/submitted_notebooks/current_mirror_ota_optimization/ALIGN-public/_skbuild/linux-x86_64-3.10/cmake-build/_deps/cbc-src/Data/Sample'
SAMPLE_DATA_INSTALLED=''
SAMPLE_DEPENDENCIES=' '
SAMPLE_LIBS=''
SAMPLE_LIBS_INSTALLED=''
SET_MAKE=''
SHELL='/bin/bash'
SOPLEX_CFLAGS=''
SOPLEX_CFLAGS_INSTALLED=''
SOPLEX_DATA=''
SOPLEX_DATA_INSTALLED=''
SOPLEX_DEPENDENCIES=''
SOPLEX_LIBS=''
SOPLEX_LIBS_INSTALLED=''
STRIP='strip'
VERSION='0.108.6'
VPATH_DISTCLEANFILES=''
XPRINCDIR=''
XPRLIB=''
abs_bin_dir='/home/adair/Documents/CAD/sscs-ose-code-a-chip.github.io/ISSCC25/submitted_notebooks/current_mirror_ota_optimization/ALIGN-public/_skbuild/linux-x86_64-3.10/cmake-build/_deps/cbc-build/bin'
abs_include_dir='/home/adair/Documents/CAD/sscs-ose-code-a-chip.github.io/ISSCC25/submitted_notebooks/current_mirror_ota_optimization/ALIGN-public/_skbuild/linux-x86_64-3.10/cmake-build/_deps/cbc-build/include'
abs_lib_dir='/home/adair/Documents/CAD/sscs-ose-code-a-chip.github.io/ISSCC25/submitted_notebooks/current_mirror_ota_optimization/ALIGN-public/_skbuild/linux-x86_64-3.10/cmake-build/_deps/cbc-build/lib'
abs_source_dir='/home/adair/Documents/CAD/sscs-ose-code-a-chip.github.io/ISSCC25/submitted_notebooks/current_mirror_ota_optimization/ALIGN-public/_skbuild/linux-x86_64-3.10/cmake-build/_deps/cbc-src/Osi'
ac_c_preproc_warn_flag=''
ac_ct_AR='ar'
ac_ct_CC='gcc'
ac_ct_CXX='g++'
ac_ct_F77=''
ac_ct_PKG_CONFIG='pkg-config'
ac_ct_RANLIB='ranlib'
ac_ct_STRIP='strip'
ac_cxx_preproc_warn_flag=''
am__fastdepCC_FALSE='#'
am__fastdepCC_TRUE=''
am__fastdepCXX_FALSE='#'
am__fastdepCXX_TRUE=''
am__include='include'
am__leading_dot='.'
am__quote=''
am__tar='${AMTAR} chof - "$$tardir"'
am__untar='${AMTAR} xf -'
bindir='${exec_prefix}/bin'
build='x86_64-unknown-linux-gnu'
build_alias=''
build_cpu='x86_64'
build_os='linux-gnu'
build_vendor='unknown'
coin_doxy_excludes=' */CoinUtils'
coin_doxy_logname='doxydoc/osi_doxy.log'
coin_doxy_tagfiles=' ../CoinUtils/doxydoc/coinutils_doxy.tag=../../../CoinUtils/doxydoc/html'
coin_doxy_tagname='doxydoc/osi_doxy.tag'
coin_doxy_usedot='YES'
coin_have_doxygen='no'
coin_have_latex='yes'
datadir='${prefix}/share'
dos2unix=''
exec_prefix='${prefix}'
have_autoconf=''
have_automake=''
have_svn=''
have_svnversion='no'
host='x86_64-unknown-linux-gnu'
host_alias=''
host_cpu='x86_64'
host_os='linux-gnu'
host_vendor='unknown'
includedir='${prefix}/include'
infodir='${prefix}/info'
install_sh='/home/adair/Documents/CAD/sscs-ose-code-a-chip.github.io/ISSCC25/submitted_notebooks/current_mirror_ota_optimization/ALIGN-public/_skbuild/linux-x86_64-3.10/cmake-build/_deps/cbc-src/Osi/install-sh'
libdir='${exec_prefix}/lib'
libexecdir='${exec_prefix}/libexec'
localstatedir='${prefix}/var'
mandir='${prefix}/man'
mkdir_p='mkdir -p --'
oldincludedir='/usr/include'
prefix='/home/adair/Documents/CAD/sscs-ose-code-a-chip.github.io/ISSCC25/submitted_notebooks/current_mirror_ota_optimization/ALIGN-public/_skbuild/linux-x86_64-3.10/cmake-build/_deps/cbc-build'
program_transform_name='s,x,x,'
sbindir='${exec_prefix}/sbin'
sharedstatedir='${prefix}/com'
sol_cc_compiler=''
sysconfdir='${prefix}/etc'
target_alias=''

## ----------- ##
## confdefs.h. ##
## ----------- ##

#define COIN_HAS_COINUTILS 1
#define COIN_HAS_SAMPLE 1
#define COIN_OSI_CHECKLEVEL 0
#define COIN_OSI_VERBOSITY 0
#define GLPK_HAS_INTOPT 1
#define HAVE_CFLOAT 1
#define HAVE_CMATH 1
#define HAVE_DLFCN_H 1
#define HAVE_INTTYPES_H 1
#define HAVE_MEMORY_H 1
#define HAVE_STDINT_H 1
#define HAVE_STDLIB_H 1
#define HAVE_STRINGS_H 1
#define HAVE_STRING_H 1
#define HAVE_SYS_STAT_H 1
#define HAVE_SYS_TYPES_H 1
#define HAVE_UNISTD_H 1
#define OSI_VERSION "0.108.6"
#define OSI_VERSION_MAJOR 0
#define OSI_VERSION_MINOR 108
#define OSI_VERSION_RELEASE 6
#define PACKAGE "osi"
#define PACKAGE_BUGREPORT "osi@list.coin-or.org"
#define PACKAGE_NAME "Osi"
#define PACKAGE_STRING "Osi 0.108.6"
#define PACKAGE_TARNAME "osi"
#define PACKAGE_VERSION "0.108.6"
#define STDC_HEADERS 1
#define VERSION "0.108.6"
#endif
#ifdef __cplusplus
extern "C" void std::exit (int) throw (); using std::exit;

configure: exit 0
