This file contains any messages produced by compilers while
running configure, to aid debugging if configure makes a mistake.

It was created by Clp configure 1.17.0, which was
generated by GNU Autoconf 2.59.  Invocation command line was

  $ /home/adair/Documents/CAD/sscs-ose-code-a-chip.github.io/ISSCC25/submitted_notebooks/current_mirror_ota_optimization/ALIGN-public/_skbuild/linux-x86_64-3.10/cmake-build/_deps/symphony-src/Clp/configure --prefix=/home/adair/Documents/CAD/sscs-ose-code-a-chip.github.io/ISSCC25/submitted_notebooks/current_mirror_ota_optimization/ALIGN-public/_skbuild/linux-x86_64-3.10/cmake-build/_deps/symphony-build --disable-openmp --disable-zlib --disable-bzlib --without-blas --without-lapack --enable-static --disable-shared --with-pic --prefix=/home/adair/Documents/CAD/sscs-ose-code-a-chip.github.io/ISSCC25/submitted_notebooks/current_mirror_ota_optimization/ALIGN-public/_skbuild/linux-x86_64-3.10/cmake-build/_deps/symphony-build --cache-file=/dev/null --srcdir=/home/adair/Documents/CAD/sscs-ose-code-a-chip.github.io/ISSCC25/submitted_notebooks/current_mirror_ota_optimization/ALIGN-public/_skbuild/linux-x86_64-3.10/cmake-build/_deps/symphony-src/Clp

## --------- ##
## Platform. ##
## --------- ##

hostname = lubuvm
uname -m = x86_64
uname -r = 6.8.0-49-generic
uname -s = Linux
uname -v = #49~22.04.1-Ubuntu SMP PREEMPT_DYNAMIC Wed Nov  6 17:42:15 UTC 2

/usr/bin/uname -p = x86_64
/bin/uname -X     = unknown

/bin/arch              = x86_64
/usr/bin/arch -k       = unknown
/usr/convex/getsysinfo = unknown
hostinfo               = unknown
/bin/machine           = unknown
/usr/bin/oslevel       = unknown
/bin/universe          = unknown

PATH: /tmp/pip-build-env-j313kjyn/overlay/bin
PATH: /tmp/pip-build-env-j313kjyn/normal/bin
PATH: /usr/local/sbin
PATH: /usr/local/bin
PATH: /usr/sbin
PATH: /usr/bin
PATH: /sbin
PATH: /bin
PATH: /usr/games
PATH: /usr/local/games
PATH: /snap/bin
PATH: /home/adair/.local/bin
PATH: /home/adair/.local/bin
PATH: /home/adair/Documents/CAD/anaconda3/bin


## ----------- ##
## Core tests. ##
## ----------- ##

configure:1716: checking build system type
configure:1734: result: x86_64-unknown-linux-gnu
configure:1807: checking for svnversion
configure:1834: result: no
configure:1864: checking whether we want to compile in debug mode
configure:1910: result: no
configure:2160: checking for gcc
configure:2176: found /usr/bin/gcc
configure:2186: result: gcc
configure:2207: checking for C compiler version
configure:2210: gcc --version </dev/null >&5
gcc (Ubuntu 11.4.0-1ubuntu1~22.04) 11.4.0
Copyright (C) 2021 Free Software Foundation, Inc.
This is free software; see the source for copying conditions.  There is NO
warranty; not even for MERCHANTABILITY or FITNESS FOR A PARTICULAR PURPOSE.

configure:2213: $? = 0
configure:2215: gcc -v </dev/null >&5
Using built-in specs.
COLLECT_GCC=gcc
COLLECT_LTO_WRAPPER=/usr/lib/gcc/x86_64-linux-gnu/11/lto-wrapper
OFFLOAD_TARGET_NAMES=nvptx-none:amdgcn-amdhsa
OFFLOAD_TARGET_DEFAULT=1
Target: x86_64-linux-gnu
Configured with: ../src/configure -v --with-pkgversion='Ubuntu 11.4.0-1ubuntu1~22.04' --with-bugurl=file:///usr/share/doc/gcc-11/README.Bugs --enable-languages=c,ada,c++,go,brig,d,fortran,objc,obj-c++,m2 --prefix=/usr --with-gcc-major-version-only --program-suffix=-11 --program-prefix=x86_64-linux-gnu- --enable-shared --enable-linker-build-id --libexecdir=/usr/lib --without-included-gettext --enable-threads=posix --libdir=/usr/lib --enable-nls --enable-bootstrap --enable-clocale=gnu --enable-libstdcxx-debug --enable-libstdcxx-time=yes --with-default-libstdcxx-abi=new --enable-gnu-unique-object --disable-vtable-verify --enable-plugin --enable-default-pie --with-system-zlib --enable-libphobos-checking=release --with-target-system-zlib=auto --enable-objc-gc=auto --enable-multiarch --disable-werror --enable-cet --with-arch-32=i686 --with-abi=m64 --with-multilib-list=m32,m64,mx32 --enable-multilib --with-tune=generic --enable-offload-targets=nvptx-none=/build/gcc-11-XeT9lY/gcc-11-11.4.0/debian/tmp-nvptx/usr,amdgcn-amdhsa=/build/gcc-11-XeT9lY/gcc-11-11.4.0/debian/tmp-gcn/usr --without-cuda-driver --enable-checking=release --build=x86_64-linux-gnu --host=x86_64-linux-gnu --target=x86_64-linux-gnu --with-build-config=bootstrap-lto-lean --enable-link-serialization=2
Thread model: posix
Supported LTO compression algorithms: zlib zstd
gcc version 11.4.0 (Ubuntu 11.4.0-1ubuntu1~22.04) 
configure:2218: $? = 0
configure:2220: gcc -V </dev/null >&5
gcc: error: unrecognized command-line option '-V'
gcc: fatal error: no input files
compilation terminated.
configure:2223: $? = 1
configure:2246: checking for C compiler default output file name
configure:2249: gcc    conftest.c  >&5
configure:2252: $? = 0
configure:2298: result: a.out
configure:2303: checking whether the C compiler works
configure:2309: ./a.out
configure:2312: $? = 0
configure:2329: result: yes
configure:2336: checking whether we are cross compiling
configure:2338: result: no
configure:2341: checking for suffix of executables
configure:2343: gcc -o conftest    conftest.c  >&5
configure:2346: $? = 0
configure:2371: result: 
configure:2377: checking for suffix of object files
configure:2398: gcc -c   conftest.c >&5
configure:2401: $? = 0
configure:2423: result: o
configure:2427: checking whether we are using the GNU C compiler
configure:2451: gcc -c   conftest.c >&5
configure:2457: $? = 0
configure:2461: test -z 
			 || test ! -s conftest.err
configure:2464: $? = 0
configure:2467: test -s conftest.o
configure:2470: $? = 0
configure:2483: result: yes
configure:2489: checking whether gcc accepts -g
configure:2510: gcc -c -g  conftest.c >&5
configure:2516: $? = 0
configure:2520: test -z 
			 || test ! -s conftest.err
configure:2523: $? = 0
configure:2526: test -s conftest.o
configure:2529: $? = 0
configure:2540: result: yes
configure:2557: checking for gcc option to accept ANSI C
configure:2627: gcc  -c -g -O2  conftest.c >&5
configure:2633: $? = 0
configure:2637: test -z 
			 || test ! -s conftest.err
configure:2640: $? = 0
configure:2643: test -s conftest.o
configure:2646: $? = 0
configure:2664: result: none needed
configure:2682: gcc -c -g -O2  conftest.c >&5
conftest.c:2:3: error: unknown type name 'choke'
    2 |   choke me
      |   ^~~~~
conftest.c:2:3: error: expected '=', ',', ';', 'asm' or '__attribute__' at end of input
configure:2688: $? = 1
configure: failed program was:
| #ifndef __cplusplus
|   choke me
| #endif
configure:3109: gcc -o conftest -O3 -pipe -DNDEBUG -Wimplicit -Wparentheses -Wsequence-point -Wreturn-type -Wcast-qual -Wall -Wno-unknown-pragmas -Wno-long-long   -DCLP_BUILD   conftest.c  >&5
configure:3115: $? = 0
configure:3119: test -z 
			 || test ! -s conftest.err
configure:3122: $? = 0
configure:3125: test -s conftest
configure:3128: $? = 0
configure:3195: C compiler options are: -O3 -pipe -DNDEBUG -Wimplicit -Wparentheses -Wsequence-point -Wreturn-type -Wcast-qual -Wall -Wno-unknown-pragmas -Wno-long-long   -DCLP_BUILD
configure:3310: checking for g++
configure:3326: found /usr/bin/g++
configure:3336: result: g++
configure:3352: checking for C++ compiler version
configure:3355: g++ --version </dev/null >&5
g++ (Ubuntu 11.4.0-1ubuntu1~22.04) 11.4.0
Copyright (C) 2021 Free Software Foundation, Inc.
This is free software; see the source for copying conditions.  There is NO
warranty; not even for MERCHANTABILITY or FITNESS FOR A PARTICULAR PURPOSE.

configure:3358: $? = 0
configure:3360: g++ -v </dev/null >&5
Using built-in specs.
COLLECT_GCC=g++
COLLECT_LTO_WRAPPER=/usr/lib/gcc/x86_64-linux-gnu/11/lto-wrapper
OFFLOAD_TARGET_NAMES=nvptx-none:amdgcn-amdhsa
OFFLOAD_TARGET_DEFAULT=1
Target: x86_64-linux-gnu
Configured with: ../src/configure -v --with-pkgversion='Ubuntu 11.4.0-1ubuntu1~22.04' --with-bugurl=file:///usr/share/doc/gcc-11/README.Bugs --enable-languages=c,ada,c++,go,brig,d,fortran,objc,obj-c++,m2 --prefix=/usr --with-gcc-major-version-only --program-suffix=-11 --program-prefix=x86_64-linux-gnu- --enable-shared --enable-linker-build-id --libexecdir=/usr/lib --without-included-gettext --enable-threads=posix --libdir=/usr/lib --enable-nls --enable-bootstrap --enable-clocale=gnu --enable-libstdcxx-debug --enable-libstdcxx-time=yes --with-default-libstdcxx-abi=new --enable-gnu-unique-object --disable-vtable-verify --enable-plugin --enable-default-pie --with-system-zlib --enable-libphobos-checking=release --with-target-system-zlib=auto --enable-objc-gc=auto --enable-multiarch --disable-werror --enable-cet --with-arch-32=i686 --with-abi=m64 --with-multilib-list=m32,m64,mx32 --enable-multilib --with-tune=generic --enable-offload-targets=nvptx-none=/build/gcc-11-XeT9lY/gcc-11-11.4.0/debian/tmp-nvptx/usr,amdgcn-amdhsa=/build/gcc-11-XeT9lY/gcc-11-11.4.0/debian/tmp-gcn/usr --without-cuda-driver --enable-checking=release --build=x86_64-linux-gnu --host=x86_64-linux-gnu --target=x86_64-linux-gnu --with-build-config=bootstrap-lto-lean --enable-link-serialization=2
Thread model: posix
Supported LTO compression algorithms: zlib zstd
gcc version 11.4.0 (Ubuntu 11.4.0-1ubuntu1~22.04) 
configure:3363: $? = 0
configure:3365: g++ -V </dev/null >&5
g++: error: unrecognized command-line option '-V'
g++: fatal error: no input files
compilation terminated.
configure:3368: $? = 1
configure:3371: checking whether we are using the GNU C++ compiler
configure:3395: g++ -c   conftest.cc >&5
configure:3401: $? = 0
configure:3405: test -z 
			 || test ! -s conftest.err
configure:3408: $? = 0
configure:3411: test -s conftest.o
configure:3414: $? = 0
configure:3427: result: yes
configure:3433: checking whether g++ accepts -g
configure:3454: g++ -c -g  conftest.cc >&5
configure:3460: $? = 0
configure:3464: test -z 
			 || test ! -s conftest.err
configure:3467: $? = 0
configure:3470: test -s conftest.o
configure:3473: $? = 0
configure:3484: result: yes
configure:3526: g++ -c -g -O2  conftest.cc >&5
configure:3532: $? = 0
configure:3536: test -z 
			 || test ! -s conftest.err
configure:3539: $? = 0
configure:3542: test -s conftest.o
configure:3545: $? = 0
configure:3571: g++ -c -g -O2  conftest.cc >&5
conftest.cc: In function 'int main()':
conftest.cc:19:1: error: 'exit' was not declared in this scope
   19 | exit (42);
      | ^~~~
configure:3577: $? = 1
configure: failed program was:
| /* confdefs.h.  */
| 
| #define PACKAGE_NAME "Clp"
| #define PACKAGE_TARNAME "clp"
| #define PACKAGE_VERSION "1.17.0"
| #define PACKAGE_STRING "Clp 1.17.0"
| #define PACKAGE_BUGREPORT "clp@list.coin-or.org"
| #define CLP_VERSION "1.17.0"
| #define CLP_VERSION_MAJOR 1
| #define CLP_VERSION_MINOR 17
| #define CLP_VERSION_RELEASE 0
| #define COIN_CLP_VERBOSITY 0
| #define COIN_CLP_CHECKLEVEL 0
| /* end confdefs.h.  */
| 
| int
| main ()
| {
| exit (42);
|   ;
|   return 0;
| }
configure:3526: g++ -c -g -O2  conftest.cc >&5
conftest.cc:15:17: warning: 'void std::exit(int)' has not been declared within 'std'
   15 | extern "C" void std::exit (int) throw (); using std::exit;
      |                 ^~~
<built-in>: note: only here as a 'friend'
configure:3532: $? = 0
configure:3536: test -z 
			 || test ! -s conftest.err
configure:3539: $? = 0
configure:3542: test -s conftest.o
configure:3545: $? = 0
configure:3571: g++ -c -g -O2  conftest.cc >&5
conftest.cc:15:17: warning: 'void std::exit(int)' has not been declared within 'std'
   15 | extern "C" void std::exit (int) throw (); using std::exit;
      |                 ^~~
<built-in>: note: only here as a 'friend'
configure:3577: $? = 0
configure:3581: test -z 
			 || test ! -s conftest.err
configure:3584: $? = 0
configure:3587: test -s conftest.o
configure:3590: $? = 0
configure:3622: checking whether C++ compiler g++ works
configure:3640: g++ -c -g -O2  conftest.cc >&5
conftest.cc:15:17: warning: 'void std::exit(int)' has not been declared within 'std'
   15 | extern "C" void std::exit (int) throw (); using std::exit;
      |                 ^~~
<built-in>: note: only here as a 'friend'
configure:3646: $? = 0
configure:3650: test -z 
			 || test ! -s conftest.err
configure:3653: $? = 0
configure:3656: test -s conftest.o
configure:3659: $? = 0
configure:3661: result: yes
configure:3982: g++ -o conftest -O3 -pipe -DNDEBUG -Wparentheses -Wreturn-type -Wcast-qual -Wall -Wpointer-arith -Wwrite-strings -Wconversion -Wno-unknown-pragmas -Wno-long-long   -DCLP_BUILD   conftest.cc  >&5
conftest.cc:15:17: warning: 'void std::exit(int)' has not been declared within 'std'
   15 | extern "C" void std::exit (int) throw (); using std::exit;
      |                 ^~~
<built-in>: note: only here as a 'friend'
configure:3988: $? = 0
configure:3992: test -z 
			 || test ! -s conftest.err
configure:3995: $? = 0
configure:3998: test -s conftest
configure:4001: $? = 0
configure:4068: C++ compiler options are: -O3 -pipe -DNDEBUG -Wparentheses -Wreturn-type -Wcast-qual -Wall -Wpointer-arith -Wwrite-strings -Wconversion -Wno-unknown-pragmas -Wno-long-long   -DCLP_BUILD
configure:4187: checking for egrep
configure:4197: result: grep -E
configure:4202: checking whether ln -s works
configure:4206: result: yes
configure:4227: checking for a BSD-compatible install
configure:4282: result: /usr/bin/install -c
configure:4293: checking whether build environment is sane
configure:4336: result: yes
configure:4401: checking for gawk
configure:4417: found /usr/bin/gawk
configure:4427: result: gawk
configure:4437: checking whether make sets $(MAKE)
configure:4457: result: yes
configure:4487: checking for style of include used by make
configure:4515: result: GNU
configure:4696: checking dependency style of gcc
configure:4786: result: gcc3
configure:4805: checking dependency style of g++
configure:4895: result: gcc3
configure:4913: checking whether to enable maintainer-specific portions of Makefiles
configure:4922: result: no
configure:20420: Using libtool script in directory ..
configure:20519: checking if library version is set
configure:20523: result: 15:0:14
configure:20596: checking for pkg-config
configure:20612: found /usr/bin/pkg-config
configure:20622: result: pkg-config
configure:20637: checking pkg-config is at least version 0.16.0
configure:20640: result: yes
configure:20736: checking for COIN-OR package CoinUtils
configure:20878: result: yes: 2.11.0 
configure:21251: checking for COIN-OR package Osi
configure:21393: result: yes: 0.108.2 
configure:21761: checking for COIN-OR package OsiTests
configure:21892: result: yes: 0.108.2 
configure:22241: checking for COIN-OR package Sample
configure:22372: result: yes: 1.2.11 
configure:22721: checking for COIN-OR package Netlib
configure:22870: result: not given: No package 'coindatanetlib' found
configure:23251: checking if user provides library for AMD
configure:23296: result: no
configure:23444: checking if user provides library for CHOLMOD
configure:23489: result: no
configure:23635: checking for COIN-OR package Glpk
configure:23799: result: not given: No package 'coinglpk' found
configure:24169: checking for COIN-OR package Mumps
configure:24333: result: not given: No package 'coinmumps' found
configure:30085: checking for COIN-OR package ASL
configure:30249: result: not given: No package 'coinasl' found
configure:30956: checking cmath usability
configure:30968: g++ -c -O3 -pipe -DNDEBUG -Wparentheses -Wreturn-type -Wcast-qual -Wall -Wpointer-arith -Wwrite-strings -Wconversion -Wno-unknown-pragmas -Wno-long-long   -DCLP_BUILD  conftest.cc >&5
conftest.cc:15:17: warning: 'void std::exit(int)' has not been declared within 'std'
   15 | extern "C" void std::exit (int) throw (); using std::exit;
      |                 ^~~
<built-in>: note: only here as a 'friend'
configure:30974: $? = 0
configure:30978: test -z 
			 || test ! -s conftest.err
configure:30981: $? = 0
configure:30984: test -s conftest.o
configure:30987: $? = 0
configure:30997: result: yes
configure:31001: checking cmath presence
configure:31011: g++ -E  conftest.cc
configure:31017: $? = 0
configure:31037: result: yes
configure:31072: checking for cmath
configure:31079: result: yes
configure:31285: checking cfloat usability
configure:31297: g++ -c -O3 -pipe -DNDEBUG -Wparentheses -Wreturn-type -Wcast-qual -Wall -Wpointer-arith -Wwrite-strings -Wconversion -Wno-unknown-pragmas -Wno-long-long   -DCLP_BUILD  conftest.cc >&5
conftest.cc:15:17: warning: 'void std::exit(int)' has not been declared within 'std'
   15 | extern "C" void std::exit (int) throw (); using std::exit;
      |                 ^~~
<built-in>: note: only here as a 'friend'
configure:31303: $? = 0
configure:31307: test -z 
			 || test ! -s conftest.err
configure:31310: $? = 0
configure:31313: test -s conftest.o
configure:31316: $? = 0
configure:31326: result: yes
configure:31330: checking cfloat presence
configure:31340: g++ -E  conftest.cc
configure:31346: $? = 0
configure:31366: result: yes
configure:31401: checking for cfloat
configure:31408: result: yes
configure:31614: checking cieeefp usability
configure:31626: g++ -c -O3 -pipe -DNDEBUG -Wparentheses -Wreturn-type -Wcast-qual -Wall -Wpointer-arith -Wwrite-strings -Wconversion -Wno-unknown-pragmas -Wno-long-long   -DCLP_BUILD  conftest.cc >&5
conftest.cc:71:10: fatal error: cieeefp: No such file or directory
   71 | #include <cieeefp>
      |          ^~~~~~~~~
compilation terminated.
configure:31632: $? = 1
configure: failed program was:
| /* confdefs.h.  */
| 
| #define PACKAGE_NAME "Clp"
| #define PACKAGE_TARNAME "clp"
| #define PACKAGE_VERSION "1.17.0"
| #define PACKAGE_STRING "Clp 1.17.0"
| #define PACKAGE_BUGREPORT "clp@list.coin-or.org"
| #define CLP_VERSION "1.17.0"
| #define CLP_VERSION_MAJOR 1
| #define CLP_VERSION_MINOR 17
| #define CLP_VERSION_RELEASE 0
| #define COIN_CLP_VERBOSITY 0
| #define COIN_CLP_CHECKLEVEL 0
| #ifdef __cplusplus
| extern "C" void std::exit (int) throw (); using std::exit;
| #endif
| #define PACKAGE "clp"
| #define VERSION "1.17.0"
| #define STDC_HEADERS 1
| #define HAVE_SYS_TYPES_H 1
| #define HAVE_SYS_STAT_H 1
| #define HAVE_STDLIB_H 1
| #define HAVE_STRING_H 1
| #define HAVE_MEMORY_H 1
| #define HAVE_STRINGS_H 1
| #define HAVE_INTTYPES_H 1
| #define HAVE_STDINT_H 1
| #define HAVE_UNISTD_H 1
| #define HAVE_DLFCN_H 1
| #define COIN_HAS_COINUTILS 1
| #define COIN_HAS_OSI 1
| #define COIN_HAS_OSITESTS 1
| #define COIN_HAS_SAMPLE 1
| #define HAVE_CMATH 1
| #define HAVE_CFLOAT 1
| /* end confdefs.h.  */
| #include <stdio.h>
| #if HAVE_SYS_TYPES_H
| # include <sys/types.h>
| #endif
| #if HAVE_SYS_STAT_H
| # include <sys/stat.h>
| #endif
| #if STDC_HEADERS
| # include <stdlib.h>
| # include <stddef.h>
| #else
| # if HAVE_STDLIB_H
| #  include <stdlib.h>
| # endif
| #endif
| #if HAVE_STRING_H
| # if !STDC_HEADERS && HAVE_MEMORY_H
| #  include <memory.h>
| # endif
| # include <string.h>
| #endif
| #if HAVE_STRINGS_H
| # include <strings.h>
| #endif
| #if HAVE_INTTYPES_H
| # include <inttypes.h>
| #else
| # if HAVE_STDINT_H
| #  include <stdint.h>
| # endif
| #endif
| #if HAVE_UNISTD_H
| # include <unistd.h>
| #endif
| #include <cieeefp>
configure:31655: result: no
configure:31659: checking cieeefp presence
configure:31669: g++ -E  conftest.cc
conftest.cc:37:10: fatal error: cieeefp: No such file or directory
   37 | #include <cieeefp>
      |          ^~~~~~~~~
compilation terminated.
configure:31675: $? = 1
configure: failed program was:
| /* confdefs.h.  */
| 
| #define PACKAGE_NAME "Clp"
| #define PACKAGE_TARNAME "clp"
| #define PACKAGE_VERSION "1.17.0"
| #define PACKAGE_STRING "Clp 1.17.0"
| #define PACKAGE_BUGREPORT "clp@list.coin-or.org"
| #define CLP_VERSION "1.17.0"
| #define CLP_VERSION_MAJOR 1
| #define CLP_VERSION_MINOR 17
| #define CLP_VERSION_RELEASE 0
| #define COIN_CLP_VERBOSITY 0
| #define COIN_CLP_CHECKLEVEL 0
| #ifdef __cplusplus
| extern "C" void std::exit (int) throw (); using std::exit;
| #endif
| #define PACKAGE "clp"
| #define VERSION "1.17.0"
| #define STDC_HEADERS 1
| #define HAVE_SYS_TYPES_H 1
| #define HAVE_SYS_STAT_H 1
| #define HAVE_STDLIB_H 1
| #define HAVE_STRING_H 1
| #define HAVE_MEMORY_H 1
| #define HAVE_STRINGS_H 1
| #define HAVE_INTTYPES_H 1
| #define HAVE_STDINT_H 1
| #define HAVE_UNISTD_H 1
| #define HAVE_DLFCN_H 1
| #define COIN_HAS_COINUTILS 1
| #define COIN_HAS_OSI 1
| #define COIN_HAS_OSITESTS 1
| #define COIN_HAS_SAMPLE 1
| #define HAVE_CMATH 1
| #define HAVE_CFLOAT 1
| /* end confdefs.h.  */
| #include <cieeefp>
configure:31695: result: no
configure:31730: checking for cieeefp
configure:31737: result: no
configure:31772: checking ieeefp.h usability
configure:31784: g++ -c -O3 -pipe -DNDEBUG -Wparentheses -Wreturn-type -Wcast-qual -Wall -Wpointer-arith -Wwrite-strings -Wconversion -Wno-unknown-pragmas -Wno-long-long   -DCLP_BUILD  conftest.cc >&5
conftest.cc:71:10: fatal error: ieeefp.h: No such file or directory
   71 | #include <ieeefp.h>
      |          ^~~~~~~~~~
compilation terminated.
configure:31790: $? = 1
configure: failed program was:
| /* confdefs.h.  */
| 
| #define PACKAGE_NAME "Clp"
| #define PACKAGE_TARNAME "clp"
| #define PACKAGE_VERSION "1.17.0"
| #define PACKAGE_STRING "Clp 1.17.0"
| #define PACKAGE_BUGREPORT "clp@list.coin-or.org"
| #define CLP_VERSION "1.17.0"
| #define CLP_VERSION_MAJOR 1
| #define CLP_VERSION_MINOR 17
| #define CLP_VERSION_RELEASE 0
| #define COIN_CLP_VERBOSITY 0
| #define COIN_CLP_CHECKLEVEL 0
| #ifdef __cplusplus
| extern "C" void std::exit (int) throw (); using std::exit;
| #endif
| #define PACKAGE "clp"
| #define VERSION "1.17.0"
| #define STDC_HEADERS 1
| #define HAVE_SYS_TYPES_H 1
| #define HAVE_SYS_STAT_H 1
| #define HAVE_STDLIB_H 1
| #define HAVE_STRING_H 1
| #define HAVE_MEMORY_H 1
| #define HAVE_STRINGS_H 1
| #define HAVE_INTTYPES_H 1
| #define HAVE_STDINT_H 1
| #define HAVE_UNISTD_H 1
| #define HAVE_DLFCN_H 1
| #define COIN_HAS_COINUTILS 1
| #define COIN_HAS_OSI 1
| #define COIN_HAS_OSITESTS 1
| #define COIN_HAS_SAMPLE 1
| #define HAVE_CMATH 1
| #define HAVE_CFLOAT 1
| /* end confdefs.h.  */
| #include <stdio.h>
| #if HAVE_SYS_TYPES_H
| # include <sys/types.h>
| #endif
| #if HAVE_SYS_STAT_H
| # include <sys/stat.h>
| #endif
| #if STDC_HEADERS
| # include <stdlib.h>
| # include <stddef.h>
| #else
| # if HAVE_STDLIB_H
| #  include <stdlib.h>
| # endif
| #endif
| #if HAVE_STRING_H
| # if !STDC_HEADERS && HAVE_MEMORY_H
| #  include <memory.h>
| # endif
| # include <string.h>
| #endif
| #if HAVE_STRINGS_H
| # include <strings.h>
| #endif
| #if HAVE_INTTYPES_H
| # include <inttypes.h>
| #else
| # if HAVE_STDINT_H
| #  include <stdint.h>
| # endif
| #endif
| #if HAVE_UNISTD_H
| # include <unistd.h>
| #endif
| #include <ieeefp.h>
configure:31813: result: no
configure:31817: checking ieeefp.h presence
configure:31827: g++ -E  conftest.cc
conftest.cc:37:10: fatal error: ieeefp.h: No such file or directory
   37 | #include <ieeefp.h>
      |          ^~~~~~~~~~
compilation terminated.
configure:31833: $? = 1
configure: failed program was:
| /* confdefs.h.  */
| 
| #define PACKAGE_NAME "Clp"
| #define PACKAGE_TARNAME "clp"
| #define PACKAGE_VERSION "1.17.0"
| #define PACKAGE_STRING "Clp 1.17.0"
| #define PACKAGE_BUGREPORT "clp@list.coin-or.org"
| #define CLP_VERSION "1.17.0"
| #define CLP_VERSION_MAJOR 1
| #define CLP_VERSION_MINOR 17
| #define CLP_VERSION_RELEASE 0
| #define COIN_CLP_VERBOSITY 0
| #define COIN_CLP_CHECKLEVEL 0
| #ifdef __cplusplus
| extern "C" void std::exit (int) throw (); using std::exit;
| #endif
| #define PACKAGE "clp"
| #define VERSION "1.17.0"
| #define STDC_HEADERS 1
| #define HAVE_SYS_TYPES_H 1
| #define HAVE_SYS_STAT_H 1
| #define HAVE_STDLIB_H 1
| #define HAVE_STRING_H 1
| #define HAVE_MEMORY_H 1
| #define HAVE_STRINGS_H 1
| #define HAVE_INTTYPES_H 1
| #define HAVE_STDINT_H 1
| #define HAVE_UNISTD_H 1
| #define HAVE_DLFCN_H 1
| #define COIN_HAS_COINUTILS 1
| #define COIN_HAS_OSI 1
| #define COIN_HAS_OSITESTS 1
| #define COIN_HAS_SAMPLE 1
| #define HAVE_CMATH 1
| #define HAVE_CFLOAT 1
| /* end confdefs.h.  */
| #include <ieeefp.h>
configure:31853: result: no
configure:31888: checking for ieeefp.h
configure:31895: result: no
configure:31926: checking whether this is a VPATH configuration
configure:31933: result: no
configure:31983: configuring doxygen documentation options
configure:31990: checking for doxygen
configure:32017: result: no
configure:32026: checking for latex
configure:32042: found /usr/bin/latex
configure:32053: result: yes
configure:32081: checking for dot
configure:32097: found /usr/bin/dot
configure:32108: result: YES
configure:32159: checking for doxygen doc'n for CoinUtils 
configure:32175: result: ../CoinUtils/doxydoc (tag)
configure:32159: checking for doxygen doc'n for Osi 
configure:32175: result: ../Osi/doxydoc (tag)
configure:32226: checking which command should be used to link input files
configure:32234: result: ln -s
configure:32645: creating ./config.status

## ---------------------- ##
## Running config.status. ##
## ---------------------- ##

This file was extended by Clp config.status 1.17.0, which was
generated by GNU Autoconf 2.59.  Invocation command line was

  CONFIG_FILES    = 
  CONFIG_HEADERS  = 
  CONFIG_LINKS    = 
  CONFIG_COMMANDS = 
  $ ./config.status 

on lubuvm

config.status:896: creating Makefile
config.status:896: creating examples/Makefile
config.status:896: creating src/Makefile
config.status:896: creating src/OsiClp/Makefile
config.status:896: creating test/Makefile
config.status:896: creating clp.pc
config.status:896: creating clp-uninstalled.pc
config.status:896: creating osi-clp.pc
config.status:896: creating osi-clp-uninstalled.pc
config.status:896: creating doxydoc/doxygen.conf
config.status:993: creating src/config.h
config.status:993: creating src/config_clp.h
config.status:1305: executing depfiles commands
configure:34192: In case of trouble, first consult the troubleshooting page at https://projects.coin-or.org/BuildTools/wiki/user-troubleshooting
configure:34195: Configuration of Clp successful

## ---------------- ##
## Cache variables. ##
## ---------------- ##

ac_cv_build=x86_64-unknown-linux-gnu
ac_cv_build_alias=x86_64-unknown-linux-gnu
ac_cv_c_compiler_gnu=yes
ac_cv_cxx_compiler_gnu=yes
ac_cv_env_ADD_CFLAGS_set=
ac_cv_env_ADD_CFLAGS_value=
ac_cv_env_ADD_CXXFLAGS_set=
ac_cv_env_ADD_CXXFLAGS_value=
ac_cv_env_ADD_FFLAGS_set=
ac_cv_env_ADD_FFLAGS_value=
ac_cv_env_CC_set=
ac_cv_env_CC_value=
ac_cv_env_CDEFS_set=
ac_cv_env_CDEFS_value=
ac_cv_env_CFLAGS_set=
ac_cv_env_CFLAGS_value=
ac_cv_env_CPPFLAGS_set=
ac_cv_env_CPPFLAGS_value=
ac_cv_env_CPP_set=
ac_cv_env_CPP_value=
ac_cv_env_CXXCPP_set=
ac_cv_env_CXXCPP_value=
ac_cv_env_CXXDEFS_set=
ac_cv_env_CXXDEFS_value=
ac_cv_env_CXXFLAGS_set=
ac_cv_env_CXXFLAGS_value=
ac_cv_env_CXX_set=
ac_cv_env_CXX_value=
ac_cv_env_DBG_CFLAGS_set=
ac_cv_env_DBG_CFLAGS_value=
ac_cv_env_DBG_CXXFLAGS_set=
ac_cv_env_DBG_CXXFLAGS_value=
ac_cv_env_DBG_FFLAGS_set=
ac_cv_env_DBG_FFLAGS_value=
ac_cv_env_F77_set=
ac_cv_env_F77_value=
ac_cv_env_FFLAGS_set=
ac_cv_env_FFLAGS_value=
ac_cv_env_LDFLAGS_set=
ac_cv_env_LDFLAGS_value=
ac_cv_env_MPICC_set=
ac_cv_env_MPICC_value=
ac_cv_env_MPICXX_set=
ac_cv_env_MPICXX_value=
ac_cv_env_MPIF77_set=
ac_cv_env_MPIF77_value=
ac_cv_env_OPT_CFLAGS_set=
ac_cv_env_OPT_CFLAGS_value=
ac_cv_env_OPT_CXXFLAGS_set=
ac_cv_env_OPT_CXXFLAGS_value=
ac_cv_env_OPT_FFLAGS_set=
ac_cv_env_OPT_FFLAGS_value=
ac_cv_env_PKG_CONFIG_set=
ac_cv_env_PKG_CONFIG_value=
ac_cv_env_build_alias_set=
ac_cv_env_build_alias_value=
ac_cv_env_host_alias_set=
ac_cv_env_host_alias_value=
ac_cv_env_target_alias_set=
ac_cv_env_target_alias_value=
ac_cv_exeext=
ac_cv_header_cfloat=yes
ac_cv_header_cieeefp=no
ac_cv_header_cmath=yes
ac_cv_header_ieeefp_h=no
ac_cv_objext=o
ac_cv_path_install='/usr/bin/install -c'
ac_cv_prog_AWK=gawk
ac_cv_prog_ac_ct_CC=gcc
ac_cv_prog_ac_ct_CXX=g++
ac_cv_prog_ac_ct_PKG_CONFIG=pkg-config
ac_cv_prog_cc_g=yes
ac_cv_prog_cc_stdc=
ac_cv_prog_coin_doxy_usedot=YES
ac_cv_prog_coin_have_doxygen=no
ac_cv_prog_coin_have_latex=yes
ac_cv_prog_cxx_g=yes
ac_cv_prog_egrep='grep -E'
ac_cv_prog_have_svnversion=no
ac_cv_prog_make_make_set=yes
am_cv_CC_dependencies_compiler_type=gcc3
am_cv_CXX_dependencies_compiler_type=gcc3

## ----------------- ##
## Output variables. ##
## ----------------- ##

ABSBUILDDIR='/home/adair/Documents/CAD/sscs-ose-code-a-chip.github.io/ISSCC25/submitted_notebooks/current_mirror_ota_optimization/ALIGN-public/_skbuild/linux-x86_64-3.10/cmake-build/_deps/symphony-src/Clp'
ACLOCAL='${SHELL} /home/adair/Documents/CAD/sscs-ose-code-a-chip.github.io/ISSCC25/submitted_notebooks/current_mirror_ota_optimization/ALIGN-public/_skbuild/linux-x86_64-3.10/cmake-build/_deps/symphony-src/Clp/missing --run aclocal-1.9'
ADD_CFLAGS=''
ADD_CXXFLAGS=''
ADD_FFLAGS=''
ALWAYS_FALSE_FALSE=''
ALWAYS_FALSE_TRUE='#'
AMDEPBACKSLASH='\'
AMDEP_FALSE='#'
AMDEP_TRUE=''
AMDINCDIR=''
AMDLIB=''
AMTAR='${SHELL} /home/adair/Documents/CAD/sscs-ose-code-a-chip.github.io/ISSCC25/submitted_notebooks/current_mirror_ota_optimization/ALIGN-public/_skbuild/linux-x86_64-3.10/cmake-build/_deps/symphony-src/Clp/missing --run tar'
AR='ar'
ASL_CFLAGS=''
ASL_CFLAGS_INSTALLED=''
ASL_DATA=''
ASL_DATA_INSTALLED=''
ASL_DEPENDENCIES=''
ASL_LIBS=''
ASL_LIBS_INSTALLED=''
AUTOCONF='${SHELL} /home/adair/Documents/CAD/sscs-ose-code-a-chip.github.io/ISSCC25/submitted_notebooks/current_mirror_ota_optimization/ALIGN-public/_skbuild/linux-x86_64-3.10/cmake-build/_deps/symphony-src/Clp/missing --run autoconf'
AUTOHEADER='${SHELL} /home/adair/Documents/CAD/sscs-ose-code-a-chip.github.io/ISSCC25/submitted_notebooks/current_mirror_ota_optimization/ALIGN-public/_skbuild/linux-x86_64-3.10/cmake-build/_deps/symphony-src/Clp/missing --run autoheader'
AUTOMAKE='${SHELL} /home/adair/Documents/CAD/sscs-ose-code-a-chip.github.io/ISSCC25/submitted_notebooks/current_mirror_ota_optimization/ALIGN-public/_skbuild/linux-x86_64-3.10/cmake-build/_deps/symphony-src/Clp/missing --run automake-1.9'
AUX_DIR=''
AWK='gawk'
BLAS_CFLAGS=''
BLAS_CFLAGS_INSTALLED=''
BLAS_DATA=''
BLAS_DATA_INSTALLED=''
BLAS_DEPENDENCIES=''
BLAS_LIBS=''
BLAS_LIBS_INSTALLED=''
BUILDTOOLSDIR=''
CC='gcc'
CCDEPMODE='depmode=gcc3'
CDEFS=''
CFLAGS='-O3 -pipe -DNDEBUG -Wimplicit -Wparentheses -Wsequence-point -Wreturn-type -Wcast-qual -Wall -Wno-unknown-pragmas -Wno-long-long   -DCLP_BUILD'
CHOLMODINCDIR=''
CHOLMODLIB=''
CLPLIB_CFLAGS='-I/home/adair/Documents/CAD/sscs-ose-code-a-chip.github.io/ISSCC25/submitted_notebooks/current_mirror_ota_optimization/ALIGN-public/_skbuild/linux-x86_64-3.10/cmake-build/_deps/symphony-src/CoinUtils/src '
CLPLIB_CFLAGS_INSTALLED=''
CLPLIB_DEPENDENCIES=' /home/adair/Documents/CAD/sscs-ose-code-a-chip.github.io/ISSCC25/submitted_notebooks/current_mirror_ota_optimization/ALIGN-public/_skbuild/linux-x86_64-3.10/cmake-build/_deps/symphony-src/CoinUtils/src/libCoinUtils.la  '
CLPLIB_LIBS='/home/adair/Documents/CAD/sscs-ose-code-a-chip.github.io/ISSCC25/submitted_notebooks/current_mirror_ota_optimization/ALIGN-public/_skbuild/linux-x86_64-3.10/cmake-build/_deps/symphony-src/CoinUtils/src/libCoinUtils.la -lm '
CLPLIB_LIBS_INSTALLED=''
CLPLIB_PCLIBS=''
CLPLIB_PCREQUIRES='coinutils '
CLP_SVN_REV=''
COINUTILS_CFLAGS='-I/home/adair/Documents/CAD/sscs-ose-code-a-chip.github.io/ISSCC25/submitted_notebooks/current_mirror_ota_optimization/ALIGN-public/_skbuild/linux-x86_64-3.10/cmake-build/_deps/symphony-src/CoinUtils/src'
COINUTILS_CFLAGS_INSTALLED=''
COINUTILS_DATA=''
COINUTILS_DATA_INSTALLED=''
COINUTILS_DEPENDENCIES=' /home/adair/Documents/CAD/sscs-ose-code-a-chip.github.io/ISSCC25/submitted_notebooks/current_mirror_ota_optimization/ALIGN-public/_skbuild/linux-x86_64-3.10/cmake-build/_deps/symphony-src/CoinUtils/src/libCoinUtils.la'
COINUTILS_LIBS='/home/adair/Documents/CAD/sscs-ose-code-a-chip.github.io/ISSCC25/submitted_notebooks/current_mirror_ota_optimization/ALIGN-public/_skbuild/linux-x86_64-3.10/cmake-build/_deps/symphony-src/CoinUtils/src/libCoinUtils.la -lm'
COINUTILS_LIBS_INSTALLED=''
COIN_CC_IS_CL_FALSE=''
COIN_CC_IS_CL_TRUE='#'
COIN_CXX_IS_CL_FALSE=''
COIN_CXX_IS_CL_TRUE='#'
COIN_HAS_ABC_FALSE=''
COIN_HAS_ABC_TRUE='#'
COIN_HAS_AMD_FALSE=''
COIN_HAS_AMD_TRUE='#'
COIN_HAS_ASL_FALSE=''
COIN_HAS_ASL_TRUE='#'
COIN_HAS_BLAS_FALSE=''
COIN_HAS_BLAS_TRUE='#'
COIN_HAS_CHOLMOD_FALSE=''
COIN_HAS_CHOLMOD_TRUE='#'
COIN_HAS_COINUTILS_FALSE='#'
COIN_HAS_COINUTILS_TRUE=''
COIN_HAS_DOXYGEN_FALSE=''
COIN_HAS_DOXYGEN_TRUE='#'
COIN_HAS_GLPK_FALSE=''
COIN_HAS_GLPK_TRUE='#'
COIN_HAS_LATEX_FALSE='#'
COIN_HAS_LATEX_TRUE=''
COIN_HAS_MUMPS_FALSE=''
COIN_HAS_MUMPS_TRUE='#'
COIN_HAS_NETLIB_FALSE=''
COIN_HAS_NETLIB_TRUE='#'
COIN_HAS_OSITESTS_FALSE='#'
COIN_HAS_OSITESTS_TRUE=''
COIN_HAS_OSI_FALSE='#'
COIN_HAS_OSI_TRUE=''
COIN_HAS_PKGCONFIG_FALSE='#'
COIN_HAS_PKGCONFIG_TRUE=''
COIN_HAS_SAMPLE_FALSE='#'
COIN_HAS_SAMPLE_TRUE=''
COIN_HAS_WSMP_FALSE=''
COIN_HAS_WSMP_TRUE='#'
COIN_PKG_CONFIG_PATH='/home/adair/Documents/CAD/sscs-ose-code-a-chip.github.io/ISSCC25/submitted_notebooks/current_mirror_ota_optimization/ALIGN-public/_skbuild/linux-x86_64-3.10/cmake-build/_deps/symphony-build/lib64/pkgconfig:/home/adair/Documents/CAD/sscs-ose-code-a-chip.github.io/ISSCC25/submitted_notebooks/current_mirror_ota_optimization/ALIGN-public/_skbuild/linux-x86_64-3.10/cmake-build/_deps/symphony-build/lib/pkgconfig:/home/adair/Documents/CAD/sscs-ose-code-a-chip.github.io/ISSCC25/submitted_notebooks/current_mirror_ota_optimization/ALIGN-public/_skbuild/linux-x86_64-3.10/cmake-build/_deps/symphony-build/share/pkgconfig:'
COIN_PKG_CONFIG_PATH_UNINSTALLED='/home/adair/Documents/CAD/sscs-ose-code-a-chip.github.io/ISSCC25/submitted_notebooks/current_mirror_ota_optimization/ALIGN-public/_skbuild/linux-x86_64-3.10/cmake-build/_deps/symphony-src/SYMPHONY:/home/adair/Documents/CAD/sscs-ose-code-a-chip.github.io/ISSCC25/submitted_notebooks/current_mirror_ota_optimization/ALIGN-public/_skbuild/linux-x86_64-3.10/cmake-build/_deps/symphony-src/Cgl:/home/adair/Documents/CAD/sscs-ose-code-a-chip.github.io/ISSCC25/submitted_notebooks/current_mirror_ota_optimization/ALIGN-public/_skbuild/linux-x86_64-3.10/cmake-build/_deps/symphony-src/Clp:/home/adair/Documents/CAD/sscs-ose-code-a-chip.github.io/ISSCC25/submitted_notebooks/current_mirror_ota_optimization/ALIGN-public/_skbuild/linux-x86_64-3.10/cmake-build/_deps/symphony-src/Osi:/home/adair/Documents/CAD/sscs-ose-code-a-chip.github.io/ISSCC25/submitted_notebooks/current_mirror_ota_optimization/ALIGN-public/_skbuild/linux-x86_64-3.10/cmake-build/_deps/symphony-src/CoinUtils:/home/adair/Documents/CAD/sscs-ose-code-a-chip.github.io/ISSCC25/submitted_notebooks/current_mirror_ota_optimization/ALIGN-public/_skbuild/linux-x86_64-3.10/cmake-build/_deps/symphony-src/Data/Sample:'
CPP='gcc -E'
CPPFLAGS=''
CXX='g++'
CXXCPP='g++ -E'
CXXDEFS=''
CXXDEPMODE='depmode=gcc3'
CXXFLAGS='-O3 -pipe -DNDEBUG -Wparentheses -Wreturn-type -Wcast-qual -Wall -Wpointer-arith -Wwrite-strings -Wconversion -Wno-unknown-pragmas -Wno-long-long   -DCLP_BUILD'
CYGPATH_W='echo'
DBG_CFLAGS='-g -O0 -pipe -Wimplicit -Wparentheses -Wsequence-point -Wreturn-type -Wcast-qual -Wall -Wno-unknown-pragmas -Wno-long-long  '
DBG_CXXFLAGS='-g -O0 -pipe -Wparentheses -Wreturn-type -Wcast-qual -Wall -Wpointer-arith -Wwrite-strings -Wconversion -Wno-unknown-pragmas -Wno-long-long  '
DBG_FFLAGS=''
DEFS='-DHAVE_CONFIG_H'
DEPDIR='.deps'
DEPENDENCY_LINKING_FALSE='#'
DEPENDENCY_LINKING_TRUE=''
ECHO='echo'
ECHO_C=''
ECHO_N='-n'
ECHO_T=''
EGREP='grep -E'
EXEEXT=''
F77=''
FFLAGS=''
FLIBS=''
GLPK_CFLAGS=''
GLPK_CFLAGS_INSTALLED=''
GLPK_DATA=''
GLPK_DATA_INSTALLED=''
GLPK_DEPENDENCIES=''
GLPK_LIBS=''
GLPK_LIBS_INSTALLED=''
HAVE_EXTERNALS_FALSE=''
HAVE_EXTERNALS_TRUE='#'
INSTALL_DATA='${INSTALL} -m 644'
INSTALL_PROGRAM='${INSTALL}'
INSTALL_SCRIPT='${INSTALL}'
INSTALL_STRIP_PROGRAM='${SHELL} $(install_sh) -c -s'
LDFLAGS=''
LIBEXT='a'
LIBOBJS=''
LIBS=''
LIBTOOL='$(SHELL) $(top_builddir)/../libtool'
LIBTOOLM4=''
LN_S='ln -s'
LTLIBOBJS=''
LT_LDFLAGS='-no-undefined -version-info 15:0:14'
MAINT='#'
MAINTAINER_MODE_FALSE=''
MAINTAINER_MODE_TRUE='#'
MAKEINFO='${SHELL} /home/adair/Documents/CAD/sscs-ose-code-a-chip.github.io/ISSCC25/submitted_notebooks/current_mirror_ota_optimization/ALIGN-public/_skbuild/linux-x86_64-3.10/cmake-build/_deps/symphony-src/Clp/missing --run makeinfo'
MPICC=''
MPICXX=''
MPIF77=''
MUMPS_CFLAGS=''
MUMPS_CFLAGS_INSTALLED=''
MUMPS_DATA=''
MUMPS_DATA_INSTALLED=''
MUMPS_DEPENDENCIES=''
MUMPS_LIBS=''
MUMPS_LIBS_INSTALLED=''
NETLIB_CFLAGS=''
NETLIB_CFLAGS_INSTALLED=''
NETLIB_DATA=''
NETLIB_DATA_INSTALLED=''
NETLIB_DEPENDENCIES=''
NETLIB_LIBS=''
NETLIB_LIBS_INSTALLED=''
OBJEXT='o'
OPT_CFLAGS='-O3 -pipe -DNDEBUG -Wimplicit -Wparentheses -Wsequence-point -Wreturn-type -Wcast-qual -Wall -Wno-unknown-pragmas -Wno-long-long  '
OPT_CXXFLAGS='-O3 -pipe -DNDEBUG -Wparentheses -Wreturn-type -Wcast-qual -Wall -Wpointer-arith -Wwrite-strings -Wconversion -Wno-unknown-pragmas -Wno-long-long  '
OPT_FFLAGS=''
OSICLPLIB_CFLAGS='-I/home/adair/Documents/CAD/sscs-ose-code-a-chip.github.io/ISSCC25/submitted_notebooks/current_mirror_ota_optimization/ALIGN-public/_skbuild/linux-x86_64-3.10/cmake-build/_deps/symphony-src/Osi/src/Osi -I/home/adair/Documents/CAD/sscs-ose-code-a-chip.github.io/ISSCC25/submitted_notebooks/current_mirror_ota_optimization/ALIGN-public/_skbuild/linux-x86_64-3.10/cmake-build/_deps/symphony-src/CoinUtils/src '
OSICLPLIB_CFLAGS_INSTALLED=''
OSICLPLIB_DEPENDENCIES=' /home/adair/Documents/CAD/sscs-ose-code-a-chip.github.io/ISSCC25/submitted_notebooks/current_mirror_ota_optimization/ALIGN-public/_skbuild/linux-x86_64-3.10/cmake-build/_deps/symphony-src/Osi/src/Osi/libOsi.la /home/adair/Documents/CAD/sscs-ose-code-a-chip.github.io/ISSCC25/submitted_notebooks/current_mirror_ota_optimization/ALIGN-public/_skbuild/linux-x86_64-3.10/cmake-build/_deps/symphony-src/CoinUtils/src/libCoinUtils.la  '
OSICLPLIB_LIBS='/home/adair/Documents/CAD/sscs-ose-code-a-chip.github.io/ISSCC25/submitted_notebooks/current_mirror_ota_optimization/ALIGN-public/_skbuild/linux-x86_64-3.10/cmake-build/_deps/symphony-src/Osi/src/Osi/libOsi.la /home/adair/Documents/CAD/sscs-ose-code-a-chip.github.io/ISSCC25/submitted_notebooks/current_mirror_ota_optimization/ALIGN-public/_skbuild/linux-x86_64-3.10/cmake-build/_deps/symphony-src/CoinUtils/src/libCoinUtils.la -lm '
OSICLPLIB_LIBS_INSTALLED=''
OSICLPLIB_PCLIBS=''
OSICLPLIB_PCREQUIRES='osi '
OSITESTS_CFLAGS='-I/home/adair/Documents/CAD/sscs-ose-code-a-chip.github.io/ISSCC25/submitted_notebooks/current_mirror_ota_optimization/ALIGN-public/_skbuild/linux-x86_64-3.10/cmake-build/_deps/symphony-src/Osi/src/OsiCommonTest -I/home/adair/Documents/CAD/sscs-ose-code-a-chip.github.io/ISSCC25/submitted_notebooks/current_mirror_ota_optimization/ALIGN-public/_skbuild/linux-x86_64-3.10/cmake-build/_deps/symphony-src/Osi/src/Osi -I/home/adair/Documents/CAD/sscs-ose-code-a-chip.github.io/ISSCC25/submitted_notebooks/current_mirror_ota_optimization/ALIGN-public/_skbuild/linux-x86_64-3.10/cmake-build/_deps/symphony-src/CoinUtils/src'
OSITESTS_CFLAGS_INSTALLED=''
OSITESTS_DATA=''
OSITESTS_DATA_INSTALLED=''
OSITESTS_DEPENDENCIES=' /home/adair/Documents/CAD/sscs-ose-code-a-chip.github.io/ISSCC25/submitted_notebooks/current_mirror_ota_optimization/ALIGN-public/_skbuild/linux-x86_64-3.10/cmake-build/_deps/symphony-src/Osi/src/OsiCommonTest/libOsiCommonTests.la /home/adair/Documents/CAD/sscs-ose-code-a-chip.github.io/ISSCC25/submitted_notebooks/current_mirror_ota_optimization/ALIGN-public/_skbuild/linux-x86_64-3.10/cmake-build/_deps/symphony-src/Osi/src/Osi/libOsi.la /home/adair/Documents/CAD/sscs-ose-code-a-chip.github.io/ISSCC25/submitted_notebooks/current_mirror_ota_optimization/ALIGN-public/_skbuild/linux-x86_64-3.10/cmake-build/_deps/symphony-src/CoinUtils/src/libCoinUtils.la'
OSITESTS_LIBS='/home/adair/Documents/CAD/sscs-ose-code-a-chip.github.io/ISSCC25/submitted_notebooks/current_mirror_ota_optimization/ALIGN-public/_skbuild/linux-x86_64-3.10/cmake-build/_deps/symphony-src/Osi/src/OsiCommonTest/libOsiCommonTests.la /home/adair/Documents/CAD/sscs-ose-code-a-chip.github.io/ISSCC25/submitted_notebooks/current_mirror_ota_optimization/ALIGN-public/_skbuild/linux-x86_64-3.10/cmake-build/_deps/symphony-src/Osi/src/Osi/libOsi.la /home/adair/Documents/CAD/sscs-ose-code-a-chip.github.io/ISSCC25/submitted_notebooks/current_mirror_ota_optimization/ALIGN-public/_skbuild/linux-x86_64-3.10/cmake-build/_deps/symphony-src/CoinUtils/src/libCoinUtils.la -lm'
OSITESTS_LIBS_INSTALLED=''
OSI_CFLAGS='-I/home/adair/Documents/CAD/sscs-ose-code-a-chip.github.io/ISSCC25/submitted_notebooks/current_mirror_ota_optimization/ALIGN-public/_skbuild/linux-x86_64-3.10/cmake-build/_deps/symphony-src/Osi/src/Osi -I/home/adair/Documents/CAD/sscs-ose-code-a-chip.github.io/ISSCC25/submitted_notebooks/current_mirror_ota_optimization/ALIGN-public/_skbuild/linux-x86_64-3.10/cmake-build/_deps/symphony-src/CoinUtils/src'
OSI_CFLAGS_INSTALLED=''
OSI_DATA=''
OSI_DATA_INSTALLED=''
OSI_DEPENDENCIES=' /home/adair/Documents/CAD/sscs-ose-code-a-chip.github.io/ISSCC25/submitted_notebooks/current_mirror_ota_optimization/ALIGN-public/_skbuild/linux-x86_64-3.10/cmake-build/_deps/symphony-src/Osi/src/Osi/libOsi.la /home/adair/Documents/CAD/sscs-ose-code-a-chip.github.io/ISSCC25/submitted_notebooks/current_mirror_ota_optimization/ALIGN-public/_skbuild/linux-x86_64-3.10/cmake-build/_deps/symphony-src/CoinUtils/src/libCoinUtils.la'
OSI_LIBS='/home/adair/Documents/CAD/sscs-ose-code-a-chip.github.io/ISSCC25/submitted_notebooks/current_mirror_ota_optimization/ALIGN-public/_skbuild/linux-x86_64-3.10/cmake-build/_deps/symphony-src/Osi/src/Osi/libOsi.la /home/adair/Documents/CAD/sscs-ose-code-a-chip.github.io/ISSCC25/submitted_notebooks/current_mirror_ota_optimization/ALIGN-public/_skbuild/linux-x86_64-3.10/cmake-build/_deps/symphony-src/CoinUtils/src/libCoinUtils.la -lm'
OSI_LIBS_INSTALLED=''
PACKAGE='clp'
PACKAGE_BUGREPORT='clp@list.coin-or.org'
PACKAGE_NAME='Clp'
PACKAGE_STRING='Clp 1.17.0'
PACKAGE_TARNAME='clp'
PACKAGE_VERSION='1.17.0'
PATH_SEPARATOR=':'
PKG_CONFIG='pkg-config'
RANLIB='ranlib'
RPATH_FLAGS=''
SAMPLE_CFLAGS=''
SAMPLE_CFLAGS_INSTALLED=''
SAMPLE_DATA='/home/adair/Documents/CAD/sscs-ose-code-a-chip.github.io/ISSCC25/submitted_notebooks/current_mirror_ota_optimization/ALIGN-public/_skbuild/linux-x86_64-3.10/cmake-build/_deps/symphony-src/Data/Sample'
SAMPLE_DATA_INSTALLED=''
SAMPLE_DEPENDENCIES=' '
SAMPLE_LIBS=''
SAMPLE_LIBS_INSTALLED=''
SET_MAKE=''
SHELL='/bin/bash'
STRIP='strip'
VERSION='1.17.0'
VPATH_DISTCLEANFILES=''
abs_bin_dir='/home/adair/Documents/CAD/sscs-ose-code-a-chip.github.io/ISSCC25/submitted_notebooks/current_mirror_ota_optimization/ALIGN-public/_skbuild/linux-x86_64-3.10/cmake-build/_deps/symphony-build/bin'
abs_include_dir='/home/adair/Documents/CAD/sscs-ose-code-a-chip.github.io/ISSCC25/submitted_notebooks/current_mirror_ota_optimization/ALIGN-public/_skbuild/linux-x86_64-3.10/cmake-build/_deps/symphony-build/include'
abs_lib_dir='/home/adair/Documents/CAD/sscs-ose-code-a-chip.github.io/ISSCC25/submitted_notebooks/current_mirror_ota_optimization/ALIGN-public/_skbuild/linux-x86_64-3.10/cmake-build/_deps/symphony-build/lib'
abs_source_dir='/home/adair/Documents/CAD/sscs-ose-code-a-chip.github.io/ISSCC25/submitted_notebooks/current_mirror_ota_optimization/ALIGN-public/_skbuild/linux-x86_64-3.10/cmake-build/_deps/symphony-src/Clp'
ac_c_preproc_warn_flag=''
ac_ct_AR='ar'
ac_ct_CC='gcc'
ac_ct_CXX='g++'
ac_ct_F77=''
ac_ct_PKG_CONFIG='pkg-config'
ac_ct_RANLIB='ranlib'
ac_ct_STRIP='strip'
ac_cxx_preproc_warn_flag=''
am__fastdepCC_FALSE='#'
am__fastdepCC_TRUE=''
am__fastdepCXX_FALSE='#'
am__fastdepCXX_TRUE=''
am__include='include'
am__leading_dot='.'
am__quote=''
am__tar='${AMTAR} chof - "$$tardir"'
am__untar='${AMTAR} xf -'
bindir='${exec_prefix}/bin'
build='x86_64-unknown-linux-gnu'
build_alias=''
build_cpu='x86_64'
build_os='linux-gnu'
build_vendor='unknown'
coin_doxy_excludes=' */CoinUtils */Osi'
coin_doxy_logname='doxydoc/clp_doxy.log'
coin_doxy_tagfiles=' ../CoinUtils/doxydoc/coinutils_doxy.tag=../../../CoinUtils/doxydoc/html ../Osi/doxydoc/osi_doxy.tag=../../../Osi/doxydoc/html'
coin_doxy_tagname='doxydoc/clp_doxy.tag'
coin_doxy_usedot='YES'
coin_have_doxygen='no'
coin_have_latex='yes'
datadir='${prefix}/share'
exec_prefix='${prefix}'
have_autoconf=''
have_automake=''
have_svn=''
have_svnversion='no'
host='x86_64-unknown-linux-gnu'
host_alias=''
host_cpu='x86_64'
host_os='linux-gnu'
host_vendor='unknown'
includedir='${prefix}/include'
infodir='${prefix}/info'
install_sh='/home/adair/Documents/CAD/sscs-ose-code-a-chip.github.io/ISSCC25/submitted_notebooks/current_mirror_ota_optimization/ALIGN-public/_skbuild/linux-x86_64-3.10/cmake-build/_deps/symphony-src/Clp/install-sh'
libdir='${exec_prefix}/lib'
libexecdir='${exec_prefix}/libexec'
localstatedir='${prefix}/var'
mandir='${prefix}/man'
mkdir_p='mkdir -p --'
oldincludedir='/usr/include'
prefix='/home/adair/Documents/CAD/sscs-ose-code-a-chip.github.io/ISSCC25/submitted_notebooks/current_mirror_ota_optimization/ALIGN-public/_skbuild/linux-x86_64-3.10/cmake-build/_deps/symphony-build'
program_transform_name='s,x,x,'
sbindir='${exec_prefix}/sbin'
sharedstatedir='${prefix}/com'
sol_cc_compiler=''
sysconfdir='${prefix}/etc'
target_alias=''

## ----------- ##
## confdefs.h. ##
## ----------- ##

#define CLP_VERSION "1.17.0"
#define CLP_VERSION_MAJOR 1
#define CLP_VERSION_MINOR 17
#define CLP_VERSION_RELEASE 0
#define COIN_CLP_CHECKLEVEL 0
#define COIN_CLP_VERBOSITY 0
#define COIN_HAS_COINUTILS 1
#define COIN_HAS_OSI 1
#define COIN_HAS_OSITESTS 1
#define COIN_HAS_SAMPLE 1
#define HAVE_CFLOAT 1
#define HAVE_CMATH 1
#define HAVE_DLFCN_H 1
#define HAVE_INTTYPES_H 1
#define HAVE_MEMORY_H 1
#define HAVE_STDINT_H 1
#define HAVE_STDLIB_H 1
#define HAVE_STRINGS_H 1
#define HAVE_STRING_H 1
#define HAVE_SYS_STAT_H 1
#define HAVE_SYS_TYPES_H 1
#define HAVE_UNISTD_H 1
#define PACKAGE "clp"
#define PACKAGE_BUGREPORT "clp@list.coin-or.org"
#define PACKAGE_NAME "Clp"
#define PACKAGE_STRING "Clp 1.17.0"
#define PACKAGE_TARNAME "clp"
#define PACKAGE_VERSION "1.17.0"
#define STDC_HEADERS 1
#define VERSION "1.17.0"
#endif
#ifdef __cplusplus
extern "C" void std::exit (int) throw (); using std::exit;

configure: exit 0
