Running parameters: ac_params, cmrr_params, psrr_params, lin_params, noise_params, slew_params, power_params
Generating simulation netlist from schematic…
Parameter ac_params: Generating simulation files…
Parameter cmrr_params: Generating simulation files…
Parameter lin_params: Generating simulation files…
Parameter psrr_params: Generating simulation files…
Parameter lin_params: Running simulations…
Parameter ac_params: Running simulations…
Parameter psrr_params: Running simulations…
Parameter cmrr_params: Running simulations…
Parameter lin_params: Collecting results…
Parameter lin_params: Saving simulation summary as '[repr.filename][link=file:///home/sscspico/test_tools/coc_analog_vibes/ISSCC25/submitted_notebooks/analog_vibes/sim_sch/runs/RUN_2024-12-01_14-47-07/parameters/lin_params/simulation_summary.md]runs/RUN_2024-12-01_14-47-07/parameters/lin_params/simulation_summary.md[/link][/repr.filename]'…
Parameter noise_params: Generating simulation files…
Parameter noise_params: Running simulations…
Parameter slew_params: Canceled.
Subprocess exited with error code -2
Subprocess exited with error code -2
Parameter power_params: Canceled.
Parameter ac_params: Canceled.
Cannot remove non existing parameter.
Subprocess exited with error code -2
Subprocess exited with error code -2
Parameter cmrr_params: Canceled.
Cannot remove non existing parameter.
Parameter psrr_params: Canceled.
Subprocess exited with error code -9
Parameter noise_params: Canceled.
Subprocess exited with error code -9
Subprocess exited with error code -9
Subprocess exited with error code -9
Subprocess exited with error code -9
Done with CACE simulations and evaluations in 0:07:59.
