[openram.globals/init_openram]: Initializing OpenRAM...
[openram.globals/setup_paths]: OpenRAM source code found in /tmp/OpenRAM/compiler
[openram.globals/setup_paths]: Temporary files saved in /results/myconfig/tmp/
[openram.globals/read_config]: Configuration file is /tmp/OpenRAM/macros/sram_configs/myconfig.py
[openram.globals/read_config]: Output saved in /tmp/OpenRAM/macros/myconfig/
[openram.globals/install_conda]: Creating conda setup...
[openram.globals/import_tech]: Tech directory found in /tmp/OpenRAM/technology:/tmp/OpenRAM/compiler/../technology
[openram.globals/import_tech]: Adding technology path: /tmp/OpenRAM/technology
[openram.globals/import_tech]: Adding technology path: /tmp/OpenRAM/compiler/../technology
[openram.globals/purge_temp]: Purging temp directory: /results/myconfig/tmp/
[openram.globals/setup_bitcell]: Using bitcell: bitcell_2port
[openram.characterizer/<module>]: Initializing characterizer...
[openram.characterizer/<module>]: Analytical model enabled.
[openram.verify/<module>]: Initializing verify...
[openram.verify/<module>]: Finding DRC/LVS/PEX tools.
[openram.globals/get_tool]: Using DRC: /tmp/OpenRAM/miniconda/bin/magic
[openram.globals/get_tool]: Using LVS: /tmp/OpenRAM/miniconda/bin/netgen
[openram.globals/get_tool]: Using PEX: /tmp/OpenRAM/miniconda/bin/magic
[openram.globals/setup_bitcell]: Using bitcell: bitcell_2port
|==============================================================================|
|=========                       OpenRAM v1.2.8                       =========|
|=========                                                            =========|
|=========               VLSI Design and Automation Lab               =========|
|=========        Computer Science and Engineering Department         =========|
|=========            University of California Santa Cruz             =========|
|=========                                                            =========|
|=========          Usage help: openram-user-group@ucsc.edu           =========|
|=========        Development help: openram-dev-group@ucsc.edu        =========|
|=========                See LICENSE for license info                =========|
|==============================================================================|
** Start: 03/21/2024 02:52:46
Technology: sky130
Total size: 4096 bits
Word size: 8
Words: 512
Banks: 1
RW ports: 2
R-only ports: 0
W-only ports: 0
DRC/LVS/PEX is only run on the top-level design to save run-time (inline_lvsdrc=True to do inline checking).
Characterization is disabled (using analytical delay models) (analytical_delay=False to simulate).
Only generating nominal corner timing.
Words per row: None
Output files are: 
/tmp/OpenRAM/macros/myconfig/myconfig.lvs
/tmp/OpenRAM/macros/myconfig/myconfig.sp
/tmp/OpenRAM/macros/myconfig/myconfig.v
/tmp/OpenRAM/macros/myconfig/myconfig.lib
/tmp/OpenRAM/macros/myconfig/myconfig.py
/tmp/OpenRAM/macros/myconfig/myconfig.html
/tmp/OpenRAM/macros/myconfig/myconfig.log
/tmp/OpenRAM/macros/myconfig/myconfig.lef
/tmp/OpenRAM/macros/myconfig/myconfig.gds
[openram.sram_config/recompute_sizes]: Recomputing with words per row: 8
[openram.sram_config/recompute_sizes]: Rows: 64 Cols: 64
[openram.sram_config/recompute_sizes]: Row addr size: 6 Col addr size: 3 Bank addr size: 9
[openram.sram_config/compute_sizes]: Set SRAM Words Per Row=8
[openram.modules.bitcell_base_array/__init__]: Creating myconfig_capped_replica_bitcell_array 64 x 64
[openram.modules.capped_replica_bitcell_array/__init__]: Creating myconfig_capped_replica_bitcell_array 64 x 64 rbls: [1, 1] left_rbl: [0] right_rbl: [1]
[openram.modules.bitcell_base_array/__init__]: Creating myconfig_replica_bitcell_array 64 x 64
[openram.modules.replica_bitcell_array/__init__]: Creating myconfig_replica_bitcell_array 64 x 64 rbls: [1, 1] left_rbl: [0] right_rbl: [1]
[openram.modules.bitcell_base_array/__init__]: Creating myconfig_bitcell_array 64 x 64
[openram.modules.bitcell_array/__init__]: Creating myconfig_bitcell_array 64 x 64
[openram.modules.bitcell_base_array/__init__]: Creating myconfig_replica_column 66 x 1
[openram.modules.bitcell_base_array/__init__]: Creating myconfig_replica_column_0 66 x 1
[openram.modules.bitcell_base_array/__init__]: Creating myconfig_dummy_array 1 x 64
[openram.modules.bitcell_base_array/__init__]: Creating myconfig_col_cap_array 1 x 66
[openram.modules.bitcell_base_array/__init__]: Creating myconfig_col_cap_array_0 1 x 66
[openram.modules.bitcell_base_array/__init__]: Creating myconfig_row_cap_array 66 x 1
[openram.modules.bitcell_base_array/__init__]: Creating myconfig_row_cap_array_0 66 x 1
[openram.modules.and2_dec/__init__]: Creating and2_dec and2_dec
[openram.modules.and3_dec/__init__]: Creating and3_dec and3_dec
[openram.modules.and4_dec/__init__]: Creating and4_dec and4_dec
[openram.modules.wordline_driver_array/__init__]: Creating myconfig_wordline_driver_array
[openram.modules.wordline_driver/__init__]: Creating wordline_driver wordline_driver
[openram.modules.and2_dec/__init__]: Creating and2_dec and2_dec_0
[openram.modules.precharge_array/__init__]: Creating myconfig_precharge_array
[openram.modules.sense_amp_array/__init__]: Creating myconfig_sense_amp_array
[openram.modules.column_mux_array/__init__]: Creating myconfig_column_mux_array
[openram.modules.write_driver_array/__init__]: Creating myconfig_write_driver_array
[openram.modules.precharge_array/__init__]: Creating myconfig_precharge_array_0
[openram.modules.column_mux_array/__init__]: Creating myconfig_column_mux_array_0
[openram.modules.pand3/__init__]: Creating pand3 pand3
[openram.modules.pdriver/__init__]: creating pdriver pdriver
[openram.modules.dff_array/__init__]: Creating myconfig_row_addr_dff rows=6 cols=1
[openram.modules.dff_array/__init__]: Creating myconfig_col_addr_dff rows=1 cols=3
[openram.modules.dff_array/__init__]: Creating myconfig_data_dff rows=1 cols=8
[openram.modules.control_logic_base/__init__]: Creating control_logic_rw
[openram.modules.dff_buf/__init__]: Creating myconfig_dff_buf
[openram.modules.dff_buf_array/__init__]: Creating myconfig_dff_buf_array
[openram.modules.dff_buf/__init__]: Creating myconfig_dff_buf_0
[openram.modules.pand2/__init__]: Creating pand2 pand2
[openram.modules.pdriver/__init__]: creating pdriver pdriver_0
[openram.modules.pbuf/__init__]: creating pbuf with size of 64
[openram.modules.pdriver/__init__]: creating pdriver pdriver_1
[openram.modules.pdriver/__init__]: creating pdriver pdriver_2
[openram.modules.pand3/__init__]: Creating pand3 pand3_0
[openram.modules.pdriver/__init__]: creating pdriver pdriver_3
[openram.modules.pand3/__init__]: Creating pand3 pand3_1
[openram.modules.pdriver/__init__]: creating pdriver pdriver_4
[openram.modules.pdriver/__init__]: creating pdriver pdriver_5
[openram.modules.delay_chain/__init__]: creating delay chain [4, 4, 4, 4, 4, 4, 4, 4, 4]
** Submodules: 7.1 seconds
** Placement: 0.0 seconds
[openram.router.router_tech/__init__]: Minimum track width: 0.680
[openram.router.router_tech/__init__]: Minimum track space: 0.300
[openram.router.router_tech/__init__]: Minimum track wire width: 0.380
[openram.base.hierarchy_layout/get_bbox]: Size: 439.06 x 313.83000000000004 with perimeter margin 0.6799999999999999
[openram.base.hierarchy_layout/get_bbox]: Size: 439.06 x 313.83000000000004 with perimeter margin 7.4799999999999995
[openram.router.router_tech/__init__]: Minimum track width: 0.680
[openram.router.router_tech/__init__]: Minimum track space: 0.300
[openram.router.router_tech/__init__]: Minimum track wire width: 0.380
[openram.router.grid/__init__]: BBOX coords: ll=v[-58.559999999999995,-31.51] ur=v[395.46000000000004,297.28000000000003]
[openram.router.grid/__init__]: BBOX grids: ll=v3d[-86, -46, 0.0] ur=v3d[582, 437, 0.0]
**** Retrieving pins: 0.0 seconds
**** Analyzing pins: 0.0 seconds
[openram.router.router/find_blockages]: Finding blockages.
**** Finding blockages: 4.6 seconds
[openram.router.router/convert_blockages]: Converting blockages.
**** Converting blockages: 0.4 seconds
**** Converting pins: 0.1 seconds
**** Separating adjacent pins: 0.0 seconds
*** Finding pins and blockages: 50.0 seconds
[openram.router.signal_escape_router/route_signal]: Escape routing csb0 with scale 5
[openram.router.signal_escape_router/route_signal]: Escape routing web0 with scale 5
[openram.router.signal_escape_router/route_signal]: Escape routing csb1 with scale 5
[openram.router.signal_escape_router/route_signal]: Escape routing web1 with scale 5
[openram.router.signal_escape_router/route_signal]: Escape routing din0[0] with scale 5
[openram.router.signal_escape_router/route_signal]: Escape routing din0[1] with scale 5
[openram.router.signal_escape_router/route_signal]: Escape routing din0[2] with scale 5
[openram.router.signal_escape_router/route_signal]: Escape routing din0[3] with scale 5
[openram.router.signal_escape_router/route_signal]: Escape routing din0[4] with scale 5
[openram.router.signal_escape_router/route_signal]: Escape routing din0[5] with scale 5
[openram.router.signal_escape_router/route_signal]: Escape routing din0[6] with scale 5
[openram.router.signal_escape_router/route_signal]: Escape routing din0[7] with scale 5
[openram.router.signal_escape_router/route_signal]: Escape routing addr0[0] with scale 5
[openram.router.signal_escape_router/route_signal]: Escape routing addr0[1] with scale 5
[openram.router.signal_escape_router/route_signal]: Escape routing addr0[2] with scale 5
[openram.router.signal_escape_router/route_signal]: Escape routing din1[0] with scale 5
[openram.router.signal_escape_router/route_signal]: Escape routing din1[1] with scale 5
[openram.router.signal_escape_router/route_signal]: Escape routing din1[2] with scale 5
[openram.router.signal_escape_router/route_signal]: Escape routing din1[3] with scale 5
[openram.router.signal_escape_router/route_signal]: Escape routing din1[4] with scale 5
[openram.router.signal_escape_router/route_signal]: Escape routing din1[5] with scale 5
[openram.router.signal_escape_router/route_signal]: Escape routing din1[6] with scale 5
[openram.router.signal_escape_router/route_signal]: Escape routing din1[7] with scale 5
[openram.router.signal_escape_router/route_signal]: Escape routing addr1[0] with scale 5
[openram.router.signal_escape_router/route_signal]: Escape routing addr1[1] with scale 5
[openram.router.signal_escape_router/route_signal]: Escape routing addr1[2] with scale 5
[openram.router.signal_escape_router/route_signal]: Escape routing clk0 with scale 5
[openram.router.signal_escape_router/route_signal]: Escape routing clk1 with scale 5
[openram.router.signal_escape_router/route_signal]: Escape routing addr0[3] with scale 5
[openram.router.signal_escape_router/route_signal]: Escape routing addr0[4] with scale 5
[openram.router.signal_escape_router/route_signal]: Escape routing addr0[5] with scale 5
[openram.router.signal_escape_router/route_signal]: Escape routing addr0[6] with scale 5
[openram.router.signal_escape_router/route_signal]: Escape routing addr0[7] with scale 5
[openram.router.signal_escape_router/route_signal]: Escape routing addr0[8] with scale 5
[openram.router.signal_escape_router/route_signal]: Escape routing addr1[3] with scale 5
[openram.router.signal_escape_router/route_signal]: Escape routing addr1[4] with scale 5
[openram.router.signal_escape_router/route_signal]: Escape routing addr1[5] with scale 5
[openram.router.signal_escape_router/route_signal]: Escape routing addr1[6] with scale 5
[openram.router.signal_escape_router/route_signal]: Escape routing addr1[7] with scale 5
[openram.router.signal_escape_router/route_signal]: Escape routing addr1[8] with scale 5
[openram.router.signal_escape_router/route_signal]: Escape routing dout1[0] with scale 5
[openram.router.signal_escape_router/route_signal]: Escape routing dout1[1] with scale 5
[openram.router.signal_escape_router/route_signal]: Escape routing dout1[2] with scale 5
[openram.router.signal_escape_router/route_signal]: Escape routing dout1[3] with scale 5
[openram.router.signal_escape_router/route_signal]: Escape routing dout1[4] with scale 5
[openram.router.signal_escape_router/route_signal]: Escape routing dout1[5] with scale 5
[openram.router.signal_escape_router/route_signal]: Escape routing dout1[6] with scale 5
[openram.router.signal_escape_router/route_signal]: Escape routing dout1[7] with scale 5
[openram.router.signal_escape_router/route_signal]: Escape routing dout0[0] with scale 5
[openram.router.signal_escape_router/route_signal]: Escape routing dout0[1] with scale 5
[openram.router.signal_escape_router/route_signal]: Escape routing dout0[2] with scale 5
[openram.router.signal_escape_router/route_signal]: Escape routing dout0[3] with scale 5
[openram.router.signal_escape_router/route_signal]: Escape routing dout0[4] with scale 5
[openram.router.signal_escape_router/route_signal]: Escape routing dout0[5] with scale 5
[openram.router.signal_escape_router/route_signal]: Escape routing dout0[6] with scale 5
[openram.router.signal_escape_router/route_signal]: Escape routing dout0[7] with scale 5
*** Maze routing pins: 136.6 seconds
[openram.router.router_tech/__init__]: Minimum track width: 0.680
[openram.router.router_tech/__init__]: Minimum track space: 0.300
[openram.router.router_tech/__init__]: Minimum track wire width: 0.380
[openram.router.supply_tree_router/route]: Running supply router on vdd and gnd...
[openram.router.grid/__init__]: BBOX coords: ll=v[-51.76,-24.71] ur=v[388.66,290.48]
[openram.router.grid/__init__]: BBOX grids: ll=v3d[-76, -36, 0.0] ur=v3d[572, 427, 0.0]
**** Retrieving pins: 0.0 seconds
**** Analyzing pins: 0.2 seconds
[openram.router.router/find_blockages]: Finding blockages.
**** Finding blockages: 9.4 seconds
[openram.router.router/convert_blockages]: Converting blockages.
**** Converting blockages: 0.3 seconds
WARNING: file pin_group.py: line 656:   Expanding conversion (vdd layer=m3 ll=v[-50.765,11.565] ur=v[-50.275,12.055])

**** Converting pins: 9.1 seconds
**** Separating adjacent pins: 45.2 seconds
*** Finding pins and blockages: 110.2 seconds
[openram.router.grid/__init__]: BBOX coords: ll=v[-55.27,-28.07] ur=v[392.55,293.95]
[openram.router.grid/__init__]: BBOX grids: ll=v3d[-81, -41, 0.0] ur=v3d[577, 432, 0.0]
[openram.router.grid/__init__]: BBOX coords: ll=v[-58.67,-31.470000000000002] ur=v[395.95,297.35]
[openram.router.grid/__init__]: BBOX grids: ll=v3d[-86, -46, 0.0] ur=v3d[582, 437, 0.0]
[openram.router.supply_tree_router/route_pins]: Routing vdd with 253 pins.
[openram.router.supply_tree_router/route_pins]: 0 supply segments routed, 252 remaining.
[openram.router.supply_tree_router/route_pins]: 25 supply segments routed, 227 remaining.
[openram.router.supply_tree_router/route_pins]: 50 supply segments routed, 202 remaining.
[openram.router.supply_tree_router/route_pins]: 75 supply segments routed, 177 remaining.
[openram.router.supply_tree_router/route_pins]: 100 supply segments routed, 152 remaining.
[openram.router.supply_tree_router/route_pins]: 125 supply segments routed, 127 remaining.
[openram.router.supply_tree_router/route_pins]: 150 supply segments routed, 102 remaining.
[openram.router.supply_tree_router/route_pins]: 175 supply segments routed, 77 remaining.
[openram.router.supply_tree_router/route_pins]: 200 supply segments routed, 52 remaining.
[openram.router.supply_tree_router/route_pins]: 225 supply segments routed, 27 remaining.
[openram.router.supply_tree_router/route_pins]: 250 supply segments routed, 2 remaining.
[openram.router.supply_tree_router/route_pins]: Routing gnd with 67 pins.
[openram.router.supply_tree_router/route_pins]: 0 supply segments routed, 66 remaining.
[openram.router.supply_tree_router/route_pins]: 25 supply segments routed, 41 remaining.
[openram.router.supply_tree_router/route_pins]: 50 supply segments routed, 16 remaining.
*** Maze routing supplies: 656.8 seconds
** Routing: 1224.9 seconds
[openram.verify.run_script/run_script]: Still running /results/myconfig/tmp/run_ext.sh (30 seconds)
[openram.verify.run_script/run_script]: Still running /results/myconfig/tmp/run_ext.sh (60 seconds)
[openram.verify.run_script/run_script]: Still running /results/myconfig/tmp/run_ext.sh (90 seconds)
[openram.verify.run_script/run_script]: Still running /results/myconfig/tmp/run_ext.sh (120 seconds)
[openram.verify.run_script/run_script]: Still running /results/myconfig/tmp/run_ext.sh (150 seconds)
[openram.verify.run_script/run_script]: Still running /results/myconfig/tmp/run_ext.sh (180 seconds)
[openram.verify.run_script/run_script]: Still running /results/myconfig/tmp/run_ext.sh (210 seconds)
[openram.verify.run_script/run_script]: Still running /results/myconfig/tmp/run_ext.sh (240 seconds)
[openram.verify.run_script/run_script]: Still running /results/myconfig/tmp/run_ext.sh (270 seconds)
[openram.verify.run_script/run_script]: Still running /results/myconfig/tmp/run_ext.sh (300 seconds)
[openram.verify.run_script/run_script]: Still running /results/myconfig/tmp/run_ext.sh (330 seconds)
[openram.verify.run_script/run_script]: Still running /results/myconfig/tmp/run_ext.sh (360 seconds)
[openram.verify.run_script/run_script]: Still running /results/myconfig/tmp/run_ext.sh (390 seconds)
[openram.verify.run_script/run_script]: Still running /results/myconfig/tmp/run_ext.sh (420 seconds)
[openram.verify.run_script/run_script]: Still running /results/myconfig/tmp/run_ext.sh (450 seconds)
[openram.verify.run_script/run_script]: Still running /results/myconfig/tmp/run_ext.sh (481 seconds)
[openram.verify.run_script/run_script]: Still running /results/myconfig/tmp/run_ext.sh (511 seconds)
[openram.verify.run_script/run_script]: Still running /results/myconfig/tmp/run_ext.sh (541 seconds)
[openram.verify.run_script/run_script]: Still running /results/myconfig/tmp/run_ext.sh (571 seconds)
[openram.verify.run_script/run_script]: Still running /results/myconfig/tmp/run_ext.sh (601 seconds)
[openram.verify.run_script/run_script]: Still running /results/myconfig/tmp/run_ext.sh (631 seconds)
[openram.verify.run_script/run_script]: Still running /results/myconfig/tmp/run_ext.sh (661 seconds)
[openram.verify.run_script/run_script]: Still running /results/myconfig/tmp/run_ext.sh (691 seconds)
[openram.verify.run_script/run_script]: Still running /results/myconfig/tmp/run_ext.sh (721 seconds)
[openram.verify.run_script/run_script]: Still running /results/myconfig/tmp/run_ext.sh (751 seconds)
[openram.verify.run_script/run_script]: Still running /results/myconfig/tmp/run_ext.sh (781 seconds)
[openram.verify.run_script/run_script]: Still running /results/myconfig/tmp/run_ext.sh (811 seconds)
[openram.verify.run_script/run_script]: Still running /results/myconfig/tmp/run_ext.sh (841 seconds)
[openram.verify.run_script/run_script]: Still running /results/myconfig/tmp/run_ext.sh (871 seconds)
[openram.verify.run_script/run_script]: Still running /results/myconfig/tmp/run_ext.sh (901 seconds)
[openram.verify.run_script/run_script]: Still running /results/myconfig/tmp/run_ext.sh (931 seconds)
[openram.verify.run_script/run_script]: Still running /results/myconfig/tmp/run_ext.sh (961 seconds)
[openram.verify.run_script/run_script]: Still running /results/myconfig/tmp/run_ext.sh (991 seconds)
[openram.verify.run_script/run_script]: Still running /results/myconfig/tmp/run_ext.sh (1021 seconds)
[openram.verify.run_script/run_script]: Still running /results/myconfig/tmp/run_ext.sh (1051 seconds)
[openram.verify.run_script/run_script]: Still running /results/myconfig/tmp/run_ext.sh (1081 seconds)
[openram.verify.run_script/run_script]: Still running /results/myconfig/tmp/run_ext.sh (1111 seconds)
[openram.verify.run_script/run_script]: Still running /results/myconfig/tmp/run_ext.sh (1141 seconds)
[openram.verify.run_script/run_script]: Still running /results/myconfig/tmp/run_ext.sh (1171 seconds)
[openram.verify.run_script/run_script]: Still running /results/myconfig/tmp/run_ext.sh (1201 seconds)
[openram.verify.run_script/run_script]: Still running /results/myconfig/tmp/run_ext.sh (1231 seconds)
[openram.verify.run_script/run_script]: Still running /results/myconfig/tmp/run_ext.sh (1261 seconds)
[openram.verify.run_script/run_script]: Still running /results/myconfig/tmp/run_ext.sh (1291 seconds)
[openram.verify.run_script/run_script]: Still running /results/myconfig/tmp/run_ext.sh (1321 seconds)
[openram.verify.run_script/run_script]: Still running /results/myconfig/tmp/run_ext.sh (1351 seconds)
[openram.verify.run_script/run_script]: Still running /results/myconfig/tmp/run_ext.sh (1381 seconds)
[openram.verify.run_script/run_script]: Still running /results/myconfig/tmp/run_ext.sh (1411 seconds)
[openram.verify.run_script/run_script]: Still running /results/myconfig/tmp/run_ext.sh (1442 seconds)
[openram.verify.run_script/run_script]: Still running /results/myconfig/tmp/run_ext.sh (1472 seconds)
[openram.verify.run_script/run_script]: Still running /results/myconfig/tmp/run_ext.sh (1502 seconds)
[openram.verify.run_script/run_script]: Still running /results/myconfig/tmp/run_ext.sh (1532 seconds)
[openram.verify.run_script/run_script]: Still running /results/myconfig/tmp/run_ext.sh (1562 seconds)
[openram.verify.run_script/run_script]: Still running /results/myconfig/tmp/run_ext.sh (1592 seconds)
[openram.verify.run_script/run_script]: Still running /results/myconfig/tmp/run_ext.sh (1622 seconds)
[openram.verify.run_script/run_script]: Still running /results/myconfig/tmp/run_ext.sh (1652 seconds)
[openram.verify.run_script/run_script]: Still running /results/myconfig/tmp/run_ext.sh (1682 seconds)
[openram.verify.run_script/run_script]: Still running /results/myconfig/tmp/run_ext.sh (1712 seconds)
[openram.verify.run_script/run_script]: Still running /results/myconfig/tmp/run_ext.sh (1742 seconds)
[openram.verify.run_script/run_script]: Still running /results/myconfig/tmp/run_ext.sh (1772 seconds)
[openram.verify.run_script/run_script]: Still running /results/myconfig/tmp/run_ext.sh (1802 seconds)
[openram.verify.run_script/run_script]: Still running /results/myconfig/tmp/run_ext.sh (1832 seconds)
[openram.verify.run_script/run_script]: Still running /results/myconfig/tmp/run_ext.sh (1862 seconds)
[openram.verify.run_script/run_script]: Still running /results/myconfig/tmp/run_ext.sh (1892 seconds)
WARNING: file magic.py: line 251: DRC Errors myconfig	6

[openram.verify.run_script/run_script]: Still running /results/myconfig/tmp/run_lvs.sh (30 seconds)
[openram.verify.run_script/run_script]: Still running /results/myconfig/tmp/run_lvs.sh (60 seconds)
[openram.verify.run_script/run_script]: Still running /results/myconfig/tmp/run_lvs.sh (90 seconds)
[openram.verify.run_script/run_script]: Still running /results/myconfig/tmp/run_lvs.sh (120 seconds)
[openram.verify.magic/run_lvs]: myconfig	LVS matches
** Verification: 2045.1 seconds
** SRAM creation: 3277.3 seconds
SP: Writing to /tmp/OpenRAM/macros/myconfig/myconfig.sp
** Spice writing: 0.7 seconds
GDS: Writing to /tmp/OpenRAM/macros/myconfig/myconfig.gds
** GDS: 0.8 seconds
LEF: Writing to /tmp/OpenRAM/macros/myconfig/myconfig.lef
** LEF: 0.0 seconds
LVS: Writing to /tmp/OpenRAM/macros/myconfig/myconfig.lvs.sp
** LVS writing: 0.1 seconds
LIB: Characterizing... 
[openram.characterizer.lib/prepare_tables]: Slews: [0.00125 0.005   0.04   ]
[openram.characterizer.lib/prepare_tables]: Loads: [ 1.7225  6.89   27.56  ]
[openram.characterizer.lib/prepare_tables]: self.load_slews : [(1.7225, 0.00125), (6.89, 0.00125), (27.56, 0.00125), (1.7225, 0.005), (6.89, 0.005), (27.56, 0.005), (1.7225, 0.04), (6.89, 0.04), (27.56, 0.04)]
[openram.characterizer.lib/characterize_corners]: Characterizing corners: [('TT', 1.8, 25)]
[openram.characterizer.lib/characterize_corners]: Corner: ('TT', 1.8, 25)
[openram.characterizer.lib/characterize_corners]: Writing to /tmp/OpenRAM/macros/myconfig/myconfig_TT_1p8V_25C.lib
WARNING: file elmore.py: line 45: In analytical mode, all ports have the timing of the first read port.

[openram.characterizer.elmore/analytical_power]: Dynamic Power: 26170470149.40911 mW
[openram.characterizer.elmore/analytical_power]: Leakage Power: 0.004892 mW
[openram.characterizer.elmore/get_lib_values]: Slew, Load, Delay(ns), Slew(ns)
[openram.characterizer.elmore/get_lib_values]: 0.00125, 1.7225, 0.2942010507789907, 0.00167765625
[openram.characterizer.elmore/get_lib_values]: 0.00125, 6.89, 0.32326823827899076, 0.004584374999999999
[openram.characterizer.elmore/get_lib_values]: 0.00125, 27.56, 0.4395369882789907, 0.016211249999999996
[openram.characterizer.elmore/get_lib_values]: 0.005, 1.7225, 0.2942010507789907, 0.00167765625
[openram.characterizer.elmore/get_lib_values]: 0.005, 6.89, 0.32326823827899076, 0.004584374999999999
[openram.characterizer.elmore/get_lib_values]: 0.005, 27.56, 0.4395369882789907, 0.016211249999999996
[openram.characterizer.elmore/get_lib_values]: 0.04, 1.7225, 0.2942010507789907, 0.00167765625
[openram.characterizer.elmore/get_lib_values]: 0.04, 6.89, 0.32326823827899076, 0.004584374999999999
[openram.characterizer.elmore/get_lib_values]: 0.04, 27.56, 0.4395369882789907, 0.016211249999999996
** Characterization: 0.6 seconds
Config: Writing to /tmp/OpenRAM/macros/myconfig/myconfig.py
** Config: 0.0 seconds
Datasheet: Writing to /tmp/OpenRAM/macros/myconfig/myconfig.html
** Datasheet: 0.0 seconds
Verilog: Writing to /tmp/OpenRAM/macros/myconfig/myconfig.v
** Verilog: 0.0 seconds
[openram.globals/cleanup_paths]: Preserving temp directory: /results/myconfig/tmp/
[openram.verify.magic/print_drc_stats]: DRC runs: 1
[openram.verify.magic/print_lvs_stats]: LVS runs: 1
[openram.verify.magic/print_pex_stats]: PEX runs: 0
** End: 3279.6 seconds
