Magic 8.3 revision 464 - Compiled on Sat Mar  9 23:18:29 UTC 2024.
Starting magic under Tcl interpreter
Using the terminal as the console.
Using NULL graphics device.
Processing system .magicrc file
Sourcing design .magicrc for technology sky130A ...
2 Magic internal units = 1 Lambda
Input style sky130(): scaleFactor=2, multiplier=2
The following types are not handled by extraction and will be treated as non-electrical types:
    ubm 
Scaled tech values by 2 / 1 to match internal grid scaling
Loading sky130A Device Generator Menu ...
Loading "/tmp/tmppms0s0hg/magic_commands.tcl" from command line.
Warning: Calma reading is not undoable!  I hope that's OK.
Library written using GDS-II Release 6.0
Library name: library
Reading "ota".
[INFO]: Loading ota

Loading DRC CIF style.
No errors found.
[INFO]: DONE with /tmp/tmppms0s0hg/ota.rpt

Using technology "sky130A", version 1.0.471-0-g97d0844

Soft errors: 
Error while reading cell "ota" (byte position 118): Unknown layer/datatype in boundary, layer=64 type=44

using user specified pdk_root, will search for required files in the specified directory

